----------------------------------------------------------
Input options: 
{'verbose': True, 'discontinuous': False, 'bandwidth': 1000000.0, 'megabytes': 1.0, 'size': 400, 'log': False, 'antenna': 'TX/RX', 'lo_offset': 0, 'scheme': 'PS', 'spec': None, 'tx_gain': 20.0, 'tx_amplitude': 0.1, 'modulation': 'bpsk', 'args': 'serial=30757AF', 'snr': 30.0, 'occupied_tones': 200, 'freq': None, 'logfile': '30757AF_ps.log', 'rx_freq': 2490000000.0, 'rx_gain': 30.0, 'from_file': None, 'to_file': None, 'tx_freq': 2490000000.0, 'clock_source': None, 'cp_length': 128, 'fft_length': 512}
----------------------------------------------------------


NODE ID: 00030757AF

Clock Rate: 100.0 MHz

####### Test Protocol: PS #######

2017-03-28 01:19:42.796831 Adjust to PC time: 2017-03-28 01:19:42.796678



=============================================================================================
========================================== ROUND 1 ==========================================
=============================================================================================


------ Listening ------
Adjust time... New time: 2017-03-28 01:19:45.027126
2017-03-28 01:19:45.027126 Node recv BEACON 1. BS time: 2017-03-28 01:19:45.027000, Avg delay: 0.14088511467
Adjust time... New time: 2017-03-28 01:19:45.032208
2017-03-28 01:19:45.032208 Node recv BEACON 2. BS time: 2017-03-28 01:19:45.032000, Avg delay: 0.0737392902374
Adjust time... New time: 2017-03-28 01:19:45.038115
2017-03-28 01:19:45.038115 Node recv BEACON 3. BS time: 2017-03-28 01:19:45.038000, Avg delay: 0.0507947603861
2017-03-28 01:19:45.048580 Node recv BEACON 4. BS time: 2017-03-28 01:19:45.043000, Avg delay: 0.0394909977913
2017-03-28 01:19:45.060329 Node recv BEACON 5. BS time: 2017-03-28 01:19:45.049000, Avg delay: 0.0338585853577
2017-03-28 01:19:45.076068 Node recv BEACON 6. BS time: 2017-03-28 01:19:45.055000, Avg delay: 0.0317267974218
2017-03-28 01:19:45.083427 Node recv BEACON 7. BS time: 2017-03-28 01:19:45.061000, Avg delay: 0.0303981985365
2017-03-28 01:19:45.095719 Node recv BEACON 8. BS time: 2017-03-28 01:19:45.066000, Avg delay: 0.030313283205
2017-03-28 01:19:45.107787 Node recv BEACON 9. BS time: 2017-03-28 01:19:45.072000, Avg delay: 0.030921485689
2017-03-28 01:19:45.117836 Node recv BEACON 10. BS time: 2017-03-28 01:19:45.077000, Avg delay: 0.0319128990173
2017-03-28 01:19:45.129254 Node recv BEACON 11. BS time: 2017-03-28 01:19:45.083000, Avg delay: 0.0224498271942
2017-03-28 01:19:45.144030 Node recv BEACON 12. BS time: 2017-03-28 01:19:45.089000, Avg delay: 0.0272934913635
2017-03-28 01:19:45.151856 Node recv BEACON 13. BS time: 2017-03-28 01:19:45.094000, Avg delay: 0.0325884819031
2017-03-28 01:19:45.164335 Node recv BEACON 14. BS time: 2017-03-28 01:19:45.100000, Avg delay: 0.0384640455246
2017-03-28 01:19:45.175376 Node recv BEACON 15. BS time: 2017-03-28 01:19:45.105000, Avg delay: 0.0443687677383
Adjust time... New time: 2017-03-28 01:19:45.110337
2017-03-28 01:19:45.110337 Node recv BEACON 16. BS time: 2017-03-28 01:19:45.110000, Avg delay: 0.0500362873077
2017-03-28 01:19:45.122675 Node recv BEACON 17. BS time: 2017-03-28 01:19:45.116000, Avg delay: 0.0484611749649
2017-03-28 01:19:45.132758 Node recv BEACON 18. BS time: 2017-03-28 01:19:45.122000, Avg delay: 0.0465651273727
2017-03-28 01:19:45.142709 Node recv BEACON 19. BS time: 2017-03-28 01:19:45.128000, Avg delay: 0.0444573163986
2017-03-28 01:19:45.156578 Node recv BEACON 20. BS time: 2017-03-28 01:19:45.133000, Avg delay: 0.0427315711975
2017-03-28 01:19:45.168947 Node recv BEACON 21. BS time: 2017-03-28 01:19:45.138000, Avg delay: 0.0412008523941
2017-03-28 01:19:45.176903 Node recv BEACON 22. BS time: 2017-03-28 01:19:45.145000, Avg delay: 0.0388880968094
2017-03-28 01:19:45.188612 Node recv BEACON 23. BS time: 2017-03-28 01:19:45.150000, Avg delay: 0.0369637012482
2017-03-28 01:19:45.204781 Node recv BEACON 24. BS time: 2017-03-28 01:19:45.155000, Avg delay: 0.0355082273483
2017-03-28 01:19:45.212667 Node recv BEACON 25. BS time: 2017-03-28 01:19:45.162000, Avg delay: 0.0335372686386
2017-03-28 01:19:45.225876 Node recv BEACON 26. BS time: 2017-03-28 01:19:45.167000, Avg delay: 0.031650519371
2017-03-28 01:19:45.236211 Node recv BEACON 27. BS time: 2017-03-28 01:19:45.172000, Avg delay: 0.0374040365219
2017-03-28 01:19:45.250208 Node recv BEACON 28. BS time: 2017-03-28 01:19:45.178000, Avg delay: 0.043548989296
2017-03-28 01:19:45.257784 Node recv BEACON 29. BS time: 2017-03-28 01:19:45.185000, Avg delay: 0.0493564605713
Adjust time... New time: 2017-03-28 01:19:45.190284
2017-03-28 01:19:45.190284 Node recv BEACON 30. BS time: 2017-03-28 01:19:45.190000, Avg delay: 0.0553279876709
2017-03-28 01:19:45.235966 Node recv BEACON 2. BS time: 2017-03-28 01:19:45.400000, Avg delay: 0.0358298778534
2017-03-28 01:19:45.250553 Node recv BEACON 3. BS time: 2017-03-28 01:19:45.406000, Avg delay: 0.0170948982239
2017-03-28 01:19:45.259831 Node recv BEACON 4. BS time: 2017-03-28 01:19:45.411000, Avg delay: -0.00188317298889
2017-03-28 01:19:45.269942 Node recv BEACON 5. BS time: 2017-03-28 01:19:45.416000, Avg delay: -0.0214670181274
2017-03-28 01:19:45.285149 Node recv BEACON 6. BS time: 2017-03-28 01:19:45.422000, Avg delay: -0.0402187824249
Adjust time... New time: 2017-03-28 01:19:45.428178
2017-03-28 01:19:45.428178 Node recv BEACON 7. BS time: 2017-03-28 01:19:45.428000, Avg delay: -0.0594495534897
Adjust time... New time: 2017-03-28 01:19:45.435661
2017-03-28 01:19:45.435661 Node recv BEACON 8. BS time: 2017-03-28 01:19:45.435000, Avg delay: -0.0655326604843
Adjust time... New time: 2017-03-28 01:19:45.446110
2017-03-28 01:19:45.446110 Node recv BEACON 10. BS time: 2017-03-28 01:19:45.446000, Avg delay: -0.0714735746384
Adjust time... New time: 2017-03-28 01:19:45.451317
2017-03-28 01:19:45.451317 Node recv BEACON 11. BS time: 2017-03-28 01:19:45.451000, Avg delay: -0.0781665086746
Adjust time... New time: 2017-03-28 01:19:45.456059
2017-03-28 01:19:45.456059 Node recv BEACON 12. BS time: 2017-03-28 01:19:45.456000, Avg delay: -0.086193561554
Adjust time... New time: 2017-03-28 01:19:45.462188
2017-03-28 01:19:45.462188 Node recv BEACON 13. BS time: 2017-03-28 01:19:45.462000, Avg delay: -0.069336271286
Adjust time... New time: 2017-03-28 01:19:45.469346
2017-03-28 01:19:45.469346 Node recv BEACON 14. BS time: 2017-03-28 01:19:45.469000, Avg delay: -0.0534014940262
2017-03-28 01:19:45.480765 Node recv BEACON 15. BS time: 2017-03-28 01:19:45.474000, Avg delay: -0.0376080989838
2017-03-28 01:19:45.494613 Node recv BEACON 16. BS time: 2017-03-28 01:19:45.480000, Avg delay: -0.0215409755707
2017-03-28 01:19:45.502893 Node recv BEACON 17. BS time: 2017-03-28 01:19:45.486000, Avg delay: -0.00616655349731
2017-03-28 01:19:45.529840 Node recv BEACON 19. BS time: 2017-03-28 01:19:45.497000, Avg delay: 0.0104606151581
2017-03-28 01:19:45.537611 Node recv BEACON 20. BS time: 2017-03-28 01:19:45.505000, Avg delay: 0.013383769989
2017-03-28 01:19:45.549080 Node recv BEACON 21. BS time: 2017-03-28 01:19:45.511000, Avg delay: 0.0159119129181
2017-03-28 01:19:45.566854 Node recv BEACON 22. BS time: 2017-03-28 01:19:45.516000, Avg delay: 0.0204118728638
2017-03-28 01:19:45.571895 Node recv BEACON 23. BS time: 2017-03-28 01:19:45.522000, Avg delay: 0.0250990390778
2017-03-28 01:19:45.583698 Node recv BEACON 24. BS time: 2017-03-28 01:19:45.528000, Avg delay: 0.0302149057388
2017-03-28 01:19:45.597284 Node recv BEACON 25. BS time: 2017-03-28 01:19:45.534000, Avg delay: 0.0361532211304
2017-03-28 01:19:45.606606 Node recv BEACON 26. BS time: 2017-03-28 01:19:45.541000, Avg delay: 0.0420373439789
2017-03-28 01:19:45.617987 Node recv BEACON 27. BS time: 2017-03-28 01:19:45.546000, Avg delay: 0.0477746725082
Adjust time... New time: 2017-03-28 01:19:45.551971
2017-03-28 01:19:45.551971 Node recv BEACON 28. BS time: 2017-03-28 01:19:45.551000, Avg delay: 0.054080581665
Adjust time... New time: 2017-03-28 01:19:45.557476
2017-03-28 01:19:45.557476 Node recv BEACON 29. BS time: 2017-03-28 01:19:45.557000, Avg delay: 0.0516784191132
2017-03-28 01:19:45.560437 Node recv BEACON 30. BS time: 2017-03-28 01:19:45.563000, Avg delay: 0.0481610536575
------ Stop listen at 2017-03-28 01:19:45.758457 ------
------ Listening PS broadcast ------
Timestamp Á}c≠§aGÂÂBgG is not a float. Drop pkt!
2017-03-28 01:19:46.927228 Node recv PS_BROADCAST 10, BS time 2017-03-28 01:19:47.052000, Total 10, Seed 0da9aff87b, Index 5, Delay -0.124772071838
2017-03-28 01:19:46.940635 Node recv PS_BROADCAST 11, BS time 2017-03-28 01:19:47.058000, Total 10, Seed 0da9aff87b, Index 5, Delay -0.117364645004
2017-03-28 01:19:46.950652 Node recv PS_BROADCAST 12, BS time 2017-03-28 01:19:47.063000, Total 10, Seed 0da9aff87b, Index 5, Delay -0.112348079681
2017-03-28 01:19:46.961816 Node recv PS_BROADCAST 13, BS time 2017-03-28 01:19:47.068000, Total 10, Seed 0da9aff87b, Index 5, Delay -0.106183767319
2017-03-28 01:19:46.977313 Node recv PS_BROADCAST 14, BS time 2017-03-28 01:19:47.073000, Total 10, Seed 0da9aff87b, Index 5, Delay -0.0956873893738
2017-03-28 01:19:46.985129 Node recv PS_BROADCAST 15, BS time 2017-03-28 01:19:47.080000, Total 10, Seed 0da9aff87b, Index 5, Delay -0.0948712825775
2017-03-28 01:19:46.996550 Node recv PS_BROADCAST 16, BS time 2017-03-28 01:19:47.086000, Total 10, Seed 0da9aff87b, Index 5, Delay -0.0894498825073
2017-03-28 01:19:47.007997 Node recv PS_BROADCAST 17, BS time 2017-03-28 01:19:47.092000, Total 10, Seed 0da9aff87b, Index 5, Delay -0.0840032100677
2017-03-28 01:19:47.019637 Node recv PS_BROADCAST 18, BS time 2017-03-28 01:19:47.097000, Total 10, Seed 0da9aff87b, Index 5, Delay -0.0773632526398
2017-03-28 01:19:47.030860 Node recv PS_BROADCAST 19, BS time 2017-03-28 01:19:47.103000, Total 10, Seed 0da9aff87b, Index 5, Delay -0.0721402168274
2017-03-28 01:19:47.045746 Node recv PS_BROADCAST 20, BS time 2017-03-28 01:19:47.109000, Total 10, Seed 0da9aff87b, Index 5, Delay -0.0632543563843
2017-03-28 01:19:47.057606 Node recv PS_BROADCAST 21, BS time 2017-03-28 01:19:47.114000, Total 10, Seed 0da9aff87b, Index 5, Delay -0.0563943386078
2017-03-28 01:19:47.065732 Node recv PS_BROADCAST 22, BS time 2017-03-28 01:19:47.121000, Total 10, Seed 0da9aff87b, Index 5, Delay -0.0552685260773
2017-03-28 01:19:47.077348 Node recv PS_BROADCAST 23, BS time 2017-03-28 01:19:47.128000, Total 10, Seed 0da9aff87b, Index 5, Delay -0.0506525039673
2017-03-28 01:19:47.095587 Node recv PS_BROADCAST 24, BS time 2017-03-28 01:19:47.133000, Total 10, Seed 0da9aff87b, Index 5, Delay -0.0374131202698
2017-03-28 01:19:47.100845 Node recv PS_BROADCAST 25, BS time 2017-03-28 01:19:47.139000, Total 10, Seed 0da9aff87b, Index 5, Delay -0.0381546020508
2017-03-28 01:19:47.113647 Node recv PS_BROADCAST 26, BS time 2017-03-28 01:19:47.145000, Total 10, Seed 0da9aff87b, Index 5, Delay -0.031352519989
2017-03-28 01:19:47.124594 Node recv PS_BROADCAST 27, BS time 2017-03-28 01:19:47.151000, Total 10, Seed 0da9aff87b, Index 5, Delay -0.0264060497284
2017-03-28 01:19:47.134544 Node recv PS_BROADCAST 28, BS time 2017-03-28 01:19:47.156000, Total 10, Seed 0da9aff87b, Index 5, Delay -0.0214555263519
2017-03-28 01:19:47.146491 Node recv PS_BROADCAST 29, BS time 2017-03-28 01:19:47.162000, Total 10, Seed 0da9aff87b, Index 5, Delay -0.015508890152
2017-03-28 01:19:47.157760 Node recv PS_BROADCAST 30, BS time 2017-03-28 01:19:47.168000, Total 10, Seed 0da9aff87b, Index 5, Delay -0.0102400779724
------ Stop listen PS broadcast at 2017-03-28 01:19:47.565077 ------
------ Ready to send PS packets ------
Fire at 2017-03-28 01:19:51.408005
2017-03-28 01:19:51.411818 PS: Node 00030757AF send data 1
2017-03-28 01:19:51.417880 PS: Node 00030757AF send data 2
2017-03-28 01:19:51.423450 PS: Node 00030757AF send data 3
2017-03-28 01:19:51.428686 PS: Node 00030757AF send data 4
2017-03-28 01:19:51.434392 PS: Node 00030757AF send data 5
2017-03-28 01:19:51.440692 PS: Node 00030757AF send data 6
2017-03-28 01:19:51.446386 PS: Node 00030757AF send data 7
2017-03-28 01:19:51.452192 PS: Node 00030757AF send data 8
2017-03-28 01:19:51.457183 PS: Node 00030757AF send data 9
2017-03-28 01:19:51.462666 PS: Node 00030757AF send data 10
2017-03-28 01:19:51.468443 PS: Node 00030757AF send data 11
2017-03-28 01:19:51.473638 PS: Node 00030757AF send data 12
2017-03-28 01:19:51.479240 PS: Node 00030757AF send data 13
2017-03-28 01:19:51.484450 PS: Node 00030757AF send data 14
2017-03-28 01:19:51.490249 PS: Node 00030757AF send data 15
2017-03-28 01:19:51.496544 PS: Node 00030757AF send data 16
2017-03-28 01:19:51.501578 PS: Node 00030757AF send data 17
2017-03-28 01:19:51.507138 PS: Node 00030757AF send data 18
2017-03-28 01:19:51.512955 PS: Node 00030757AF send data 19
2017-03-28 01:19:51.519166 PS: Node 00030757AF send data 20
2017-03-28 01:19:51.525275 PS: Node 00030757AF send data 21
2017-03-28 01:19:51.530853 PS: Node 00030757AF send data 22
2017-03-28 01:19:51.536416 PS: Node 00030757AF send data 23
2017-03-28 01:19:51.542008 PS: Node 00030757AF send data 24
2017-03-28 01:19:51.548179 PS: Node 00030757AF send data 25
2017-03-28 01:19:51.555047 PS: Node 00030757AF send data 26
2017-03-28 01:19:51.559987 PS: Node 00030757AF send data 27
2017-03-28 01:19:51.565235 PS: Node 00030757AF send data 28
2017-03-28 01:19:51.570468 PS: Node 00030757AF send data 29
2017-03-28 01:19:51.575863 PS: Node 00030757AF send data 30
2017-03-28 01:19:51.578385 - thread done - 
 - duration 0.170407295227 -
------ Send PS packets end ------

------ PS cycle ends at 2017-03-28 01:19:54.008981 ------



=============================================================================================
========================================== ROUND 2 ==========================================
=============================================================================================


------ Listening ------
2017-03-28 01:19:54.349917 Node recv BEACON 2. BS time: 2017-03-28 01:19:54.512000, Avg delay: 0.0281446933746
2017-03-28 01:19:54.362453 Node recv BEACON 3. BS time: 2017-03-28 01:19:54.517000, Avg delay: 0.00760457515717
2017-03-28 01:19:54.373571 Node recv BEACON 4. BS time: 2017-03-28 01:19:54.523000, Avg delay: -0.0123277902603
2017-03-28 01:19:54.385076 Node recv BEACON 5. BS time: 2017-03-28 01:19:54.528000, Avg delay: -0.0321899652481
Adjust time... New time: 2017-03-28 01:19:54.535096
2017-03-28 01:19:54.535096 Node recv BEACON 6. BS time: 2017-03-28 01:19:54.535000, Avg delay: -0.0520411252975
Adjust time... New time: 2017-03-28 01:19:54.540324
2017-03-28 01:19:54.540324 Node recv BEACON 7. BS time: 2017-03-28 01:19:54.540000, Avg delay: -0.0583681821823
Adjust time... New time: 2017-03-28 01:19:54.547337
2017-03-28 01:19:54.547337 Node recv BEACON 8. BS time: 2017-03-28 01:19:54.547000, Avg delay: -0.0652015447617
Adjust time... New time: 2017-03-28 01:19:54.558363
2017-03-28 01:19:54.558363 Node recv BEACON 10. BS time: 2017-03-28 01:19:54.558000, Avg delay: -0.0720951318741
Adjust time... New time: 2017-03-28 01:19:54.564286
2017-03-28 01:19:54.564286 Node recv BEACON 11. BS time: 2017-03-28 01:19:54.564000, Avg delay: -0.0725788116455
Adjust time... New time: 2017-03-28 01:19:54.569061
2017-03-28 01:19:54.569061 Node recv BEACON 12. BS time: 2017-03-28 01:19:54.569000, Avg delay: -0.0717517375946
Adjust time... New time: 2017-03-28 01:19:54.575068
2017-03-28 01:19:54.575068 Node recv BEACON 13. BS time: 2017-03-28 01:19:54.575000, Avg delay: -0.0550678014755
2017-03-28 01:19:54.586870 Node recv BEACON 14. BS time: 2017-03-28 01:19:54.581000, Avg delay: -0.0390260457993
2017-03-28 01:19:54.600412 Node recv BEACON 15. BS time: 2017-03-28 01:19:54.587000, Avg delay: -0.0227419614792
2017-03-28 01:19:54.612153 Node recv BEACON 16. BS time: 2017-03-28 01:19:54.594000, Avg delay: -0.00663430690765
2017-03-28 01:19:54.620975 Node recv BEACON 17. BS time: 2017-03-28 01:19:54.599000, Avg delay: 0.00908596515656
2017-03-28 01:19:54.643717 Node recv BEACON 19. BS time: 2017-03-28 01:19:54.610000, Avg delay: 0.0122241020203
2017-03-28 01:19:54.658680 Node recv BEACON 20. BS time: 2017-03-28 01:19:54.617000, Avg delay: 0.0160267829895
2017-03-28 01:19:54.669068 Node recv BEACON 21. BS time: 2017-03-28 01:19:54.622000, Avg delay: 0.0196319103241
2017-03-28 01:19:54.678569 Node recv BEACON 22. BS time: 2017-03-28 01:19:54.628000, Avg delay: 0.0242907047272
2017-03-28 01:19:54.693232 Node recv BEACON 23. BS time: 2017-03-28 01:19:54.634000, Avg delay: 0.0296430826187
2017-03-28 01:19:54.701582 Node recv BEACON 24. BS time: 2017-03-28 01:19:54.640000, Avg delay: 0.0353256464005
2017-03-28 01:19:54.713363 Node recv BEACON 25. BS time: 2017-03-28 01:19:54.646000, Avg delay: 0.0414748907089
2017-03-28 01:19:54.725568 Node recv BEACON 26. BS time: 2017-03-28 01:19:54.652000, Avg delay: 0.047490477562
Adjust time... New time: 2017-03-28 01:19:54.662042
2017-03-28 01:19:54.662042 Node recv BEACON 28. BS time: 2017-03-28 01:19:54.662000, Avg delay: 0.0542664051056
Adjust time... New time: 2017-03-28 01:19:54.669285
2017-03-28 01:19:54.669285 Node recv BEACON 29. BS time: 2017-03-28 01:19:54.669000, Avg delay: 0.0524463891983
2017-03-28 01:19:54.679881 Node recv BEACON 30. BS time: 2017-03-28 01:19:54.674000, Avg delay: 0.0496627807617
Invalid pkt_type 4097. Drop pkt!
2017-03-28 01:19:54.729286 Node recv BEACON 2. BS time: 2017-03-28 01:19:54.883000, Avg delay: 0.0301234483719
2017-03-28 01:19:54.744998 Node recv BEACON 3. BS time: 2017-03-28 01:19:54.889000, Avg delay: 0.0110164403915
2017-03-28 01:19:54.752290 Node recv BEACON 4. BS time: 2017-03-28 01:19:54.895000, Avg delay: -0.00831143856049
2017-03-28 01:19:54.765172 Node recv BEACON 5. BS time: 2017-03-28 01:19:54.900000, Avg delay: -0.0277174472809
2017-03-28 01:19:54.778968 Node recv BEACON 6. BS time: 2017-03-28 01:19:54.906000, Avg delay: -0.0465787649155
Adjust time... New time: 2017-03-28 01:19:54.911339
2017-03-28 01:19:54.911339 Node recv BEACON 7. BS time: 2017-03-28 01:19:54.911000, Avg delay: -0.0657357692719
Adjust time... New time: 2017-03-28 01:19:54.919834
2017-03-28 01:19:54.919834 Node recv BEACON 8. BS time: 2017-03-28 01:19:54.918000, Avg delay: -0.0726237297058
Adjust time... New time: 2017-03-28 01:19:54.923059
2017-03-28 01:19:54.923059 Node recv BEACON 9. BS time: 2017-03-28 01:19:54.923000, Avg delay: -0.0810934305191
Adjust time... New time: 2017-03-28 01:19:54.928068
2017-03-28 01:19:54.928068 Node recv BEACON 8202. BS time: 2017-03-28 01:19:54.928000, Avg delay: -0.0809573888779
Adjust time... New time: 2017-03-28 01:19:54.934280
2017-03-28 01:19:54.934280 Node recv BEACON 11. BS time: 2017-03-28 01:19:54.934000, Avg delay: -0.0812270402908
Adjust time... New time: 2017-03-28 01:19:54.940390
2017-03-28 01:19:54.940390 Node recv BEACON 12. BS time: 2017-03-28 01:19:54.940000, Avg delay: -0.0650753974915
Adjust time... New time: 2017-03-28 01:19:54.945130
2017-03-28 01:19:54.945130 Node recv BEACON 13. BS time: 2017-03-28 01:19:54.945000, Avg delay: -0.0502203464508
2017-03-28 01:19:54.954135 Node recv BEACON 14. BS time: 2017-03-28 01:19:54.951000, Avg delay: -0.0356358289719
2017-03-28 01:19:54.965117 Node recv BEACON 15. BS time: 2017-03-28 01:19:54.958000, Avg delay: -0.0214412689209
2017-03-28 01:19:54.979969 Node recv BEACON 16. BS time: 2017-03-28 01:19:54.964000, Avg delay: -0.0071412563324
2017-03-28 01:19:54.988047 Node recv BEACON 17. BS time: 2017-03-28 01:19:54.969000, Avg delay: 0.00718417167664
2017-03-28 01:19:55.000376 Node recv BEACON 18. BS time: 2017-03-28 01:19:54.975000, Avg delay: 0.00925300121307
2017-03-28 01:19:55.015494 Node recv BEACON 19. BS time: 2017-03-28 01:19:54.981000, Avg delay: 0.0125808954239
2017-03-28 01:19:55.023856 Node recv BEACON 20. BS time: 2017-03-28 01:19:54.988000, Avg delay: 0.0156530380249
2017-03-28 01:19:55.034985 Node recv BEACON 21. BS time: 2017-03-28 01:19:54.994000, Avg delay: 0.019433093071
2017-03-28 01:19:55.046191 Node recv BEACON 22. BS time: 2017-03-28 01:19:55, Avg delay: 0.0232719182968
2017-03-28 01:19:55.059585 Node recv BEACON 23. BS time: 2017-03-28 01:19:55.005000, Avg delay: 0.0282755851746
2017-03-28 01:19:55.071707 Node recv BEACON 24. BS time: 2017-03-28 01:19:55.011000, Avg delay: 0.0340327978134
2017-03-28 01:19:55.080790 Node recv BEACON 25. BS time: 2017-03-28 01:19:55.016000, Avg delay: 0.0398000478745
2017-03-28 01:19:55.092064 Node recv BEACON 26. BS time: 2017-03-28 01:19:55.022000, Avg delay: 0.0452095985413
Adjust time... New time: 2017-03-28 01:19:55.027594
2017-03-28 01:19:55.027594 Node recv BEACON 27. BS time: 2017-03-28 01:19:55.027000, Avg delay: 0.0510480642319
2017-03-28 01:19:55.042673 Node recv BEACON 28. BS time: 2017-03-28 01:19:55.032000, Avg delay: 0.0495777130127
2017-03-28 01:19:55.048247 Node recv BEACON 29. BS time: 2017-03-28 01:19:55.038000, Avg delay: 0.0471529960632
2017-03-28 01:19:55.059747 Node recv BEACON 30. BS time: 2017-03-28 01:19:55.043000, Avg delay: 0.0452419996262
------ Stop listen at 2017-03-28 01:19:55.261645 ------
------ Listening PS broadcast ------
2017-03-28 01:19:55.849985 Node recv PS_BROADCAST 2, BS time 2017-03-28 01:19:56.007000, Total 10, Seed 2ebfdcfd81, Index 9, Delay -0.157015323639
2017-03-28 01:19:55.861391 Node recv PS_BROADCAST 3, BS time 2017-03-28 01:19:56.012000, Total 10, Seed 2ebfdcfd81, Index 9, Delay -0.150609016418
2017-03-28 01:19:55.873394 Node recv PS_BROADCAST 4, BS time 2017-03-28 01:19:56.019000, Total 10, Seed 2ebfdcfd81, Index 9, Delay -0.145606279373
2017-03-28 01:19:55.884590 Node recv PS_BROADCAST 5, BS time 2017-03-28 01:19:56.024000, Total 10, Seed 2ebfdcfd81, Index 9, Delay -0.139409542084
2017-03-28 01:19:55.897886 Node recv PS_BROADCAST 6, BS time 2017-03-28 01:19:56.029000, Total 10, Seed 2ebfdcfd81, Index 9, Delay -0.131114244461
2017-03-28 01:19:55.915022 Node recv PS_BROADCAST 7, BS time 2017-03-28 01:19:56.035000, Total 10, Seed 2ebfdcfd81, Index 9, Delay -0.11997795105
2017-03-28 01:19:55.919224 Node recv PS_BROADCAST 8, BS time 2017-03-28 01:19:56.041000, Total 10, Seed 2ebfdcfd81, Index 9, Delay -0.121775865555
2017-03-28 01:19:55.930432 Node recv PS_BROADCAST 9, BS time 2017-03-28 01:19:56.047000, Total 10, Seed 2ebfdcfd81, Index 9, Delay -0.116567850113
2017-03-28 01:19:55.942423 Node recv PS_BROADCAST 10, BS time 2017-03-28 01:19:56.052000, Total 10, Seed 2ebfdcfd81, Index 9, Delay -0.109576940536
2017-03-28 01:19:55.955208 Node recv PS_BROADCAST 11, BS time 2017-03-28 01:19:56.058000, Total 10, Seed 2ebfdcfd81, Index 9, Delay -0.102792024612
2017-03-28 01:19:55.965578 Node recv PS_BROADCAST 12, BS time 2017-03-28 01:19:56.063000, Total 10, Seed 2ebfdcfd81, Index 9, Delay -0.0974218845367
2017-03-28 01:19:55.976916 Node recv PS_BROADCAST 13, BS time 2017-03-28 01:19:56.069000, Total 10, Seed 2ebfdcfd81, Index 9, Delay -0.0920839309692
2017-03-28 01:19:55.988539 Node recv PS_BROADCAST 14, BS time 2017-03-28 01:19:56.076000, Total 10, Seed 2ebfdcfd81, Index 9, Delay -0.0874609947205
2017-03-28 01:19:56.001825 Node recv PS_BROADCAST 15, BS time 2017-03-28 01:19:56.081000, Total 10, Seed 2ebfdcfd81, Index 9, Delay -0.0791749954224
2017-03-28 01:19:56.011853 Node recv PS_BROADCAST 16, BS time 2017-03-28 01:19:56.088000, Total 10, Seed 2ebfdcfd81, Index 9, Delay -0.0761468410492
2017-03-28 01:19:56.023387 Node recv PS_BROADCAST 17, BS time 2017-03-28 01:19:56.093000, Total 10, Seed 2ebfdcfd81, Index 9, Delay -0.0696132183075
2017-03-28 01:19:56.034983 Node recv PS_BROADCAST 18, BS time 2017-03-28 01:19:56.098000, Total 10, Seed 2ebfdcfd81, Index 9, Delay -0.0630173683167
2017-03-28 01:19:56.047585 Node recv PS_BROADCAST 19, BS time 2017-03-28 01:19:56.104000, Total 10, Seed 2ebfdcfd81, Index 9, Delay -0.056414604187
2017-03-28 01:19:56.057028 Node recv PS_BROADCAST 20, BS time 2017-03-28 01:19:56.111000, Total 10, Seed 2ebfdcfd81, Index 9, Delay -0.0539722442627
2017-03-28 01:19:56.069112 Node recv PS_BROADCAST 21, BS time 2017-03-28 01:19:56.117000, Total 10, Seed 2ebfdcfd81, Index 9, Delay -0.0478882789612
2017-03-28 01:19:56.080022 Node recv PS_BROADCAST 22, BS time 2017-03-28 01:19:56.123000, Total 10, Seed 2ebfdcfd81, Index 9, Delay -0.0429780483246
2017-03-28 01:19:56.092501 Node recv PS_BROADCAST 23, BS time 2017-03-28 01:19:56.128000, Total 10, Seed 2ebfdcfd81, Index 9, Delay -0.0354986190796
2017-03-28 01:19:56.103801 Node recv PS_BROADCAST 24, BS time 2017-03-28 01:19:56.134000, Total 10, Seed 2ebfdcfd81, Index 9, Delay -0.0301985740662
2017-03-28 01:19:56.115011 Node recv PS_BROADCAST 25, BS time 2017-03-28 01:19:56.139000, Total 10, Seed 2ebfdcfd81, Index 9, Delay -0.0239889621735
2017-03-28 01:19:56.128840 Node recv PS_BROADCAST 26, BS time 2017-03-28 01:19:56.144000, Total 10, Seed 2ebfdcfd81, Index 9, Delay -0.0151603221893
2017-03-28 01:19:56.138429 Node recv PS_BROADCAST 27, BS time 2017-03-28 01:19:56.152000, Total 10, Seed 2ebfdcfd81, Index 9, Delay -0.013571023941
2017-03-28 01:19:56.149664 Node recv PS_BROADCAST 28, BS time 2017-03-28 01:19:56.157000, Total 10, Seed 2ebfdcfd81, Index 9, Delay -0.00733590126038
2017-03-28 01:19:56.162372 Node recv PS_BROADCAST 29, BS time 2017-03-28 01:19:56.163000, Total 10, Seed 2ebfdcfd81, Index 9, Delay -0.000627994537354
2017-03-28 01:19:56.172575 Node recv PS_BROADCAST 30, BS time 2017-03-28 01:19:56.169000, Total 10, Seed 2ebfdcfd81, Index 9, Delay 0.00357532501221
------ Stop listen PS broadcast at 2017-03-28 01:19:56.579818 ------
------ Ready to send PS packets ------
Fire at 2017-03-28 01:20:02.408120
2017-03-28 01:20:02.409748 PS: Node 00030757AF send data 1
2017-03-28 01:20:02.416080 PS: Node 00030757AF send data 2
2017-03-28 01:20:02.422057 PS: Node 00030757AF send data 3
2017-03-28 01:20:02.428213 PS: Node 00030757AF send data 4
2017-03-28 01:20:02.434039 PS: Node 00030757AF send data 5
2017-03-28 01:20:02.439303 PS: Node 00030757AF send data 6
2017-03-28 01:20:02.444956 PS: Node 00030757AF send data 7
2017-03-28 01:20:02.451136 PS: Node 00030757AF send data 8
2017-03-28 01:20:02.457267 PS: Node 00030757AF send data 9
2017-03-28 01:20:02.462487 PS: Node 00030757AF send data 10
2017-03-28 01:20:02.468240 PS: Node 00030757AF send data 11
2017-03-28 01:20:02.473943 PS: Node 00030757AF send data 12
2017-03-28 01:20:02.479807 PS: Node 00030757AF send data 13
2017-03-28 01:20:02.485999 PS: Node 00030757AF send data 14
2017-03-28 01:20:02.492870 PS: Node 00030757AF send data 15
2017-03-28 01:20:02.498795 PS: Node 00030757AF send data 16
2017-03-28 01:20:02.503755 PS: Node 00030757AF send data 17
2017-03-28 01:20:02.508933 PS: Node 00030757AF send data 18
2017-03-28 01:20:02.514198 PS: Node 00030757AF send data 19
2017-03-28 01:20:02.520849 PS: Node 00030757AF send data 20
2017-03-28 01:20:02.527013 PS: Node 00030757AF send data 21
2017-03-28 01:20:02.532387 PS: Node 00030757AF send data 22
2017-03-28 01:20:02.537566 PS: Node 00030757AF send data 23
2017-03-28 01:20:02.542882 PS: Node 00030757AF send data 24
2017-03-28 01:20:02.549396 PS: Node 00030757AF send data 25
2017-03-28 01:20:02.555382 PS: Node 00030757AF send data 26
2017-03-28 01:20:02.560842 PS: Node 00030757AF send data 27
2017-03-28 01:20:02.566881 PS: Node 00030757AF send data 28
2017-03-28 01:20:02.572627 PS: Node 00030757AF send data 29
2017-03-28 01:20:02.577875 PS: Node 00030757AF send data 30
2017-03-28 01:20:02.580205 - thread done - 
 - duration 0.171537637711 -
------ Send PS packets end ------

------ PS cycle ends at 2017-03-28 01:20:03.008790 ------



=============================================================================================
========================================== ROUND 3 ==========================================
=============================================================================================


------ Listening ------
2017-03-28 01:20:03.371009 Node recv BEACON 2. BS time: 2017-03-28 01:20:03.517000, Avg delay: 0.0265444517136
2017-03-28 01:20:03.382787 Node recv BEACON 3. BS time: 2017-03-28 01:20:03.523000, Avg delay: 0.00790400505066
2017-03-28 01:20:03.395121 Node recv BEACON 4. BS time: 2017-03-28 01:20:03.529000, Avg delay: -0.010942363739
2017-03-28 01:20:03.405699 Node recv BEACON 5. BS time: 2017-03-28 01:20:03.534000, Avg delay: -0.0298431634903
2017-03-28 01:20:03.417582 Node recv BEACON 6. BS time: 2017-03-28 01:20:03.540000, Avg delay: -0.0485639810562
Adjust time... New time: 2017-03-28 01:20:03.546094
2017-03-28 01:20:03.546094 Node recv BEACON 7. BS time: 2017-03-28 01:20:03.546000, Avg delay: -0.0666198730469
Adjust time... New time: 2017-03-28 01:20:03.552056
2017-03-28 01:20:03.552056 Node recv BEACON 8. BS time: 2017-03-28 01:20:03.552000, Avg delay: -0.0745575904846
Adjust time... New time: 2017-03-28 01:20:03.558056
2017-03-28 01:20:03.558056 Node recv BEACON 9. BS time: 2017-03-28 01:20:03.558000, Avg delay: -0.0750954389572
Adjust time... New time: 2017-03-28 01:20:03.563153
2017-03-28 01:20:03.563153 Node recv BEACON 10. BS time: 2017-03-28 01:20:03.563000, Avg delay: -0.0754894018173
Adjust time... New time: 2017-03-28 01:20:03.568155
2017-03-28 01:20:03.568155 Node recv BEACON 11. BS time: 2017-03-28 01:20:03.568000, Avg delay: -0.076282119751
Adjust time... New time: 2017-03-28 01:20:03.574363
2017-03-28 01:20:03.574363 Node recv BEACON 12. BS time: 2017-03-28 01:20:03.574000, Avg delay: -0.0612570524216
2017-03-28 01:20:03.581930 Node recv BEACON 13. BS time: 2017-03-28 01:20:03.580000, Avg delay: -0.0470427274704
2017-03-28 01:20:03.596009 Node recv BEACON 14. BS time: 2017-03-28 01:20:03.586000, Avg delay: -0.0326539039612
2017-03-28 01:20:03.607143 Node recv BEACON 15. BS time: 2017-03-28 01:20:03.592000, Avg delay: -0.018309545517
2017-03-28 01:20:03.617259 Node recv BEACON 16. BS time: 2017-03-28 01:20:03.598000, Avg delay: -0.00414180755615
2017-03-28 01:20:03.628889 Node recv BEACON 17. BS time: 2017-03-28 01:20:03.604000, Avg delay: 0.00939655303955
2017-03-28 01:20:03.644722 Node recv BEACON 18. BS time: 2017-03-28 01:20:03.610000, Avg delay: 0.0130633115768
2017-03-28 01:20:03.651437 Node recv BEACON 19. BS time: 2017-03-28 01:20:03.616000, Avg delay: 0.016077542305
2017-03-28 01:20:03.662929 Node recv BEACON 20. BS time: 2017-03-28 01:20:03.623000, Avg delay: 0.0194397211075
2017-03-28 01:20:03.676828 Node recv BEACON 21. BS time: 2017-03-28 01:20:03.628000, Avg delay: 0.0234405517578
2017-03-28 01:20:03.688229 Node recv BEACON 22. BS time: 2017-03-28 01:20:03.635000, Avg delay: 0.0283374547958
2017-03-28 01:20:03.697315 Node recv BEACON 23. BS time: 2017-03-28 01:20:03.641000, Avg delay: 0.0337759971619
2017-03-28 01:20:03.710595 Node recv BEACON 24. BS time: 2017-03-28 01:20:03.646000, Avg delay: 0.0392345905304
2017-03-28 01:20:03.721693 Node recv BEACON 25. BS time: 2017-03-28 01:20:03.652000, Avg delay: 0.0446895837784
Adjust time... New time: 2017-03-28 01:20:03.663917
2017-03-28 01:20:03.663917 Node recv BEACON 27. BS time: 2017-03-28 01:20:03.663000, Avg delay: 0.0512414932251
2017-03-28 01:20:03.667574 Node recv BEACON 28. BS time: 2017-03-28 01:20:03.668000, Avg delay: 0.0487100362778
2017-03-28 01:20:03.680935 Node recv BEACON 29. BS time: 2017-03-28 01:20:03.675000, Avg delay: 0.0458313465118
2017-03-28 01:20:03.689874 Node recv BEACON 30. BS time: 2017-03-28 01:20:03.680000, Avg delay: 0.0432750940323
2017-03-28 01:20:03.729740 Node recv BEACON 1. BS time: 2017-03-28 01:20:03.886000, Avg delay: 0.0236562728882
2017-03-28 01:20:03.740974 Node recv BEACON 2. BS time: 2017-03-28 01:20:03.891000, Avg delay: 0.0037709236145
2017-03-28 01:20:03.754243 Node recv BEACON 3. BS time: 2017-03-28 01:20:03.897000, Avg delay: -0.015827703476
2017-03-28 01:20:03.764219 Node recv BEACON 4. BS time: 2017-03-28 01:20:03.903000, Avg delay: -0.0353373765945
Adjust time... New time: 2017-03-28 01:20:03.910246
2017-03-28 01:20:03.910246 Node recv BEACON 5. BS time: 2017-03-28 01:20:03.910000, Avg delay: -0.0551755666733
Adjust time... New time: 2017-03-28 01:20:03.915759
2017-03-28 01:20:03.915759 Node recv BEACON 6. BS time: 2017-03-28 01:20:03.915000, Avg delay: -0.0617216825485
Adjust time... New time: 2017-03-28 01:20:03.922108
2017-03-28 01:20:03.922108 Node recv BEACON 7. BS time: 2017-03-28 01:20:03.922000, Avg delay: -0.0702879667282
Adjust time... New time: 2017-03-28 01:20:03.928391
2017-03-28 01:20:03.928391 Node recv BEACON 8. BS time: 2017-03-28 01:20:03.928000, Avg delay: -0.0694588422775
Adjust time... New time: 2017-03-28 01:20:03.934362
2017-03-28 01:20:03.934362 Node recv BEACON 9. BS time: 2017-03-28 01:20:03.934000, Avg delay: -0.0698724746704
Adjust time... New time: 2017-03-28 01:20:03.940170
2017-03-28 01:20:03.940170 Node recv BEACON 10. BS time: 2017-03-28 01:20:03.940000, Avg delay: -0.0702526092529
Adjust time... New time: 2017-03-28 01:20:03.946054
2017-03-28 01:20:03.946054 Node recv BEACON 11. BS time: 2017-03-28 01:20:03.946000, Avg delay: -0.0543462514877
2017-03-28 01:20:03.959638 Node recv BEACON 12. BS time: 2017-03-28 01:20:03.952000, Avg delay: -0.0385798215866
2017-03-28 01:20:03.969672 Node recv BEACON 13. BS time: 2017-03-28 01:20:03.957000, Avg delay: -0.0230368614197
2017-03-28 01:20:03.985368 Node recv BEACON 14. BS time: 2017-03-28 01:20:03.963000, Avg delay: -0.00692188739777
2017-03-28 01:20:03.992085 Node recv BEACON 15. BS time: 2017-03-28 01:20:03.970000, Avg delay: 0.00866527557373
2017-03-28 01:20:04.003058 Node recv BEACON 16. BS time: 2017-03-28 01:20:03.975000, Avg delay: 0.0110479354858
2017-03-28 01:20:04.015248 Node recv BEACON 17. BS time: 2017-03-28 01:20:03.981000, Avg delay: 0.0145612001419
2017-03-28 01:20:04.028416 Node recv BEACON 18. BS time: 2017-03-28 01:20:03.986000, Avg delay: 0.0180162668228
2017-03-28 01:20:04.038336 Node recv BEACON 19. BS time: 2017-03-28 01:20:03.992000, Avg delay: 0.0224699258804
2017-03-28 01:20:04.049268 Node recv BEACON 20. BS time: 2017-03-28 01:20:03.998000, Avg delay: 0.0269895076752
2017-03-28 01:20:04.061214 Node recv BEACON 21. BS time: 2017-03-28 01:20:04.005000, Avg delay: 0.0323305368423
2017-03-28 01:20:04.073859 Node recv BEACON 22. BS time: 2017-03-28 01:20:04.010000, Avg delay: 0.0379525899887
2017-03-28 01:20:04.083997 Node recv BEACON 23. BS time: 2017-03-28 01:20:04.016000, Avg delay: 0.0434850692749
2017-03-28 01:20:04.096453 Node recv BEACON 24. BS time: 2017-03-28 01:20:04.022000, Avg delay: 0.0486935138702
Adjust time... New time: 2017-03-28 01:20:04.028313
2017-03-28 01:20:04.028313 Node recv BEACON 25. BS time: 2017-03-28 01:20:04.028000, Avg delay: 0.0546633243561
Adjust time... New time: 2017-03-28 01:20:04.033069
2017-03-28 01:20:04.033069 Node recv BEACON 26. BS time: 2017-03-28 01:20:04.033000, Avg delay: 0.0521746397018
2017-03-28 01:20:04.045394 Node recv BEACON 27. BS time: 2017-03-28 01:20:04.038000, Avg delay: 0.0494892597198
2017-03-28 01:20:04.055456 Node recv BEACON 28. BS time: 2017-03-28 01:20:04.044000, Avg delay: 0.0463932275772
2017-03-28 01:20:04.067271 Node recv BEACON 29. BS time: 2017-03-28 01:20:04.050000, Avg delay: 0.043486738205
2017-03-28 01:20:04.078595 Node recv BEACON 30. BS time: 2017-03-28 01:20:04.056000, Avg delay: 0.0406193971634
------ Stop listen at 2017-03-28 01:20:04.273262 ------
------ Listening PS broadcast ------
Timestamp 14906353Ë?.401 is not a float. Drop pkt!
Timestamp 34906352(5.007 is not a float. Drop pkt!
2017-03-28 01:20:04.873142 Node recv PS_BROADCAST 3, BS time 2017-03-28 01:20:05.014000, Total 10, Seed 0b908b76e1, Index 1, Delay -0.140857934952
2017-03-28 01:20:04.884671 Node recv PS_BROADCAST 4, BS time 2017-03-28 01:20:05.020000, Total 10, Seed 0b908b76e1, Index 1, Delay -0.135328531265
2017-03-28 01:20:04.897257 Node recv PS_BROADCAST 5, BS time 2017-03-28 01:20:05.025000, Total 10, Seed 0b908b76e1, Index 1, Delay -0.127743244171
2017-03-28 01:20:04.913355 Node recv PS_BROADCAST 6, BS time 2017-03-28 01:20:05.031000, Total 10, Seed 0b908b76e1, Index 1, Delay -0.117645263672
2017-03-28 01:20:04.919595 Node recv PS_BROADCAST 7, BS time 2017-03-28 01:20:05.039000, Total 10, Seed 0b908b76e1, Index 1, Delay -0.119405508041
2017-03-28 01:20:04.930599 Node recv PS_BROADCAST 8, BS time 2017-03-28 01:20:05.046000, Total 10, Seed 0b908b76e1, Index 1, Delay -0.11540055275
2017-03-28 01:20:04.942200 Node recv PS_BROADCAST 9, BS time 2017-03-28 01:20:05.051000, Total 10, Seed 0b908b76e1, Index 1, Delay -0.108800172806
2017-03-28 01:20:04.953909 Node recv PS_BROADCAST 10, BS time 2017-03-28 01:20:05.057000, Total 10, Seed 0b908b76e1, Index 1, Delay -0.103090763092
2017-03-28 01:20:04.969499 Node recv PS_BROADCAST 11, BS time 2017-03-28 01:20:05.062000, Total 10, Seed 0b908b76e1, Index 1, Delay -0.0925014019012
2017-03-28 01:20:04.977659 Node recv PS_BROADCAST 12, BS time 2017-03-28 01:20:05.067000, Total 10, Seed 0b908b76e1, Index 1, Delay -0.0893409252167
2017-03-28 01:20:04.988538 Node recv PS_BROADCAST 13, BS time 2017-03-28 01:20:05.073000, Total 10, Seed 0b908b76e1, Index 1, Delay -0.0844624042511
2017-03-28 01:20:05.003403 Node recv PS_BROADCAST 14, BS time 2017-03-28 01:20:05.079000, Total 10, Seed 0b908b76e1, Index 1, Delay -0.0755972862244
2017-03-28 01:20:05.011088 Node recv PS_BROADCAST 15, BS time 2017-03-28 01:20:05.086000, Total 10, Seed 0b908b76e1, Index 1, Delay -0.0749123096466
2017-03-28 01:20:05.022865 Node recv PS_BROADCAST 16, BS time 2017-03-28 01:20:05.092000, Total 10, Seed 0b908b76e1, Index 1, Delay -0.069135427475
2017-03-28 01:20:05.039808 Node recv PS_BROADCAST 17, BS time 2017-03-28 01:20:05.098000, Total 10, Seed 0b908b76e1, Index 1, Delay -0.0581917762756
2017-03-28 01:20:05.046284 Node recv PS_BROADCAST 18, BS time 2017-03-28 01:20:05.103000, Total 10, Seed 0b908b76e1, Index 1, Delay -0.0567162036896
2017-03-28 01:20:05.057738 Node recv PS_BROADCAST 19, BS time 2017-03-28 01:20:05.108000, Total 10, Seed 0b908b76e1, Index 1, Delay -0.0502617359161
2017-03-28 01:20:05.074376 Node recv PS_BROADCAST 20, BS time 2017-03-28 01:20:05.115000, Total 10, Seed 0b908b76e1, Index 1, Delay -0.0406239032745
2017-03-28 01:20:05.081420 Node recv PS_BROADCAST 21, BS time 2017-03-28 01:20:05.120000, Total 10, Seed 0b908b76e1, Index 1, Delay -0.0385797023773
2017-03-28 01:20:05.091952 Node recv PS_BROADCAST 22, BS time 2017-03-28 01:20:05.125000, Total 10, Seed 0b908b76e1, Index 1, Delay -0.0330481529236
2017-03-28 01:20:05.103950 Node recv PS_BROADCAST 23, BS time 2017-03-28 01:20:05.130000, Total 10, Seed 0b908b76e1, Index 1, Delay -0.026050567627
2017-03-28 01:20:05.118247 Node recv PS_BROADCAST 24, BS time 2017-03-28 01:20:05.137000, Total 10, Seed 0b908b76e1, Index 1, Delay -0.0187528133392
2017-03-28 01:20:05.126493 Node recv PS_BROADCAST 25, BS time 2017-03-28 01:20:05.142000, Total 10, Seed 0b908b76e1, Index 1, Delay -0.0155074596405
2017-03-28 01:20:05.138947 Node recv PS_BROADCAST 26, BS time 2017-03-28 01:20:05.149000, Total 10, Seed 0b908b76e1, Index 1, Delay -0.0100531578064
2017-03-28 01:20:05.155601 Node recv PS_BROADCAST 27, BS time 2017-03-28 01:20:05.155000, Total 10, Seed 0b908b76e1, Index 1, Delay 0.000600576400757
2017-03-28 01:20:05.161022 Node recv PS_BROADCAST 28, BS time 2017-03-28 01:20:05.160000, Total 10, Seed 0b908b76e1, Index 1, Delay 0.00102233886719
2017-03-28 01:20:05.173387 Node recv PS_BROADCAST 29, BS time 2017-03-28 01:20:05.167000, Total 10, Seed 0b908b76e1, Index 1, Delay 0.00638723373413
Timestamp 14906352 5.171 is not a float. Drop pkt!
------ Stop listen PS broadcast at 2017-03-28 01:20:05.577227 ------
------ Ready to send PS packets ------
Fire at 2017-03-28 01:20:07.408061
2017-03-28 01:20:07.409413 PS: Node 00030757AF send data 1
2017-03-28 01:20:07.415369 PS: Node 00030757AF send data 2
2017-03-28 01:20:07.421590 PS: Node 00030757AF send data 3
2017-03-28 01:20:07.426903 PS: Node 00030757AF send data 4
2017-03-28 01:20:07.433950 PS: Node 00030757AF send data 5
2017-03-28 01:20:07.439616 PS: Node 00030757AF send data 6
2017-03-28 01:20:07.445269 PS: Node 00030757AF send data 7
2017-03-28 01:20:07.451398 PS: Node 00030757AF send data 8
2017-03-28 01:20:07.456501 PS: Node 00030757AF send data 9
2017-03-28 01:20:07.461717 PS: Node 00030757AF send data 10
2017-03-28 01:20:07.466932 PS: Node 00030757AF send data 11
2017-03-28 01:20:07.472109 PS: Node 00030757AF send data 12
2017-03-28 01:20:07.477846 PS: Node 00030757AF send data 13
2017-03-28 01:20:07.483047 PS: Node 00030757AF send data 14
2017-03-28 01:20:07.488477 PS: Node 00030757AF send data 15
2017-03-28 01:20:07.494700 PS: Node 00030757AF send data 16
2017-03-28 01:20:07.500604 PS: Node 00030757AF send data 17
2017-03-28 01:20:07.505822 PS: Node 00030757AF send data 18
2017-03-28 01:20:07.511017 PS: Node 00030757AF send data 19
2017-03-28 01:20:07.517672 PS: Node 00030757AF send data 20
2017-03-28 01:20:07.524260 PS: Node 00030757AF send data 21
2017-03-28 01:20:07.531365 PS: Node 00030757AF send data 22
2017-03-28 01:20:07.536970 PS: Node 00030757AF send data 23
2017-03-28 01:20:07.542199 PS: Node 00030757AF send data 24
2017-03-28 01:20:07.547973 PS: Node 00030757AF send data 25
2017-03-28 01:20:07.554248 PS: Node 00030757AF send data 26
2017-03-28 01:20:07.559285 PS: Node 00030757AF send data 27
2017-03-28 01:20:07.564463 PS: Node 00030757AF send data 28
2017-03-28 01:20:07.570167 PS: Node 00030757AF send data 29
2017-03-28 01:20:07.575967 PS: Node 00030757AF send data 30
2017-03-28 01:20:07.578261 - thread done - 
 - duration 0.170065402985 -
------ Send PS packets end ------

------ PS cycle ends at 2017-03-28 01:20:12.009123 ------



=============================================================================================
========================================== ROUND 4 ==========================================
=============================================================================================


------ Listening ------
2017-03-28 01:20:12.373853 Node recv BEACON 2. BS time: 2017-03-28 01:20:12.509000, Avg delay: 0.0214833021164
2017-03-28 01:20:12.385375 Node recv BEACON 3. BS time: 2017-03-28 01:20:12.515000, Avg delay: 0.00213484764099
2017-03-28 01:20:12.397695 Node recv BEACON 4. BS time: 2017-03-28 01:20:12.521000, Avg delay: -0.0169954061508
2017-03-28 01:20:12.408912 Node recv BEACON 5. BS time: 2017-03-28 01:20:12.526000, Avg delay: -0.0361494541168
Adjust time... New time: 2017-03-28 01:20:12.533481
2017-03-28 01:20:12.533481 Node recv BEACON 6. BS time: 2017-03-28 01:20:12.533000, Avg delay: -0.0554272174835
Adjust time... New time: 2017-03-28 01:20:12.540116
2017-03-28 01:20:12.540116 Node recv BEACON 7. BS time: 2017-03-28 01:20:12.540000, Avg delay: -0.0553201436996
Adjust time... New time: 2017-03-28 01:20:12.546336
2017-03-28 01:20:12.546336 Node recv BEACON 8. BS time: 2017-03-28 01:20:12.546000, Avg delay: -0.0561767101288
Adjust time... New time: 2017-03-28 01:20:12.551107
2017-03-28 01:20:12.551107 Node recv BEACON 9. BS time: 2017-03-28 01:20:12.551000, Avg delay: -0.0567600727081
Adjust time... New time: 2017-03-28 01:20:12.557322
2017-03-28 01:20:12.557322 Node recv BEACON 10. BS time: 2017-03-28 01:20:12.557000, Avg delay: -0.0579580068588
Adjust time... New time: 2017-03-28 01:20:12.562150
2017-03-28 01:20:12.562150 Node recv BEACON 11. BS time: 2017-03-28 01:20:12.562000, Avg delay: -0.0595132827759
2017-03-28 01:20:12.573404 Node recv BEACON 12. BS time: 2017-03-28 01:20:12.568000, Avg delay: -0.0454582214355
2017-03-28 01:20:12.585280 Node recv BEACON 13. BS time: 2017-03-28 01:20:12.574000, Avg delay: -0.0313676595688
2017-03-28 01:20:12.600726 Node recv BEACON 14. BS time: 2017-03-28 01:20:12.579000, Avg delay: -0.0168645381927
2017-03-28 01:20:12.607981 Node recv BEACON 15. BS time: 2017-03-28 01:20:12.585000, Avg delay: -0.0028576374054
2017-03-28 01:20:12.618667 Node recv BEACON 16. BS time: 2017-03-28 01:20:12.590000, Avg delay: 0.0111085414886
2017-03-28 01:20:12.631459 Node recv BEACON 17. BS time: 2017-03-28 01:20:12.595000, Avg delay: 0.0143302440643
2017-03-28 01:20:12.640723 Node recv BEACON 18. BS time: 2017-03-28 01:20:12.600000, Avg delay: 0.0185196638107
2017-03-28 01:20:12.651389 Node recv BEACON 19. BS time: 2017-03-28 01:20:12.607000, Avg delay: 0.0223963499069
2017-03-28 01:20:12.663257 Node recv BEACON 20. BS time: 2017-03-28 01:20:12.612000, Avg delay: 0.0269929409027
2017-03-28 01:20:12.690261 Node recv BEACON 21. BS time: 2017-03-28 01:20:12.618000, Avg delay: 0.0335147857666
2017-03-28 01:20:12.692789 Node recv BEACON 22. BS time: 2017-03-28 01:20:12.623000, Avg delay: 0.0399532556534
2017-03-28 01:20:12.699083 Node recv BEACON 23. BS time: 2017-03-28 01:20:12.628000, Avg delay: 0.0459335565567
Adjust time... New time: 2017-03-28 01:20:12.633272
2017-03-28 01:20:12.633272 Node recv BEACON 24. BS time: 2017-03-28 01:20:12.633000, Avg delay: 0.051446223259
2017-03-28 01:20:12.644240 Node recv BEACON 25. BS time: 2017-03-28 01:20:12.639000, Avg delay: 0.0496720790863
2017-03-28 01:20:12.655979 Node recv BEACON 26. BS time: 2017-03-28 01:20:12.646000, Avg delay: 0.0478032827377
2017-03-28 01:20:12.665147 Node recv BEACON 27. BS time: 2017-03-28 01:20:12.651000, Avg delay: 0.0455719947815
2017-03-28 01:20:12.677996 Node recv BEACON 28. BS time: 2017-03-28 01:20:12.657000, Avg delay: 0.0435992956161
2017-03-28 01:20:12.699267 Node recv BEACON 30. BS time: 2017-03-28 01:20:12.667000, Avg delay: 0.0423871278763
2017-03-28 01:20:12.746284 Node recv BEACON 2. BS time: 2017-03-28 01:20:12.880000, Avg delay: 0.0238898038864
2017-03-28 01:20:12.758278 Node recv BEACON 3. BS time: 2017-03-28 01:20:12.886000, Avg delay: 0.00389153957367
2017-03-28 01:20:12.770183 Node recv BEACON 4. BS time: 2017-03-28 01:20:12.892000, Avg delay: -0.0152690172195
2017-03-28 01:20:12.782661 Node recv BEACON 5. BS time: 2017-03-28 01:20:12.897000, Avg delay: -0.0338111877441
Adjust time... New time: 2017-03-28 01:20:12.902248
2017-03-28 01:20:12.902248 Node recv BEACON 6. BS time: 2017-03-28 01:20:12.902000, Avg delay: -0.0524225711823
Adjust time... New time: 2017-03-28 01:20:12.908250
2017-03-28 01:20:12.908250 Node recv BEACON 7. BS time: 2017-03-28 01:20:12.908000, Avg delay: -0.0524791002274
Adjust time... New time: 2017-03-28 01:20:12.914225
2017-03-28 01:20:12.914225 Node recv BEACON 8. BS time: 2017-03-28 01:20:12.914000, Avg delay: -0.0529850244522
Adjust time... New time: 2017-03-28 01:20:12.920197
2017-03-28 01:20:12.920197 Node recv BEACON 9. BS time: 2017-03-28 01:20:12.920000, Avg delay: -0.0538716554642
Adjust time... New time: 2017-03-28 01:20:12.925101
2017-03-28 01:20:12.925101 Node recv BEACON 10. BS time: 2017-03-28 01:20:12.925000, Avg delay: -0.0553336858749
Adjust time... New time: 2017-03-28 01:20:12.930406
2017-03-28 01:20:12.930406 Node recv BEACON 11. BS time: 2017-03-28 01:20:12.930000, Avg delay: -0.0578329563141
2017-03-28 01:20:12.938483 Node recv BEACON 12. BS time: 2017-03-28 01:20:12.936000, Avg delay: -0.0442130327225
2017-03-28 01:20:12.949647 Node recv BEACON 13. BS time: 2017-03-28 01:20:12.941000, Avg delay: -0.0305761098862
2017-03-28 01:20:12.961087 Node recv BEACON 14. BS time: 2017-03-28 01:20:12.947000, Avg delay: -0.0169857501984
2017-03-28 01:20:12.973393 Node recv BEACON 15. BS time: 2017-03-28 01:20:12.952000, Avg delay: -0.0034125328064
2017-03-28 01:20:12.984458 Node recv BEACON 16. BS time: 2017-03-28 01:20:12.958000, Avg delay: 0.0101594209671
2017-03-28 01:20:12.996136 Node recv BEACON 17. BS time: 2017-03-28 01:20:12.963000, Avg delay: 0.013005566597
2017-03-28 01:20:13.007173 Node recv BEACON 18. BS time: 2017-03-28 01:20:12.968000, Avg delay: 0.0164308786392
2017-03-28 01:20:13.018586 Node recv BEACON 19. BS time: 2017-03-28 01:20:12.973000, Avg delay: 0.0204614877701
2017-03-28 01:20:13.030546 Node recv BEACON 20. BS time: 2017-03-28 01:20:12.979000, Avg delay: 0.0249785423279
2017-03-28 01:20:13.042727 Node recv BEACON 21. BS time: 2017-03-28 01:20:12.985000, Avg delay: 0.0300237417221
2017-03-28 01:20:13.053612 Node recv BEACON 22. BS time: 2017-03-28 01:20:12.992000, Avg delay: 0.0359366178513
2017-03-28 01:20:13.064770 Node recv BEACON 23. BS time: 2017-03-28 01:20:12.997000, Avg delay: 0.0418488502502
2017-03-28 01:20:13.077778 Node recv BEACON 24. BS time: 2017-03-28 01:20:13.003000, Avg delay: 0.0479179859161
Adjust time... New time: 2017-03-28 01:20:13.008059
2017-03-28 01:20:13.008059 Node recv BEACON 25. BS time: 2017-03-28 01:20:13.008000, Avg delay: 0.0537721395493
Adjust time... New time: 2017-03-28 01:20:13.015159
2017-03-28 01:20:13.015159 Node recv BEACON 26. BS time: 2017-03-28 01:20:13.015000, Avg delay: 0.0515166282654
2017-03-28 01:20:13.027694 Node recv BEACON 27. BS time: 2017-03-28 01:20:13.020000, Avg delay: 0.0489723920822
2017-03-28 01:20:13.038341 Node recv BEACON 28. BS time: 2017-03-28 01:20:13.025000, Avg delay: 0.0463891506195
2017-03-28 01:20:13.049266 Node recv BEACON 29. BS time: 2017-03-28 01:20:13.031000, Avg delay: 0.0436571121216
2017-03-28 01:20:13.061165 Node recv BEACON 30. BS time: 2017-03-28 01:20:13.036000, Avg delay: 0.0410189628601
------ Stop listen at 2017-03-28 01:20:13.259986 ------
------ Listening PS broadcast ------
2017-03-28 01:20:13.854378 Node recv PS_BROADCAST 2, BS time 2017-03-28 01:20:14.007000, Total 10, Seed bcc77c934a, Index 5, Delay -0.1526222229
2017-03-28 01:20:13.866059 Node recv PS_BROADCAST 3, BS time 2017-03-28 01:20:14.013000, Total 10, Seed bcc77c934a, Index 5, Delay -0.146940946579
2017-03-28 01:20:13.877335 Node recv PS_BROADCAST 4, BS time 2017-03-28 01:20:14.018000, Total 10, Seed bcc77c934a, Index 5, Delay -0.140664815903
2017-03-28 01:20:13.889322 Node recv PS_BROADCAST 5, BS time 2017-03-28 01:20:14.023000, Total 10, Seed bcc77c934a, Index 5, Delay -0.133677721024
2017-03-28 01:20:13.903908 Node recv PS_BROADCAST 6, BS time 2017-03-28 01:20:14.029000, Total 10, Seed bcc77c934a, Index 5, Delay -0.125092029572
2017-03-28 01:20:13.912860 Node recv PS_BROADCAST 7, BS time 2017-03-28 01:20:14.034000, Total 10, Seed bcc77c934a, Index 5, Delay -0.121139764786
2017-03-28 01:20:13.923491 Node recv PS_BROADCAST 8, BS time 2017-03-28 01:20:14.041000, Total 10, Seed bcc77c934a, Index 5, Delay -0.117508649826
2017-03-28 01:20:13.935039 Node recv PS_BROADCAST 9, BS time 2017-03-28 01:20:14.048000, Total 10, Seed bcc77c934a, Index 5, Delay -0.112961530685
2017-03-28 01:20:13.946636 Node recv PS_BROADCAST 10, BS time 2017-03-28 01:20:14.053000, Total 10, Seed bcc77c934a, Index 5, Delay -0.106363534927
2017-03-28 01:20:13.958885 Node recv PS_BROADCAST 11, BS time 2017-03-28 01:20:14.058000, Total 10, Seed bcc77c934a, Index 5, Delay -0.0991146564484
2017-03-28 01:20:13.970432 Node recv PS_BROADCAST 12, BS time 2017-03-28 01:20:14.064000, Total 10, Seed bcc77c934a, Index 5, Delay -0.0935678482056
2017-03-28 01:20:13.981533 Node recv PS_BROADCAST 13, BS time 2017-03-28 01:20:14.069000, Total 10, Seed bcc77c934a, Index 5, Delay -0.0874669551849
2017-03-28 01:20:13.992730 Node recv PS_BROADCAST 14, BS time 2017-03-28 01:20:14.076000, Total 10, Seed bcc77c934a, Index 5, Delay -0.0832695960999
2017-03-28 01:20:14.004830 Node recv PS_BROADCAST 15, BS time 2017-03-28 01:20:14.082000, Total 10, Seed bcc77c934a, Index 5, Delay -0.0771703720093
2017-03-28 01:20:14.018299 Node recv PS_BROADCAST 16, BS time 2017-03-28 01:20:14.088000, Total 10, Seed bcc77c934a, Index 5, Delay -0.0697011947632
2017-03-28 01:20:14.027381 Node recv PS_BROADCAST 17, BS time 2017-03-28 01:20:14.093000, Total 10, Seed bcc77c934a, Index 5, Delay -0.0656187534332
2017-03-28 01:20:14.039799 Node recv PS_BROADCAST 18, BS time 2017-03-28 01:20:14.098000, Total 10, Seed bcc77c934a, Index 5, Delay -0.0582008361816
2017-03-28 01:20:14.054027 Node recv PS_BROADCAST 19, BS time 2017-03-28 01:20:14.105000, Total 10, Seed bcc77c934a, Index 5, Delay -0.0509729385376
2017-03-28 01:20:14.062024 Node recv PS_BROADCAST 20, BS time 2017-03-28 01:20:14.110000, Total 10, Seed bcc77c934a, Index 5, Delay -0.0479757785797
2017-03-28 01:20:14.075839 Node recv PS_BROADCAST 21, BS time 2017-03-28 01:20:14.116000, Total 10, Seed bcc77c934a, Index 5, Delay -0.0401613712311
2017-03-28 01:20:14.085845 Node recv PS_BROADCAST 22, BS time 2017-03-28 01:20:14.121000, Total 10, Seed bcc77c934a, Index 5, Delay -0.0351550579071
2017-03-28 01:20:14.097267 Node recv PS_BROADCAST 23, BS time 2017-03-28 01:20:14.127000, Total 10, Seed bcc77c934a, Index 5, Delay -0.0297334194183
2017-03-28 01:20:14.108010 Node recv PS_BROADCAST 24, BS time 2017-03-28 01:20:14.132000, Total 10, Seed bcc77c934a, Index 5, Delay -0.0239901542664
2017-03-28 01:20:14.120117 Node recv PS_BROADCAST 25, BS time 2017-03-28 01:20:14.138000, Total 10, Seed bcc77c934a, Index 5, Delay -0.0178828239441
2017-03-28 01:20:14.133087 Node recv PS_BROADCAST 26, BS time 2017-03-28 01:20:14.144000, Total 10, Seed bcc77c934a, Index 5, Delay -0.0109131336212
2017-03-28 01:20:14.142947 Node recv PS_BROADCAST 27, BS time 2017-03-28 01:20:14.150000, Total 10, Seed bcc77c934a, Index 5, Delay -0.00705289840698
2017-03-28 01:20:14.154485 Node recv PS_BROADCAST 28, BS time 2017-03-28 01:20:14.155000, Total 10, Seed bcc77c934a, Index 5, Delay -0.00051474571228
2017-03-28 01:20:14.169814 Node recv PS_BROADCAST 29, BS time 2017-03-28 01:20:14.160000, Total 10, Seed bcc77c934a, Index 5, Delay 0.00981378555298
2017-03-28 01:20:14.177123 Node recv PS_BROADCAST 30, BS time 2017-03-28 01:20:14.166000, Total 10, Seed bcc77c934a, Index 5, Delay 0.0111229419708
------ Stop listen PS broadcast at 2017-03-28 01:20:14.579990 ------
------ Ready to send PS packets ------
Fire at 2017-03-28 01:20:18.408014
2017-03-28 01:20:18.409292 PS: Node 00030757AF send data 1
2017-03-28 01:20:18.415305 PS: Node 00030757AF send data 2
2017-03-28 01:20:18.421142 PS: Node 00030757AF send data 3
2017-03-28 01:20:18.427687 PS: Node 00030757AF send data 4
2017-03-28 01:20:18.432745 PS: Node 00030757AF send data 5
2017-03-28 01:20:18.438339 PS: Node 00030757AF send data 6
2017-03-28 01:20:18.444007 PS: Node 00030757AF send data 7
2017-03-28 01:20:18.450240 PS: Node 00030757AF send data 8
2017-03-28 01:20:18.455511 PS: Node 00030757AF send data 9
2017-03-28 01:20:18.461050 PS: Node 00030757AF send data 10
2017-03-28 01:20:18.466580 PS: Node 00030757AF send data 11
2017-03-28 01:20:18.472119 PS: Node 00030757AF send data 12
2017-03-28 01:20:18.477307 PS: Node 00030757AF send data 13
2017-03-28 01:20:18.483547 PS: Node 00030757AF send data 14
2017-03-28 01:20:18.488676 PS: Node 00030757AF send data 15
2017-03-28 01:20:18.494536 PS: Node 00030757AF send data 16
2017-03-28 01:20:18.499741 PS: Node 00030757AF send data 17
2017-03-28 01:20:18.505263 PS: Node 00030757AF send data 18
2017-03-28 01:20:18.510835 PS: Node 00030757AF send data 19
2017-03-28 01:20:18.516474 PS: Node 00030757AF send data 20
2017-03-28 01:20:18.522146 PS: Node 00030757AF send data 21
2017-03-28 01:20:18.527675 PS: Node 00030757AF send data 22
2017-03-28 01:20:18.532584 PS: Node 00030757AF send data 23
2017-03-28 01:20:18.538085 PS: Node 00030757AF send data 24
2017-03-28 01:20:18.544425 PS: Node 00030757AF send data 25
2017-03-28 01:20:18.549676 PS: Node 00030757AF send data 26
2017-03-28 01:20:18.555439 PS: Node 00030757AF send data 27
2017-03-28 01:20:18.560416 PS: Node 00030757AF send data 28
2017-03-28 01:20:18.565585 PS: Node 00030757AF send data 29
2017-03-28 01:20:18.570938 PS: Node 00030757AF send data 30
2017-03-28 01:20:18.571919 - thread done - 
 - duration 0.163410902023 -
------ Send PS packets end ------

------ PS cycle ends at 2017-03-28 01:20:21.008820 ------



=============================================================================================
========================================== ROUND 5 ==========================================
=============================================================================================


------ Listening ------
2017-03-28 01:20:21.367415 Node recv BEACON 2. BS time: 2017-03-28 01:20:21.510000, Avg delay: 0.0209878206253
2017-03-28 01:20:21.378975 Node recv BEACON 3. BS time: 2017-03-28 01:20:21.515000, Avg delay: 0.00122408866882
2017-03-28 01:20:21.390903 Node recv BEACON 4. BS time: 2017-03-28 01:20:21.522000, Avg delay: -0.0186625957489
2017-03-28 01:20:21.401847 Node recv BEACON 5. BS time: 2017-03-28 01:20:21.527000, Avg delay: -0.0386557102203
Adjust time... New time: 2017-03-28 01:20:21.532219
2017-03-28 01:20:21.532219 Node recv BEACON 6. BS time: 2017-03-28 01:20:21.532000, Avg delay: -0.0582532405853
Adjust time... New time: 2017-03-28 01:20:21.538239
2017-03-28 01:20:21.538239 Node recv BEACON 7. BS time: 2017-03-28 01:20:21.538000, Avg delay: -0.0582143783569
Adjust time... New time: 2017-03-28 01:20:21.544106
2017-03-28 01:20:21.544106 Node recv BEACON 8. BS time: 2017-03-28 01:20:21.544000, Avg delay: -0.0587432861328
Adjust time... New time: 2017-03-28 01:20:21.549050
2017-03-28 01:20:21.549050 Node recv BEACON 9. BS time: 2017-03-28 01:20:21.549000, Avg delay: -0.0594470024109
Adjust time... New time: 2017-03-28 01:20:21.554552
2017-03-28 01:20:21.554552 Node recv BEACON 10. BS time: 2017-03-28 01:20:21.554000, Avg delay: -0.0607052564621
Adjust time... New time: 2017-03-28 01:20:21.560214
2017-03-28 01:20:21.560214 Node recv BEACON 11. BS time: 2017-03-28 01:20:21.560000, Avg delay: -0.0626661539078
2017-03-28 01:20:21.570193 Node recv BEACON 12. BS time: 2017-03-28 01:20:21.566000, Avg delay: -0.0479883432388
2017-03-28 01:20:21.584143 Node recv BEACON 13. BS time: 2017-03-28 01:20:21.571000, Avg delay: -0.0330715417862
2017-03-28 01:20:21.599656 Node recv BEACON 14. BS time: 2017-03-28 01:20:21.578000, Avg delay: -0.017796254158
2017-03-28 01:20:21.604683 Node recv BEACON 15. BS time: 2017-03-28 01:20:21.584000, Avg delay: -0.00321266651154
2017-03-28 01:20:21.616439 Node recv BEACON 16. BS time: 2017-03-28 01:20:21.590000, Avg delay: 0.0110352516174
2017-03-28 01:20:21.632488 Node recv BEACON 17. BS time: 2017-03-28 01:20:21.595000, Avg delay: 0.0143548965454
2017-03-28 01:20:21.639491 Node recv BEACON 18. BS time: 2017-03-28 01:20:21.600000, Avg delay: 0.0180634975433
2017-03-28 01:20:21.650848 Node recv BEACON 19. BS time: 2017-03-28 01:20:21.607000, Avg delay: 0.0218179702759
2017-03-28 01:20:21.664340 Node recv BEACON 20. BS time: 2017-03-28 01:20:21.612000, Avg delay: 0.0264836072922
2017-03-28 01:20:21.681098 Node recv BEACON 21. BS time: 2017-03-28 01:20:21.619000, Avg delay: 0.0321378469467
2017-03-28 01:20:21.685630 Node recv BEACON 22. BS time: 2017-03-28 01:20:21.624000, Avg delay: 0.0378814935684
2017-03-28 01:20:21.697168 Node recv BEACON 23. BS time: 2017-03-28 01:20:21.629000, Avg delay: 0.0433840274811
2017-03-28 01:20:21.708518 Node recv BEACON 24. BS time: 2017-03-28 01:20:21.635000, Avg delay: 0.0485702037811
Adjust time... New time: 2017-03-28 01:20:21.640949
2017-03-28 01:20:21.640949 Node recv BEACON 25. BS time: 2017-03-28 01:20:21.640000, Avg delay: 0.0545360803604
Adjust time... New time: 2017-03-28 01:20:21.646208
2017-03-28 01:20:21.646208 Node recv BEACON 26. BS time: 2017-03-28 01:20:21.646000, Avg delay: 0.0525661706924
2017-03-28 01:20:21.653607 Node recv BEACON 27. BS time: 2017-03-28 01:20:21.652000, Avg delay: 0.0489780187607
2017-03-28 01:20:21.665939 Node recv BEACON 28. BS time: 2017-03-28 01:20:21.658000, Avg delay: 0.0458228349686
2017-03-28 01:20:21.679308 Node recv BEACON 29. BS time: 2017-03-28 01:20:21.664000, Avg delay: 0.0429687738419
2017-03-28 01:20:21.749304 Node recv BEACON 3. BS time: 2017-03-28 01:20:21.886000, Avg delay: 0.0240651607513
2017-03-28 01:20:21.764468 Node recv BEACON 4. BS time: 2017-03-28 01:20:21.892000, Avg delay: 0.00510215759277
2017-03-28 01:20:21.771564 Node recv BEACON 5. BS time: 2017-03-28 01:20:21.897000, Avg delay: -0.0136044025421
2017-03-28 01:20:21.782920 Node recv BEACON 6. BS time: 2017-03-28 01:20:21.903000, Avg delay: -0.0324291944504
Adjust time... New time: 2017-03-28 01:20:21.909153
2017-03-28 01:20:21.909153 Node recv BEACON 7. BS time: 2017-03-28 01:20:21.909000, Avg delay: -0.0512143611908
Adjust time... New time: 2017-03-28 01:20:21.914456
2017-03-28 01:20:21.914456 Node recv BEACON 8. BS time: 2017-03-28 01:20:21.914000, Avg delay: -0.0588238477707
Adjust time... New time: 2017-03-28 01:20:21.919123
2017-03-28 01:20:21.919123 Node recv BEACON 9. BS time: 2017-03-28 01:20:21.919000, Avg delay: -0.0591058969498
Adjust time... New time: 2017-03-28 01:20:21.925524
2017-03-28 01:20:21.925524 Node recv BEACON 19466. BS time: 2017-03-28 01:20:21.925000, Avg delay: -0.0586696147919
Adjust time... New time: 2017-03-28 01:20:21.930172
2017-03-28 01:20:21.930172 Node recv BEACON 11. BS time: 2017-03-28 01:20:21.930000, Avg delay: -0.0588666915894
Adjust time... New time: 2017-03-28 01:20:21.935398
2017-03-28 01:20:21.935398 Node recv BEACON 12. BS time: 2017-03-28 01:20:21.935000, Avg delay: -0.0599850654602
2017-03-28 01:20:21.947872 Node recv BEACON 13. BS time: 2017-03-28 01:20:21.940000, Avg delay: -0.0455282449722
2017-03-28 01:20:21.958455 Node recv BEACON 14. BS time: 2017-03-28 01:20:21.946000, Avg delay: -0.0315295934677
2017-03-28 01:20:21.970947 Node recv BEACON 15. BS time: 2017-03-28 01:20:21.952000, Avg delay: -0.017091345787
2017-03-28 01:20:21.980641 Node recv BEACON 16. BS time: 2017-03-28 01:20:21.957000, Avg delay: -0.00271921157837
2017-03-28 01:20:21.992252 Node recv BEACON 17. BS time: 2017-03-28 01:20:21.963000, Avg delay: 0.0116393566132
2017-03-28 01:20:22.005867 Node recv BEACON 18. BS time: 2017-03-28 01:20:21.969000, Avg delay: 0.0149013519287
2017-03-28 01:20:22.021223 Node recv BEACON 19. BS time: 2017-03-28 01:20:21.975000, Avg delay: 0.0191316843033
2017-03-28 01:20:22.027535 Node recv BEACON 20. BS time: 2017-03-28 01:20:21.981000, Avg delay: 0.0231882333755
2017-03-28 01:20:22.038984 Node recv BEACON 21. BS time: 2017-03-28 01:20:21.987000, Avg delay: 0.0277898073196
2017-03-28 01:20:22.052063 Node recv BEACON 22. BS time: 2017-03-28 01:20:21.992000, Avg delay: 0.03338367939
2017-03-28 01:20:22.061019 Node recv BEACON 23. BS time: 2017-03-28 01:20:21.997000, Avg delay: 0.0389983654022
2017-03-28 01:20:22.073113 Node recv BEACON 24. BS time: 2017-03-28 01:20:22.003000, Avg delay: 0.0447642564774
Adjust time... New time: 2017-03-28 01:20:22.009398
2017-03-28 01:20:22.009398 Node recv BEACON 25. BS time: 2017-03-28 01:20:22.009000, Avg delay: 0.0503705978394
2017-03-28 01:20:22.021034 Node recv BEACON 26. BS time: 2017-03-28 01:20:22.014000, Avg delay: 0.0487098932266
2017-03-28 01:20:22.035989 Node recv BEACON 27. BS time: 2017-03-28 01:20:22.021000, Avg delay: 0.0472836732864
2017-03-28 01:20:22.042544 Node recv BEACON 28. BS time: 2017-03-28 01:20:22.026000, Avg delay: 0.0452514410019
2017-03-28 01:20:22.055201 Node recv BEACON 29. BS time: 2017-03-28 01:20:22.032000, Avg delay: 0.0429492712021
2017-03-28 01:20:22.067585 Node recv BEACON 30. BS time: 2017-03-28 01:20:22.037000, Avg delay: 0.0413542509079
------ Stop listen at 2017-03-28 01:20:22.265658 ------
------ Listening PS broadcast ------
Timestamp 349063=<23.001 is not a float. Drop pkt!
2017-03-28 01:20:22.858609 Node recv PS_BROADCAST 2, BS time 2017-03-28 01:20:23.007000, Total 10, Seed 27a03601c0, Index 4, Delay -0.148391008377
2017-03-28 01:20:22.870409 Node recv PS_BROADCAST 3, BS time 2017-03-28 01:20:23.013000, Total 10, Seed 27a03601c0, Index 4, Delay -0.142591238022
2017-03-28 01:20:22.882169 Node recv PS_BROADCAST 4, BS time 2017-03-28 01:20:23.018000, Total 10, Seed 27a03601c0, Index 4, Delay -0.135830402374
2017-03-28 01:20:22.893793 Node recv PS_BROADCAST 5, BS time 2017-03-28 01:20:23.023000, Total 10, Seed 27a03601c0, Index 4, Delay -0.129206895828
2017-03-28 01:20:22.911228 Node recv PS_BROADCAST 6, BS time 2017-03-28 01:20:23.029000, Total 10, Seed 27a03601c0, Index 4, Delay -0.117771625519
2017-03-28 01:20:22.916578 Node recv PS_BROADCAST 7, BS time 2017-03-28 01:20:23.036000, Total 10, Seed 27a03601c0, Index 4, Delay -0.119421720505
2017-03-28 01:20:22.927561 Node recv PS_BROADCAST 8, BS time 2017-03-28 01:20:23.043000, Total 10, Seed 27a03601c0, Index 4, Delay -0.115439176559
2017-03-28 01:20:22.941353 Node recv PS_BROADCAST 9, BS time 2017-03-28 01:20:23.048000, Total 10, Seed 27a03601c0, Index 4, Delay -0.106646776199
2017-03-28 01:20:22.951622 Node recv PS_BROADCAST 10, BS time 2017-03-28 01:20:23.053000, Total 10, Seed 27a03601c0, Index 4, Delay -0.101378202438
2017-03-28 01:20:22.973823 Node recv PS_BROADCAST 12, BS time 2017-03-28 01:20:23.064000, Total 10, Seed 27a03601c0, Index 4, Delay -0.090176820755
2017-03-28 01:20:22.986932 Node recv PS_BROADCAST 13, BS time 2017-03-28 01:20:23.069000, Total 10, Seed 27a03601c0, Index 4, Delay -0.0820682048798
2017-03-28 01:20:23.004475 Node recv PS_BROADCAST 14, BS time 2017-03-28 01:20:23.075000, Total 10, Seed 27a03601c0, Index 4, Delay -0.0705246925354
2017-03-28 01:20:23.009453 Node recv PS_BROADCAST 15, BS time 2017-03-28 01:20:23.081000, Total 10, Seed 27a03601c0, Index 4, Delay -0.071546792984
2017-03-28 01:20:23.020637 Node recv PS_BROADCAST 16, BS time 2017-03-28 01:20:23.088000, Total 10, Seed 27a03601c0, Index 4, Delay -0.0673630237579
2017-03-28 01:20:23.034197 Node recv PS_BROADCAST 17, BS time 2017-03-28 01:20:23.092000, Total 10, Seed 27a03601c0, Index 4, Delay -0.0578031539917
2017-03-28 01:20:23.044760 Node recv PS_BROADCAST 18, BS time 2017-03-28 01:20:23.098000, Total 10, Seed 27a03601c0, Index 4, Delay -0.0532400608063
2017-03-28 01:20:23.054713 Node recv PS_BROADCAST 19, BS time 2017-03-28 01:20:23.104000, Total 10, Seed 27a03601c0, Index 4, Delay -0.0492875576019
2017-03-28 01:20:23.068648 Node recv PS_BROADCAST 20, BS time 2017-03-28 01:20:23.109000, Total 10, Seed 27a03601c0, Index 4, Delay -0.0403521060944
2017-03-28 01:20:23.077783 Node recv PS_BROADCAST 21, BS time 2017-03-28 01:20:23.115000, Total 10, Seed 27a03601c0, Index 4, Delay -0.0372169017792
2017-03-28 01:20:23.090611 Node recv PS_BROADCAST 22, BS time 2017-03-28 01:20:23.120000, Total 10, Seed 27a03601c0, Index 4, Delay -0.0293884277344
2017-03-28 01:20:23.105007 Node recv PS_BROADCAST 23, BS time 2017-03-28 01:20:23.126000, Total 10, Seed 27a03601c0, Index 4, Delay -0.0209927558899
2017-03-28 01:20:23.112296 Node recv PS_BROADCAST 24, BS time 2017-03-28 01:20:23.131000, Total 10, Seed 27a03601c0, Index 4, Delay -0.0187041759491
2017-03-28 01:20:23.123767 Node recv PS_BROADCAST 25, BS time 2017-03-28 01:20:23.137000, Total 10, Seed 27a03601c0, Index 4, Delay -0.0132331848145
2017-03-28 01:20:23.136355 Node recv PS_BROADCAST 26, BS time 2017-03-28 01:20:23.143000, Total 10, Seed 27a03601c0, Index 4, Delay -0.00664496421814
2017-03-28 01:20:23.151966 Node recv PS_BROADCAST 27, BS time 2017-03-28 01:20:23.150000, Total 10, Seed 27a03601c0, Index 4, Delay 0.00196599960327
2017-03-28 01:20:23.158436 Node recv PS_BROADCAST 28, BS time 2017-03-28 01:20:23.155000, Total 10, Seed 27a03601c0, Index 4, Delay 0.00343608856201
2017-03-28 01:20:23.171420 Node recv PS_BROADCAST 29, BS time 2017-03-28 01:20:23.160000, Total 10, Seed 27a03601c0, Index 4, Delay 0.0114197731018
2017-03-28 01:20:23.181316 Node recv PS_BROADCAST 30, BS time 2017-03-28 01:20:23.165000, Total 10, Seed 27a03601c0, Index 4, Delay 0.0163164138794
------ Stop listen PS broadcast at 2017-03-28 01:20:23.588996 ------
------ Ready to send PS packets ------
Fire at 2017-03-28 01:20:26.908131
2017-03-28 01:20:26.909440 PS: Node 00030757AF send data 1
2017-03-28 01:20:26.915619 PS: Node 00030757AF send data 2
2017-03-28 01:20:26.922022 PS: Node 00030757AF send data 3
2017-03-28 01:20:26.928759 PS: Node 00030757AF send data 4
2017-03-28 01:20:26.933731 PS: Node 00030757AF send data 5
2017-03-28 01:20:26.939531 PS: Node 00030757AF send data 6
2017-03-28 01:20:26.944789 PS: Node 00030757AF send data 7
2017-03-28 01:20:26.953134 PS: Node 00030757AF send data 8
2017-03-28 01:20:26.960680 PS: Node 00030757AF send data 9
2017-03-28 01:20:26.966215 PS: Node 00030757AF send data 10
2017-03-28 01:20:26.971740 PS: Node 00030757AF send data 11
2017-03-28 01:20:26.977552 PS: Node 00030757AF send data 12
2017-03-28 01:20:26.983210 PS: Node 00030757AF send data 13
2017-03-28 01:20:26.988957 PS: Node 00030757AF send data 14
2017-03-28 01:20:26.995157 PS: Node 00030757AF send data 15
2017-03-28 01:20:27.000645 PS: Node 00030757AF send data 16
2017-03-28 01:20:27.006194 PS: Node 00030757AF send data 17
2017-03-28 01:20:27.012510 PS: Node 00030757AF send data 18
2017-03-28 01:20:27.019346 PS: Node 00030757AF send data 19
2017-03-28 01:20:27.026037 PS: Node 00030757AF send data 20
2017-03-28 01:20:27.030958 PS: Node 00030757AF send data 21
2017-03-28 01:20:27.036117 PS: Node 00030757AF send data 22
2017-03-28 01:20:27.041751 PS: Node 00030757AF send data 23
2017-03-28 01:20:27.047920 PS: Node 00030757AF send data 24
2017-03-28 01:20:27.054530 PS: Node 00030757AF send data 25
2017-03-28 01:20:27.060526 PS: Node 00030757AF send data 26
2017-03-28 01:20:27.066011 PS: Node 00030757AF send data 27
2017-03-28 01:20:27.071276 PS: Node 00030757AF send data 28
2017-03-28 01:20:27.077283 PS: Node 00030757AF send data 29
2017-03-28 01:20:27.083432 PS: Node 00030757AF send data 30
2017-03-28 01:20:27.085265 - thread done - 
 - duration 0.17732667923 -
------ Send PS packets end ------

------ PS cycle ends at 2017-03-28 01:20:30.009289 ------



=============================================================================================
========================================= TEST END ==========================================
=============================================================================================


