----------------------------------------------------------
Input options: 
{'verbose': True, 'discontinuous': False, 'bandwidth': 1000000.0, 'megabytes': 1.0, 'size': 400, 'log': False, 'antenna': 'TX/RX', 'lo_offset': 0, 'scheme': 'PS', 'spec': None, 'tx_gain': 20.0, 'tx_amplitude': 0.1, 'modulation': 'bpsk', 'args': 'serial=3075786', 'snr': 30.0, 'occupied_tones': 200, 'freq': None, 'logfile': '3075786_ps.log', 'rx_freq': 2490000000.0, 'rx_gain': 30.0, 'from_file': None, 'to_file': None, 'tx_freq': 2490000000.0, 'clock_source': None, 'cp_length': 128, 'fft_length': 512}
----------------------------------------------------------


NODE ID: 0003075786

Clock Rate: 100.0 MHz

####### Test Protocol: PS #######

2017-03-28 01:29:13.484351 Adjust to PC time: 2017-03-28 01:29:13.483536



=============================================================================================
========================================== ROUND 1 ==========================================
=============================================================================================


------ Listening ------
Adjust time... New time: 2017-03-28 01:29:15.758114
2017-03-28 01:29:15.758114 Node recv BEACON 1. BS time: 2017-03-28 01:29:15.758000, Avg delay: 0.143561601639
Adjust time... New time: 2017-03-28 01:29:15.764340
2017-03-28 01:29:15.764340 Node recv BEACON 2. BS time: 2017-03-28 01:29:15.764000, Avg delay: 0.0742897987366
Adjust time... New time: 2017-03-28 01:29:15.770507
2017-03-28 01:29:15.770507 Node recv BEACON 3. BS time: 2017-03-28 01:29:15.770000, Avg delay: 0.0511786142985
2017-03-28 01:29:15.779670 Node recv BEACON 4. BS time: 2017-03-28 01:29:15.775000, Avg delay: 0.0395513176918
2017-03-28 01:29:15.791272 Node recv BEACON 5. BS time: 2017-03-28 01:29:15.780000, Avg delay: 0.0338954925537
2017-03-28 01:29:15.808318 Node recv BEACON 6. BS time: 2017-03-28 01:29:15.786000, Avg delay: 0.0319658915202
2017-03-28 01:29:15.814162 Node recv BEACON 7. BS time: 2017-03-28 01:29:15.791000, Avg delay: 0.0307082108089
2017-03-28 01:29:15.825416 Node recv BEACON 8. BS time: 2017-03-28 01:29:15.797000, Avg delay: 0.0304216444492
2017-03-28 01:29:15.837120 Node recv BEACON 9. BS time: 2017-03-28 01:29:15.802000, Avg delay: 0.0309436321259
2017-03-28 01:29:15.848581 Node recv BEACON 10. BS time: 2017-03-28 01:29:15.808000, Avg delay: 0.0319073438644
2017-03-28 01:29:15.860305 Node recv BEACON 11. BS time: 2017-03-28 01:29:15.813000, Avg delay: 0.0222816467285
2017-03-28 01:29:15.871676 Node recv BEACON 12. BS time: 2017-03-28 01:29:15.820000, Avg delay: 0.0269474983215
2017-03-28 01:29:15.885294 Node recv BEACON 13. BS time: 2017-03-28 01:29:15.826000, Avg delay: 0.0323812484741
2017-03-28 01:29:15.895358 Node recv BEACON 14. BS time: 2017-03-28 01:29:15.831000, Avg delay: 0.0383501291275
2017-03-28 01:29:15.906314 Node recv BEACON 15. BS time: 2017-03-28 01:29:15.837000, Avg delay: 0.0441543102264
2017-03-28 01:29:15.917333 Node recv BEACON 16. BS time: 2017-03-28 01:29:15.843000, Avg delay: 0.049355840683
Adjust time... New time: 2017-03-28 01:29:15.849105
2017-03-28 01:29:15.849105 Node recv BEACON 17. BS time: 2017-03-28 01:29:15.849000, Avg delay: 0.0550850868225
Adjust time... New time: 2017-03-28 01:29:15.855325
2017-03-28 01:29:15.855325 Node recv BEACON 18. BS time: 2017-03-28 01:29:15.855000, Avg delay: 0.0528250455856
Adjust time... New time: 2017-03-28 01:29:15.861190
2017-03-28 01:29:15.861190 Node recv BEACON 19. BS time: 2017-03-28 01:29:15.861000, Avg delay: 0.0503077983856
2017-03-28 01:29:15.865454 Node recv BEACON 20. BS time: 2017-03-28 01:29:15.866000, Avg delay: 0.0461951255798
2017-03-28 01:29:15.877226 Node recv BEACON 21. BS time: 2017-03-28 01:29:15.871000, Avg delay: 0.0420872926712
2017-03-28 01:29:15.889467 Node recv BEACON 22. BS time: 2017-03-28 01:29:15.877000, Avg delay: 0.0381663322449
2017-03-28 01:29:15.902682 Node recv BEACON 23. BS time: 2017-03-28 01:29:15.882000, Avg delay: 0.0343051195145
2017-03-28 01:29:15.915796 Node recv BEACON 24. BS time: 2017-03-28 01:29:15.888000, Avg delay: 0.0306488752365
2017-03-28 01:29:15.923054 Node recv BEACON 25. BS time: 2017-03-28 01:29:15.893000, Avg delay: 0.0267229318619
2017-03-28 01:29:15.935128 Node recv BEACON 26. BS time: 2017-03-28 01:29:15.898000, Avg delay: 0.0230024576187
2017-03-28 01:29:15.950809 Node recv BEACON 27. BS time: 2017-03-28 01:29:15.904000, Avg delay: 0.0196378469467
2017-03-28 01:29:15.959695 Node recv BEACON 28. BS time: 2017-03-28 01:29:15.909000, Avg delay: 0.024125790596
2017-03-28 01:29:15.969025 Node recv BEACON 29. BS time: 2017-03-28 01:29:15.916000, Avg delay: 0.0284335613251
2017-03-28 01:29:15.982402 Node recv BEACON 30. BS time: 2017-03-28 01:29:15.921000, Avg delay: 0.0346283197403
2017-03-28 01:29:16.030866 Node recv BEACON 2. BS time: 2017-03-28 01:29:16.130000, Avg delay: 0.0240923166275
2017-03-28 01:29:16.044544 Node recv BEACON 3. BS time: 2017-03-28 01:29:16.136000, Avg delay: 0.0137000322342
2017-03-28 01:29:16.053132 Node recv BEACON 4. BS time: 2017-03-28 01:29:16.142000, Avg delay: 0.00274505615234
2017-03-28 01:29:16.067668 Node recv BEACON 5. BS time: 2017-03-28 01:29:16.147000, Avg delay: -0.00796768665314
2017-03-28 01:29:16.078321 Node recv BEACON 6. BS time: 2017-03-28 01:29:16.153000, Avg delay: -0.0184410333633
2017-03-28 01:29:16.088389 Node recv BEACON 7. BS time: 2017-03-28 01:29:16.159000, Avg delay: -0.0292149782181
2017-03-28 01:29:16.099948 Node recv BEACON 8. BS time: 2017-03-28 01:29:16.164000, Avg delay: -0.0403010606766
Adjust time... New time: 2017-03-28 01:29:16.169218
2017-03-28 01:29:16.169218 Node recv BEACON 9. BS time: 2017-03-28 01:29:16.169000, Avg delay: -0.0508579015732
Adjust time... New time: 2017-03-28 01:29:16.175462
2017-03-28 01:29:16.175462 Node recv BEACON 10. BS time: 2017-03-28 01:29:16.175000, Avg delay: -0.0561001777649
Adjust time... New time: 2017-03-28 01:29:16.182344
2017-03-28 01:29:16.182344 Node recv BEACON 11. BS time: 2017-03-28 01:29:16.180000, Avg delay: -0.0617380857468
Adjust time... New time: 2017-03-28 01:29:16.185167
2017-03-28 01:29:16.185167 Node recv BEACON 12. BS time: 2017-03-28 01:29:16.185000, Avg delay: -0.0512388944626
2017-03-28 01:29:16.198821 Node recv BEACON 13. BS time: 2017-03-28 01:29:16.191000, Avg delay: -0.0413111925125
2017-03-28 01:29:16.213997 Node recv BEACON 14. BS time: 2017-03-28 01:29:16.197000, Avg delay: -0.0307246685028
2017-03-28 01:29:16.220509 Node recv BEACON 15. BS time: 2017-03-28 01:29:16.202000, Avg delay: -0.0209405899048
2017-03-28 01:29:16.231887 Node recv BEACON 16. BS time: 2017-03-28 01:29:16.208000, Avg delay: -0.011083984375
2017-03-28 01:29:16.245426 Node recv BEACON 17. BS time: 2017-03-28 01:29:16.213000, Avg delay: -0.000780296325684
2017-03-28 01:29:16.253079 Node recv BEACON 18. BS time: 2017-03-28 01:29:16.218000, Avg delay: 0.00913288593292
2017-03-28 01:29:16.266973 Node recv BEACON 19. BS time: 2017-03-28 01:29:16.224000, Avg delay: 0.0189175605774
2017-03-28 01:29:16.284959 Node recv BEACON 20. BS time: 2017-03-28 01:29:16.230000, Avg delay: 0.0243532896042
2017-03-28 01:29:16.288163 Node recv BEACON 21. BS time: 2017-03-28 01:29:16.236000, Avg delay: 0.0290673017502
2017-03-28 01:29:16.299930 Node recv BEACON 22. BS time: 2017-03-28 01:29:16.242000, Avg delay: 0.0342744827271
2017-03-28 01:29:16.310971 Node recv BEACON 23. BS time: 2017-03-28 01:29:16.247000, Avg delay: 0.0398895025253
2017-03-28 01:29:16.322861 Node recv BEACON 24. BS time: 2017-03-28 01:29:16.252000, Avg delay: 0.04527592659
Adjust time... New time: 2017-03-28 01:29:16.258298
2017-03-28 01:29:16.258298 Node recv BEACON 25. BS time: 2017-03-28 01:29:16.258000, Avg delay: 0.0510308742523
2017-03-28 01:29:16.268804 Node recv BEACON 26. BS time: 2017-03-28 01:29:16.263000, Avg delay: 0.0492225646973
2017-03-28 01:29:16.282618 Node recv BEACON 27. BS time: 2017-03-28 01:29:16.269000, Avg delay: 0.0473417758942
2017-03-28 01:29:16.303652 Node recv BEACON 29. BS time: 2017-03-28 01:29:16.280000, Avg delay: 0.0461990118027
2017-03-28 01:29:16.318763 Node recv BEACON 30. BS time: 2017-03-28 01:29:16.285000, Avg delay: 0.0452779769897
------ Stop listen at 2017-03-28 01:29:16.515378 ------
------ Listening PS broadcast ------
2017-03-28 01:29:16.859518 Node recv PS_BROADCAST 2, BS time 2017-03-28 01:29:17.006000, Total 10, Seed b26767496a, Index 8, Delay -0.146482229233
2017-03-28 01:29:16.870270 Node recv PS_BROADCAST 3, BS time 2017-03-28 01:29:17.012000, Total 10, Seed b26767496a, Index 8, Delay -0.141729831696
2017-03-28 01:29:16.893100 Node recv PS_BROADCAST 5, BS time 2017-03-28 01:29:17.023000, Total 10, Seed b26767496a, Index 8, Delay -0.129900455475
2017-03-28 01:29:16.904895 Node recv PS_BROADCAST 6, BS time 2017-03-28 01:29:17.029000, Total 10, Seed b26767496a, Index 8, Delay -0.124105453491
2017-03-28 01:29:16.919227 Node recv PS_BROADCAST 7, BS time 2017-03-28 01:29:17.035000, Total 10, Seed b26767496a, Index 8, Delay -0.115772724152
2017-03-28 01:29:16.928317 Node recv PS_BROADCAST 8, BS time 2017-03-28 01:29:17.041000, Total 10, Seed b26767496a, Index 8, Delay -0.112683057785
2017-03-28 01:29:16.939581 Node recv PS_BROADCAST 9, BS time 2017-03-28 01:29:17.046000, Total 10, Seed b26767496a, Index 8, Delay -0.106418848038
2017-03-28 01:29:16.951218 Node recv PS_BROADCAST 10, BS time 2017-03-28 01:29:17.051000, Total 10, Seed b26767496a, Index 8, Delay -0.0997817516327
2017-03-28 01:29:16.963966 Node recv PS_BROADCAST 11, BS time 2017-03-28 01:29:17.057000, Total 10, Seed b26767496a, Index 8, Delay -0.0930337905884
2017-03-28 01:29:16.973919 Node recv PS_BROADCAST 12, BS time 2017-03-28 01:29:17.062000, Total 10, Seed b26767496a, Index 8, Delay -0.0880806446075
2017-03-28 01:29:16.985985 Node recv PS_BROADCAST 13, BS time 2017-03-28 01:29:17.067000, Total 10, Seed b26767496a, Index 8, Delay -0.0810148715973
2017-03-28 01:29:16.997591 Node recv PS_BROADCAST 14, BS time 2017-03-28 01:29:17.074000, Total 10, Seed b26767496a, Index 8, Delay -0.0764083862305
2017-03-28 01:29:17.010125 Node recv PS_BROADCAST 15, BS time 2017-03-28 01:29:17.080000, Total 10, Seed b26767496a, Index 8, Delay -0.0698747634888
2017-03-28 01:29:17.020371 Node recv PS_BROADCAST 16, BS time 2017-03-28 01:29:17.086000, Total 10, Seed b26767496a, Index 8, Delay -0.0656292438507
2017-03-28 01:29:17.031535 Node recv PS_BROADCAST 17, BS time 2017-03-28 01:29:17.093000, Total 10, Seed b26767496a, Index 8, Delay -0.0614650249481
2017-03-28 01:29:17.045709 Node recv PS_BROADCAST 18, BS time 2017-03-28 01:29:17.099000, Total 10, Seed b26767496a, Index 8, Delay -0.0532908439636
2017-03-28 01:29:17.058620 Node recv PS_BROADCAST 19, BS time 2017-03-28 01:29:17.105000, Total 10, Seed b26767496a, Index 8, Delay -0.0463795661926
2017-03-28 01:29:17.066593 Node recv PS_BROADCAST 20, BS time 2017-03-28 01:29:17.111000, Total 10, Seed b26767496a, Index 8, Delay -0.0444073677063
2017-03-28 01:29:17.079340 Node recv PS_BROADCAST 21, BS time 2017-03-28 01:29:17.117000, Total 10, Seed b26767496a, Index 8, Delay -0.0376603603363
2017-03-28 01:29:17.113112 Node recv PS_BROADCAST 24, BS time 2017-03-28 01:29:17.135000, Total 10, Seed b26767496a, Index 8, Delay -0.021888256073
2017-03-28 01:29:17.124601 Node recv PS_BROADCAST 25, BS time 2017-03-28 01:29:17.140000, Total 10, Seed b26767496a, Index 8, Delay -0.0153992176056
2017-03-28 01:29:17.135560 Node recv PS_BROADCAST 26, BS time 2017-03-28 01:29:17.147000, Total 10, Seed b26767496a, Index 8, Delay -0.0114402770996
2017-03-28 01:29:17.149368 Node recv PS_BROADCAST 27, BS time 2017-03-28 01:29:17.151000, Total 10, Seed b26767496a, Index 8, Delay -0.00163173675537
2017-03-28 01:29:17.158990 Node recv PS_BROADCAST 28, BS time 2017-03-28 01:29:17.157000, Total 10, Seed b26767496a, Index 8, Delay 0.00198984146118
2017-03-28 01:29:17.170069 Node recv PS_BROADCAST 29, BS time 2017-03-28 01:29:17.162000, Total 10, Seed b26767496a, Index 8, Delay 0.00806856155396
2017-03-28 01:29:17.181680 Node recv PS_BROADCAST 30, BS time 2017-03-28 01:29:17.167000, Total 10, Seed b26767496a, Index 8, Delay 0.0146803855896
------ Stop listen PS broadcast at 2017-03-28 01:29:17.584214 ------
------ Ready to send PS packets ------
Fire at 2017-03-28 01:29:22.908142
2017-03-28 01:29:22.912003 PS: Node 0003075786 send data 1
2017-03-28 01:29:22.917596 PS: Node 0003075786 send data 2
2017-03-28 01:29:22.922924 PS: Node 0003075786 send data 3
2017-03-28 01:29:22.928432 PS: Node 0003075786 send data 4
2017-03-28 01:29:22.933629 PS: Node 0003075786 send data 5
2017-03-28 01:29:22.938851 PS: Node 0003075786 send data 6
2017-03-28 01:29:22.944771 PS: Node 0003075786 send data 7
2017-03-28 01:29:22.950906 PS: Node 0003075786 send data 8
2017-03-28 01:29:22.956301 PS: Node 0003075786 send data 9
2017-03-28 01:29:22.961302 PS: Node 0003075786 send data 10
2017-03-28 01:29:22.966830 PS: Node 0003075786 send data 11
2017-03-28 01:29:22.972039 PS: Node 0003075786 send data 12
2017-03-28 01:29:22.977271 PS: Node 0003075786 send data 13
2017-03-28 01:29:22.983160 PS: Node 0003075786 send data 14
2017-03-28 01:29:22.988772 PS: Node 0003075786 send data 15
2017-03-28 01:29:22.995301 PS: Node 0003075786 send data 16
2017-03-28 01:29:23.001276 PS: Node 0003075786 send data 17
2017-03-28 01:29:23.006398 PS: Node 0003075786 send data 18
2017-03-28 01:29:23.012037 PS: Node 0003075786 send data 19
2017-03-28 01:29:23.018161 PS: Node 0003075786 send data 20
2017-03-28 01:29:23.023328 PS: Node 0003075786 send data 21
2017-03-28 01:29:23.028974 PS: Node 0003075786 send data 22
2017-03-28 01:29:23.034035 PS: Node 0003075786 send data 23
2017-03-28 01:29:23.039585 PS: Node 0003075786 send data 24
2017-03-28 01:29:23.045683 PS: Node 0003075786 send data 25
2017-03-28 01:29:23.051039 PS: Node 0003075786 send data 26
2017-03-28 01:29:23.056418 PS: Node 0003075786 send data 27
2017-03-28 01:29:23.061480 PS: Node 0003075786 send data 28
2017-03-28 01:29:23.066656 PS: Node 0003075786 send data 29
2017-03-28 01:29:23.072253 PS: Node 0003075786 send data 30
2017-03-28 01:29:23.073182 - thread done - 
 - duration 0.164400100708 -
------ Send PS packets end ------

------ PS cycle ends at 2017-03-28 01:29:24.008880 ------



=============================================================================================
========================================== ROUND 2 ==========================================
=============================================================================================


------ Listening ------
2017-03-28 01:29:24.375597 Node recv BEACON 2. BS time: 2017-03-28 01:29:24.514000, Avg delay: 0.0259418010712
2017-03-28 01:29:24.386763 Node recv BEACON 3. BS time: 2017-03-28 01:29:24.520000, Avg delay: 0.0074018239975
2017-03-28 01:29:24.399066 Node recv BEACON 4. BS time: 2017-03-28 01:29:24.526000, Avg delay: -0.0110845804214
2017-03-28 01:29:24.410167 Node recv BEACON 5. BS time: 2017-03-28 01:29:24.532000, Avg delay: -0.0296650648117
2017-03-28 01:29:24.435632 Node recv BEACON 7. BS time: 2017-03-28 01:29:24.543000, Avg delay: -0.0474879741669
Adjust time... New time: 2017-03-28 01:29:24.549265
2017-03-28 01:29:24.549265 Node recv BEACON 8. BS time: 2017-03-28 01:29:24.549000, Avg delay: -0.0655569553375
Adjust time... New time: 2017-03-28 01:29:24.556247
2017-03-28 01:29:24.556247 Node recv BEACON 9. BS time: 2017-03-28 01:29:24.556000, Avg delay: -0.0657286405563
Adjust time... New time: 2017-03-28 01:29:24.561490
2017-03-28 01:29:24.561490 Node recv BEACON 10. BS time: 2017-03-28 01:29:24.561000, Avg delay: -0.0665127515793
Adjust time... New time: 2017-03-28 01:29:24.566148
2017-03-28 01:29:24.566148 Node recv BEACON 11. BS time: 2017-03-28 01:29:24.566000, Avg delay: -0.0681224107742
Adjust time... New time: 2017-03-28 01:29:24.571213
2017-03-28 01:29:24.571213 Node recv BEACON 12. BS time: 2017-03-28 01:29:24.571000, Avg delay: -0.0710115671158
Adjust time... New time: 2017-03-28 01:29:24.577093
2017-03-28 01:29:24.577093 Node recv BEACON 13. BS time: 2017-03-28 01:29:24.577000, Avg delay: -0.0564376592636
2017-03-28 01:29:24.584667 Node recv BEACON 14. BS time: 2017-03-28 01:29:24.583000, Avg delay: -0.042947268486
2017-03-28 01:29:24.596538 Node recv BEACON 15. BS time: 2017-03-28 01:29:24.588000, Avg delay: -0.0294001102448
2017-03-28 01:29:24.609704 Node recv BEACON 16. BS time: 2017-03-28 01:29:24.594000, Avg delay: -0.0156463384628
2017-03-28 01:29:24.626859 Node recv BEACON 17. BS time: 2017-03-28 01:29:24.600000, Avg delay: -0.00222368240356
2017-03-28 01:29:24.631848 Node recv BEACON 18. BS time: 2017-03-28 01:29:24.605000, Avg delay: 0.0109242677689
2017-03-28 01:29:24.642368 Node recv BEACON 19. BS time: 2017-03-28 01:29:24.611000, Avg delay: 0.0136523723602
2017-03-28 01:29:24.654023 Node recv BEACON 20. BS time: 2017-03-28 01:29:24.616000, Avg delay: 0.0168770313263
2017-03-28 01:29:24.665348 Node recv BEACON 21. BS time: 2017-03-28 01:29:24.622000, Avg delay: 0.0204562664032
2017-03-28 01:29:24.678087 Node recv BEACON 22. BS time: 2017-03-28 01:29:24.627000, Avg delay: 0.0250778675079
2017-03-28 01:29:24.688996 Node recv BEACON 23. BS time: 2017-03-28 01:29:24.633000, Avg delay: 0.0299438476563
2017-03-28 01:29:24.700270 Node recv BEACON 24. BS time: 2017-03-28 01:29:24.638000, Avg delay: 0.0360042095184
2017-03-28 01:29:24.712269 Node recv BEACON 25. BS time: 2017-03-28 01:29:24.644000, Avg delay: 0.0419773578644
2017-03-28 01:29:24.726147 Node recv BEACON 26. BS time: 2017-03-28 01:29:24.650000, Avg delay: 0.0480216741562
Adjust time... New time: 2017-03-28 01:29:24.655282
2017-03-28 01:29:24.655282 Node recv BEACON 27. BS time: 2017-03-28 01:29:24.655000, Avg delay: 0.0535863399506
Adjust time... New time: 2017-03-28 01:29:24.661296
2017-03-28 01:29:24.661296 Node recv BEACON 28. BS time: 2017-03-28 01:29:24.661000, Avg delay: 0.0510719299316
2017-03-28 01:29:24.665125 Node recv BEACON 29. BS time: 2017-03-28 01:29:24.666000, Avg delay: 0.0478475809097
2017-03-28 01:29:24.677783 Node recv BEACON 30. BS time: 2017-03-28 01:29:24.672000, Avg delay: 0.0446235656738
Wrong pktno 65469. Drop pkt!
2017-03-28 01:29:24.803906 Node recv BEACON 9. BS time: 2017-03-28 01:29:24.924000, Avg delay: 0.0282794475555
2017-03-28 01:29:24.815714 Node recv BEACON 10. BS time: 2017-03-28 01:29:24.929000, Avg delay: 0.0118421077728
2017-03-28 01:29:24.827281 Node recv BEACON 11. BS time: 2017-03-28 01:29:24.934000, Avg delay: -0.00442943572998
2017-03-28 01:29:24.838758 Node recv BEACON 12. BS time: 2017-03-28 01:29:24.939000, Avg delay: -0.0206806659698
2017-03-28 01:29:24.851004 Node recv BEACON 13. BS time: 2017-03-28 01:29:24.944000, Avg delay: -0.036807179451
Adjust time... New time: 2017-03-28 01:29:24.950278
2017-03-28 01:29:24.950278 Node recv BEACON 14. BS time: 2017-03-28 01:29:24.950000, Avg delay: -0.0532934188843
Adjust time... New time: 2017-03-28 01:29:24.956322
2017-03-28 01:29:24.956322 Node recv BEACON 15. BS time: 2017-03-28 01:29:24.956000, Avg delay: -0.0609746694565
Adjust time... New time: 2017-03-28 01:29:24.962773
2017-03-28 01:29:24.962773 Node recv BEACON 16. BS time: 2017-03-28 01:29:24.961000, Avg delay: -0.0605288028717
Adjust time... New time: 2017-03-28 01:29:24.966358
2017-03-28 01:29:24.966358 Node recv BEACON 17. BS time: 2017-03-28 01:29:24.966000, Avg delay: -0.0595105648041
Adjust time... New time: 2017-03-28 01:29:24.972462
2017-03-28 01:29:24.972462 Node recv BEACON 18. BS time: 2017-03-28 01:29:24.972000, Avg delay: -0.0601517915726
2017-03-28 01:29:24.982912 Node recv BEACON 19. BS time: 2017-03-28 01:29:24.978000, Avg delay: -0.0476511955261
2017-03-28 01:29:24.994516 Node recv BEACON 20. BS time: 2017-03-28 01:29:24.984000, Avg delay: -0.0352709770203
2017-03-28 01:29:25.007889 Node recv BEACON 21. BS time: 2017-03-28 01:29:24.990000, Avg delay: -0.0228101491928
2017-03-28 01:29:25.018260 Node recv BEACON 22. BS time: 2017-03-28 01:29:24.995000, Avg delay: -0.0104599714279
2017-03-28 01:29:25.029320 Node recv BEACON 23. BS time: 2017-03-28 01:29:25.001000, Avg delay: 0.00167169570923
2017-03-28 01:29:25.045678 Node recv BEACON 24. BS time: 2017-03-28 01:29:25.006000, Avg delay: 0.0145110368729
2017-03-28 01:29:25.052040 Node recv BEACON 25. BS time: 2017-03-28 01:29:25.012000, Avg delay: 0.0179456949234
2017-03-28 01:29:25.068569 Node recv BEACON 26. BS time: 2017-03-28 01:29:25.017000, Avg delay: 0.0224863290787
2017-03-28 01:29:25.075099 Node recv BEACON 27. BS time: 2017-03-28 01:29:25.023000, Avg delay: 0.0267655611038
2017-03-28 01:29:25.088122 Node recv BEACON 28. BS time: 2017-03-28 01:29:25.028000, Avg delay: 0.0328406095505
2017-03-28 01:29:25.098359 Node recv BEACON 29. BS time: 2017-03-28 01:29:25.033000, Avg delay: 0.038885307312
2017-03-28 01:29:25.109607 Node recv BEACON 30. BS time: 2017-03-28 01:29:25.039000, Avg delay: 0.0448944568634
------ Stop listen at 2017-03-28 01:29:25.307357 ------
------ Listening PS broadcast ------
2017-03-28 01:29:25.901114 Node recv PS_BROADCAST 2, BS time 2017-03-28 01:29:26.007000, Total 10, Seed ccb279135a, Index 2, Delay -0.105886220932
2017-03-28 01:29:25.912416 Node recv PS_BROADCAST 3, BS time 2017-03-28 01:29:26.012000, Total 10, Seed ccb279135a, Index 2, Delay -0.0995836257935
2017-03-28 01:29:25.924587 Node recv PS_BROADCAST 4, BS time 2017-03-28 01:29:26.018000, Total 10, Seed ccb279135a, Index 2, Delay -0.0934128761292
2017-03-28 01:29:25.935517 Node recv PS_BROADCAST 5, BS time 2017-03-28 01:29:26.023000, Total 10, Seed ccb279135a, Index 2, Delay -0.0874826908112
2017-03-28 01:29:25.947325 Node recv PS_BROADCAST 6, BS time 2017-03-28 01:29:26.028000, Total 10, Seed ccb279135a, Index 2, Delay -0.0806748867035
2017-03-28 01:29:25.958496 Node recv PS_BROADCAST 7, BS time 2017-03-28 01:29:26.034000, Total 10, Seed ccb279135a, Index 2, Delay -0.0755040645599
2017-03-28 01:29:25.973940 Node recv PS_BROADCAST 8, BS time 2017-03-28 01:29:26.040000, Total 10, Seed ccb279135a, Index 2, Delay -0.0660598278046
2017-03-28 01:29:25.981898 Node recv PS_BROADCAST 9, BS time 2017-03-28 01:29:26.046000, Total 10, Seed ccb279135a, Index 2, Delay -0.0641024112701
2017-03-28 01:29:25.993681 Node recv PS_BROADCAST 10, BS time 2017-03-28 01:29:26.052000, Total 10, Seed ccb279135a, Index 2, Delay -0.0583188533783
2017-03-28 01:29:26.005095 Node recv PS_BROADCAST 11, BS time 2017-03-28 01:29:26.057000, Total 10, Seed ccb279135a, Index 2, Delay -0.0519053936005
2017-03-28 01:29:26.017701 Node recv PS_BROADCAST 12, BS time 2017-03-28 01:29:26.063000, Total 10, Seed ccb279135a, Index 2, Delay -0.045298576355
2017-03-28 01:29:26.035236 Node recv PS_BROADCAST 13, BS time 2017-03-28 01:29:26.068000, Total 10, Seed ccb279135a, Index 2, Delay -0.0327641963959
2017-03-28 01:29:26.039193 Node recv PS_BROADCAST 14, BS time 2017-03-28 01:29:26.073000, Total 10, Seed ccb279135a, Index 2, Delay -0.0338072776794
2017-03-28 01:29:26.051271 Node recv PS_BROADCAST 15, BS time 2017-03-28 01:29:26.079000, Total 10, Seed ccb279135a, Index 2, Delay -0.0277285575867
2017-03-28 01:29:26.064372 Node recv PS_BROADCAST 16, BS time 2017-03-28 01:29:26.086000, Total 10, Seed ccb279135a, Index 2, Delay -0.021627664566
2017-03-28 01:29:26.074162 Node recv PS_BROADCAST 17, BS time 2017-03-28 01:29:26.091000, Total 10, Seed ccb279135a, Index 2, Delay -0.0168378353119
2017-03-28 01:29:26.085877 Node recv PS_BROADCAST 18, BS time 2017-03-28 01:29:26.096000, Total 10, Seed ccb279135a, Index 2, Delay -0.0101225376129
2017-03-28 01:29:26.098205 Node recv PS_BROADCAST 19, BS time 2017-03-28 01:29:26.102000, Total 10, Seed ccb279135a, Index 2, Delay -0.00379538536072
2017-03-28 01:29:26.112273 Node recv PS_BROADCAST 20, BS time 2017-03-28 01:29:26.108000, Total 10, Seed ccb279135a, Index 2, Delay 0.00427269935608
2017-03-28 01:29:26.120820 Node recv PS_BROADCAST 21, BS time 2017-03-28 01:29:26.114000, Total 10, Seed ccb279135a, Index 2, Delay 0.00682020187378
2017-03-28 01:29:26.133825 Node recv PS_BROADCAST 22, BS time 2017-03-28 01:29:26.121000, Total 10, Seed ccb279135a, Index 2, Delay 0.012825012207
2017-03-28 01:29:26.143128 Node recv PS_BROADCAST 23, BS time 2017-03-28 01:29:26.126000, Total 10, Seed ccb279135a, Index 2, Delay 0.0171277523041
2017-03-28 01:29:26.154546 Node recv PS_BROADCAST 24, BS time 2017-03-28 01:29:26.132000, Total 10, Seed ccb279135a, Index 2, Delay 0.0225460529327
2017-03-28 01:29:26.165969 Node recv PS_BROADCAST 25, BS time 2017-03-28 01:29:26.138000, Total 10, Seed ccb279135a, Index 2, Delay 0.027969121933
2017-03-28 01:29:26.177954 Node recv PS_BROADCAST 26, BS time 2017-03-28 01:29:26.145000, Total 10, Seed ccb279135a, Index 2, Delay 0.032954454422
2017-03-28 01:29:26.194180 Node recv PS_BROADCAST 27, BS time 2017-03-28 01:29:26.150000, Total 10, Seed ccb279135a, Index 2, Delay 0.044180393219
2017-03-28 01:29:26.202274 Node recv PS_BROADCAST 28, BS time 2017-03-28 01:29:26.155000, Total 10, Seed ccb279135a, Index 2, Delay 0.04727435112
2017-03-28 01:29:26.214445 Node recv PS_BROADCAST 29, BS time 2017-03-28 01:29:26.161000, Total 10, Seed ccb279135a, Index 2, Delay 0.0534446239471
2017-03-28 01:29:26.224086 Node recv PS_BROADCAST 30, BS time 2017-03-28 01:29:26.167000, Total 10, Seed ccb279135a, Index 2, Delay 0.0570857524872
------ Stop listen PS broadcast at 2017-03-28 01:29:26.628431 ------
------ Ready to send PS packets ------
Fire at 2017-03-28 01:29:28.908030
2017-03-28 01:29:28.909667 PS: Node 0003075786 send data 1
2017-03-28 01:29:28.915306 PS: Node 0003075786 send data 2
2017-03-28 01:29:28.920517 PS: Node 0003075786 send data 3
2017-03-28 01:29:28.926950 PS: Node 0003075786 send data 4
2017-03-28 01:29:28.933155 PS: Node 0003075786 send data 5
2017-03-28 01:29:28.939679 PS: Node 0003075786 send data 6
2017-03-28 01:29:28.944677 PS: Node 0003075786 send data 7
2017-03-28 01:29:28.950984 PS: Node 0003075786 send data 8
2017-03-28 01:29:28.957393 PS: Node 0003075786 send data 9
2017-03-28 01:29:28.962924 PS: Node 0003075786 send data 10
2017-03-28 01:29:28.968449 PS: Node 0003075786 send data 11
2017-03-28 01:29:28.973639 PS: Node 0003075786 send data 12
2017-03-28 01:29:28.978848 PS: Node 0003075786 send data 13
2017-03-28 01:29:28.985127 PS: Node 0003075786 send data 14
2017-03-28 01:29:28.990231 PS: Node 0003075786 send data 15
2017-03-28 01:29:28.996068 PS: Node 0003075786 send data 16
2017-03-28 01:29:29.001800 PS: Node 0003075786 send data 17
2017-03-28 01:29:29.006968 PS: Node 0003075786 send data 18
2017-03-28 01:29:29.012503 PS: Node 0003075786 send data 19
2017-03-28 01:29:29.018401 PS: Node 0003075786 send data 20
2017-03-28 01:29:29.024582 PS: Node 0003075786 send data 21
2017-03-28 01:29:29.030145 PS: Node 0003075786 send data 22
2017-03-28 01:29:29.035730 PS: Node 0003075786 send data 23
2017-03-28 01:29:29.041321 PS: Node 0003075786 send data 24
2017-03-28 01:29:29.047236 PS: Node 0003075786 send data 25
2017-03-28 01:29:29.052662 PS: Node 0003075786 send data 26
2017-03-28 01:29:29.058310 PS: Node 0003075786 send data 27
2017-03-28 01:29:29.063379 PS: Node 0003075786 send data 28
2017-03-28 01:29:29.069189 PS: Node 0003075786 send data 29
2017-03-28 01:29:29.074934 PS: Node 0003075786 send data 30
2017-03-28 01:29:29.076964 - thread done - 
 - duration 0.168830394745 -
------ Send PS packets end ------

------ PS cycle ends at 2017-03-28 01:29:33.008852 ------



=============================================================================================
========================================== ROUND 3 ==========================================
=============================================================================================


------ Listening ------
Wrong pktno 65469. Drop pkt!
2017-03-28 01:29:33.498799 Node recv BEACON 9. BS time: 2017-03-28 01:29:33.554000, Avg delay: 0.0375854253769
2017-03-28 01:29:33.509894 Node recv BEACON 10. BS time: 2017-03-28 01:29:33.560000, Avg delay: 0.0302488565445
2017-03-28 01:29:33.521933 Node recv BEACON 11. BS time: 2017-03-28 01:29:33.565000, Avg delay: 0.0231100559235
2017-03-28 01:29:33.538516 Node recv BEACON 12. BS time: 2017-03-28 01:29:33.571000, Avg delay: 0.0158938169479
2017-03-28 01:29:33.545638 Node recv BEACON 13. BS time: 2017-03-28 01:29:33.577000, Avg delay: 0.00875370502472
2017-03-28 01:29:33.568549 Node recv BEACON 15. BS time: 2017-03-28 01:29:33.590000, Avg delay: 0.00145173072815
2017-03-28 01:29:33.580312 Node recv BEACON 16. BS time: 2017-03-28 01:29:33.595000, Avg delay: -0.00522699356079
2017-03-28 01:29:33.594274 Node recv BEACON 17. BS time: 2017-03-28 01:29:33.600000, Avg delay: -0.0118117809296
2017-03-28 01:29:33.602511 Node recv BEACON 18. BS time: 2017-03-28 01:29:33.605000, Avg delay: -0.0185965776443
2017-03-28 01:29:33.614180 Node recv BEACON 19. BS time: 2017-03-28 01:29:33.611000, Avg delay: -0.0253392934799
2017-03-28 01:29:33.625898 Node recv BEACON 20. BS time: 2017-03-28 01:29:33.617000, Avg delay: -0.0189293861389
2017-03-28 01:29:33.638288 Node recv BEACON 21. BS time: 2017-03-28 01:29:33.622000, Avg delay: -0.0122900247574
2017-03-28 01:29:33.650852 Node recv BEACON 22. BS time: 2017-03-28 01:29:33.628000, Avg delay: -0.00569806098938
2017-03-28 01:29:33.660120 Node recv BEACON 23. BS time: 2017-03-28 01:29:33.634000, Avg delay: 0.000162386894226
2017-03-28 01:29:33.671600 Node recv BEACON 24. BS time: 2017-03-28 01:29:33.640000, Avg delay: 0.00645854473114
2017-03-28 01:29:33.684476 Node recv BEACON 25. BS time: 2017-03-28 01:29:33.645000, Avg delay: 0.0125511884689
2017-03-28 01:29:33.698992 Node recv BEACON 26. BS time: 2017-03-28 01:29:33.652000, Avg delay: 0.0187191963196
2017-03-28 01:29:33.705970 Node recv BEACON 27. BS time: 2017-03-28 01:29:33.658000, Avg delay: 0.0240887880325
2017-03-28 01:29:33.717885 Node recv BEACON 28. BS time: 2017-03-28 01:29:33.663000, Avg delay: 0.0298261642456
2017-03-28 01:29:33.731350 Node recv BEACON 29. BS time: 2017-03-28 01:29:33.669000, Avg delay: 0.0357431411743
2017-03-28 01:29:33.788899 Node recv BEACON 2. BS time: 2017-03-28 01:29:33.885000, Avg delay: 0.0252432346344
2017-03-28 01:29:33.800371 Node recv BEACON 3. BS time: 2017-03-28 01:29:33.891000, Avg delay: 0.0145515441895
2017-03-28 01:29:33.811633 Node recv BEACON 4. BS time: 2017-03-28 01:29:33.896000, Avg delay: 0.00382966995239
2017-03-28 01:29:33.823102 Node recv BEACON 5. BS time: 2017-03-28 01:29:33.901000, Avg delay: -0.0065721988678
2017-03-28 01:29:33.835153 Node recv BEACON 6. BS time: 2017-03-28 01:29:33.907000, Avg delay: -0.0169168710709
2017-03-28 01:29:33.851394 Node recv BEACON 7. BS time: 2017-03-28 01:29:33.913000, Avg delay: -0.0270250797272
2017-03-28 01:29:33.857666 Node recv BEACON 8. BS time: 2017-03-28 01:29:33.919000, Avg delay: -0.0378577470779
2017-03-28 01:29:33.869333 Node recv BEACON 9. BS time: 2017-03-28 01:29:33.925000, Avg delay: -0.0482213973999
Adjust time... New time: 2017-03-28 01:29:33.931252
2017-03-28 01:29:33.931252 Node recv BEACON 10. BS time: 2017-03-28 01:29:33.931000, Avg delay: -0.0587218523026
Adjust time... New time: 2017-03-28 01:29:33.936528
2017-03-28 01:29:33.936528 Node recv BEACON 11. BS time: 2017-03-28 01:29:33.936000, Avg delay: -0.0643724679947
Adjust time... New time: 2017-03-28 01:29:33.942206
2017-03-28 01:29:33.942206 Node recv BEACON 12. BS time: 2017-03-28 01:29:33.942000, Avg delay: -0.0541984558105
2017-03-28 01:29:33.952555 Node recv BEACON 13. BS time: 2017-03-28 01:29:33.948000, Avg delay: -0.0446800470352
2017-03-28 01:29:33.963709 Node recv BEACON 14. BS time: 2017-03-28 01:29:33.953000, Avg delay: -0.0351725101471
2017-03-28 01:29:33.998271 Node recv BEACON 17. BS time: 2017-03-28 01:29:33.971000, Avg delay: -0.0246555328369
2017-03-28 01:29:34.010103 Node recv BEACON 18. BS time: 2017-03-28 01:29:33.976000, Avg delay: -0.0140605211258
2017-03-28 01:29:34.021284 Node recv BEACON 19. BS time: 2017-03-28 01:29:33.982000, Avg delay: -0.00397152900696
2017-03-28 01:29:34.032838 Node recv BEACON 20. BS time: 2017-03-28 01:29:33.987000, Avg delay: 0.00674567222595
2017-03-28 01:29:34.046289 Node recv BEACON 21. BS time: 2017-03-28 01:29:33.993000, Avg delay: 0.0176412343979
2017-03-28 01:29:34.057058 Node recv BEACON 22. BS time: 2017-03-28 01:29:33.998000, Avg delay: 0.0285589933395
2017-03-28 01:29:34.067491 Node recv BEACON 23. BS time: 2017-03-28 01:29:34.004000, Avg delay: 0.0343236923218
2017-03-28 01:29:34.081357 Node recv BEACON 24. BS time: 2017-03-28 01:29:34.009000, Avg delay: 0.0409954309464
2017-03-28 01:29:34.093184 Node recv BEACON 25. BS time: 2017-03-28 01:29:34.015000, Avg delay: 0.0483583450317
Adjust time... New time: 2017-03-28 01:29:34.020237
2017-03-28 01:29:34.020237 Node recv BEACON 26. BS time: 2017-03-28 01:29:34.020000, Avg delay: 0.0554708719254
Adjust time... New time: 2017-03-28 01:29:34.026253
2017-03-28 01:29:34.026253 Node recv BEACON 27. BS time: 2017-03-28 01:29:34.026000, Avg delay: 0.0532236814499
Adjust time... New time: 2017-03-28 01:29:34.036483
2017-03-28 01:29:34.036483 Node recv BEACON 29. BS time: 2017-03-28 01:29:34.036000, Avg delay: 0.0511062860489
2017-03-28 01:29:34.048048 Node recv BEACON 30. BS time: 2017-03-28 01:29:34.042000, Avg delay: 0.0477827310562
------ Stop listen at 2017-03-28 01:29:34.244664 ------
------ Listening PS broadcast ------
2017-03-28 01:29:34.835355 Node recv PS_BROADCAST 2, BS time 2017-03-28 01:29:35.006000, Total 10, Seed 023676138f, Index 6, Delay -0.170645236969
2017-03-28 01:29:34.847339 Node recv PS_BROADCAST 3, BS time 2017-03-28 01:29:35.012000, Total 10, Seed 023676138f, Index 6, Delay -0.164660692215
2017-03-28 01:29:34.858644 Node recv PS_BROADCAST 4, BS time 2017-03-28 01:29:35.018000, Total 10, Seed 023676138f, Index 6, Delay -0.159355640411
2017-03-28 01:29:34.871275 Node recv PS_BROADCAST 5, BS time 2017-03-28 01:29:35.023000, Total 10, Seed 023676138f, Index 6, Delay -0.151725292206
2017-03-28 01:29:34.893656 Node recv PS_BROADCAST 7, BS time 2017-03-28 01:29:35.034000, Total 10, Seed 023676138f, Index 6, Delay -0.140343666077
2017-03-28 01:29:34.907309 Node recv PS_BROADCAST 8, BS time 2017-03-28 01:29:35.040000, Total 10, Seed 023676138f, Index 6, Delay -0.132691144943
2017-03-28 01:29:34.916293 Node recv PS_BROADCAST 9, BS time 2017-03-28 01:29:35.046000, Total 10, Seed 023676138f, Index 6, Delay -0.12970662117
2017-03-28 01:29:34.927777 Node recv PS_BROADCAST 10, BS time 2017-03-28 01:29:35.051000, Total 10, Seed 023676138f, Index 6, Delay -0.123222827911
2017-03-28 01:29:34.939364 Node recv PS_BROADCAST 11, BS time 2017-03-28 01:29:35.056000, Total 10, Seed 023676138f, Index 6, Delay -0.116635560989
2017-03-28 01:29:34.952400 Node recv PS_BROADCAST 12, BS time 2017-03-28 01:29:35.061000, Total 10, Seed 023676138f, Index 6, Delay -0.108599662781
2017-03-28 01:29:34.965205 Node recv PS_BROADCAST 13, BS time 2017-03-28 01:29:35.067000, Total 10, Seed 023676138f, Index 6, Delay -0.101795196533
2017-03-28 01:29:34.973863 Node recv PS_BROADCAST 14, BS time 2017-03-28 01:29:35.072000, Total 10, Seed 023676138f, Index 6, Delay -0.0981373786926
2017-03-28 01:29:34.986362 Node recv PS_BROADCAST 15, BS time 2017-03-28 01:29:35.078000, Total 10, Seed 023676138f, Index 6, Delay -0.0916385650635
2017-03-28 01:29:34.997991 Node recv PS_BROADCAST 16, BS time 2017-03-28 01:29:35.084000, Total 10, Seed 023676138f, Index 6, Delay -0.0860090255737
2017-03-28 01:29:35.008591 Node recv PS_BROADCAST 17, BS time 2017-03-28 01:29:35.089000, Total 10, Seed 023676138f, Index 6, Delay -0.0804092884064
2017-03-28 01:29:35.023052 Node recv PS_BROADCAST 18, BS time 2017-03-28 01:29:35.095000, Total 10, Seed 023676138f, Index 6, Delay -0.0719475746155
2017-03-28 01:29:35.031672 Node recv PS_BROADCAST 19, BS time 2017-03-28 01:29:35.100000, Total 10, Seed 023676138f, Index 6, Delay -0.0683281421661
2017-03-28 01:29:35.042657 Node recv PS_BROADCAST 20, BS time 2017-03-28 01:29:35.106000, Total 10, Seed 023676138f, Index 6, Delay -0.0633432865143
2017-03-28 01:29:35.056847 Node recv PS_BROADCAST 21, BS time 2017-03-28 01:29:35.112000, Total 10, Seed 023676138f, Index 6, Delay -0.0551528930664
2017-03-28 01:29:35.066408 Node recv PS_BROADCAST 22, BS time 2017-03-28 01:29:35.118000, Total 10, Seed 023676138f, Index 6, Delay -0.0515918731689
2017-03-28 01:29:35.078022 Node recv PS_BROADCAST 23, BS time 2017-03-28 01:29:35.123000, Total 10, Seed 023676138f, Index 6, Delay -0.0449776649475
2017-03-28 01:29:35.090240 Node recv PS_BROADCAST 24, BS time 2017-03-28 01:29:35.129000, Total 10, Seed 023676138f, Index 6, Delay -0.0387601852417
2017-03-28 01:29:35.107269 Node recv PS_BROADCAST 25, BS time 2017-03-28 01:29:35.135000, Total 10, Seed 023676138f, Index 6, Delay -0.0277309417725
2017-03-28 01:29:35.111810 Node recv PS_BROADCAST 26, BS time 2017-03-28 01:29:35.140000, Total 10, Seed 023676138f, Index 6, Delay -0.0281903743744
2017-03-28 01:29:35.124174 Node recv PS_BROADCAST 27, BS time 2017-03-28 01:29:35.146000, Total 10, Seed 023676138f, Index 6, Delay -0.0218260288239
2017-03-28 01:29:35.142303 Node recv PS_BROADCAST 28, BS time 2017-03-28 01:29:35.151000, Total 10, Seed 023676138f, Index 6, Delay -0.00869727134705
2017-03-28 01:29:35.146551 Node recv PS_BROADCAST 29, BS time 2017-03-28 01:29:35.156000, Total 10, Seed 023676138f, Index 6, Delay -0.00944876670837
2017-03-28 01:29:35.159517 Node recv PS_BROADCAST 30, BS time 2017-03-28 01:29:35.162000, Total 10, Seed 023676138f, Index 6, Delay -0.00248289108276
------ Stop listen PS broadcast at 2017-03-28 01:29:35.561801 ------
------ Ready to send PS packets ------
Fire at 2017-03-28 01:29:39.908035
2017-03-28 01:29:39.909656 PS: Node 0003075786 send data 1
2017-03-28 01:29:39.914876 PS: Node 0003075786 send data 2
2017-03-28 01:29:39.920628 PS: Node 0003075786 send data 3
2017-03-28 01:29:39.926760 PS: Node 0003075786 send data 4
2017-03-28 01:29:39.932859 PS: Node 0003075786 send data 5
2017-03-28 01:29:39.938185 PS: Node 0003075786 send data 6
2017-03-28 01:29:39.944168 PS: Node 0003075786 send data 7
2017-03-28 01:29:39.950890 PS: Node 0003075786 send data 8
2017-03-28 01:29:39.956673 PS: Node 0003075786 send data 9
2017-03-28 01:29:39.962238 PS: Node 0003075786 send data 10
2017-03-28 01:29:39.967758 PS: Node 0003075786 send data 11
2017-03-28 01:29:39.973268 PS: Node 0003075786 send data 12
2017-03-28 01:29:39.978489 PS: Node 0003075786 send data 13
2017-03-28 01:29:39.983743 PS: Node 0003075786 send data 14
2017-03-28 01:29:39.989689 PS: Node 0003075786 send data 15
2017-03-28 01:29:39.996179 PS: Node 0003075786 send data 16
2017-03-28 01:29:40.001664 PS: Node 0003075786 send data 17
2017-03-28 01:29:40.006858 PS: Node 0003075786 send data 18
2017-03-28 01:29:40.012163 PS: Node 0003075786 send data 19
2017-03-28 01:29:40.018225 PS: Node 0003075786 send data 20
2017-03-28 01:29:40.024669 PS: Node 0003075786 send data 21
2017-03-28 01:29:40.030197 PS: Node 0003075786 send data 22
2017-03-28 01:29:40.035158 PS: Node 0003075786 send data 23
2017-03-28 01:29:40.040815 PS: Node 0003075786 send data 24
2017-03-28 01:29:40.046941 PS: Node 0003075786 send data 25
2017-03-28 01:29:40.052462 PS: Node 0003075786 send data 26
2017-03-28 01:29:40.058235 PS: Node 0003075786 send data 27
2017-03-28 01:29:40.063239 PS: Node 0003075786 send data 28
2017-03-28 01:29:40.068416 PS: Node 0003075786 send data 29
2017-03-28 01:29:40.073976 PS: Node 0003075786 send data 30
2017-03-28 01:29:40.074996 - thread done - 
 - duration 0.167801618576 -
------ Send PS packets end ------

------ PS cycle ends at 2017-03-28 01:29:42.008979 ------



=============================================================================================
========================================== ROUND 4 ==========================================
=============================================================================================


------ Listening ------
2017-03-28 01:29:42.356774 Node recv BEACON 2. BS time: 2017-03-28 01:29:42.518000, Avg delay: 0.0270763635635
2017-03-28 01:29:42.367676 Node recv BEACON 3. BS time: 2017-03-28 01:29:42.523000, Avg delay: 0.0062150478363
2017-03-28 01:29:42.379469 Node recv BEACON 4. BS time: 2017-03-28 01:29:42.529000, Avg delay: -0.0146438837051
2017-03-28 01:29:42.392174 Node recv BEACON 5. BS time: 2017-03-28 01:29:42.534000, Avg delay: -0.0351755857468
Adjust time... New time: 2017-03-28 01:29:42.540351
2017-03-28 01:29:42.540351 Node recv BEACON 6. BS time: 2017-03-28 01:29:42.540000, Avg delay: -0.0560333490372
Adjust time... New time: 2017-03-28 01:29:42.546222
2017-03-28 01:29:42.546222 Node recv BEACON 7. BS time: 2017-03-28 01:29:42.546000, Avg delay: -0.063140296936
Adjust time... New time: 2017-03-28 01:29:42.553059
2017-03-28 01:29:42.553059 Node recv BEACON 8. BS time: 2017-03-28 01:29:42.553000, Avg delay: -0.0708122968674
Adjust time... New time: 2017-03-28 01:29:42.558290
2017-03-28 01:29:42.558290 Node recv BEACON 9. BS time: 2017-03-28 01:29:42.558000, Avg delay: -0.0711946249008
Adjust time... New time: 2017-03-28 01:29:42.563127
2017-03-28 01:29:42.563127 Node recv BEACON 10. BS time: 2017-03-28 01:29:42.563000, Avg delay: -0.0718488931656
Adjust time... New time: 2017-03-28 01:29:42.568314
2017-03-28 01:29:42.568314 Node recv BEACON 11. BS time: 2017-03-28 01:29:42.568000, Avg delay: -0.0708813428879
Adjust time... New time: 2017-03-28 01:29:42.574341
2017-03-28 01:29:42.574341 Node recv BEACON 12. BS time: 2017-03-28 01:29:42.574000, Avg delay: -0.0551813364029
2017-03-28 01:29:42.606040 Node recv BEACON 15. BS time: 2017-03-28 01:29:42.591000, Avg delay: -0.0381448745728
2017-03-28 01:29:42.618163 Node recv BEACON 16. BS time: 2017-03-28 01:29:42.598000, Avg delay: -0.0211754798889
2017-03-28 01:29:42.631614 Node recv BEACON 17. BS time: 2017-03-28 01:29:42.604000, Avg delay: -0.00423147678375
2017-03-28 01:29:42.640875 Node recv BEACON 18. BS time: 2017-03-28 01:29:42.609000, Avg delay: 0.0125781536102
2017-03-28 01:29:42.652187 Node recv BEACON 19. BS time: 2017-03-28 01:29:42.615000, Avg delay: 0.0155853748322
2017-03-28 01:29:42.666382 Node recv BEACON 20. BS time: 2017-03-28 01:29:42.621000, Avg delay: 0.0196121931076
2017-03-28 01:29:42.675535 Node recv BEACON 21. BS time: 2017-03-28 01:29:42.628000, Avg delay: 0.0242680549622
2017-03-28 01:29:42.687159 Node recv BEACON 22. BS time: 2017-03-28 01:29:42.633000, Avg delay: 0.0290453195572
2017-03-28 01:29:42.700517 Node recv BEACON 23. BS time: 2017-03-28 01:29:42.638000, Avg delay: 0.0337246894836
2017-03-28 01:29:42.709779 Node recv BEACON 24. BS time: 2017-03-28 01:29:42.645000, Avg delay: 0.0406252145767
2017-03-28 01:29:42.721690 Node recv BEACON 25. BS time: 2017-03-28 01:29:42.650000, Avg delay: 0.046290230751
Adjust time... New time: 2017-03-28 01:29:42.657101
2017-03-28 01:29:42.657101 Node recv BEACON 26. BS time: 2017-03-28 01:29:42.657000, Avg delay: 0.0521073818207
2017-03-28 01:29:42.665584 Node recv BEACON 27. BS time: 2017-03-28 01:29:42.663000, Avg delay: 0.0496044158936
2017-03-28 01:29:42.676443 Node recv BEACON 28. BS time: 2017-03-28 01:29:42.668000, Avg delay: 0.0472612380981
2017-03-28 01:29:42.689104 Node recv BEACON 29. BS time: 2017-03-28 01:29:42.675000, Avg delay: 0.0449529647827
2017-03-28 01:29:42.699428 Node recv BEACON 30. BS time: 2017-03-28 01:29:42.680000, Avg delay: 0.0423575639725
2017-03-28 01:29:42.759777 Node recv BEACON 3. BS time: 2017-03-28 01:29:42.896000, Avg delay: 0.0239817857742
2017-03-28 01:29:42.772130 Node recv BEACON 4. BS time: 2017-03-28 01:29:42.903000, Avg delay: 0.00547881126404
2017-03-28 01:29:42.783356 Node recv BEACON 5. BS time: 2017-03-28 01:29:42.908000, Avg delay: -0.0132373094559
2017-03-28 01:29:42.795006 Node recv BEACON 6. BS time: 2017-03-28 01:29:42.913000, Avg delay: -0.0315146923065
2017-03-28 01:29:42.806351 Node recv BEACON 7. BS time: 2017-03-28 01:29:42.919000, Avg delay: -0.0499486446381
Adjust time... New time: 2017-03-28 01:29:42.925135
2017-03-28 01:29:42.925135 Node recv BEACON 8. BS time: 2017-03-28 01:29:42.925000, Avg delay: -0.0683909654617
Adjust time... New time: 2017-03-28 01:29:42.930259
2017-03-28 01:29:42.930259 Node recv BEACON 9. BS time: 2017-03-28 01:29:42.930000, Avg delay: -0.0681483983994
Adjust time... New time: 2017-03-28 01:29:42.936247
2017-03-28 01:29:42.936247 Node recv BEACON 10. BS time: 2017-03-28 01:29:42.936000, Avg delay: -0.068525147438
Adjust time... New time: 2017-03-28 01:29:42.946245
2017-03-28 01:29:42.946245 Node recv BEACON 12. BS time: 2017-03-28 01:29:42.946000, Avg delay: -0.0686721086502
Adjust time... New time: 2017-03-28 01:29:42.952431
2017-03-28 01:29:42.952431 Node recv BEACON 13. BS time: 2017-03-28 01:29:42.952000, Avg delay: -0.0704377174377
Adjust time... New time: 2017-03-28 01:29:42.957133
2017-03-28 01:29:42.957133 Node recv BEACON 14. BS time: 2017-03-28 01:29:42.957000, Avg delay: -0.0560152053833
2017-03-28 01:29:42.966642 Node recv BEACON 15. BS time: 2017-03-28 01:29:42.963000, Avg delay: -0.0425639390945
2017-03-28 01:29:42.977159 Node recv BEACON 16. BS time: 2017-03-28 01:29:42.968000, Avg delay: -0.0291836977005
2017-03-28 01:29:42.994014 Node recv BEACON 17. BS time: 2017-03-28 01:29:42.973000, Avg delay: -0.015282869339
2017-03-28 01:29:42.998472 Node recv BEACON 18. BS time: 2017-03-28 01:29:42.979000, Avg delay: -0.00207076072693
2017-03-28 01:29:43.010715 Node recv BEACON 19. BS time: 2017-03-28 01:29:42.984000, Avg delay: 0.0112096071243
2017-03-28 01:29:43.022757 Node recv BEACON 20. BS time: 2017-03-28 01:29:42.990000, Avg delay: 0.0139842748642
2017-03-28 01:29:43.033679 Node recv BEACON 21. BS time: 2017-03-28 01:29:42.995000, Avg delay: 0.0173846483231
2017-03-28 01:29:43.045024 Node recv BEACON 22. BS time: 2017-03-28 01:29:43.001000, Avg delay: 0.0205235958099
2017-03-28 01:29:43.056296 Node recv BEACON 23. BS time: 2017-03-28 01:29:43.006000, Avg delay: 0.0253759860992
2017-03-28 01:29:43.069933 Node recv BEACON 24. BS time: 2017-03-28 01:29:43.012000, Avg delay: 0.0303690433502
2017-03-28 01:29:43.079062 Node recv BEACON 25. BS time: 2017-03-28 01:29:43.018000, Avg delay: 0.0361109733582
2017-03-28 01:29:43.092566 Node recv BEACON 26. BS time: 2017-03-28 01:29:43.024000, Avg delay: 0.0420516729355
2017-03-28 01:29:43.107613 Node recv BEACON 27. BS time: 2017-03-28 01:29:43.029000, Avg delay: 0.047811627388
Adjust time... New time: 2017-03-28 01:29:43.035263
2017-03-28 01:29:43.035263 Node recv BEACON 28. BS time: 2017-03-28 01:29:43.035000, Avg delay: 0.0538087129593
Adjust time... New time: 2017-03-28 01:29:43.040467
2017-03-28 01:29:43.040467 Node recv BEACON 29. BS time: 2017-03-28 01:29:43.040000, Avg delay: 0.051754617691
2017-03-28 01:29:43.050403 Node recv BEACON 30. BS time: 2017-03-28 01:29:43.045000, Avg delay: 0.0490192890167
------ Stop listen at 2017-03-28 01:29:43.250609 ------
------ Listening PS broadcast ------
2017-03-28 01:29:43.826510 Node recv PS_BROADCAST 1, BS time 2017-03-28 01:29:44.001000, Total 10, Seed 3095ab8b21, Index 8, Delay -0.174489974976
2017-03-28 01:29:43.834534 Node recv PS_BROADCAST 2, BS time 2017-03-28 01:29:44.006000, Total 10, Seed 3095ab8b21, Index 8, Delay -0.171466112137
2017-03-28 01:29:43.846495 Node recv PS_BROADCAST 3, BS time 2017-03-28 01:29:44.012000, Total 10, Seed 3095ab8b21, Index 8, Delay -0.165505409241
2017-03-28 01:29:43.859459 Node recv PS_BROADCAST 4, BS time 2017-03-28 01:29:44.017000, Total 10, Seed 3095ab8b21, Index 8, Delay -0.157541275024
2017-03-28 01:29:43.869009 Node recv PS_BROADCAST 5, BS time 2017-03-28 01:29:44.022000, Total 10, Seed 3095ab8b21, Index 8, Delay -0.152991533279
2017-03-28 01:29:43.892250 Node recv PS_BROADCAST 7, BS time 2017-03-28 01:29:44.034000, Total 10, Seed 3095ab8b21, Index 8, Delay -0.141750097275
2017-03-28 01:29:43.904047 Node recv PS_BROADCAST 8, BS time 2017-03-28 01:29:44.040000, Total 10, Seed 3095ab8b21, Index 8, Delay -0.135952949524
2017-03-28 01:29:43.915206 Node recv PS_BROADCAST 9, BS time 2017-03-28 01:29:44.046000, Total 10, Seed 3095ab8b21, Index 8, Delay -0.130794048309
2017-03-28 01:29:43.927239 Node recv PS_BROADCAST 10, BS time 2017-03-28 01:29:44.052000, Total 10, Seed 3095ab8b21, Index 8, Delay -0.124760866165
2017-03-28 01:29:43.938406 Node recv PS_BROADCAST 11, BS time 2017-03-28 01:29:44.057000, Total 10, Seed 3095ab8b21, Index 8, Delay -0.118594169617
2017-03-28 01:29:43.952159 Node recv PS_BROADCAST 12, BS time 2017-03-28 01:29:44.063000, Total 10, Seed 3095ab8b21, Index 8, Delay -0.110841035843
2017-03-28 01:29:43.961642 Node recv PS_BROADCAST 13, BS time 2017-03-28 01:29:44.068000, Total 10, Seed 3095ab8b21, Index 8, Delay -0.106357812881
2017-03-28 01:29:43.974641 Node recv PS_BROADCAST 14, BS time 2017-03-28 01:29:44.074000, Total 10, Seed 3095ab8b21, Index 8, Delay -0.0993592739105
2017-03-28 01:29:43.984569 Node recv PS_BROADCAST 15, BS time 2017-03-28 01:29:44.079000, Total 10, Seed 3095ab8b21, Index 8, Delay -0.0944309234619
2017-03-28 01:29:43.996175 Node recv PS_BROADCAST 16, BS time 2017-03-28 01:29:44.085000, Total 10, Seed 3095ab8b21, Index 8, Delay -0.0888249874115
2017-03-28 01:29:44.008015 Node recv PS_BROADCAST 17, BS time 2017-03-28 01:29:44.091000, Total 10, Seed 3095ab8b21, Index 8, Delay -0.0829846858978
2017-03-28 01:29:44.020469 Node recv PS_BROADCAST 18, BS time 2017-03-28 01:29:44.097000, Total 10, Seed 3095ab8b21, Index 8, Delay -0.0765306949615
2017-03-28 01:29:44.034296 Node recv PS_BROADCAST 19, BS time 2017-03-28 01:29:44.102000, Total 10, Seed 3095ab8b21, Index 8, Delay -0.0677044391632
2017-03-28 01:29:44.042344 Node recv PS_BROADCAST 20, BS time 2017-03-28 01:29:44.108000, Total 10, Seed 3095ab8b21, Index 8, Delay -0.0656559467316
2017-03-28 01:29:44.053692 Node recv PS_BROADCAST 21, BS time 2017-03-28 01:29:44.114000, Total 10, Seed 3095ab8b21, Index 8, Delay -0.0603077411652
2017-03-28 01:29:44.071717 Node recv PS_BROADCAST 22, BS time 2017-03-28 01:29:44.119000, Total 10, Seed 3095ab8b21, Index 8, Delay -0.0472829341888
2017-03-28 01:29:44.077491 Node recv PS_BROADCAST 23, BS time 2017-03-28 01:29:44.125000, Total 10, Seed 3095ab8b21, Index 8, Delay -0.0475087165833
2017-03-28 01:29:44.088464 Node recv PS_BROADCAST 24, BS time 2017-03-28 01:29:44.131000, Total 10, Seed 3095ab8b2!, Index 4, Delay -0.0425364971161
2017-03-28 01:29:44.099594 Node recv PS_BROADCAST 25, BS time 2017-03-28 01:29:44.136000, Total 10, Seed 3095ab8b21, Index 8, Delay -0.0364062786102
2017-03-28 01:29:44.114250 Node recv PS_BROADCAST 26, BS time 2017-03-28 01:29:44.141000, Total 10, Seed 3095ab8b21, Index 8, Delay -0.0267503261566
2017-03-28 01:29:44.122710 Node recv PS_BROADCAST 27, BS time 2017-03-28 01:29:44.147000, Total 10, Seed 3095ab8b21, Index 8, Delay -0.0242896080017
2017-03-28 01:29:44.135814 Node recv PS_BROADCAST 28, BS time 2017-03-28 01:29:44.153000, Total 10, Seed 3095ab8b21, Index 8, Delay -0.017186164856
2017-03-28 01:29:44.146018 Node recv PS_BROADCAST 29, BS time 2017-03-28 01:29:44.158000, Total 10, Seed 3095ab8b21, Index 8, Delay -0.0119824409485
2017-03-28 01:29:44.157611 Node recv PS_BROADCAST 30, BS time 2017-03-28 01:29:44.164000, Total 10, Seed 3095ab8b21, Index 8, Delay -0.00638890266418
------ Stop listen PS broadcast at 2017-03-28 01:29:44.567378 ------
------ Ready to send PS packets ------
Fire at 2017-03-28 01:29:49.908050
2017-03-28 01:29:49.909713 PS: Node 0003075786 send data 1
2017-03-28 01:29:49.915261 PS: Node 0003075786 send data 2
2017-03-28 01:29:49.920510 PS: Node 0003075786 send data 3
2017-03-28 01:29:49.926740 PS: Node 0003075786 send data 4
2017-03-28 01:29:49.931681 PS: Node 0003075786 send data 5
2017-03-28 01:29:49.937229 PS: Node 0003075786 send data 6
2017-03-28 01:29:49.943150 PS: Node 0003075786 send data 7
2017-03-28 01:29:49.948342 PS: Node 0003075786 send data 8
2017-03-28 01:29:49.954689 PS: Node 0003075786 send data 9
2017-03-28 01:29:49.960862 PS: Node 0003075786 send data 10
2017-03-28 01:29:49.966394 PS: Node 0003075786 send data 11
2017-03-28 01:29:49.972143 PS: Node 0003075786 send data 12
2017-03-28 01:29:49.977371 PS: Node 0003075786 send data 13
2017-03-28 01:29:49.983964 PS: Node 0003075786 send data 14
2017-03-28 01:29:49.990700 PS: Node 0003075786 send data 15
2017-03-28 01:29:49.996585 PS: Node 0003075786 send data 16
2017-03-28 01:29:50.002661 PS: Node 0003075786 send data 17
2017-03-28 01:29:50.007890 PS: Node 0003075786 send data 18
2017-03-28 01:29:50.013707 PS: Node 0003075786 send data 19
2017-03-28 01:29:50.019726 PS: Node 0003075786 send data 20
2017-03-28 01:29:50.024662 PS: Node 0003075786 send data 21
2017-03-28 01:29:50.032150 PS: Node 0003075786 send data 22
2017-03-28 01:29:50.037715 PS: Node 0003075786 send data 23
2017-03-28 01:29:50.042938 PS: Node 0003075786 send data 24
2017-03-28 01:29:50.048596 PS: Node 0003075786 send data 25
2017-03-28 01:29:50.054590 PS: Node 0003075786 send data 26
2017-03-28 01:29:50.059829 PS: Node 0003075786 send data 27
2017-03-28 01:29:50.065346 PS: Node 0003075786 send data 28
2017-03-28 01:29:50.071115 PS: Node 0003075786 send data 29
2017-03-28 01:29:50.076868 PS: Node 0003075786 send data 30
2017-03-28 01:29:50.079267 - thread done - 
 - duration 0.170770645142 -
------ Send PS packets end ------

------ PS cycle ends at 2017-03-28 01:29:51.009071 ------



=============================================================================================
========================================== ROUND 5 ==========================================
=============================================================================================


------ Listening ------
2017-03-28 01:29:51.354848 Node recv BEACON 2. BS time: 2017-03-28 01:29:51.516000, Avg delay: 0.0290361166
2017-03-28 01:29:51.364876 Node recv BEACON 3. BS time: 2017-03-28 01:29:51.521000, Avg delay: 0.00902132987976
2017-03-28 01:29:51.376650 Node recv BEACON 4. BS time: 2017-03-28 01:29:51.527000, Avg delay: -0.0110432624817
2017-03-28 01:29:51.387819 Node recv BEACON 5. BS time: 2017-03-28 01:29:51.532000, Avg delay: -0.0312546491623
Adjust time... New time: 2017-03-28 01:29:51.538336
2017-03-28 01:29:51.538336 Node recv BEACON 6. BS time: 2017-03-28 01:29:51.538000, Avg delay: -0.051142168045
Adjust time... New time: 2017-03-28 01:29:51.544168
2017-03-28 01:29:51.544168 Node recv BEACON 7. BS time: 2017-03-28 01:29:51.544000, Avg delay: -0.0574183225632
Adjust time... New time: 2017-03-28 01:29:51.550441
2017-03-28 01:29:51.550441 Node recv BEACON 8. BS time: 2017-03-28 01:29:51.550000, Avg delay: -0.0654057264328
Adjust time... New time: 2017-03-28 01:29:51.555057
2017-03-28 01:29:51.555057 Node recv BEACON 9. BS time: 2017-03-28 01:29:51.555000, Avg delay: -0.0728106737137
Adjust time... New time: 2017-03-28 01:29:51.561313
2017-03-28 01:29:51.561313 Node recv BEACON 10. BS time: 2017-03-28 01:29:51.561000, Avg delay: -0.0728084564209
Adjust time... New time: 2017-03-28 01:29:51.566418
2017-03-28 01:29:51.566418 Node recv BEACON 11. BS time: 2017-03-28 01:29:51.566000, Avg delay: -0.0730889558792
Adjust time... New time: 2017-03-28 01:29:51.572256
2017-03-28 01:29:51.572256 Node recv BEACON 12. BS time: 2017-03-28 01:29:51.572000, Avg delay: -0.0564154624939
2017-03-28 01:29:51.580587 Node recv BEACON 13. BS time: 2017-03-28 01:29:51.577000, Avg delay: -0.0404443264008
2017-03-28 01:29:51.591892 Node recv BEACON 14. BS time: 2017-03-28 01:29:51.583000, Avg delay: -0.0245200872421
2017-03-28 01:29:51.603574 Node recv BEACON 15. BS time: 2017-03-28 01:29:51.589000, Avg delay: -0.00864458084106
2017-03-28 01:29:51.614926 Node recv BEACON 16. BS time: 2017-03-28 01:29:51.595000, Avg delay: 0.0071293592453
2017-03-28 01:29:51.632045 Node recv BEACON 17. BS time: 2017-03-28 01:29:51.600000, Avg delay: 0.00975346565247
2017-03-28 01:29:51.637099 Node recv BEACON 18. BS time: 2017-03-28 01:29:51.606000, Avg delay: 0.0129894256592
2017-03-28 01:29:51.650889 Node recv BEACON 19. BS time: 2017-03-28 01:29:51.612000, Avg delay: 0.0163389921188
2017-03-28 01:29:51.668020 Node recv BEACON 20. BS time: 2017-03-28 01:29:51.618000, Avg delay: 0.0207213401794
2017-03-28 01:29:51.671502 Node recv BEACON 21. BS time: 2017-03-28 01:29:51.623000, Avg delay: 0.025311756134
2017-03-28 01:29:51.683375 Node recv BEACON 22. BS time: 2017-03-28 01:29:51.629000, Avg delay: 0.0301910161972
2017-03-28 01:29:51.698805 Node recv BEACON 23. BS time: 2017-03-28 01:29:51.634000, Avg delay: 0.0363127708435
2017-03-28 01:29:51.706630 Node recv BEACON 24. BS time: 2017-03-28 01:29:51.639000, Avg delay: 0.0421865463257
2017-03-28 01:29:51.718361 Node recv BEACON 25. BS time: 2017-03-28 01:29:51.645000, Avg delay: 0.0480652809143
Adjust time... New time: 2017-03-28 01:29:51.651241
2017-03-28 01:29:51.651241 Node recv BEACON 26. BS time: 2017-03-28 01:29:51.651000, Avg delay: 0.0539036273956
Adjust time... New time: 2017-03-28 01:29:51.657298
2017-03-28 01:29:51.657298 Node recv BEACON 27. BS time: 2017-03-28 01:29:51.657000, Avg delay: 0.0513170719147
2017-03-28 01:29:51.665066 Node recv BEACON 28. BS time: 2017-03-28 01:29:51.662000, Avg delay: 0.0485138177872
2017-03-28 01:29:51.676688 Node recv BEACON 29. BS time: 2017-03-28 01:29:51.667000, Avg delay: 0.0455937147141
2017-03-28 01:29:51.690824 Node recv BEACON 30. BS time: 2017-03-28 01:29:51.672000, Avg delay: 0.0424741506577
2017-03-28 01:29:51.736583 Node recv BEACON 2. BS time: 2017-03-28 01:29:51.884000, Avg delay: 0.0228822469711
2017-03-28 01:29:51.744657 Node recv BEACON 3. BS time: 2017-03-28 01:29:51.889000, Avg delay: 0.00301041603088
2017-03-28 01:29:51.756891 Node recv BEACON 4. BS time: 2017-03-28 01:29:51.895000, Avg delay: -0.0172810077667
2017-03-28 01:29:51.767793 Node recv BEACON 5. BS time: 2017-03-28 01:29:51.900000, Avg delay: -0.0372647285461
Adjust time... New time: 2017-03-28 01:29:51.906301
2017-03-28 01:29:51.906301 Node recv BEACON 6. BS time: 2017-03-28 01:29:51.906000, Avg delay: -0.0572868347168
Adjust time... New time: 2017-03-28 01:29:51.911230
2017-03-28 01:29:51.911230 Node recv BEACON 7. BS time: 2017-03-28 01:29:51.911000, Avg delay: -0.0645374774933
Adjust time... New time: 2017-03-28 01:29:51.917436
2017-03-28 01:29:51.917436 Node recv BEACON 8. BS time: 2017-03-28 01:29:51.917000, Avg delay: -0.0644864082336
Adjust time... New time: 2017-03-28 01:29:51.923068
2017-03-28 01:29:51.923068 Node recv BEACON 9. BS time: 2017-03-28 01:29:51.923000, Avg delay: -0.0641811847687
Adjust time... New time: 2017-03-28 01:29:51.929049
2017-03-28 01:29:51.929049 Node recv BEACON 10. BS time: 2017-03-28 01:29:51.929000, Avg delay: -0.065035033226
Adjust time... New time: 2017-03-28 01:29:51.934218
2017-03-28 01:29:51.934218 Node recv BEACON 11. BS time: 2017-03-28 01:29:51.934000, Avg delay: -0.0663240909576
Adjust time... New time: 2017-03-28 01:29:51.940841
2017-03-28 01:29:51.940841 Node recv BEACON 12. BS time: 2017-03-28 01:29:51.940000, Avg delay: -0.0510866165161
2017-03-28 01:29:51.949755 Node recv BEACON 13. BS time: 2017-03-28 01:29:51.945000, Avg delay: -0.0361768484116
2017-03-28 01:29:51.959574 Node recv BEACON 14. BS time: 2017-03-28 01:29:51.950000, Avg delay: -0.0214085102081
2017-03-28 01:29:51.971315 Node recv BEACON 15. BS time: 2017-03-28 01:29:51.956000, Avg delay: -0.00665636062622
2017-03-28 01:29:51.982078 Node recv BEACON 16. BS time: 2017-03-28 01:29:51.962000, Avg delay: 0.00803744792938
2017-03-28 01:29:51.994198 Node recv BEACON 17. BS time: 2017-03-28 01:29:51.967000, Avg delay: 0.0101769685745
2017-03-28 01:29:52.007381 Node recv BEACON 18. BS time: 2017-03-28 01:29:51.973000, Avg delay: 0.0129460334778
2017-03-28 01:29:52.017286 Node recv BEACON 19. BS time: 2017-03-28 01:29:51.979000, Avg delay: 0.0161627292633
2017-03-28 01:29:52.034376 Node recv BEACON 20. BS time: 2017-03-28 01:29:51.984000, Avg delay: 0.0210854291916
2017-03-28 01:29:52.039832 Node recv BEACON 21. BS time: 2017-03-28 01:29:51.990000, Avg delay: 0.0254753351212
2017-03-28 01:29:52.051497 Node recv BEACON 22. BS time: 2017-03-28 01:29:51.997000, Avg delay: 0.0304292440414
2017-03-28 01:29:52.067209 Node recv BEACON 23. BS time: 2017-03-28 01:29:52.002000, Avg delay: 0.036474609375
2017-03-28 01:29:52.074723 Node recv BEACON 24. BS time: 2017-03-28 01:29:52.008000, Avg delay: 0.0421895027161
2017-03-28 01:29:52.085910 Node recv BEACON 25. BS time: 2017-03-28 01:29:52.014000, Avg delay: 0.0478490352631
Adjust time... New time: 2017-03-28 01:29:52.020092
2017-03-28 01:29:52.020092 Node recv BEACON 26. BS time: 2017-03-28 01:29:52.020000, Avg delay: 0.0541290998459
Adjust time... New time: 2017-03-28 01:29:52.025404
2017-03-28 01:29:52.025404 Node recv BEACON 27. BS time: 2017-03-28 01:29:52.025000, Avg delay: 0.0513522148132
2017-03-28 01:29:52.047175 Node recv BEACON 28. BS time: 2017-03-28 01:29:52.030000, Avg delay: 0.0496316194534
2017-03-28 01:29:52.052352 Node recv BEACON 29. BS time: 2017-03-28 01:29:52.036000, Avg delay: 0.0474383115768
2017-03-28 01:29:52.064857 Node recv BEACON 30. BS time: 2017-03-28 01:29:52.041000, Avg delay: 0.0447863578796
------ Stop listen at 2017-03-28 01:29:52.260017 ------
------ Listening PS broadcast ------
2017-03-28 01:29:52.839019 Node recv PS_BROADCAST 1, BS time 2017-03-28 01:29:53.001000, Total 10, Seed 23bcb32857, Index 1, Delay -0.161980867386
2017-03-28 01:29:52.850927 Node recv PS_BROADCAST 2, BS time 2017-03-28 01:29:53.007000, Total 10, Seed 23bcb32857, Index 1, Delay -0.156073093414
2017-03-28 01:29:52.861966 Node recv PS_BROADCAST 3, BS time 2017-03-28 01:29:53.013000, Total 10, Seed 23bcb32857, Index 1, Delay -0.151033878326
2017-03-28 01:29:52.873585 Node recv PS_BROADCAST 4, BS time 2017-03-28 01:29:53.018000, Total 10, Seed 23bcb32857, Index 1, Delay -0.144415140152
2017-03-28 01:29:52.885579 Node recv PS_BROADCAST 5, BS time 2017-03-28 01:29:53.023000, Total 10, Seed 23bcb32857, Index 1, Delay -0.137420654297
2017-03-28 01:29:52.896475 Node recv PS_BROADCAST 6, BS time 2017-03-28 01:29:53.029000, Total 10, Seed 23bcb32857, Index 1, Delay -0.132524967194
2017-03-28 01:29:52.908793 Node recv PS_BROADCAST 7, BS time 2017-03-28 01:29:53.035000, Total 10, Seed 23bcb32857, Index 1, Delay -0.126207351685
2017-03-28 01:29:52.920031 Node recv PS_BROADCAST 8, BS time 2017-03-28 01:29:53.041000, Total 10, Seed 23bcb33857, Index 6, Delay -0.120969295502
2017-03-28 01:29:52.932724 Node recv PS_BROADCAST 9, BS time 2017-03-28 01:29:53.047000, Total 10, Seed 23bcb32857, Index 1, Delay -0.114275693893
2017-03-28 01:29:52.942526 Node recv PS_BROADCAST 10, BS time 2017-03-28 01:29:53.052000, Total 10, Seed 23bcb32857, Index 1, Delay -0.10947394371
2017-03-28 01:29:52.954342 Node recv PS_BROADCAST 11, BS time 2017-03-28 01:29:53.058000, Total 10, Seed 23bcb32857, Index 1, Delay -0.10365819931
2017-03-28 01:29:52.965741 Node recv PS_BROADCAST 12, BS time 2017-03-28 01:29:53.063000, Total 10, Seed 23bcb32857, Index 1, Delay -0.0972588062286
2017-03-28 01:29:52.979501 Node recv PS_BROADCAST 13, BS time 2017-03-28 01:29:53.069000, Total 10, Seed 23bcb32857, Index 1, Delay -0.0894985198975
2017-03-28 01:29:52.990065 Node recv PS_BROADCAST 14, BS time 2017-03-28 01:29:53.075000, Total 10, Seed 23bcb35857, Index 8, Delay -0.0849349498749
2017-03-28 01:29:53.000454 Node recv PS_BROADCAST 15, BS time 2017-03-28 01:29:53.080000, Total 10, Seed 23bcb32857, Index 1, Delay -0.0795457363129
2017-03-28 01:29:53.012682 Node recv PS_BROADCAST 16, BS time 2017-03-28 01:29:53.086000, Total 10, Seed 23bcb32857, Index 1, Delay -0.0733177661896
2017-03-28 01:29:53.026387 Node recv PS_BROADCAST 17, BS time 2017-03-28 01:29:53.091000, Total 10, Seed 23bcb32857, Index 1, Delay -0.0646131038666
2017-03-28 01:29:53.035463 Node recv PS_BROADCAST 18, BS time 2017-03-28 01:29:53.097000, Total 10, Seed 23bcb32857, Index 1, Delay -0.0615372657776
2017-03-28 01:29:53.048157 Node recv PS_BROADCAST 19, BS time 2017-03-28 01:29:53.103000, Total 10, Seed 23bcb32857, Index 1, Delay -0.054842710495
2017-03-28 01:29:53.061606 Node recv PS_BROADCAST 20, BS time 2017-03-28 01:29:53.109000, Total 10, Seed 23bcb32857, Index 1, Delay -0.0473937988281
2017-03-28 01:29:53.069461 Node recv PS_BROADCAST 21, BS time 2017-03-28 01:29:53.115000, Total 10, Seed 23bcb32857, Index 1, Delay -0.0455393791199
2017-03-28 01:29:53.081042 Node recv PS_BROADCAST 22, BS time 2017-03-28 01:29:53.122000, Total 10, Seed 23bcb32857, Index 1, Delay -0.0409581661224
2017-03-28 01:29:53.095281 Node recv PS_BROADCAST 23, BS time 2017-03-28 01:29:53.127000, Total 10, Seed 23bcb32857, Index 1, Delay -0.0317192077637
2017-03-28 01:29:53.104733 Node recv PS_BROADCAST 24, BS time 2017-03-28 01:29:53.133000, Total 10, Seed 23bcb32857, Index 1, Delay -0.0282669067383
2017-03-28 01:29:53.116261 Node recv PS_BROADCAST 25, BS time 2017-03-28 01:29:53.139000, Total 10, Seed 23bcb32857, Index 1, Delay -0.0227384567261
2017-03-28 01:29:53.128828 Node recv PS_BROADCAST 26, BS time 2017-03-28 01:29:53.144000, Total 10, Seed 23bcb32857, Index 1, Delay -0.0151722431183
2017-03-28 01:29:53.138852 Node recv PS_BROADCAST 27, BS time 2017-03-28 01:29:53.151000, Total 10, Seed 23bcb32857, Index 1, Delay -0.0121476650238
2017-03-28 01:29:53.152457 Node recv PS_BROADCAST 28, BS time 2017-03-28 01:29:53.156000, Total 10, Seed 23bcb32857, Index 1, Delay -0.00354337692261
2017-03-28 01:29:53.162626 Node recv PS_BROADCAST 29, BS time 2017-03-28 01:29:53.162000, Total 10, Seed 23bcb32857, Index 1, Delay 0.000625610351562
2017-03-28 01:29:53.173456 Node recv PS_BROADCAST 30, BS time 2017-03-28 01:29:53.168000, Total 10, Seed 23bcb32857, Index 1, Delay 0.00545620918274
------ Stop listen PS broadcast at 2017-03-28 01:29:53.581492 ------
------ Ready to send PS packets ------
Fire at 2017-03-28 01:29:55.408072
2017-03-28 01:29:55.409640 PS: Node 0003075786 send data 1
2017-03-28 01:29:55.415249 PS: Node 0003075786 send data 2
2017-03-28 01:29:55.420816 PS: Node 0003075786 send data 3
2017-03-28 01:29:55.426173 PS: Node 0003075786 send data 4
2017-03-28 01:29:55.431358 PS: Node 0003075786 send data 5
2017-03-28 01:29:55.436575 PS: Node 0003075786 send data 6
2017-03-28 01:29:55.443248 PS: Node 0003075786 send data 7
2017-03-28 01:29:55.448815 PS: Node 0003075786 send data 8
2017-03-28 01:29:55.454522 PS: Node 0003075786 send data 9
2017-03-28 01:29:55.460866 PS: Node 0003075786 send data 10
2017-03-28 01:29:55.466028 PS: Node 0003075786 send data 11
2017-03-28 01:29:55.471572 PS: Node 0003075786 send data 12
2017-03-28 01:29:55.477103 PS: Node 0003075786 send data 13
2017-03-28 01:29:55.484183 PS: Node 0003075786 send data 14
2017-03-28 01:29:55.489716 PS: Node 0003075786 send data 15
2017-03-28 01:29:55.496669 PS: Node 0003075786 send data 16
2017-03-28 01:29:55.501563 PS: Node 0003075786 send data 17
2017-03-28 01:29:55.507365 PS: Node 0003075786 send data 18
2017-03-28 01:29:55.513159 PS: Node 0003075786 send data 19
2017-03-28 01:29:55.518929 PS: Node 0003075786 send data 20
2017-03-28 01:29:55.525220 PS: Node 0003075786 send data 21
2017-03-28 01:29:55.530254 PS: Node 0003075786 send data 22
2017-03-28 01:29:55.536003 PS: Node 0003075786 send data 23
2017-03-28 01:29:55.541944 PS: Node 0003075786 send data 24
2017-03-28 01:29:55.548155 PS: Node 0003075786 send data 25
2017-03-28 01:29:55.554600 PS: Node 0003075786 send data 26
2017-03-28 01:29:55.561399 PS: Node 0003075786 send data 27
2017-03-28 01:29:55.566958 PS: Node 0003075786 send data 28
2017-03-28 01:29:55.572200 PS: Node 0003075786 send data 29
2017-03-28 01:29:55.577703 PS: Node 0003075786 send data 30
2017-03-28 01:29:55.580003 - thread done - 
 - duration 0.171496391296 -
------ Send PS packets end ------

------ PS cycle ends at 2017-03-28 01:30:00.009059 ------



=============================================================================================
========================================= TEST END ==========================================
=============================================================================================


