----------------------------------------------------------
Input options: 
{'verbose': True, 'discontinuous': False, 'bandwidth': 1000000.0, 'megabytes': 1.0, 'size': 400, 'log': False, 'antenna': 'TX/RX', 'lo_offset': 0, 'scheme': 'VFS', 'spec': None, 'tx_gain': 20.0, 'tx_amplitude': 0.1, 'modulation': 'bpsk', 'args': 'serial=30757AF', 'snr': 30.0, 'occupied_tones': 200, 'freq': None, 'logfile': '30757AF_vfs.log', 'rx_freq': 2490000000.0, 'rx_gain': 30.0, 'from_file': None, 'to_file': None, 'tx_freq': 2490000000.0, 'clock_source': None, 'cp_length': 128, 'fft_length': 512}
----------------------------------------------------------


NODE ID: 00030757AF

Clock Rate: 100.0 MHz

####### Test Protocol: VFS #######

2017-03-28 01:01:29.577855 Adjust to PC time: 2017-03-28 01:01:29.577614



=============================================================================================
========================================== ROUND 1 ==========================================
=============================================================================================


------ Listening ------
Adjust time... New time: 2017-03-28 01:01:31.179361
2017-03-28 01:01:31.179361 Node recv BEACON 2. BS time: 2017-03-28 01:01:31.179000, Avg delay: 0.143046379089
Adjust time... New time: 2017-03-28 01:01:31.184219
2017-03-28 01:01:31.184219 Node recv BEACON 3. BS time: 2017-03-28 01:01:31.184000, Avg delay: 0.074512720108
Adjust time... New time: 2017-03-28 01:01:31.190276
2017-03-28 01:01:31.190276 Node recv BEACON 4. BS time: 2017-03-28 01:01:31.190000, Avg delay: 0.0513257185618
2017-03-28 01:01:31.201551 Node recv BEACON 5. BS time: 2017-03-28 01:01:31.195000, Avg delay: 0.0401321053505
2017-03-28 01:01:31.214637 Node recv BEACON 6. BS time: 2017-03-28 01:01:31.201000, Avg delay: 0.0348330974579
2017-03-28 01:01:31.225345 Node recv BEACON 7. BS time: 2017-03-28 01:01:31.206000, Avg delay: 0.0322517553965
2017-03-28 01:01:31.234780 Node recv BEACON 8. BS time: 2017-03-28 01:01:31.212000, Avg delay: 0.0308986050742
2017-03-28 01:01:31.246884 Node recv BEACON 9. BS time: 2017-03-28 01:01:31.217000, Avg delay: 0.0307718217373
2017-03-28 01:01:31.260841 Node recv BEACON 10. BS time: 2017-03-28 01:01:31.223000, Avg delay: 0.0315572950575
2017-03-28 01:01:31.272341 Node recv BEACON 11. BS time: 2017-03-28 01:01:31.228000, Avg delay: 0.0328357219696
2017-03-28 01:01:31.281132 Node recv BEACON 12. BS time: 2017-03-28 01:01:31.234000, Avg delay: 0.0232443094254
2017-03-28 01:01:31.293192 Node recv BEACON 13. BS time: 2017-03-28 01:01:31.240000, Avg delay: 0.0279656410217
2017-03-28 01:01:31.303861 Node recv BEACON 14. BS time: 2017-03-28 01:01:31.245000, Avg delay: 0.0333565473557
2017-03-28 01:01:31.333267 Node recv BEACON 16. BS time: 2017-03-28 01:01:31.256000, Avg delay: 0.0404281377792
2017-03-28 01:01:31.338366 Node recv BEACON 17. BS time: 2017-03-28 01:01:31.263000, Avg delay: 0.0466010570526
Adjust time... New time: 2017-03-28 01:01:31.268259
2017-03-28 01:01:31.268259 Node recv BEACON 18. BS time: 2017-03-28 01:01:31.268000, Avg delay: 0.0529223203659
Adjust time... New time: 2017-03-28 01:01:31.273057
2017-03-28 01:01:31.273057 Node recv BEACON 19. BS time: 2017-03-28 01:01:31.273000, Avg delay: 0.0507251024246
2017-03-28 01:01:31.284526 Node recv BEACON 20. BS time: 2017-03-28 01:01:31.278000, Avg delay: 0.0483892202377
2017-03-28 01:01:31.295530 Node recv BEACON 21. BS time: 2017-03-28 01:01:31.284000, Avg delay: 0.0457580804825
2017-03-28 01:01:31.307458 Node recv BEACON 22. BS time: 2017-03-28 01:01:31.291000, Avg delay: 0.0429697275162
2017-03-28 01:01:31.318388 Node recv BEACON 23. BS time: 2017-03-28 01:01:31.296000, Avg delay: 0.040495300293
2017-03-28 01:01:31.347118 Node recv BEACON 25. BS time: 2017-03-28 01:01:31.307000, Avg delay: 0.0391878843307
2017-03-28 01:01:31.353550 Node recv BEACON 26. BS time: 2017-03-28 01:01:31.313000, Avg delay: 0.0373568534851
2017-03-28 01:01:31.368296 Node recv BEACON 27. BS time: 2017-03-28 01:01:31.318000, Avg delay: 0.0346596956253
2017-03-28 01:01:31.379376 Node recv BEACON 28. BS time: 2017-03-28 01:01:31.324000, Avg delay: 0.032660651207
2017-03-28 01:01:31.388178 Node recv BEACON 29. BS time: 2017-03-28 01:01:31.330000, Avg delay: 0.0302227020264
2017-03-28 01:01:31.441550 Node recv BEACON 1. BS time: 2017-03-28 01:01:31.540000, Avg delay: 0.0202969551086
2017-03-28 01:01:31.450233 Node recv BEACON 2. BS time: 2017-03-28 01:01:31.545000, Avg delay: 0.0101677417755
2017-03-28 01:01:31.463980 Node recv BEACON 3. BS time: 2017-03-28 01:01:31.550000, Avg delay: 0.000412774085999
2017-03-28 01:01:31.474525 Node recv BEACON 4. BS time: 2017-03-28 01:01:31.556000, Avg delay: -0.00938048362732
2017-03-28 01:01:31.485302 Node recv BEACON 5. BS time: 2017-03-28 01:01:31.562000, Avg delay: -0.0192890405655
2017-03-28 01:01:31.508003 Node recv BEACON 7. BS time: 2017-03-28 01:01:31.574000, Avg delay: -0.0299005031586
2017-03-28 01:01:31.519226 Node recv BEACON 8. BS time: 2017-03-28 01:01:31.580000, Avg delay: -0.0400329828262
Adjust time... New time: 2017-03-28 01:01:31.585269
2017-03-28 01:01:31.585269 Node recv BEACON 9. BS time: 2017-03-28 01:01:31.585000, Avg delay: -0.050411939621
Adjust time... New time: 2017-03-28 01:01:31.590270
2017-03-28 01:01:31.590270 Node recv BEACON 10. BS time: 2017-03-28 01:01:31.590000, Avg delay: -0.0553186178207
Adjust time... New time: 2017-03-28 01:01:31.595310
2017-03-28 01:01:31.595310 Node recv BEACON 11. BS time: 2017-03-28 01:01:31.595000, Avg delay: -0.0601997852325
Adjust time... New time: 2017-03-28 01:01:31.601270
2017-03-28 01:01:31.601270 Node recv BEACON 12. BS time: 2017-03-28 01:01:31.601000, Avg delay: -0.0505134105682
2017-03-28 01:01:31.612100 Node recv BEACON 13. BS time: 2017-03-28 01:01:31.607000, Avg delay: -0.0405267715454
2017-03-28 01:01:31.627546 Node recv BEACON 14. BS time: 2017-03-28 01:01:31.614000, Avg delay: -0.0305701732635
2017-03-28 01:01:31.635048 Node recv BEACON 15. BS time: 2017-03-28 01:01:31.620000, Avg delay: -0.0209179401398
2017-03-28 01:01:31.646490 Node recv BEACON 16. BS time: 2017-03-28 01:01:31.625000, Avg delay: -0.0110991954803
2017-03-28 01:01:31.663238 Node recv BEACON 17. BS time: 2017-03-28 01:01:31.630000, Avg delay: -0.0011757850647
2017-03-28 01:01:31.669389 Node recv BEACON 18. BS time: 2017-03-28 01:01:31.636000, Avg delay: 0.00824060440063
2017-03-28 01:01:31.682810 Node recv BEACON 19. BS time: 2017-03-28 01:01:31.642000, Avg delay: 0.0176709890366
2017-03-28 01:01:31.692859 Node recv BEACON 20. BS time: 2017-03-28 01:01:31.647000, Avg delay: 0.0216260194778
2017-03-28 01:01:31.704091 Node recv BEACON 21. BS time: 2017-03-28 01:01:31.654000, Avg delay: 0.0256984472275
2017-03-28 01:01:31.715206 Node recv BEACON 22. BS time: 2017-03-28 01:01:31.660000, Avg delay: 0.0313776731491
2017-03-28 01:01:31.727228 Node recv BEACON 23. BS time: 2017-03-28 01:01:31.665000, Avg delay: 0.0370904922485
2017-03-28 01:01:31.741538 Node recv BEACON 24. BS time: 2017-03-28 01:01:31.671000, Avg delay: 0.0427896499634
2017-03-28 01:01:31.750185 Node recv BEACON 25. BS time: 2017-03-28 01:01:31.677000, Avg delay: 0.0486033201218
Adjust time... New time: 2017-03-28 01:01:31.683378
2017-03-28 01:01:31.683378 Node recv BEACON 26. BS time: 2017-03-28 01:01:31.683000, Avg delay: 0.0543604135513
Adjust time... New time: 2017-03-28 01:01:31.694368
2017-03-28 01:01:31.694368 Node recv BEACON 28. BS time: 2017-03-28 01:01:31.694000, Avg delay: 0.0521577119827
2017-03-28 01:01:31.704458 Node recv BEACON 29. BS time: 2017-03-28 01:01:31.700000, Avg delay: 0.0492645025253
2017-03-28 01:01:31.715318 Node recv BEACON 30. BS time: 2017-03-28 01:01:31.706000, Avg delay: 0.0461152791977
------ Stop listen at 2017-03-28 01:01:31.909851 ------
------ Listening VFS broadcast ------
alloc-index: 2
2017-03-28 01:01:32.844400 Node recv VFS_BROADCAST 2, BS time 2017-03-28 01:01:33.007000, Total 10, Seed 290dabd78d, Delay -0.162599802017, 
v-frame index: 2, alloc-index: 2, fall to rand-frame: False,
v-frame: ['1', '1', '00030757AF', '1', '0', '0', '0', '0', '0', '0', '1', '1', '0', '1', '0', '0', '1', '1', '0', '1']
alloc-index: 2
2017-03-28 01:01:32.855912 Node recv VFS_BROADCAST 3, BS time 2017-03-28 01:01:33.013000, Total 10, Seed 290dabd78d, Delay -0.157087802887, 
v-frame index: 2, alloc-index: 2, fall to rand-frame: False,
v-frame: ['1', '1', '00030757AF', '1', '0', '0', '0', '0', '0', '0', '1', '1', '0', '1', '0', '0', '1', '1', '0', '1']
alloc-index: 2
2017-03-28 01:01:32.870103 Node recv VFS_BROADCAST 4, BS time 2017-03-28 01:01:33.018000, Total 10, Seed 290dabd78d, Delay -0.147896528244, 
v-frame index: 2, alloc-index: 2, fall to rand-frame: False,
v-frame: ['1', '1', '00030757AF', '1', '0', '0', '0', '0', '0', '0', '1', '1', '0', '1', '0', '0', '1', '1', '0', '1']
alloc-index: 2
2017-03-28 01:01:32.878953 Node recv VFS_BROADCAST 5, BS time 2017-03-28 01:01:33.024000, Total 10, Seed 290dabd78d, Delay -0.145047426224, 
v-frame index: 2, alloc-index: 2, fall to rand-frame: False,
v-frame: ['1', '1', '00030757AF', '1', '0', '0', '0', '0', '0', '0', '1', '1', '0', '1', '0', '0', '1', '1', '0', '1']
alloc-index: 2
2017-03-28 01:01:32.890673 Node recv VFS_BROADCAST 6, BS time 2017-03-28 01:01:33.029000, Total 10, Seed 290dabd78d, Delay -0.138327360153, 
v-frame index: 2, alloc-index: 2, fall to rand-frame: False,
v-frame: ['1', '1', '00030757AF', '1', '0', '0', '0', '0', '0', '0', '1', '1', '0', '1', '0', '0', '1', '1', '0', '1']
alloc-index: 2
2017-03-28 01:01:32.909085 Node recv VFS_BROADCAST 7, BS time 2017-03-28 01:01:33.035000, Total 10, Seed 290dabd78d, Delay -0.125914812088, 
v-frame index: 2, alloc-index: 2, fall to rand-frame: False,
v-frame: ['1', '1', '00030757AF', '1', '0', '0', '0', '0', '0', '0', '1', '1', '0', '1', '0', '0', '1', '1', '0', '1']
alloc-index: 2
2017-03-28 01:01:32.913673 Node recv VFS_BROADCAST 8, BS time 2017-03-28 01:01:33.042000, Total 10, Seed 290dabd78d, Delay -0.12832736969, 
v-frame index: 2, alloc-index: 2, fall to rand-frame: False,
v-frame: ['1', '1', '00030757AF', '1', '0', '0', '0', '0', '0', '0', '1', '1', '0', '1', '0', '0', '1', '1', '0', '1']
alloc-index: 2
2017-03-28 01:01:32.925332 Node recv VFS_BROADCAST 9, BS time 2017-03-28 01:01:33.047000, Total 10, Seed 290dabd78d, Delay -0.121667861938, 
v-frame index: 2, alloc-index: 2, fall to rand-frame: False,
v-frame: ['1', '1', '00030757AF', '1', '0', '0', '0', '0', '0', '0', '1', '1', '0', '1', '0', '0', '1', '1', '0', '1']
alloc-index: 2
2017-03-28 01:01:32.936956 Node recv VFS_BROADCAST 10, BS time 2017-03-28 01:01:33.052000, Total 10, Seed 290dabd78d, Delay -0.115044355392, 
v-frame index: 2, alloc-index: 2, fall to rand-frame: False,
v-frame: ['1', '1', '00030757AF', '1', '0', '0', '0', '0', '0', '0', '1', '1', '0', '1', '0', '0', '1', '1', '0', '1']
alloc-index: 2
2017-03-28 01:01:32.954883 Node recv VFS_BROADCAST 11, BS time 2017-03-28 01:01:33.058000, Total 10, Seed 290dabd78d, Delay -0.103116989136, 
v-frame index: 2, alloc-index: 2, fall to rand-frame: False,
v-frame: ['1', '1', '00030757AF', '1', '0', '0', '0', '0', '0', '0', '1', '1', '0', '1', '0', '0', '1', '1', '0', '1']
alloc-index: 2
2017-03-28 01:01:32.959855 Node recv VFS_BROADCAST 12, BS time 2017-03-28 01:01:33.064000, Total 10, Seed 290dabd78d, Delay -0.10414481163, 
v-frame index: 2, alloc-index: 2, fall to rand-frame: False,
v-frame: ['1', '1', '00030757AF', '1', '0', '0', '0', '0', '0', '0', '1', '1', '0', '1', '0', '0', '1', '1', '0', '1']
alloc-index: 2
2017-03-28 01:01:32.971145 Node recv VFS_BROADCAST 13, BS time 2017-03-28 01:01:33.070000, Total 10, Seed 290dabd78d, Delay -0.0988550186157, 
v-frame index: 2, alloc-index: 2, fall to rand-frame: False,
v-frame: ['1', '1', '00030757AF', '1', '0', '0', '0', '0', '0', '0', '1', '1', '0', '1', '0', '0', '1', '1', '0', '1']
alloc-index: 2
2017-03-28 01:01:32.984632 Node recv VFS_BROADCAST 14, BS time 2017-03-28 01:01:33.077000, Total 10, Seed 290dabd78d, Delay -0.0923678874969, 
v-frame index: 2, alloc-index: 2, fall to rand-frame: False,
v-frame: ['1', '1', '00030757AF', '1', '0', '0', '0', '0', '0', '0', '1', '1', '0', '1', '0', '0', '1', '1', '0', '1']
alloc-index: 2
2017-03-28 01:01:32.994676 Node recv VFS_BROADCAST 15, BS time 2017-03-28 01:01:33.082000, Total 10, Seed 290dabd78d, Delay -0.0873239040375, 
v-frame index: 2, alloc-index: 2, fall to rand-frame: False,
v-frame: ['1', '1', '00030757AF', '1', '0', '0', '0', '0', '0', '0', '1', '1', '0', '1', '0', '0', '1', '1', '0', '1']
alloc-index: 2
2017-03-28 01:01:33.006095 Node recv VFS_BROADCAST 16, BS time 2017-03-28 01:01:33.089000, Total 10, Seed 290dabd78d, Delay -0.0829050540924, 
v-frame index: 2, alloc-index: 2, fall to rand-frame: False,
v-frame: ['1', '1', '00030757AF', '1', '0', '0', '0', '0', '0', '0', '1', '1', '0', '1', '0', '0', '1', '1', '0', '1']
alloc-index: 2
2017-03-28 01:01:33.020074 Node recv VFS_BROADCAST 17, BS time 2017-03-28 01:01:33.093000, Total 10, Seed 290dabd78d, Delay -0.0729260444641, 
v-frame index: 2, alloc-index: 2, fall to rand-frame: False,
v-frame: ['1', '1', '00030757AF', '1', '0', '0', '0', '0', '0', '0', '1', '1', '0', '1', '0', '0', '1', '1', '0', '1']
alloc-index: 2
2017-03-28 01:01:33.029523 Node recv VFS_BROADCAST 18, BS time 2017-03-28 01:01:33.099000, Total 10, Seed 290dabd78d, Delay -0.0694773197174, 
v-frame index: 2, alloc-index: 2, fall to rand-frame: False,
v-frame: ['1', '1', '00030757AF', '1', '0', '0', '0', '0', '0', '0', '1', '1', '0', '1', '0', '0', '1', '1', '0', '1']
alloc-index: 2
2017-03-28 01:01:33.040760 Node recv VFS_BROADCAST 19, BS time 2017-03-28 01:01:33.105000, Total 10, Seed 290dabd78d, Delay -0.0642402172089, 
v-frame index: 2, alloc-index: 2, fall to rand-frame: False,
v-frame: ['1', '1', '00030757AF', '1', '0', '0', '0', '0', '0', '0', '1', '1', '0', '1', '0', '0', '1', '1', '0', '1']
alloc-index: 2
2017-03-28 01:01:33.051980 Node recv VFS_BROADCAST 20, BS time 2017-03-28 01:01:33.110000, Total 10, Seed 290dabd78d, Delay -0.0580203533173, 
v-frame index: 2, alloc-index: 2, fall to rand-frame: False,
v-frame: ['1', '1', '00030757AF', '1', '0', '0', '0', '0', '0', '0', '1', '1', '0', '1', '0', '0', '1', '1', '0', '1']
alloc-index: 2
2017-03-28 01:01:33.070004 Node recv VFS_BROADCAST 21, BS time 2017-03-28 01:01:33.117000, Total 10, Seed 290dabd78d, Delay -0.046995639801, 
v-frame index: 2, alloc-index: 2, fall to rand-frame: False,
v-frame: ['1', '1', '00030757AF', '1', '0', '0', '0', '0', '0', '0', '1', '1', '0', '1', '0', '0', '1', '1', '0', '1']
alloc-index: 2
2017-03-28 01:01:33.075424 Node recv VFS_BROADCAST 22, BS time 2017-03-28 01:01:33.122000, Total 10, Seed 290dabd78d, Delay -0.0465757846832, 
v-frame index: 2, alloc-index: 2, fall to rand-frame: False,
v-frame: ['1', '1', '00030757AF', '1', '0', '0', '0', '0', '0', '0', '1', '1', '0', '1', '0', '0', '1', '1', '0', '1']
alloc-index: 2
2017-03-28 01:01:33.086836 Node recv VFS_BROADCAST 23, BS time 2017-03-28 01:01:33.127000, Total 10, Seed 290dabd78d, Delay -0.0401639938354, 
v-frame index: 2, alloc-index: 2, fall to rand-frame: False,
v-frame: ['1', '1', '00030757AF', '1', '0', '0', '0', '0', '0', '0', '1', '1', '0', '1', '0', '0', '1', '1', '0', '1']
alloc-index: 2
2017-03-28 01:01:33.102512 Node recv VFS_BROADCAST 24, BS time 2017-03-28 01:01:33.132000, Total 10, Seed 290dabd78d, Delay -0.029488325119, 
v-frame index: 2, alloc-index: 2, fall to rand-frame: False,
v-frame: ['1', '1', '00030757AF', '1', '0', '0', '0', '0', '0', '0', '1', '1', '0', '1', '0', '0', '1', '1', '0', '1']
alloc-index: 2
2017-03-28 01:01:33.109307 Node recv VFS_BROADCAST 25, BS time 2017-03-28 01:01:33.139000, Total 10, Seed 290dabd78d, Delay -0.0296926498413, 
v-frame index: 2, alloc-index: 2, fall to rand-frame: False,
v-frame: ['1', '1', '00030757AF', '1', '0', '0', '0', '0', '0', '0', '1', '1', '0', '1', '0', '0', '1', '1', '0', '1']
alloc-index: 2
2017-03-28 01:01:33.123136 Node recv VFS_BROADCAST 26, BS time 2017-03-28 01:01:33.144000, Total 10, Seed 290dabd78d, Delay -0.0208640098572, 
v-frame index: 2, alloc-index: 2, fall to rand-frame: False,
v-frame: ['1', '1', '00030757AF', '1', '0', '0', '0', '0', '0', '0', '1', '1', '0', '1', '0', '0', '1', '1', '0', '1']
alloc-index: 2
2017-03-28 01:01:33.133817 Node recv VFS_BROADCAST 27, BS time 2017-03-28 01:01:33.150000, Total 10, Seed 290dabd78d, Delay -0.0161828994751, 
v-frame index: 2, alloc-index: 2, fall to rand-frame: False,
v-frame: ['1', '1', '00030757AF', '1', '0', '0', '0', '0', '0', '0', '1', '1', '0', '1', '0', '0', '1', '1', '0', '1']
alloc-index: 2
2017-03-28 01:01:33.144361 Node recv VFS_BROADCAST 28, BS time 2017-03-28 01:01:33.156000, Total 10, Seed 290dabd78d, Delay -0.0116391181946, 
v-frame index: 2, alloc-index: 2, fall to rand-frame: False,
v-frame: ['1', '1', '00030757AF', '1', '0', '0', '0', '0', '0', '0', '1', '1', '0', '1', '0', '0', '1', '1', '0', '1']
alloc-index: 2
2017-03-28 01:01:33.155751 Node recv VFS_BROADCAST 29, BS time 2017-03-28 01:01:33.162000, Total 10, Seed 290dabd78d, Delay -0.00624918937683, 
v-frame index: 2, alloc-index: 2, fall to rand-frame: False,
v-frame: ['1', '1', '00030757AF', '1', '0', '0', '0', '0', '0', '0', '1', '1', '0', '1', '0', '0', '1', '1', '0', '1']
alloc-index: 2
2017-03-28 01:01:33.167778 Node recv VFS_BROADCAST 30, BS time 2017-03-28 01:01:33.168000, Total 10, Seed 290dabd78d, Delay -0.000221967697144, 
v-frame index: 2, alloc-index: 2, fall to rand-frame: False,
v-frame: ['1', '1', '00030757AF', '1', '0', '0', '0', '0', '0', '0', '1', '1', '0', '1', '0', '0', '1', '1', '0', '1']
------ Stop listen VFS broadcast at 2017-03-28 01:01:33.574111 ------
------ Ready to send VFS packets ------
Fire at 2017-03-28 01:01:35.908040
2017-03-28 01:01:35.911679 VFS: Node 00030757AF send data 1
2017-03-28 01:01:35.916936 VFS: Node 00030757AF send data 2
2017-03-28 01:01:35.922194 VFS: Node 00030757AF send data 3
2017-03-28 01:01:35.927764 VFS: Node 00030757AF send data 4
2017-03-28 01:01:35.933009 VFS: Node 00030757AF send data 5
2017-03-28 01:01:35.939219 VFS: Node 00030757AF send data 6
2017-03-28 01:01:35.944786 VFS: Node 00030757AF send data 7
2017-03-28 01:01:35.950762 VFS: Node 00030757AF send data 8
2017-03-28 01:01:35.956960 VFS: Node 00030757AF send data 9
2017-03-28 01:01:35.962558 VFS: Node 00030757AF send data 10
2017-03-28 01:01:35.968419 VFS: Node 00030757AF send data 11
2017-03-28 01:01:35.974312 VFS: Node 00030757AF send data 12
2017-03-28 01:01:35.980003 VFS: Node 00030757AF send data 13
2017-03-28 01:01:35.985843 VFS: Node 00030757AF send data 14
2017-03-28 01:01:35.993495 VFS: Node 00030757AF send data 15
2017-03-28 01:01:35.999496 VFS: Node 00030757AF send data 16
2017-03-28 01:01:36.004698 VFS: Node 00030757AF send data 17
2017-03-28 01:01:36.010773 VFS: Node 00030757AF send data 18
2017-03-28 01:01:36.017536 VFS: Node 00030757AF send data 19
2017-03-28 01:01:36.023341 VFS: Node 00030757AF send data 20
2017-03-28 01:01:36.028348 VFS: Node 00030757AF send data 21
2017-03-28 01:01:36.033540 VFS: Node 00030757AF send data 22
2017-03-28 01:01:36.038902 VFS: Node 00030757AF send data 23
2017-03-28 01:01:36.044685 VFS: Node 00030757AF send data 24
2017-03-28 01:01:36.050852 VFS: Node 00030757AF send data 25
2017-03-28 01:01:36.057489 VFS: Node 00030757AF send data 26
2017-03-28 01:01:36.063306 VFS: Node 00030757AF send data 27
2017-03-28 01:01:36.068953 VFS: Node 00030757AF send data 28
2017-03-28 01:01:36.074537 VFS: Node 00030757AF send data 29
2017-03-28 01:01:36.080989 VFS: Node 00030757AF send data 30
2017-03-28 01:01:36.082823 - thread done - 
 - duration 0.17333483696 -
------ Send VFS packets end ------

 - VFS duration 7.99910950661 -
------ VFS cycle ends at 2017-03-28 01:01:39.909623 ------



=============================================================================================
========================================== ROUND 2 ==========================================
=============================================================================================


------ Listening ------
2017-03-28 01:01:40.360317 Node recv BEACON 2. BS time: 2017-03-28 01:01:40.512000, Avg delay: 0.0263610124588
2017-03-28 01:01:40.372502 Node recv BEACON 3. BS time: 2017-03-28 01:01:40.518000, Avg delay: 0.0068021774292
2017-03-28 01:01:40.383718 Node recv BEACON 4. BS time: 2017-03-28 01:01:40.524000, Avg delay: -0.0127466440201
2017-03-28 01:01:40.396207 Node recv BEACON 5. BS time: 2017-03-28 01:01:40.529000, Avg delay: -0.0322487831116
Adjust time... New time: 2017-03-28 01:01:40.536492
2017-03-28 01:01:40.536492 Node recv BEACON 6. BS time: 2017-03-28 01:01:40.536000, Avg delay: -0.0518729686737
Adjust time... New time: 2017-03-28 01:01:40.543133
2017-03-28 01:01:40.543133 Node recv BEACON 7. BS time: 2017-03-28 01:01:40.543000, Avg delay: -0.0590550899506
Adjust time... New time: 2017-03-28 01:01:40.549107
2017-03-28 01:01:40.549107 Node recv BEACON 8. BS time: 2017-03-28 01:01:40.549000, Avg delay: -0.0660362482071
Adjust time... New time: 2017-03-28 01:01:40.554264
2017-03-28 01:01:40.554264 Node recv BEACON 9. BS time: 2017-03-28 01:01:40.554000, Avg delay: -0.0673001766205
Adjust time... New time: 2017-03-28 01:01:40.559143
2017-03-28 01:01:40.559143 Node recv BEACON 10. BS time: 2017-03-28 01:01:40.559000, Avg delay: -0.0674437522888
Adjust time... New time: 2017-03-28 01:01:40.565222
2017-03-28 01:01:40.565222 Node recv BEACON 11. BS time: 2017-03-28 01:01:40.565000, Avg delay: -0.0679529190063
Adjust time... New time: 2017-03-28 01:01:40.571295
2017-03-28 01:01:40.571295 Node recv BEACON 12. BS time: 2017-03-28 01:01:40.571000, Avg delay: -0.0521204710007
2017-03-28 01:01:40.591799 Node recv BEACON 14. BS time: 2017-03-28 01:01:40.584000, Avg delay: -0.0367908239365
2017-03-28 01:01:40.606935 Node recv BEACON 15. BS time: 2017-03-28 01:01:40.591000, Avg delay: -0.021169090271
2017-03-28 01:01:40.619989 Node recv BEACON 16. BS time: 2017-03-28 01:01:40.597000, Avg delay: -0.00559086799622
2017-03-28 01:01:40.628661 Node recv BEACON 17. BS time: 2017-03-28 01:01:40.603000, Avg delay: 0.00954568386078
2017-03-28 01:01:40.638198 Node recv BEACON 18. BS time: 2017-03-28 01:01:40.609000, Avg delay: 0.0123291969299
2017-03-28 01:01:40.649784 Node recv BEACON 19. BS time: 2017-03-28 01:01:40.615000, Avg delay: 0.0148827075958
2017-03-28 01:01:40.661183 Node recv BEACON 20. BS time: 2017-03-28 01:01:40.620000, Avg delay: 0.0191438674927
2017-03-28 01:01:40.673233 Node recv BEACON 21. BS time: 2017-03-28 01:01:40.625000, Avg delay: 0.0236649990082
2017-03-28 01:01:40.696615 Node recv BEACON 23. BS time: 2017-03-28 01:01:40.638000, Avg delay: 0.0291038513184
2017-03-28 01:01:40.708311 Node recv BEACON 24. BS time: 2017-03-28 01:01:40.642000, Avg delay: 0.035070848465
2017-03-28 01:01:40.726284 Node recv BEACON 25. BS time: 2017-03-28 01:01:40.649000, Avg delay: 0.0420193433762
2017-03-28 01:01:40.731554 Node recv BEACON 26. BS time: 2017-03-28 01:01:40.655000, Avg delay: 0.0480812549591
Adjust time... New time: 2017-03-28 01:01:40.661381
2017-03-28 01:01:40.661381 Node recv BEACON 27. BS time: 2017-03-28 01:01:40.661000, Avg delay: 0.0540475606918
Adjust time... New time: 2017-03-28 01:01:40.667375
2017-03-28 01:01:40.667375 Node recv BEACON 28. BS time: 2017-03-28 01:01:40.667000, Avg delay: 0.0517778635025
2017-03-28 01:01:40.670197 Node recv BEACON 29. BS time: 2017-03-28 01:01:40.673000, Avg delay: 0.0485776662827
2017-03-28 01:01:40.683562 Node recv BEACON 30. BS time: 2017-03-28 01:01:40.679000, Avg delay: 0.0455554008484
2017-03-28 01:01:40.735822 Node recv BEACON 2. BS time: 2017-03-28 01:01:40.889000, Avg delay: 0.0261192798615
2017-03-28 01:01:40.747330 Node recv BEACON 3. BS time: 2017-03-28 01:01:40.895000, Avg delay: 0.00652894973755
2017-03-28 01:01:40.759192 Node recv BEACON 4. BS time: 2017-03-28 01:01:40.900000, Avg delay: -0.013413310051
2017-03-28 01:01:40.771461 Node recv BEACON 5. BS time: 2017-03-28 01:01:40.906000, Avg delay: -0.0334983110428
Adjust time... New time: 2017-03-28 01:01:40.911116
2017-03-28 01:01:40.911116 Node recv BEACON 6. BS time: 2017-03-28 01:01:40.911000, Avg delay: -0.0539040565491
Adjust time... New time: 2017-03-28 01:01:40.922158
2017-03-28 01:01:40.922158 Node recv BEACON 8. BS time: 2017-03-28 01:01:40.922000, Avg delay: -0.0606769561768
Adjust time... New time: 2017-03-28 01:01:40.927271
2017-03-28 01:01:40.927271 Node recv BEACON 9. BS time: 2017-03-28 01:01:40.927000, Avg delay: -0.0680254220963
Adjust time... New time: 2017-03-28 01:01:40.933347
2017-03-28 01:01:40.933347 Node recv BEACON 10. BS time: 2017-03-28 01:01:40.933000, Avg delay: -0.0680361032486
Adjust time... New time: 2017-03-28 01:01:40.938186
2017-03-28 01:01:40.938186 Node recv BEACON 11. BS time: 2017-03-28 01:01:40.938000, Avg delay: -0.067162322998
Adjust time... New time: 2017-03-28 01:01:40.944321
2017-03-28 01:01:40.944321 Node recv BEACON 12. BS time: 2017-03-28 01:01:40.944000, Avg delay: -0.0668040752411
Adjust time... New time: 2017-03-28 01:01:40.950243
2017-03-28 01:01:40.950243 Node recv BEACON 13. BS time: 2017-03-28 01:01:40.950000, Avg delay: -0.0515233516693
2017-03-28 01:01:40.963025 Node recv BEACON 14. BS time: 2017-03-28 01:01:40.956000, Avg delay: -0.0360538244247
2017-03-28 01:01:40.975263 Node recv BEACON 15. BS time: 2017-03-28 01:01:40.961000, Avg delay: -0.0205466985703
2017-03-28 01:01:40.996253 Node recv BEACON 17. BS time: 2017-03-28 01:01:40.973000, Avg delay: -0.00476746559143
2017-03-28 01:01:41.010971 Node recv BEACON 18. BS time: 2017-03-28 01:01:40.979000, Avg delay: 0.0111069440842
2017-03-28 01:01:41.018333 Node recv BEACON 19. BS time: 2017-03-28 01:01:40.985000, Avg delay: 0.013557767868
2017-03-28 01:01:41.030112 Node recv BEACON 20. BS time: 2017-03-28 01:01:40.991000, Avg delay: 0.0165522098541
2017-03-28 01:01:41.057068 Node recv BEACON 22. BS time: 2017-03-28 01:01:41.002000, Avg delay: 0.0217732906342
2017-03-28 01:01:41.064778 Node recv BEACON 23. BS time: 2017-03-28 01:01:41.007000, Avg delay: 0.026957654953
2017-03-28 01:01:41.078680 Node recv BEACON 24. BS time: 2017-03-28 01:01:41.013000, Avg delay: 0.0327112436295
2017-03-28 01:01:41.089752 Node recv BEACON 25. BS time: 2017-03-28 01:01:41.019000, Avg delay: 0.0398235082626
2017-03-28 01:01:41.099304 Node recv BEACON 26. BS time: 2017-03-28 01:01:41.024000, Avg delay: 0.0466514348984
Adjust time... New time: 2017-03-28 01:01:41.029174
2017-03-28 01:01:41.029174 Node recv BEACON 27. BS time: 2017-03-28 01:01:41.029000, Avg delay: 0.0535582304001
Adjust time... New time: 2017-03-28 01:01:41.035263
2017-03-28 01:01:41.035263 Node recv BEACON 28. BS time: 2017-03-28 01:01:41.035000, Avg delay: 0.0517135620117
2017-03-28 01:01:41.043475 Node recv BEACON 29. BS time: 2017-03-28 01:01:41.040000, Avg delay: 0.0488640069962
2017-03-28 01:01:41.056035 Node recv BEACON 30. BS time: 2017-03-28 01:01:41.045000, Avg delay: 0.0466341018677
------ Stop listen at 2017-03-28 01:01:41.253331 ------
------ Listening VFS broadcast ------
Timestamp ¶çãìñÿÉ≠ò˜û`Ω is not a float. Drop pkt!
rand-index: 7
2017-03-28 01:01:41.923996 Node recv VFS_BROADCAST 9, BS time 2017-03-28 01:01:42.046000, Total 10, Seed 71bd1a3802, Delay -0.122004270554, 
v-frame index: 10, alloc-index: 7, fall to rand-frame: True,
v-frame: ['0', '0', '1', '1', '1', '0', '0', '1', '0', '1', '0', '0', '1', '0', '0', '0', '0', '0', '0', '1']
rand-index: 9
2017-03-28 01:01:41.931950 Node recv VFS_BROADCAST 10, BS time 2017-03-28 01:01:42.051000, Total 10, Seed 71bd1a3802, Delay -0.119049787521, 
v-frame index: 10, alloc-index: 9, fall to rand-frame: True,
v-frame: ['0', '0', '1', '1', '1', '0', '0', '1', '0', '1', '0', '0', '1', '0', '0', '0', '0', '0', '0', '1']
rand-index: 8
2017-03-28 01:01:41.943203 Node recv VFS_BROADCAST 11, BS time 2017-03-28 01:01:42.057000, Total 10, Seed 71bd1a3802, Delay -0.113796949387, 
v-frame index: 10, alloc-index: 8, fall to rand-frame: True,
v-frame: ['0', '0', '1', '1', '1', '0', '0', '1', '0', '1', '0', '0', '1', '0', '0', '0', '0', '0', '0', '1']
rand-index: 8
2017-03-28 01:01:41.955157 Node recv VFS_BROADCAST 12, BS time 2017-03-28 01:01:42.063000, Total 10, Seed 71bd1a3802, Delay -0.107842683792, 
v-frame index: 10, alloc-index: 8, fall to rand-frame: True,
v-frame: ['0', '0', '1', '1', '1', '0', '0', '1', '0', '1', '0', '0', '1', '0', '0', '0', '0', '0', '0', '1']
rand-index: 9
2017-03-28 01:01:41.972956 Node recv VFS_BROADCAST 13, BS time 2017-03-28 01:01:42.068000, Total 10, Seed 71bd1a3802, Delay -0.0950443744659, 
v-frame index: 10, alloc-index: 9, fall to rand-frame: True,
v-frame: ['0', '0', '1', '1', '1', '0', '0', '1', '0', '1', '0', '0', '1', '0', '0', '0', '0', '0', '0', '1']
rand-index: 7
2017-03-28 01:01:41.977704 Node recv VFS_BROADCAST 14, BS time 2017-03-28 01:01:42.073000, Total 10, Seed 71bd1a3802, Delay -0.0952959060669, 
v-frame index: 10, alloc-index: 7, fall to rand-frame: True,
v-frame: ['0', '0', '1', '1', '1', '0', '0', '1', '0', '1', '0', '0', '1', '0', '0', '0', '0', '0', '0', '1']
rand-index: 7
2017-03-28 01:01:41.989276 Node recv VFS_BROADCAST 15, BS time 2017-03-28 01:01:42.079000, Total 10, Seed 71bd1a3802, Delay -0.0897238254547, 
v-frame index: 10, alloc-index: 7, fall to rand-frame: True,
v-frame: ['0', '0', '1', '1', '1', '0', '0', '1', '0', '1', '0', '0', '1', '0', '0', '0', '0', '0', '0', '1']
rand-index: 7
2017-03-28 01:01:42.000648 Node recv VFS_BROADCAST 16, BS time 2017-03-28 01:01:42.084000, Total 10, Seed 71bd1a3802, Delay -0.0833525657654, 
v-frame index: 10, alloc-index: 7, fall to rand-frame: True,
v-frame: ['0', '0', '1', '1', '1', '0', '0', '1', '0', '1', '0', '0', '1', '0', '0', '0', '0', '0', '0', '1']
rand-index: 7
2017-03-28 01:01:42.012517 Node recv VFS_BROADCAST 17, BS time 2017-03-28 01:01:42.091000, Total 10, Seed 71bd1a3802, Delay -0.0784826278687, 
v-frame index: 10, alloc-index: 7, fall to rand-frame: True,
v-frame: ['0', '0', '1', '1', '1', '0', '0', '1', '0', '1', '0', '0', '1', '0', '0', '0', '0', '0', '0', '1']
rand-index: 9
2017-03-28 01:01:42.028170 Node recv VFS_BROADCAST 18, BS time 2017-03-28 01:01:42.095000, Total 10, Seed 71bd1a3802, Delay -0.0668301582336, 
v-frame index: 10, alloc-index: 9, fall to rand-frame: True,
v-frame: ['0', '0', '1', '1', '1', '0', '0', '1', '0', '1', '0', '0', '1', '0', '0', '0', '0', '0', '0', '1']
rand-index: 7
2017-03-28 01:01:42.035936 Node recv VFS_BROADCAST 19, BS time 2017-03-28 01:01:42.101000, Total 10, Seed 71bd1a3802, Delay -0.0650639533997, 
v-frame index: 10, alloc-index: 7, fall to rand-frame: True,
v-frame: ['0', '0', '1', '1', '1', '0', '0', '1', '0', '1', '0', '0', '1', '0', '0', '0', '0', '0', '0', '1']
rand-index: 7
2017-03-28 01:01:42.047807 Node recv VFS_BROADCAST 20, BS time 2017-03-28 01:01:42.107000, Total 10, Seed 71bd1a3802, Delay -0.0591931343079, 
v-frame index: 10, alloc-index: 7, fall to rand-frame: True,
v-frame: ['0', '0', '1', '1', '1', '0', '0', '1', '0', '1', '0', '0', '1', '0', '0', '0', '0', '0', '0', '1']
rand-index: 7
2017-03-28 01:01:42.062607 Node recv VFS_BROADCAST 21, BS time 2017-03-28 01:01:42.113000, Total 10, Seed 71bd1a3802, Delay -0.0503931045532, 
v-frame index: 10, alloc-index: 7, fall to rand-frame: True,
v-frame: ['0', '0', '1', '1', '1', '0', '0', '1', '0', '1', '0', '0', '1', '0', '0', '0', '0', '0', '0', '1']
rand-index: 9
2017-03-28 01:01:42.070687 Node recv VFS_BROADCAST 22, BS time 2017-03-28 01:01:42.118000, Total 10, Seed 71bd1a3802, Delay -0.047313451767, 
v-frame index: 10, alloc-index: 9, fall to rand-frame: True,
v-frame: ['0', '0', '1', '1', '1', '0', '0', '1', '0', '1', '0', '0', '1', '0', '0', '0', '0', '0', '0', '1']
rand-index: 7
2017-03-28 01:01:42.082262 Node recv VFS_BROADCAST 23, BS time 2017-03-28 01:01:42.124000, Total 10, Seed 71bd1a3802, Delay -0.0417377948761, 
v-frame index: 10, alloc-index: 7, fall to rand-frame: True,
v-frame: ['0', '0', '1', '1', '1', '0', '0', '1', '0', '1', '0', '0', '1', '0', '0', '0', '0', '0', '0', '1']
rand-index: 9
2017-03-28 01:01:42.096492 Node recv VFS_BROADCAST 24, BS time 2017-03-28 01:01:42.129000, Total 10, Seed 71bd1a3802, Delay -0.0325076580048, 
v-frame index: 10, alloc-index: 9, fall to rand-frame: True,
v-frame: ['0', '0', '1', '1', '1', '0', '0', '1', '0', '1', '0', '0', '1', '0', '0', '0', '0', '0', '0', '1']
rand-index: 7
2017-03-28 01:01:42.104842 Node recv VFS_BROADCAST 25, BS time 2017-03-28 01:01:42.135000, Total 10, Seed 71bd1a3802, Delay -0.0301578044891, 
v-frame index: 10, alloc-index: 7, fall to rand-frame: True,
v-frame: ['0', '0', '1', '1', '1', '0', '0', '1', '0', '1', '0', '0', '1', '0', '0', '0', '0', '0', '0', '1']
rand-index: 8
2017-03-28 01:01:42.117407 Node recv VFS_BROADCAST 26, BS time 2017-03-28 01:01:42.141000, Total 10, Seed 71bd1a3802, Delay -0.023592710495, 
v-frame index: 10, alloc-index: 8, fall to rand-frame: True,
v-frame: ['0', '0', '1', '1', '1', '0', '0', '1', '0', '1', '0', '0', '1', '0', '0', '0', '0', '0', '0', '1']
rand-index: 7
2017-03-28 01:01:42.128472 Node recv VFS_BROADCAST 27, BS time 2017-03-28 01:01:42.146000, Total 10, Seed 71bd1a3802, Delay -0.0175278186798, 
v-frame index: 10, alloc-index: 7, fall to rand-frame: True,
v-frame: ['0', '0', '1', '1', '1', '0', '0', '1', '0', '1', '0', '0', '1', '0', '0', '0', '0', '0', '0', '1']
rand-index: 9
2017-03-28 01:01:42.141580 Node recv VFS_BROADCAST 28, BS time 2017-03-28 01:01:42.153000, Total 10, Seed 71bd1a3802, Delay -0.011420249939, 
v-frame index: 10, alloc-index: 9, fall to rand-frame: True,
v-frame: ['0', '0', '1', '1', '1', '0', '0', '1', '0', '1', '0', '0', '1', '0', '0', '0', '0', '0', '0', '1']
rand-index: 8
2017-03-28 01:01:42.158078 Node recv VFS_BROADCAST 29, BS time 2017-03-28 01:01:42.158000, Total 10, Seed 71bd1a3802, Delay 7.84397125244e-05, 
v-frame index: 10, alloc-index: 8, fall to rand-frame: True,
v-frame: ['0', '0', '1', '1', '1', '0', '0', '1', '0', '1', '0', '0', '1', '0', '0', '0', '0', '0', '0', '1']
rand-index: 7
2017-03-28 01:01:42.162463 Node recv VFS_BROADCAST 30, BS time 2017-03-28 01:01:42.163000, Total 10, Seed 71bd1a3802, Delay -0.000536918640137, 
v-frame index: 10, alloc-index: 7, fall to rand-frame: True,
v-frame: ['0', '0', '1', '1', '1', '0', '0', '1', '0', '1', '0', '0', '1', '0', '0', '0', '0', '0', '0', '1']
------ Stop listen VFS broadcast at 2017-03-28 01:01:42.568121 ------
------ Ready to send VFS packets ------
Fire at 2017-03-28 01:01:47.408182
2017-03-28 01:01:47.409848 VFS: Node 00030757AF send data 1
2017-03-28 01:01:47.415155 VFS: Node 00030757AF send data 2
2017-03-28 01:01:47.420869 VFS: Node 00030757AF send data 3
2017-03-28 01:01:47.426444 VFS: Node 00030757AF send data 4
2017-03-28 01:01:47.432992 VFS: Node 00030757AF send data 5
2017-03-28 01:01:47.438165 VFS: Node 00030757AF send data 6
2017-03-28 01:01:47.445772 VFS: Node 00030757AF send data 7
2017-03-28 01:01:47.452113 VFS: Node 00030757AF send data 8
2017-03-28 01:01:47.457153 VFS: Node 00030757AF send data 9
2017-03-28 01:01:47.462821 VFS: Node 00030757AF send data 10
2017-03-28 01:01:47.467992 VFS: Node 00030757AF send data 11
2017-03-28 01:01:47.473695 VFS: Node 00030757AF send data 12
2017-03-28 01:01:47.479509 VFS: Node 00030757AF send data 13
2017-03-28 01:01:47.485940 VFS: Node 00030757AF send data 14
2017-03-28 01:01:47.491858 VFS: Node 00030757AF send data 15
2017-03-28 01:01:47.496678 VFS: Node 00030757AF send data 16
2017-03-28 01:01:47.502518 VFS: Node 00030757AF send data 17
2017-03-28 01:01:47.507788 VFS: Node 00030757AF send data 18
2017-03-28 01:01:47.513626 VFS: Node 00030757AF send data 19
2017-03-28 01:01:47.520505 VFS: Node 00030757AF send data 20
2017-03-28 01:01:47.526967 VFS: Node 00030757AF send data 21
2017-03-28 01:01:47.532014 VFS: Node 00030757AF send data 22
2017-03-28 01:01:47.537119 VFS: Node 00030757AF send data 23
2017-03-28 01:01:47.543566 VFS: Node 00030757AF send data 24
2017-03-28 01:01:47.549619 VFS: Node 00030757AF send data 25
2017-03-28 01:01:47.555925 VFS: Node 00030757AF send data 26
2017-03-28 01:01:47.560726 VFS: Node 00030757AF send data 27
2017-03-28 01:01:47.565928 VFS: Node 00030757AF send data 28
2017-03-28 01:01:47.571201 VFS: Node 00030757AF send data 29
2017-03-28 01:01:47.576731 VFS: Node 00030757AF send data 30
2017-03-28 01:01:47.577880 - thread done - 
 - duration 0.16998052597 -
------ Send VFS packets end ------

 - VFS duration 7.99890804291 -
------ VFS cycle ends at 2017-03-28 01:01:49.253135 ------



=============================================================================================
========================================== ROUND 3 ==========================================
=============================================================================================


------ Listening ------
2017-03-28 01:01:49.394560 Node recv BEACON 2. BS time: 2017-03-28 01:01:49.551000, Avg delay: 0.0270788908005
2017-03-28 01:01:49.405807 Node recv BEACON 3. BS time: 2017-03-28 01:01:49.557000, Avg delay: 0.00645272731781
2017-03-28 01:01:49.417536 Node recv BEACON 4. BS time: 2017-03-28 01:01:49.563000, Avg delay: -0.0138714313507
2017-03-28 01:01:49.429152 Node recv BEACON 5. BS time: 2017-03-28 01:01:49.568000, Avg delay: -0.0343242883682
Adjust time... New time: 2017-03-28 01:01:49.575273
2017-03-28 01:01:49.575273 Node recv BEACON 6. BS time: 2017-03-28 01:01:49.575000, Avg delay: -0.0545539617538
Adjust time... New time: 2017-03-28 01:01:49.582310
2017-03-28 01:01:49.582310 Node recv BEACON 7. BS time: 2017-03-28 01:01:49.582000, Avg delay: -0.0618052482605
Adjust time... New time: 2017-03-28 01:01:49.588215
2017-03-28 01:01:49.588215 Node recv BEACON 8. BS time: 2017-03-28 01:01:49.588000, Avg delay: -0.0694514036179
Adjust time... New time: 2017-03-28 01:01:49.593386
2017-03-28 01:01:49.593386 Node recv BEACON 9. BS time: 2017-03-28 01:01:49.593000, Avg delay: -0.0698456764221
Adjust time... New time: 2017-03-28 01:01:49.598150
2017-03-28 01:01:49.598150 Node recv BEACON 10. BS time: 2017-03-28 01:01:49.598000, Avg delay: -0.0695357561111
Adjust time... New time: 2017-03-28 01:01:49.604460
2017-03-28 01:01:49.604460 Node recv BEACON 11. BS time: 2017-03-28 01:01:49.604000, Avg delay: -0.0703064203262
Adjust time... New time: 2017-03-28 01:01:49.609169
2017-03-28 01:01:49.609169 Node recv BEACON 12. BS time: 2017-03-28 01:01:49.609000, Avg delay: -0.0538666248322
2017-03-28 01:01:49.620581 Node recv BEACON 13. BS time: 2017-03-28 01:01:49.614000, Avg delay: -0.0380892276764
2017-03-28 01:01:49.629728 Node recv BEACON 14. BS time: 2017-03-28 01:01:49.620000, Avg delay: -0.0225700616837
2017-03-28 01:01:49.642883 Node recv BEACON 15. BS time: 2017-03-28 01:01:49.626000, Avg delay: -0.00699689388275
2017-03-28 01:01:49.655172 Node recv BEACON 16. BS time: 2017-03-28 01:01:49.632000, Avg delay: 0.00847480297089
2017-03-28 01:01:49.663748 Node recv BEACON 17. BS time: 2017-03-28 01:01:49.637000, Avg delay: 0.0108704090118
2017-03-28 01:01:49.677676 Node recv BEACON 18. BS time: 2017-03-28 01:01:49.643000, Avg delay: 0.0136511087418
2017-03-28 01:01:49.688162 Node recv BEACON 19. BS time: 2017-03-28 01:01:49.649000, Avg delay: 0.0174808740616
2017-03-28 01:01:49.698654 Node recv BEACON 20. BS time: 2017-03-28 01:01:49.655000, Avg delay: 0.0211888551712
2017-03-28 01:01:49.710249 Node recv BEACON 21. BS time: 2017-03-28 01:01:49.660000, Avg delay: 0.0258809566498
2017-03-28 01:01:49.721187 Node recv BEACON 22. BS time: 2017-03-28 01:01:49.666000, Avg delay: 0.0306039333344
2017-03-28 01:01:49.738309 Node recv BEACON 23. BS time: 2017-03-28 01:01:49.672000, Avg delay: 0.036576795578
2017-03-28 01:01:49.744707 Node recv BEACON 24. BS time: 2017-03-28 01:01:49.678000, Avg delay: 0.0422746658325
2017-03-28 01:01:49.756358 Node recv BEACON 25. BS time: 2017-03-28 01:01:49.685000, Avg delay: 0.0477221488953
Adjust time... New time: 2017-03-28 01:01:49.691328
2017-03-28 01:01:49.691328 Node recv BEACON 26. BS time: 2017-03-28 01:01:49.691000, Avg delay: 0.053095459938
Adjust time... New time: 2017-03-28 01:01:49.697149
2017-03-28 01:01:49.697149 Node recv BEACON 27. BS time: 2017-03-28 01:01:49.697000, Avg delay: 0.0512206792831
2017-03-28 01:01:49.699908 Node recv BEACON 28. BS time: 2017-03-28 01:01:49.702000, Avg delay: 0.04754383564
2017-03-28 01:01:49.715974 Node recv BEACON 29. BS time: 2017-03-28 01:01:49.708000, Avg delay: 0.0444250583649
2017-03-28 01:01:49.725655 Node recv BEACON 30. BS time: 2017-03-28 01:01:49.713000, Avg delay: 0.0413251638412
Wrong pktno 65469. Drop pkt!
2017-03-28 01:01:49.851284 Node recv BEACON 9. BS time: 2017-03-28 01:01:49.966000, Avg delay: 0.0248286485672
2017-03-28 01:01:49.874500 Node recv BEACON 11. BS time: 2017-03-28 01:01:49.976000, Avg delay: 0.00915987491608
2017-03-28 01:01:49.897514 Node recv BEACON 13. BS time: 2017-03-28 01:01:49.987000, Avg delay: -0.00641961097717
2017-03-28 01:01:49.920694 Node recv BEACON 15. BS time: 2017-03-28 01:01:50, Avg delay: -0.0210208654404
2017-03-28 01:01:49.935070 Node recv BEACON 16. BS time: 2017-03-28 01:01:50.005000, Avg delay: -0.0351496458054
2017-03-28 01:01:49.945752 Node recv BEACON 17. BS time: 2017-03-28 01:01:50.010000, Avg delay: -0.0492649316788
Adjust time... New time: 2017-03-28 01:01:50.016428
2017-03-28 01:01:50.016428 Node recv BEACON 18. BS time: 2017-03-28 01:01:50.016000, Avg delay: -0.0561399936676
Adjust time... New time: 2017-03-28 01:01:50.022061
2017-03-28 01:01:50.022061 Node recv BEACON 19. BS time: 2017-03-28 01:01:50.022000, Avg delay: -0.0552049160004
Adjust time... New time: 2017-03-28 01:01:50.030338
2017-03-28 01:01:50.030338 Node recv BEACON 20. BS time: 2017-03-28 01:01:50.030000, Avg delay: -0.0560065984726
Adjust time... New time: 2017-03-28 01:01:50.035250
2017-03-28 01:01:50.035250 Node recv BEACON 21. BS time: 2017-03-28 01:01:50.035000, Avg delay: -0.0561535835266
2017-03-28 01:01:50.039288 Node recv BEACON 22. BS time: 2017-03-28 01:01:50.041000, Avg delay: -0.0448531150818
2017-03-28 01:01:50.050571 Node recv BEACON 23. BS time: 2017-03-28 01:01:50.047000, Avg delay: -0.0343459367752
2017-03-28 01:01:50.065244 Node recv BEACON 24. BS time: 2017-03-28 01:01:50.052000, Avg delay: -0.024072933197
2017-03-28 01:01:50.076722 Node recv BEACON 25. BS time: 2017-03-28 01:01:50.059000, Avg delay: -0.0143701076508
2017-03-28 01:01:50.084979 Node recv BEACON 26. BS time: 2017-03-28 01:01:50.065000, Avg delay: -0.00537922382355
2017-03-28 01:01:50.098135 Node recv BEACON 27. BS time: 2017-03-28 01:01:50.070000, Avg delay: 0.00385904312134
2017-03-28 01:01:50.109871 Node recv BEACON 28. BS time: 2017-03-28 01:01:50.076000, Avg delay: 0.0133212327957
2017-03-28 01:01:50.119681 Node recv BEACON 29. BS time: 2017-03-28 01:01:50.082000, Avg delay: 0.0163634538651
2017-03-28 01:01:50.133435 Node recv BEACON 30. BS time: 2017-03-28 01:01:50.087000, Avg delay: 0.0210112333298
------ Stop listen at 2017-03-28 01:01:50.334186 ------
------ Listening VFS broadcast ------
alloc-index: 1
2017-03-28 01:01:50.881109 Node recv VFS_BROADCAST 2, BS time 2017-03-28 01:01:51.007000, Total 10, Seed d998c8d145, Delay -0.125890731812, 
v-frame index: 5, alloc-index: 1, fall to rand-frame: False,
v-frame: ['0', '0', '0', '1', '0', '00030757AF', '0', '0', '0', '1', '1', '0', '0', '0', '1', '1', '0', '0', '0', '1']
alloc-index: 1
2017-03-28 01:01:50.892587 Node recv VFS_BROADCAST 3, BS time 2017-03-28 01:01:51.012000, Total 10, Seed d998c8d145, Delay -0.119412660599, 
v-frame index: 5, alloc-index: 1, fall to rand-frame: False,
v-frame: ['0', '0', '0', '1', '0', '00030757AF', '0', '0', '0', '1', '1', '0', '0', '0', '1', '1', '0', '0', '0', '1']
alloc-index: 1
2017-03-28 01:01:50.904337 Node recv VFS_BROADCAST 4, BS time 2017-03-28 01:01:51.018000, Total 10, Seed d998c8d145, Delay -0.113663196564, 
v-frame index: 5, alloc-index: 1, fall to rand-frame: False,
v-frame: ['0', '0', '0', '1', '0', '00030757AF', '0', '0', '0', '1', '1', '0', '0', '0', '1', '1', '0', '0', '0', '1']
alloc-index: 1
2017-03-28 01:01:50.916349 Node recv VFS_BROADCAST 5, BS time 2017-03-28 01:01:51.024000, Total 10, Seed d998c8d145, Delay -0.107650518417, 
v-frame index: 5, alloc-index: 1, fall to rand-frame: False,
v-frame: ['0', '0', '0', '1', '0', '00030757AF', '0', '0', '0', '1', '1', '0', '0', '0', '1', '1', '0', '0', '0', '1']
alloc-index: 6
2017-03-28 01:01:50.927987 Node recv VFS_BROADCAST 6, BS time 2017-03-28 01:01:51.031000, Total 10, Seed d998s8d145, Delay -0.103012800217, 
v-frame index: 15, alloc-index: 6, fall to rand-frame: False,
v-frame: ['0', '9', '0', '1', '0', '1', '0', '0', '0', '1', '1', '0', '0', '0', '1', '00030757AF', '0', '0', '0', '1']
alloc-index: 1
2017-03-28 01:01:50.946505 Node recv VFS_BROADCAST 7, BS time 2017-03-28 01:01:51.036000, Total 10, Seed d998c8d145, Delay -0.0894951820374, 
v-frame index: 5, alloc-index: 1, fall to rand-frame: False,
v-frame: ['0', '0', '0', '1', '0', '00030757AF', '0', '0', '0', '1', '1', '0', '0', '0', '1', '1', '0', '0', '0', '1']
alloc-index: 1
2017-03-28 01:01:50.949799 Node recv VFS_BROADCAST 8, BS time 2017-03-28 01:01:51.042000, Total 10, Seed d998c8d145, Delay -0.0922012329102, 
v-frame index: 5, alloc-index: 1, fall to rand-frame: False,
v-frame: ['0', '0', '0', '1', '0', '00030757AF', '0', '0', '0', '1', '1', '0', '0', '0', '1', '1', '0', '0', '0', '1']
alloc-index: 1
2017-03-28 01:01:50.961815 Node recv VFS_BROADCAST 9, BS time 2017-03-28 01:01:51.047000, Total 10, Seed d998c8d145, Delay -0.0851848125458, 
v-frame index: 5, alloc-index: 1, fall to rand-frame: False,
v-frame: ['0', '0', '0', '1', '0', '00030757AF', '0', '0', '0', '1', '1', '0', '0', '0', '1', '1', '0', '0', '0', '1']
alloc-index: 1
2017-03-28 01:01:50.973415 Node recv VFS_BROADCAST 10, BS time 2017-03-28 01:01:51.053000, Total 10, Seed d998c8d145, Delay -0.0795845985413, 
v-frame index: 5, alloc-index: 1, fall to rand-frame: False,
v-frame: ['0', '0', '0', '1', '0', '00030757AF', '0', '0', '0', '1', '1', '0', '0', '0', '1', '1', '0', '0', '0', '1']
alloc-index: 1
2017-03-28 01:01:50.987028 Node recv VFS_BROADCAST 11, BS time 2017-03-28 01:01:51.058000, Total 10, Seed d998c8d145, Delay -0.0709722042084, 
v-frame index: 5, alloc-index: 1, fall to rand-frame: False,
v-frame: ['0', '0', '0', '1', '0', '00030757AF', '0', '0', '0', '1', '1', '0', '0', '0', '1', '1', '0', '0', '0', '1']
alloc-index: 1
2017-03-28 01:01:50.999596 Node recv VFS_BROADCAST 12, BS time 2017-03-28 01:01:51.064000, Total 10, Seed d998c8d145, Delay -0.0644042491913, 
v-frame index: 5, alloc-index: 1, fall to rand-frame: False,
v-frame: ['0', '0', '0', '1', '0', '00030757AF', '0', '0', '0', '1', '1', '0', '0', '0', '1', '1', '0', '0', '0', '1']
alloc-index: 1
2017-03-28 01:01:51.008099 Node recv VFS_BROADCAST 13, BS time 2017-03-28 01:01:51.069000, Total 10, Seed d998c8d145, Delay -0.0609011650085, 
v-frame index: 5, alloc-index: 1, fall to rand-frame: False,
v-frame: ['0', '0', '0', '1', '0', '00030757AF', '0', '0', '0', '1', '1', '0', '0', '0', '1', '1', '0', '0', '0', '1']
alloc-index: 1
2017-03-28 01:01:51.019784 Node recv VFS_BROADCAST 14, BS time 2017-03-28 01:01:51.075000, Total 10, Seed d998c8d145, Delay -0.0552163124084, 
v-frame index: 5, alloc-index: 1, fall to rand-frame: False,
v-frame: ['0', '0', '0', '1', '0', '00030757AF', '0', '0', '0', '1', '1', '0', '0', '0', '1', '1', '0', '0', '0', '1']
alloc-index: 1
2017-03-28 01:01:51.035137 Node recv VFS_BROADCAST 15, BS time 2017-03-28 01:01:51.081000, Total 10, Seed d998c8d145, Delay -0.0458631515503, 
v-frame index: 5, alloc-index: 1, fall to rand-frame: False,
v-frame: ['0', '0', '0', '1', '0', '00030757AF', '0', '0', '0', '1', '1', '0', '0', '0', '1', '1', '0', '0', '0', '1']
alloc-index: 1
2017-03-28 01:01:51.042602 Node recv VFS_BROADCAST 16, BS time 2017-03-28 01:01:51.087000, Total 10, Seed d998c8d145, Delay -0.0443983078003, 
v-frame index: 5, alloc-index: 1, fall to rand-frame: False,
v-frame: ['0', '0', '0', '1', '0', '00030757AF', '0', '0', '0', '1', '1', '0', '0', '0', '1', '1', '0', '0', '0', '1']
alloc-index: 1
2017-03-28 01:01:51.055735 Node recv VFS_BROADCAST 17, BS time 2017-03-28 01:01:51.092000, Total 10, Seed d998c8d145, Delay -0.0362648963928, 
v-frame index: 5, alloc-index: 1, fall to rand-frame: False,
v-frame: ['0', '0', '0', '1', '0', '00030757AF', '0', '0', '0', '1', '1', '0', '0', '0', '1', '1', '0', '0', '0', '1']
alloc-index: 1
2017-03-28 01:01:51.067768 Node recv VFS_BROADCAST 18, BS time 2017-03-28 01:01:51.097000, Total 10, Seed d998c8d145, Delay -0.0292320251465, 
v-frame index: 5, alloc-index: 1, fall to rand-frame: False,
v-frame: ['0', '0', '0', '1', '0', '00030757AF', '0', '0', '0', '1', '1', '0', '0', '0', '1', '1', '0', '0', '0', '1']
alloc-index: 1
2017-03-28 01:01:51.076852 Node recv VFS_BROADCAST 19, BS time 2017-03-28 01:01:51.103000, Total 10, Seed d998c8d145, Delay -0.0261476039886, 
v-frame index: 5, alloc-index: 1, fall to rand-frame: False,
v-frame: ['0', '0', '0', '1', '0', '00030757AF', '0', '0', '0', '1', '1', '0', '0', '0', '1', '1', '0', '0', '0', '1']
alloc-index: 1
2017-03-28 01:01:51.090502 Node recv VFS_BROADCAST 20, BS time 2017-03-28 01:01:51.109000, Total 10, Seed d998c8d145, Delay -0.0184981822968, 
v-frame index: 5, alloc-index: 1, fall to rand-frame: False,
v-frame: ['0', '0', '0', '1', '0', '00030757AF', '0', '0', '0', '1', '1', '0', '0', '0', '1', '1', '0', '0', '0', '1']
alloc-index: 1
2017-03-28 01:01:51.103009 Node recv VFS_BROADCAST 21, BS time 2017-03-28 01:01:51.115000, Total 10, Seed d998c8d145, Delay -0.0119905471802, 
v-frame index: 5, alloc-index: 1, fall to rand-frame: False,
v-frame: ['0', '0', '0', '1', '0', '00030757AF', '0', '0', '0', '1', '1', '0', '0', '0', '1', '1', '0', '0', '0', '1']
alloc-index: 1
2017-03-28 01:01:51.112078 Node recv VFS_BROADCAST 22, BS time 2017-03-28 01:01:51.120000, Total 10, Seed d998c8d145, Delay -0.00792169570923, 
v-frame index: 5, alloc-index: 1, fall to rand-frame: False,
v-frame: ['0', '0', '0', '1', '0', '00030757AF', '0', '0', '0', '1', '1', '0', '0', '0', '1', '1', '0', '0', '0', '1']
alloc-index: 1
2017-03-28 01:01:51.125350 Node recv VFS_BROADCAST 23, BS time 2017-03-28 01:01:51.125000, Total 10, Seed d998c8d145, Delay 0.0003502368927, 
v-frame index: 5, alloc-index: 1, fall to rand-frame: False,
v-frame: ['0', '0', '0', '1', '0', '00030757AF', '0', '0', '0', '1', '1', '0', '0', '0', '1', '1', '0', '0', '0', '1']
alloc-index: 1
2017-03-28 01:01:51.136045 Node recv VFS_BROADCAST 24, BS time 2017-03-28 01:01:51.131000, Total 10, Seed d998c8d145, Delay 0.00504517555237, 
v-frame index: 5, alloc-index: 1, fall to rand-frame: False,
v-frame: ['0', '0', '0', '1', '0', '00030757AF', '0', '0', '0', '1', '1', '0', '0', '0', '1', '1', '0', '0', '0', '1']
alloc-index: 1
2017-03-28 01:01:51.146222 Node recv VFS_BROADCAST 25, BS time 2017-03-28 01:01:51.138000, Total 10, Seed d998c8d145, Delay 0.00822162628174, 
v-frame index: 5, alloc-index: 1, fall to rand-frame: False,
v-frame: ['0', '0', '0', '1', '0', '00030757AF', '0', '0', '0', '1', '1', '0', '0', '0', '1', '1', '0', '0', '0', '1']
alloc-index: 1
2017-03-28 01:01:51.157521 Node recv VFS_BROADCAST 26, BS time 2017-03-28 01:01:51.143000, Total 10, Seed d998c8d145, Delay 0.0145215988159, 
v-frame index: 5, alloc-index: 1, fall to rand-frame: False,
v-frame: ['0', '0', '0', '1', '0', '00030757AF', '0', '0', '0', '1', '1', '0', '0', '0', '1', '1', '0', '0', '0', '1']
alloc-index: 1
2017-03-28 01:01:51.171293 Node recv VFS_BROADCAST 27, BS time 2017-03-28 01:01:51.151000, Total 10, Seed d998c8d145, Delay 0.0202932357788, 
v-frame index: 5, alloc-index: 1, fall to rand-frame: False,
v-frame: ['0', '0', '0', '1', '0', '00030757AF', '0', '0', '0', '1', '1', '0', '0', '0', '1', '1', '0', '0', '0', '1']
alloc-index: 1
2017-03-28 01:01:51.180574 Node recv VFS_BROADCAST 28, BS time 2017-03-28 01:01:51.156000, Total 10, Seed d998c8d145, Delay 0.0245740413666, 
v-frame index: 5, alloc-index: 1, fall to rand-frame: False,
v-frame: ['0', '0', '0', '1', '0', '00030757AF', '0', '0', '0', '1', '1', '0', '0', '0', '1', '1', '0', '0', '0', '1']
alloc-index: 1
2017-03-28 01:01:51.192744 Node recv VFS_BROADCAST 29, BS time 2017-03-28 01:01:51.161000, Total 10, Seed d998c8d145, Delay 0.0317440032959, 
v-frame index: 5, alloc-index: 1, fall to rand-frame: False,
v-frame: ['0', '0', '0', '1', '0', '00030757AF', '0', '0', '0', '1', '1', '0', '0', '0', '1', '1', '0', '0', '0', '1']
alloc-index: 1
2017-03-28 01:01:51.206068 Node recv VFS_BROADCAST 30, BS time 2017-03-28 01:01:51.166000, Total 10, Seed d998c8d145, Delay 0.0400679111481, 
v-frame index: 5, alloc-index: 1, fall to rand-frame: False,
v-frame: ['0', '0', '0', '1', '0', '00030757AF', '0', '0', '0', '1', '1', '0', '0', '0', '1', '1', '0', '0', '0', '1']
------ Stop listen VFS broadcast at 2017-03-28 01:01:51.615180 ------
------ Ready to send VFS packets ------
Fire at 2017-03-28 01:01:53.408003
2017-03-28 01:01:53.409433 VFS: Node 00030757AF send data 1
2017-03-28 01:01:53.414686 VFS: Node 00030757AF send data 2
2017-03-28 01:01:53.419952 VFS: Node 00030757AF send data 3
2017-03-28 01:01:53.426273 VFS: Node 00030757AF send data 4
2017-03-28 01:01:53.431172 VFS: Node 00030757AF send data 5
2017-03-28 01:01:53.436682 VFS: Node 00030757AF send data 6
2017-03-28 01:01:53.442888 VFS: Node 00030757AF send data 7
2017-03-28 01:01:53.448421 VFS: Node 00030757AF send data 8
2017-03-28 01:01:53.453494 VFS: Node 00030757AF send data 9
2017-03-28 01:01:53.459071 VFS: Node 00030757AF send data 10
2017-03-28 01:01:53.464314 VFS: Node 00030757AF send data 11
2017-03-28 01:01:53.469901 VFS: Node 00030757AF send data 12
2017-03-28 01:01:53.475684 VFS: Node 00030757AF send data 13
2017-03-28 01:01:53.482495 VFS: Node 00030757AF send data 14
2017-03-28 01:01:53.487349 VFS: Node 00030757AF send data 15
2017-03-28 01:01:53.492588 VFS: Node 00030757AF send data 16
2017-03-28 01:01:53.497796 VFS: Node 00030757AF send data 17
2017-03-28 01:01:53.503866 VFS: Node 00030757AF send data 18
2017-03-28 01:01:53.508739 VFS: Node 00030757AF send data 19
2017-03-28 01:01:53.514655 VFS: Node 00030757AF send data 20
2017-03-28 01:01:53.521048 VFS: Node 00030757AF send data 21
2017-03-28 01:01:53.526078 VFS: Node 00030757AF send data 22
2017-03-28 01:01:53.531234 VFS: Node 00030757AF send data 23
2017-03-28 01:01:53.536694 VFS: Node 00030757AF send data 24
2017-03-28 01:01:53.543127 VFS: Node 00030757AF send data 25
2017-03-28 01:01:53.548468 VFS: Node 00030757AF send data 26
2017-03-28 01:01:53.554734 VFS: Node 00030757AF send data 27
2017-03-28 01:01:53.559568 VFS: Node 00030757AF send data 28
2017-03-28 01:01:53.564736 VFS: Node 00030757AF send data 29
2017-03-28 01:01:53.569777 VFS: Node 00030757AF send data 30
2017-03-28 01:01:53.570699 - thread done - 
 - duration 0.162258625031 -
------ Send VFS packets end ------

 - VFS duration 7.99936056137 -
------ VFS cycle ends at 2017-03-28 01:01:58.334534 ------



=============================================================================================
========================================== ROUND 4 ==========================================
=============================================================================================


------ Listening ------
