----------------------------------------------------------
Input options: 
{'verbose': True, 'discontinuous': False, 'bandwidth': 1000000.0, 'megabytes': 1.0, 'size': 400, 'log': False, 'antenna': 'TX/RX', 'lo_offset': 0, 'scheme': 'VFS', 'spec': None, 'tx_gain': 60.0, 'tx_amplitude': 0.2, 'modulation': 'bpsk', 'args': 'serial=3094D5C', 'snr': 30.0, 'occupied_tones': 200, 'freq': None, 'logfile': 'B210_vfs.log', 'rx_freq': 2490000000.0, 'rx_gain': 20.0, 'from_file': None, 'to_file': None, 'tx_freq': 2490000000.0, 'clock_source': None, 'cp_length': 128, 'fft_length': 256}
----------------------------------------------------------


NODE ID: 0003094D5C

Clock Rate: 32.0 MHz

####### Test Protocol: VFS #######

2017-03-28 01:39:22.600701 Adjust to PC time: 2017-03-28 01:39:22.600314



=============================================================================================
========================================== ROUND 1 ==========================================
=============================================================================================


------ Listening ------
Adjust time... New time: 2017-03-28 01:39:24.838037
2017-03-28 01:39:24.838037 Node recv BEACON 2. BS time: 2017-03-28 01:39:24.838000, Avg delay: 0.141702651978
Adjust time... New time: 2017-03-28 01:39:24.843046
2017-03-28 01:39:24.843046 Node recv BEACON 3. BS time: 2017-03-28 01:39:24.843000, Avg delay: 0.0721731185913
2017-03-28 01:39:24.849464 Node recv BEACON 4. BS time: 2017-03-28 01:39:24.849000, Avg delay: 0.048270146052
2017-03-28 01:39:24.857168 Node recv BEACON 5. BS time: 2017-03-28 01:39:24.856000, Avg delay: 0.0364946126938
2017-03-28 01:39:24.863211 Node recv BEACON 6. BS time: 2017-03-28 01:39:24.863000, Avg delay: 0.0292378902435
2017-03-28 01:39:24.870362 Node recv BEACON 7. BS time: 2017-03-28 01:39:24.868000, Avg delay: 0.0247584978739
2017-03-28 01:39:24.880074 Node recv BEACON 8. BS time: 2017-03-28 01:39:24.873000, Avg delay: 0.0222321919033
2017-03-28 01:39:24.883643 Node recv BEACON 9. BS time: 2017-03-28 01:39:24.878000, Avg delay: 0.0201584994793
2017-03-28 01:39:24.889920 Node recv BEACON 10. BS time: 2017-03-28 01:39:24.884000, Avg delay: 0.0185764895545
2017-03-28 01:39:24.897936 Node recv BEACON 11. BS time: 2017-03-28 01:39:24.890000, Avg delay: 0.0175124406815
2017-03-28 01:39:24.904074 Node recv BEACON 12. BS time: 2017-03-28 01:39:24.897000, Avg delay: 0.00404958724976
2017-03-28 01:39:24.913277 Node recv BEACON 13. BS time: 2017-03-28 01:39:24.903000, Avg delay: 0.00481288433075
2017-03-28 01:39:24.919692 Node recv BEACON 14. BS time: 2017-03-28 01:39:24.908000, Avg delay: 0.00593564510345
2017-03-28 01:39:24.925116 Node recv BEACON 15. BS time: 2017-03-28 01:39:24.913000, Avg delay: 0.00703046321869
2017-03-28 01:39:24.932583 Node recv BEACON 16. BS time: 2017-03-28 01:39:24.919000, Avg delay: 0.00836770534515
2017-03-28 01:39:24.938964 Node recv BEACON 17. BS time: 2017-03-28 01:39:24.926000, Avg delay: 0.00942795276642
2017-03-28 01:39:24.947245 Node recv BEACON 18. BS time: 2017-03-28 01:39:24.931000, Avg delay: 0.0103449821472
2017-03-28 01:39:24.954034 Node recv BEACON 19. BS time: 2017-03-28 01:39:24.936000, Avg delay: 0.0115840911865
2017-03-28 01:39:24.959512 Node recv BEACON 20. BS time: 2017-03-28 01:39:24.941000, Avg delay: 0.0128432273865
2017-03-28 01:39:24.967366 Node recv BEACON 21. BS time: 2017-03-28 01:39:24.947000, Avg delay: 0.0140862703323
2017-03-28 01:39:24.974654 Node recv BEACON 22. BS time: 2017-03-28 01:39:24.953000, Avg delay: 0.0155442714691
2017-03-28 01:39:24.982765 Node recv BEACON 23. BS time: 2017-03-28 01:39:24.959000, Avg delay: 0.0168931484222
2017-03-28 01:39:24.987856 Node recv BEACON 24. BS time: 2017-03-28 01:39:24.964000, Avg delay: 0.0181095600128
2017-03-28 01:39:24.994009 Node recv BEACON 25. BS time: 2017-03-28 01:39:24.970000, Avg delay: 0.0192988634109
2017-03-28 01:39:25.003642 Node recv BEACON 26. BS time: 2017-03-28 01:39:24.976000, Avg delay: 0.0207047224045
2017-03-28 01:39:25.009061 Node recv BEACON 27. BS time: 2017-03-28 01:39:24.981000, Avg delay: 0.0222144365311
2017-03-28 01:39:25.015555 Node recv BEACON 28. BS time: 2017-03-28 01:39:24.987000, Avg delay: 0.0234455108643
2017-03-28 01:39:25.022528 Node recv BEACON 29. BS time: 2017-03-28 01:39:24.993000, Avg delay: 0.024594950676
2017-03-28 01:39:25.028868 Node recv BEACON 30. BS time: 2017-03-28 01:39:24.998000, Avg delay: 0.025830578804
2017-03-28 01:39:25.210654 Node recv BEACON 2. BS time: 2017-03-28 01:39:25.208000, Avg delay: 0.024059343338
2017-03-28 01:39:25.216955 Node recv BEACON 3. BS time: 2017-03-28 01:39:25.214000, Avg delay: 0.0221894264221
2017-03-28 01:39:25.225497 Node recv BEACON 4. BS time: 2017-03-28 01:39:25.220000, Avg delay: 0.0203625917435
2017-03-28 01:39:25.231052 Node recv BEACON 5. BS time: 2017-03-28 01:39:25.225000, Avg delay: 0.0185822248459
2017-03-28 01:39:25.237288 Node recv BEACON 6. BS time: 2017-03-28 01:39:25.230000, Avg delay: 0.0169100522995
2017-03-28 01:39:25.246010 Node recv BEACON 7. BS time: 2017-03-28 01:39:25.236000, Avg delay: 0.0151468276978
2017-03-28 01:39:25.252826 Node recv BEACON 8. BS time: 2017-03-28 01:39:25.242000, Avg delay: 0.0134233236313
2017-03-28 01:39:25.258602 Node recv BEACON 9. BS time: 2017-03-28 01:39:25.247000, Avg delay: 0.011727976799
2017-03-28 01:39:25.265689 Node recv BEACON 10. BS time: 2017-03-28 01:39:25.252000, Avg delay: 0.0101440191269
2017-03-28 01:39:25.271940 Node recv BEACON 11. BS time: 2017-03-28 01:39:25.257000, Avg delay: 0.00855116844177
2017-03-28 01:39:25.279976 Node recv BEACON 12. BS time: 2017-03-28 01:39:25.262000, Avg delay: 0.0100833654404
2017-03-28 01:39:25.286355 Node recv BEACON 13. BS time: 2017-03-28 01:39:25.268000, Avg delay: 0.0116233825684
2017-03-28 01:39:25.292899 Node recv BEACON 14. BS time: 2017-03-28 01:39:25.274000, Avg delay: 0.0129635810852
2017-03-28 01:39:25.301415 Node recv BEACON 15. BS time: 2017-03-28 01:39:25.279000, Avg delay: 0.0145998239517
2017-03-28 01:39:25.306808 Node recv BEACON 16. BS time: 2017-03-28 01:39:25.286000, Avg delay: 0.0159518241882
2017-03-28 01:39:25.313216 Node recv BEACON 17. BS time: 2017-03-28 01:39:25.291000, Avg delay: 0.0171724319458
2017-03-28 01:39:25.321927 Node recv BEACON 18. BS time: 2017-03-28 01:39:25.296000, Avg delay: 0.018682551384
2017-03-28 01:39:25.327330 Node recv BEACON 19. BS time: 2017-03-28 01:39:25.301000, Avg delay: 0.0201553583145
2017-03-28 01:39:25.335948 Node recv BEACON 20. BS time: 2017-03-28 01:39:25.307000, Avg delay: 0.0216813087463
2017-03-28 01:39:25.341406 Node recv BEACON 21. BS time: 2017-03-28 01:39:25.312000, Avg delay: 0.0231279850006
2017-03-28 01:39:25.349455 Node recv BEACON 22. BS time: 2017-03-28 01:39:25.317000, Avg delay: 0.0245758533478
2017-03-28 01:39:25.356632 Node recv BEACON 23. BS time: 2017-03-28 01:39:25.323000, Avg delay: 0.0261034965515
2017-03-28 01:39:25.362880 Node recv BEACON 24. BS time: 2017-03-28 01:39:25.328000, Avg delay: 0.0277015924454
2017-03-28 01:39:25.370191 Node recv BEACON 25. BS time: 2017-03-28 01:39:25.335000, Avg delay: 0.0289792299271
2017-03-28 01:39:25.376583 Node recv BEACON 26. BS time: 2017-03-28 01:39:25.340000, Avg delay: 0.0305567502975
2017-03-28 01:39:25.382998 Node recv BEACON 27. BS time: 2017-03-28 01:39:25.347000, Avg delay: 0.0319350004196
2017-03-28 01:39:25.390996 Node recv BEACON 28. BS time: 2017-03-28 01:39:25.353000, Avg delay: 0.0331418514252
2017-03-28 01:39:25.396868 Node recv BEACON 29. BS time: 2017-03-28 01:39:25.359000, Avg delay: 0.0342956781387
2017-03-28 01:39:25.403019 Node recv BEACON 30. BS time: 2017-03-28 01:39:25.364000, Avg delay: 0.0353027582169
------ Stop listen at 2017-03-28 01:39:25.600654 ------
------ Listening VFS broadcast ------
rand-index: 8
2017-03-28 01:39:25.999103 Node recv VFS_BROADCAST 2, BS time 2017-03-28 01:39:26.006000, Total 10, Seed c8b01ca191, Delay -0.00689744949341, 
v-frame index: 14, alloc-index: 8, fall to rand-frame: True,
v-frame: ['0', '1', '1', '1', '0', '0', '1', '0', '1', '0', '1', '0', '0', '0', '0', '1', '0', '1', '0', '0']
rand-index: 8
2017-03-28 01:39:26.005540 Node recv VFS_BROADCAST 3, BS time 2017-03-28 01:39:26.012000, Total 10, Seed c8b01ca191, Delay -0.00645995140076, 
v-frame index: 14, alloc-index: 8, fall to rand-frame: True,
v-frame: ['0', '1', '1', '1', '0', '0', '1', '0', '1', '0', '1', '0', '0', '0', '0', '1', '0', '1', '0', '0']
rand-index: 9
2017-03-28 01:39:26.013345 Node recv VFS_BROADCAST 4, BS time 2017-03-28 01:39:26.018000, Total 10, Seed c8b01ca191, Delay -0.00465440750122, 
v-frame index: 14, alloc-index: 9, fall to rand-frame: True,
v-frame: ['0', '1', '1', '1', '0', '0', '1', '0', '1', '0', '1', '0', '0', '0', '0', '1', '0', '1', '0', '0']
rand-index: 8
2017-03-28 01:39:26.021323 Node recv VFS_BROADCAST 5, BS time 2017-03-28 01:39:26.023000, Total 10, Seed c8b01ca191, Delay -0.00167655944824, 
v-frame index: 14, alloc-index: 8, fall to rand-frame: True,
v-frame: ['0', '1', '1', '1', '0', '0', '1', '0', '1', '0', '1', '0', '0', '0', '0', '1', '0', '1', '0', '0']
rand-index: 8
2017-03-28 01:39:26.027650 Node recv VFS_BROADCAST 6, BS time 2017-03-28 01:39:26.029000, Total 10, Seed c8b01ca191, Delay -0.00134968757629, 
v-frame index: 14, alloc-index: 8, fall to rand-frame: True,
v-frame: ['0', '1', '1', '1', '0', '0', '1', '0', '1', '0', '1', '0', '0', '0', '0', '1', '0', '1', '0', '0']
rand-index: 8
2017-03-28 01:39:26.033959 Node recv VFS_BROADCAST 7, BS time 2017-03-28 01:39:26.035000, Total 10, Seed c8b01ca191, Delay -0.00104093551636, 
v-frame index: 14, alloc-index: 8, fall to rand-frame: True,
v-frame: ['0', '1', '1', '1', '0', '0', '1', '0', '1', '0', '1', '0', '0', '0', '0', '1', '0', '1', '0', '0']
rand-index: 9
2017-03-28 01:39:26.040677 Node recv VFS_BROADCAST 8, BS time 2017-03-28 01:39:26.042000, Total 10, Seed c8b01ca191, Delay -0.00132346153259, 
v-frame index: 14, alloc-index: 9, fall to rand-frame: True,
v-frame: ['0', '1', '1', '1', '0', '0', '1', '0', '1', '0', '1', '0', '0', '0', '0', '1', '0', '1', '0', '0']
rand-index: 9
2017-03-28 01:39:26.049415 Node recv VFS_BROADCAST 9, BS time 2017-03-28 01:39:26.047000, Total 10, Seed c8b01ca191, Delay 0.00241494178772, 
v-frame index: 14, alloc-index: 9, fall to rand-frame: True,
v-frame: ['0', '1', '1', '1', '0', '0', '1', '0', '1', '0', '1', '0', '0', '0', '0', '1', '0', '1', '0', '0']
rand-index: 9
2017-03-28 01:39:26.055414 Node recv VFS_BROADCAST 10, BS time 2017-03-28 01:39:26.053000, Total 10, Seed c8b01ca191, Delay 0.00241422653198, 
v-frame index: 14, alloc-index: 9, fall to rand-frame: True,
v-frame: ['0', '1', '1', '1', '0', '0', '1', '0', '1', '0', '1', '0', '0', '0', '0', '1', '0', '1', '0', '0']
rand-index: 8
2017-03-28 01:39:26.062394 Node recv VFS_BROADCAST 11, BS time 2017-03-28 01:39:26.058000, Total 10, Seed c8b01ca191, Delay 0.00439405441284, 
v-frame index: 14, alloc-index: 8, fall to rand-frame: True,
v-frame: ['0', '1', '1', '1', '0', '0', '1', '0', '1', '0', '1', '0', '0', '0', '0', '1', '0', '1', '0', '0']
rand-index: 9
2017-03-28 01:39:26.068811 Node recv VFS_BROADCAST 12, BS time 2017-03-28 01:39:26.064000, Total 10, Seed c8b01ca191, Delay 0.00481104850769, 
v-frame index: 14, alloc-index: 9, fall to rand-frame: True,
v-frame: ['0', '1', '1', '1', '0', '0', '1', '0', '1', '0', '1', '0', '0', '0', '0', '1', '0', '1', '0', '0']
rand-index: 8
2017-03-28 01:39:26.074879 Node recv VFS_BROADCAST 13, BS time 2017-03-28 01:39:26.070000, Total 10, Seed c8b01ca191, Delay 0.00487923622131, 
v-frame index: 14, alloc-index: 8, fall to rand-frame: True,
v-frame: ['0', '1', '1', '1', '0', '0', '1', '0', '1', '0', '1', '0', '0', '0', '0', '1', '0', '1', '0', '0']
rand-index: 8
2017-03-28 01:39:26.089310 Node recv VFS_BROADCAST 15, BS time 2017-03-28 01:39:26.082000, Total 10, Seed c8b01ca191, Delay 0.00730967521667, 
v-frame index: 14, alloc-index: 8, fall to rand-frame: True,
v-frame: ['0', '1', '1', '1', '0', '0', '1', '0', '1', '0', '1', '0', '0', '0', '0', '1', '0', '1', '0', '0']
rand-index: 8
2017-03-28 01:39:26.096343 Node recv VFS_BROADCAST 16, BS time 2017-03-28 01:39:26.087000, Total 10, Seed c8b01ca191, Delay 0.00934314727783, 
v-frame index: 14, alloc-index: 8, fall to rand-frame: True,
v-frame: ['0', '1', '1', '1', '0', '0', '1', '0', '1', '0', '1', '0', '0', '0', '0', '1', '0', '1', '0', '0']
rand-index: 8
2017-03-28 01:39:26.103369 Node recv VFS_BROADCAST 17, BS time 2017-03-28 01:39:26.092000, Total 10, Seed c8b01ca191, Delay 0.0113685131073, 
v-frame index: 14, alloc-index: 8, fall to rand-frame: True,
v-frame: ['0', '1', '1', '1', '0', '0', '1', '0', '1', '0', '1', '0', '0', '0', '0', '1', '0', '1', '0', '0']
rand-index: 8
2017-03-28 01:39:26.109547 Node recv VFS_BROADCAST 18, BS time 2017-03-28 01:39:26.097000, Total 10, Seed c8b01ca191, Delay 0.0125470161438, 
v-frame index: 14, alloc-index: 8, fall to rand-frame: True,
v-frame: ['0', '1', '1', '1', '0', '0', '1', '0', '1', '0', '1', '0', '0', '0', '0', '1', '0', '1', '0', '0']
rand-index: 9
2017-03-28 01:39:26.118448 Node recv VFS_BROADCAST 19, BS time 2017-03-28 01:39:26.103000, Total 10, Seed c8b01ca191, Delay 0.0154478549957, 
v-frame index: 14, alloc-index: 9, fall to rand-frame: True,
v-frame: ['0', '1', '1', '1', '0', '0', '1', '0', '1', '0', '1', '0', '0', '0', '0', '1', '0', '1', '0', '0']
rand-index: 8
2017-03-28 01:39:26.125363 Node recv VFS_BROADCAST 20, BS time 2017-03-28 01:39:26.109000, Total 10, Seed c8b01ca191, Delay 0.0163631439209, 
v-frame index: 14, alloc-index: 8, fall to rand-frame: True,
v-frame: ['0', '1', '1', '1', '0', '0', '1', '0', '1', '0', '1', '0', '0', '0', '0', '1', '0', '1', '0', '0']
rand-index: 8
2017-03-28 01:39:26.130370 Node recv VFS_BROADCAST 21, BS time 2017-03-28 01:39:26.115000, Total 10, Seed c8b01ca191, Delay 0.0153701305389, 
v-frame index: 14, alloc-index: 8, fall to rand-frame: True,
v-frame: ['0', '1', '1', '1', '0', '0', '1', '0', '1', '0', '1', '0', '0', '0', '0', '1', '0', '1', '0', '0']
rand-index: 9
2017-03-28 01:39:26.138060 Node recv VFS_BROADCAST 22, BS time 2017-03-28 01:39:26.120000, Total 10, Seed c8b01ca191, Delay 0.0180597305298, 
v-frame index: 14, alloc-index: 9, fall to rand-frame: True,
v-frame: ['0', '1', '1', '1', '0', '0', '1', '0', '1', '0', '1', '0', '0', '0', '0', '1', '0', '1', '0', '0']
rand-index: 9
2017-03-28 01:39:26.144396 Node recv VFS_BROADCAST 23, BS time 2017-03-28 01:39:26.126000, Total 10, Seed c8b01ca191, Delay 0.0183963775635, 
v-frame index: 14, alloc-index: 9, fall to rand-frame: True,
v-frame: ['0', '1', '1', '1', '0', '0', '1', '0', '1', '0', '1', '0', '0', '0', '0', '1', '0', '1', '0', '0']
rand-index: 9
2017-03-28 01:39:26.153575 Node recv VFS_BROADCAST 24, BS time 2017-03-28 01:39:26.132000, Total 10, Seed c8b01ca191, Delay 0.0215754508972, 
v-frame index: 14, alloc-index: 9, fall to rand-frame: True,
v-frame: ['0', '1', '1', '1', '0', '0', '1', '0', '1', '0', '1', '0', '0', '0', '0', '1', '0', '1', '0', '0']
rand-index: 9
2017-03-28 01:39:26.160862 Node recv VFS_BROADCAST 25, BS time 2017-03-28 01:39:26.138000, Total 10, Seed c8b01ca191, Delay 0.0228617191315, 
v-frame index: 14, alloc-index: 9, fall to rand-frame: True,
v-frame: ['0', '1', '1', '1', '0', '0', '1', '0', '1', '0', '1', '0', '0', '0', '0', '1', '0', '1', '0', '0']
rand-index: 8
2017-03-28 01:39:26.165385 Node recv VFS_BROADCAST 26, BS time 2017-03-28 01:39:26.143000, Total 10, Seed c8b01ca191, Delay 0.0223848819733, 
v-frame index: 14, alloc-index: 8, fall to rand-frame: True,
v-frame: ['0', '1', '1', '1', '0', '0', '1', '0', '1', '0', '1', '0', '0', '0', '0', '1', '0', '1', '0', '0']
rand-index: 9
2017-03-28 01:39:26.173197 Node recv VFS_BROADCAST 27, BS time 2017-03-28 01:39:26.150000, Total 10, Seed c8b01ca191, Delay 0.0231971740723, 
v-frame index: 14, alloc-index: 9, fall to rand-frame: True,
v-frame: ['0', '1', '1', '1', '0', '0', '1', '0', '1', '0', '1', '0', '0', '0', '0', '1', '0', '1', '0', '0']
rand-index: 9
2017-03-28 01:39:26.184360 Node recv VFS_BROADCAST 28, BS time 2017-03-28 01:39:26.156000, Total 10, Seed c8b01ca191, Delay 0.0283603668213, 
v-frame index: 14, alloc-index: 9, fall to rand-frame: True,
v-frame: ['0', '1', '1', '1', '0', '0', '1', '0', '1', '0', '1', '0', '0', '0', '0', '1', '0', '1', '0', '0']
rand-index: 8
2017-03-28 01:39:26.186656 Node recv VFS_BROADCAST 29, BS time 2017-03-28 01:39:26.161000, Total 10, Seed c8b01ca191, Delay 0.0256555080414, 
v-frame index: 14, alloc-index: 8, fall to rand-frame: True,
v-frame: ['0', '1', '1', '1', '0', '0', '1', '0', '1', '0', '1', '0', '0', '0', '0', '1', '0', '1', '0', '0']
rand-index: 9
2017-03-28 01:39:26.193258 Node recv VFS_BROADCAST 30, BS time 2017-03-28 01:39:26.167000, Total 10, Seed c8b01ca191, Delay 0.0262579917908, 
v-frame index: 14, alloc-index: 9, fall to rand-frame: True,
v-frame: ['0', '1', '1', '1', '0', '0', '1', '0', '1', '0', '1', '0', '0', '0', '0', '1', '0', '1', '0', '0']
------ Stop listen VFS broadcast at 2017-03-28 01:39:26.601444 ------
------ Ready to send VFS packets ------
Fire at 2017-03-28 01:39:32.408149
2017-03-28 01:39:32.409418 VFS: Node 0003094D5C send data 1
2017-03-28 01:39:32.414671 VFS: Node 0003094D5C send data 2
2017-03-28 01:39:32.419905 VFS: Node 0003094D5C send data 3
2017-03-28 01:39:32.426009 VFS: Node 0003094D5C send data 4
2017-03-28 01:39:32.432514 VFS: Node 0003094D5C send data 5
2017-03-28 01:39:32.437797 VFS: Node 0003094D5C send data 6
2017-03-28 01:39:32.443485 VFS: Node 0003094D5C send data 7
2017-03-28 01:39:32.450089 VFS: Node 0003094D5C send data 8
2017-03-28 01:39:32.455144 VFS: Node 0003094D5C send data 9
2017-03-28 01:39:32.460882 VFS: Node 0003094D5C send data 10
2017-03-28 01:39:32.466049 VFS: Node 0003094D5C send data 11
2017-03-28 01:39:32.471509 VFS: Node 0003094D5C send data 12
2017-03-28 01:39:32.476970 VFS: Node 0003094D5C send data 13
2017-03-28 01:39:32.482878 VFS: Node 0003094D5C send data 14
2017-03-28 01:39:32.489154 VFS: Node 0003094D5C send data 15
2017-03-28 01:39:32.495660 VFS: Node 0003094D5C send data 16
2017-03-28 01:39:32.500576 VFS: Node 0003094D5C send data 17
2017-03-28 01:39:32.506309 VFS: Node 0003094D5C send data 18
2017-03-28 01:39:32.511600 VFS: Node 0003094D5C send data 19
2017-03-28 01:39:32.517115 VFS: Node 0003094D5C send data 20
2017-03-28 01:39:32.522832 VFS: Node 0003094D5C send data 21
2017-03-28 01:39:32.528767 VFS: Node 0003094D5C send data 22
2017-03-28 01:39:32.534423 VFS: Node 0003094D5C send data 23
2017-03-28 01:39:32.540329 VFS: Node 0003094D5C send data 24
2017-03-28 01:39:32.546439 VFS: Node 0003094D5C send data 25
2017-03-28 01:39:32.552369 VFS: Node 0003094D5C send data 26
2017-03-28 01:39:32.557461 VFS: Node 0003094D5C send data 27
2017-03-28 01:39:32.563168 VFS: Node 0003094D5C send data 28
2017-03-28 01:39:32.568602 VFS: Node 0003094D5C send data 29
2017-03-28 01:39:32.573891 VFS: Node 0003094D5C send data 30
2017-03-28 01:39:32.575720 - thread done - 
 - duration 0.167734622955 -
------ Send VFS packets end ------

 - VFS duration 7.99907112122 -
------ VFS cycle ends at 2017-03-28 01:39:33.600245 ------



=============================================================================================
========================================== ROUND 2 ==========================================
=============================================================================================


------ Listening ------
2017-03-28 01:39:33.871563 Node recv BEACON 2. BS time: 2017-03-28 01:39:33.869000, Avg delay: 0.0326184749603
2017-03-28 01:39:33.877955 Node recv BEACON 3. BS time: 2017-03-28 01:39:33.874000, Avg delay: 0.029768538475
2017-03-28 01:39:33.886376 Node recv BEACON 4. BS time: 2017-03-28 01:39:33.880000, Avg delay: 0.0270429372787
2017-03-28 01:39:33.892206 Node recv BEACON 5. BS time: 2017-03-28 01:39:33.885000, Avg delay: 0.0242755651474
2017-03-28 01:39:33.898364 Node recv BEACON 6. BS time: 2017-03-28 01:39:33.891000, Avg delay: 0.0214928627014
2017-03-28 01:39:33.906908 Node recv BEACON 7. BS time: 2017-03-28 01:39:33.896000, Avg delay: 0.0189254283905
2017-03-28 01:39:33.913432 Node recv BEACON 8. BS time: 2017-03-28 01:39:33.902000, Avg delay: 0.0164687633514
2017-03-28 01:39:33.919359 Node recv BEACON 9. BS time: 2017-03-28 01:39:33.908000, Avg delay: 0.0138050556183
2017-03-28 01:39:33.926814 Node recv BEACON 10. BS time: 2017-03-28 01:39:33.914000, Avg delay: 0.0112996101379
2017-03-28 01:39:33.932972 Node recv BEACON 11. BS time: 2017-03-28 01:39:33.919000, Avg delay: 0.00879497528076
2017-03-28 01:39:33.941055 Node recv BEACON 12. BS time: 2017-03-28 01:39:33.924000, Avg delay: 0.0102440834045
2017-03-28 01:39:33.948724 Node recv BEACON 13. BS time: 2017-03-28 01:39:33.930000, Avg delay: 0.0117209434509
2017-03-28 01:39:33.954250 Node recv BEACON 14. BS time: 2017-03-28 01:39:33.936000, Avg delay: 0.0129083871841
2017-03-28 01:39:33.962759 Node recv BEACON 15. BS time: 2017-03-28 01:39:33.941000, Avg delay: 0.0143636703491
2017-03-28 01:39:33.967926 Node recv BEACON 16. BS time: 2017-03-28 01:39:33.947000, Avg delay: 0.0157198667526
2017-03-28 01:39:33.974270 Node recv BEACON 17. BS time: 2017-03-28 01:39:33.953000, Avg delay: 0.0167560577393
2017-03-28 01:39:33.982792 Node recv BEACON 18. BS time: 2017-03-28 01:39:33.958000, Avg delay: 0.0180921077728
2017-03-28 01:39:33.989372 Node recv BEACON 19. BS time: 2017-03-28 01:39:33.964000, Avg delay: 0.0194934129715
2017-03-28 01:39:33.996361 Node recv BEACON 20. BS time: 2017-03-28 01:39:33.969000, Avg delay: 0.0209481239319
2017-03-28 01:39:34.002621 Node recv BEACON 21. BS time: 2017-03-28 01:39:33.976000, Avg delay: 0.0222129821777
2017-03-28 01:39:34.009273 Node recv BEACON 22. BS time: 2017-03-28 01:39:33.981000, Avg delay: 0.0233347892761
2017-03-28 01:39:34.017221 Node recv BEACON 23. BS time: 2017-03-28 01:39:33.987000, Avg delay: 0.0244845151901
2017-03-28 01:39:34.024024 Node recv BEACON 24. BS time: 2017-03-28 01:39:33.992000, Avg delay: 0.0258618593216
2017-03-28 01:39:34.031058 Node recv BEACON 25. BS time: 2017-03-28 01:39:33.998000, Avg delay: 0.026991724968
2017-03-28 01:39:34.037512 Node recv BEACON 26. BS time: 2017-03-28 01:39:34.004000, Avg delay: 0.0282503604889
2017-03-28 01:39:34.044637 Node recv BEACON 27. BS time: 2017-03-28 01:39:34.011000, Avg delay: 0.0294870138168
2017-03-28 01:39:34.052230 Node recv BEACON 28. BS time: 2017-03-28 01:39:34.016000, Avg delay: 0.0306307554245
2017-03-28 01:39:34.057812 Node recv BEACON 29. BS time: 2017-03-28 01:39:34.022000, Avg delay: 0.0316747903824
2017-03-28 01:39:34.063891 Node recv BEACON 30. BS time: 2017-03-28 01:39:34.027000, Avg delay: 0.0326277971268
2017-03-28 01:39:34.239622 Node recv BEACON 2. BS time: 2017-03-28 01:39:34.237000, Avg delay: 0.0302278518677
2017-03-28 01:39:34.247561 Node recv BEACON 3. BS time: 2017-03-28 01:39:34.243000, Avg delay: 0.0278566837311
2017-03-28 01:39:34.254050 Node recv BEACON 4. BS time: 2017-03-28 01:39:34.248000, Avg delay: 0.0254395484924
2017-03-28 01:39:34.261238 Node recv BEACON 5. BS time: 2017-03-28 01:39:34.254000, Avg delay: 0.0229610443115
2017-03-28 01:39:34.268351 Node recv BEACON 6. BS time: 2017-03-28 01:39:34.259000, Avg delay: 0.0205904006958
2017-03-28 01:39:34.276993 Node recv BEACON 7. BS time: 2017-03-28 01:39:34.265000, Avg delay: 0.0184384822845
2017-03-28 01:39:34.282688 Node recv BEACON 8. BS time: 2017-03-28 01:39:34.271000, Avg delay: 0.0162435770035
2017-03-28 01:39:34.289707 Node recv BEACON 9. BS time: 2017-03-28 01:39:34.276000, Avg delay: 0.0139913082123
2017-03-28 01:39:34.294983 Node recv BEACON 10. BS time: 2017-03-28 01:39:34.282000, Avg delay: 0.0117084026337
2017-03-28 01:39:34.302985 Node recv BEACON 11. BS time: 2017-03-28 01:39:34.288000, Avg delay: 0.00951783657074
2017-03-28 01:39:34.309171 Node recv BEACON 12. BS time: 2017-03-28 01:39:34.293000, Avg delay: 0.0108727931976
2017-03-28 01:39:34.315740 Node recv BEACON 13. BS time: 2017-03-28 01:39:34.299000, Avg delay: 0.0120906591415
2017-03-28 01:39:34.323704 Node recv BEACON 14. BS time: 2017-03-28 01:39:34.305000, Avg delay: 0.013356089592
2017-03-28 01:39:34.330687 Node recv BEACON 15. BS time: 2017-03-28 01:39:34.311000, Avg delay: 0.0146009206772
2017-03-28 01:39:34.337662 Node recv BEACON 16. BS time: 2017-03-28 01:39:34.317000, Avg delay: 0.0157319545746
2017-03-28 01:39:34.343933 Node recv BEACON 17. BS time: 2017-03-28 01:39:34.322000, Avg delay: 0.0167259454727
2017-03-28 01:39:34.352566 Node recv BEACON 18. BS time: 2017-03-28 01:39:34.327000, Avg delay: 0.0181138277054
2017-03-28 01:39:34.359336 Node recv BEACON 19. BS time: 2017-03-28 01:39:34.334000, Avg delay: 0.0192766904831
2017-03-28 01:39:34.365175 Node recv BEACON 20. BS time: 2017-03-28 01:39:34.339000, Avg delay: 0.0205958366394
2017-03-28 01:39:34.372365 Node recv BEACON 21. BS time: 2017-03-28 01:39:34.345000, Avg delay: 0.0218338489532
2017-03-28 01:39:34.379060 Node recv BEACON 22. BS time: 2017-03-28 01:39:34.351000, Avg delay: 0.0230227231979
2017-03-28 01:39:34.385558 Node recv BEACON 23. BS time: 2017-03-28 01:39:34.357000, Avg delay: 0.0242045402527
2017-03-28 01:39:34.393743 Node recv BEACON 24. BS time: 2017-03-28 01:39:34.362000, Avg delay: 0.0255084276199
2017-03-28 01:39:34.399191 Node recv BEACON 25. BS time: 2017-03-28 01:39:34.368000, Avg delay: 0.026658821106
2017-03-28 01:39:34.405449 Node recv BEACON 26. BS time: 2017-03-28 01:39:34.375000, Avg delay: 0.0276375770569
2017-03-28 01:39:34.414121 Node recv BEACON 27. BS time: 2017-03-28 01:39:34.380000, Avg delay: 0.0288563966751
2017-03-28 01:39:34.419722 Node recv BEACON 28. BS time: 2017-03-28 01:39:34.385000, Avg delay: 0.0297719717026
2017-03-28 01:39:34.428098 Node recv BEACON 29. BS time: 2017-03-28 01:39:34.390000, Avg delay: 0.0310482025146
2017-03-28 01:39:34.433769 Node recv BEACON 30. BS time: 2017-03-28 01:39:34.396000, Avg delay: 0.032207608223
------ Stop listen at 2017-03-28 01:39:34.631283 ------
------ Listening VFS broadcast ------
alloc-index: 5
2017-03-28 01:39:34.998430 Node recv VFS_BROADCAST 2, BS time 2017-03-28 01:39:35.006000, Total 10, Seed a95c40edff, Delay -0.00757026672363, 
v-frame index: 14, alloc-index: 5, fall to rand-frame: False,
v-frame: ['1', '0', '0', '0', '1', '0', '1', '0', '0', '1', '0', '0', '0', '1', '0003094D5C', '0', '1', '0', '0', '1']
alloc-index: 5
2017-03-28 01:39:35.006656 Node recv VFS_BROADCAST 3, BS time 2017-03-28 01:39:35.012000, Total 10, Seed a95c40edff, Delay -0.00534391403198, 
v-frame index: 14, alloc-index: 5, fall to rand-frame: False,
v-frame: ['1', '0', '0', '0', '1', '0', '1', '0', '0', '1', '0', '0', '0', '1', '0003094D5C', '0', '1', '0', '0', '1']
alloc-index: 5
2017-03-28 01:39:35.012941 Node recv VFS_BROADCAST 4, BS time 2017-03-28 01:39:35.019000, Total 10, Seed a95c40edff, Delay -0.00605869293213, 
v-frame index: 14, alloc-index: 5, fall to rand-frame: False,
v-frame: ['1', '0', '0', '0', '1', '0', '1', '0', '0', '1', '0', '0', '0', '1', '0003094D5C', '0', '1', '0', '0', '1']
alloc-index: 5
2017-03-28 01:39:35.021766 Node recv VFS_BROADCAST 5, BS time 2017-03-28 01:39:35.024000, Total 10, Seed a95c40edff, Delay -0.00223398208618, 
v-frame index: 14, alloc-index: 5, fall to rand-frame: False,
v-frame: ['1', '0', '0', '0', '1', '0', '1', '0', '0', '1', '0', '0', '0', '1', '0003094D5C', '0', '1', '0', '0', '1']
alloc-index: 5
2017-03-28 01:39:35.027236 Node recv VFS_BROADCAST 6, BS time 2017-03-28 01:39:35.030000, Total 10, Seed a95c40edff, Delay -0.0027642250061, 
v-frame index: 14, alloc-index: 5, fall to rand-frame: False,
v-frame: ['1', '0', '0', '0', '1', '0', '1', '0', '0', '1', '0', '0', '0', '1', '0003094D5C', '0', '1', '0', '0', '1']
alloc-index: 5
2017-03-28 01:39:35.034249 Node recv VFS_BROADCAST 7, BS time 2017-03-28 01:39:35.035000, Total 10, Seed a95c40edff, Delay -0.00075101852417, 
v-frame index: 14, alloc-index: 5, fall to rand-frame: False,
v-frame: ['1', '0', '0', '0', '1', '0', '1', '0', '0', '1', '0', '0', '0', '1', '0003094D5C', '0', '1', '0', '0', '1']
alloc-index: 5
2017-03-28 01:39:35.041317 Node recv VFS_BROADCAST 8, BS time 2017-03-28 01:39:35.042000, Total 10, Seed a95c40edff, Delay -0.000683069229126, 
v-frame index: 14, alloc-index: 5, fall to rand-frame: False,
v-frame: ['1', '0', '0', '0', '1', '0', '1', '0', '0', '1', '0', '0', '0', '1', '0003094D5C', '0', '1', '0', '0', '1']
alloc-index: 5
2017-03-28 01:39:35.048959 Node recv VFS_BROADCAST 9, BS time 2017-03-28 01:39:35.047000, Total 10, Seed a95c40edff, Delay 0.00195860862732, 
v-frame index: 14, alloc-index: 5, fall to rand-frame: False,
v-frame: ['1', '0', '0', '0', '1', '0', '1', '0', '0', '1', '0', '0', '0', '1', '0003094D5C', '0', '1', '0', '0', '1']
alloc-index: 5
2017-03-28 01:39:35.055504 Node recv VFS_BROADCAST 10, BS time 2017-03-28 01:39:35.052000, Total 10, Seed a95c40edff, Delay 0.00350379943848, 
v-frame index: 14, alloc-index: 5, fall to rand-frame: False,
v-frame: ['1', '0', '0', '0', '1', '0', '1', '0', '0', '1', '0', '0', '0', '1', '0003094D5C', '0', '1', '0', '0', '1']
alloc-index: 5
2017-03-28 01:39:35.061675 Node recv VFS_BROADCAST 11, BS time 2017-03-28 01:39:35.058000, Total 10, Seed a95c40edff, Delay 0.00367498397827, 
v-frame index: 14, alloc-index: 5, fall to rand-frame: False,
v-frame: ['1', '0', '0', '0', '1', '0', '1', '0', '0', '1', '0', '0', '0', '1', '0003094D5C', '0', '1', '0', '0', '1']
alloc-index: 5
2017-03-28 01:39:35.067929 Node recv VFS_BROADCAST 12, BS time 2017-03-28 01:39:35.063000, Total 10, Seed a95c40edff, Delay 0.00492882728577, 
v-frame index: 14, alloc-index: 5, fall to rand-frame: False,
v-frame: ['1', '0', '0', '0', '1', '0', '1', '0', '0', '1', '0', '0', '0', '1', '0003094D5C', '0', '1', '0', '0', '1']
alloc-index: 5
2017-03-28 01:39:35.076135 Node recv VFS_BROADCAST 13, BS time 2017-03-28 01:39:35.069000, Total 10, Seed a95c40edff, Delay 0.00713515281677, 
v-frame index: 14, alloc-index: 5, fall to rand-frame: False,
v-frame: ['1', '0', '0', '0', '1', '0', '1', '0', '0', '1', '0', '0', '0', '1', '0003094D5C', '0', '1', '0', '0', '1']
alloc-index: 5
2017-03-28 01:39:35.083352 Node recv VFS_BROADCAST 14, BS time 2017-03-28 01:39:35.075000, Total 10, Seed a95c40edff, Delay 0.00835204124451, 
v-frame index: 14, alloc-index: 5, fall to rand-frame: False,
v-frame: ['1', '0', '0', '0', '1', '0', '1', '0', '0', '1', '0', '0', '0', '1', '0003094D5C', '0', '1', '0', '0', '1']
alloc-index: 5
2017-03-28 01:39:35.088856 Node recv VFS_BROADCAST 15, BS time 2017-03-28 01:39:35.082000, Total 10, Seed a95c40edff, Delay 0.00685596466064, 
v-frame index: 14, alloc-index: 5, fall to rand-frame: False,
v-frame: ['1', '0', '0', '0', '1', '0', '1', '0', '0', '1', '0', '0', '0', '1', '0003094D5C', '0', '1', '0', '0', '1']
alloc-index: 5
2017-03-28 01:39:35.097202 Node recv VFS_BROADCAST 16, BS time 2017-03-28 01:39:35.087000, Total 10, Seed a95c40edff, Delay 0.0102024078369, 
v-frame index: 14, alloc-index: 5, fall to rand-frame: False,
v-frame: ['1', '0', '0', '0', '1', '0', '1', '0', '0', '1', '0', '0', '0', '1', '0003094D5C', '0', '1', '0', '0', '1']
alloc-index: 5
2017-03-28 01:39:35.102944 Node recv VFS_BROADCAST 17, BS time 2017-03-28 01:39:35.093000, Total 10, Seed a95c40edff, Delay 0.00994396209717, 
v-frame index: 14, alloc-index: 5, fall to rand-frame: False,
v-frame: ['1', '0', '0', '0', '1', '0', '1', '0', '0', '1', '0', '0', '0', '1', '0003094D5C', '0', '1', '0', '0', '1']
alloc-index: 5
2017-03-28 01:39:35.112011 Node recv VFS_BROADCAST 18, BS time 2017-03-28 01:39:35.099000, Total 10, Seed a95c40edff, Delay 0.0130109786987, 
v-frame index: 14, alloc-index: 5, fall to rand-frame: False,
v-frame: ['1', '0', '0', '0', '1', '0', '1', '0', '0', '1', '0', '0', '0', '1', '0003094D5C', '0', '1', '0', '0', '1']
alloc-index: 5
2017-03-28 01:39:35.117565 Node recv VFS_BROADCAST 19, BS time 2017-03-28 01:39:35.105000, Total 10, Seed a95c40edff, Delay 0.0125651359558, 
v-frame index: 14, alloc-index: 5, fall to rand-frame: False,
v-frame: ['1', '0', '0', '0', '1', '0', '1', '0', '0', '1', '0', '0', '0', '1', '0003094D5C', '0', '1', '0', '0', '1']
alloc-index: 5
2017-03-28 01:39:35.124040 Node recv VFS_BROADCAST 20, BS time 2017-03-28 01:39:35.111000, Total 10, Seed a95c40edff, Delay 0.0130395889282, 
v-frame index: 14, alloc-index: 5, fall to rand-frame: False,
v-frame: ['1', '0', '0', '0', '1', '0', '1', '0', '0', '1', '0', '0', '0', '1', '0003094D5C', '0', '1', '0', '0', '1']
alloc-index: 5
2017-03-28 01:39:35.131238 Node recv VFS_BROADCAST 21, BS time 2017-03-28 01:39:35.116000, Total 10, Seed a95c40edff, Delay 0.0152380466461, 
v-frame index: 14, alloc-index: 5, fall to rand-frame: False,
v-frame: ['1', '0', '0', '0', '1', '0', '1', '0', '0', '1', '0', '0', '0', '1', '0003094D5C', '0', '1', '0', '0', '1']
alloc-index: 5
2017-03-28 01:39:35.138850 Node recv VFS_BROADCAST 22, BS time 2017-03-28 01:39:35.122000, Total 10, Seed a95c40edff, Delay 0.016850233078, 
v-frame index: 14, alloc-index: 5, fall to rand-frame: False,
v-frame: ['1', '0', '0', '0', '1', '0', '1', '0', '0', '1', '0', '0', '0', '1', '0003094D5C', '0', '1', '0', '0', '1']
alloc-index: 5
2017-03-28 01:39:35.145603 Node recv VFS_BROADCAST 23, BS time 2017-03-28 01:39:35.129000, Total 10, Seed a95c40edff, Delay 0.0166029930115, 
v-frame index: 14, alloc-index: 5, fall to rand-frame: False,
v-frame: ['1', '0', '0', '0', '1', '0', '1', '0', '0', '1', '0', '0', '0', '1', '0003094D5C', '0', '1', '0', '0', '1']
alloc-index: 5
2017-03-28 01:39:35.152677 Node recv VFS_BROADCAST 24, BS time 2017-03-28 01:39:35.134000, Total 10, Seed a95c40edff, Delay 0.0186767578125, 
v-frame index: 14, alloc-index: 5, fall to rand-frame: False,
v-frame: ['1', '0', '0', '0', '1', '0', '1', '0', '0', '1', '0', '0', '0', '1', '0003094D5C', '0', '1', '0', '0', '1']
alloc-index: 5
2017-03-28 01:39:35.158048 Node recv VFS_BROADCAST 25, BS time 2017-03-28 01:39:35.140000, Total 10, Seed a95c40edff, Delay 0.0180475711823, 
v-frame index: 14, alloc-index: 5, fall to rand-frame: False,
v-frame: ['1', '0', '0', '0', '1', '0', '1', '0', '0', '1', '0', '0', '0', '1', '0003094D5C', '0', '1', '0', '0', '1']
alloc-index: 5
2017-03-28 01:39:35.166004 Node recv VFS_BROADCAST 26, BS time 2017-03-28 01:39:35.145000, Total 10, Seed a95c40edff, Delay 0.0210041999817, 
v-frame index: 14, alloc-index: 5, fall to rand-frame: False,
v-frame: ['1', '0', '0', '0', '1', '0', '1', '0', '0', '1', '0', '0', '0', '1', '0003094D5C', '0', '1', '0', '0', '1']
alloc-index: 5
2017-03-28 01:39:35.172891 Node recv VFS_BROADCAST 27, BS time 2017-03-28 01:39:35.152000, Total 10, Seed a95c40edff, Delay 0.0208909511566, 
v-frame index: 14, alloc-index: 5, fall to rand-frame: False,
v-frame: ['1', '0', '0', '0', '1', '0', '1', '0', '0', '1', '0', '0', '0', '1', '0003094D5C', '0', '1', '0', '0', '1']
alloc-index: 5
2017-03-28 01:39:35.180290 Node recv VFS_BROADCAST 28, BS time 2017-03-28 01:39:35.157000, Total 10, Seed a95c40edff, Delay 0.0232894420624, 
v-frame index: 14, alloc-index: 5, fall to rand-frame: False,
v-frame: ['1', '0', '0', '0', '1', '0', '1', '0', '0', '1', '0', '0', '0', '1', '0003094D5C', '0', '1', '0', '0', '1']
alloc-index: 5
2017-03-28 01:39:35.186492 Node recv VFS_BROADCAST 29, BS time 2017-03-28 01:39:35.163000, Total 10, Seed a95c40edff, Delay 0.0234916210175, 
v-frame index: 14, alloc-index: 5, fall to rand-frame: False,
v-frame: ['1', '0', '0', '0', '1', '0', '1', '0', '0', '1', '0', '0', '0', '1', '0003094D5C', '0', '1', '0', '0', '1']
alloc-index: 5
2017-03-28 01:39:35.192597 Node recv VFS_BROADCAST 30, BS time 2017-03-28 01:39:35.169000, Total 10, Seed a95c40edff, Delay 0.023597240448, 
v-frame index: 14, alloc-index: 5, fall to rand-frame: False,
v-frame: ['1', '0', '0', '0', '1', '0', '1', '0', '0', '1', '0', '0', '0', '1', '0003094D5C', '0', '1', '0', '0', '1']
------ Stop listen VFS broadcast at 2017-03-28 01:39:35.596506 ------
------ Ready to send VFS packets ------
Fire at 2017-03-28 01:39:39.408103
2017-03-28 01:39:39.409466 VFS: Node 0003094D5C send data 1
2017-03-28 01:39:39.414690 VFS: Node 0003094D5C send data 2
2017-03-28 01:39:39.420201 VFS: Node 0003094D5C send data 3
2017-03-28 01:39:39.426661 VFS: Node 0003094D5C send data 4
2017-03-28 01:39:39.432701 VFS: Node 0003094D5C send data 5
2017-03-28 01:39:39.438276 VFS: Node 0003094D5C send data 6
2017-03-28 01:39:39.443835 VFS: Node 0003094D5C send data 7
2017-03-28 01:39:39.449618 VFS: Node 0003094D5C send data 8
2017-03-28 01:39:39.454702 VFS: Node 0003094D5C send data 9
2017-03-28 01:39:39.460191 VFS: Node 0003094D5C send data 10
2017-03-28 01:39:39.465347 VFS: Node 0003094D5C send data 11
2017-03-28 01:39:39.471225 VFS: Node 0003094D5C send data 12
2017-03-28 01:39:39.476833 VFS: Node 0003094D5C send data 13
2017-03-28 01:39:39.483291 VFS: Node 0003094D5C send data 14
2017-03-28 01:39:39.488845 VFS: Node 0003094D5C send data 15
2017-03-28 01:39:39.496081 VFS: Node 0003094D5C send data 16
2017-03-28 01:39:39.502492 VFS: Node 0003094D5C send data 17
2017-03-28 01:39:39.507973 VFS: Node 0003094D5C send data 18
2017-03-28 01:39:39.514375 VFS: Node 0003094D5C send data 19
2017-03-28 01:39:39.519837 VFS: Node 0003094D5C send data 20
2017-03-28 01:39:39.525598 VFS: Node 0003094D5C send data 21
2017-03-28 01:39:39.530679 VFS: Node 0003094D5C send data 22
2017-03-28 01:39:39.536345 VFS: Node 0003094D5C send data 23
2017-03-28 01:39:39.542909 VFS: Node 0003094D5C send data 24
2017-03-28 01:39:39.550060 VFS: Node 0003094D5C send data 25
2017-03-28 01:39:39.556914 VFS: Node 0003094D5C send data 26
2017-03-28 01:39:39.562632 VFS: Node 0003094D5C send data 27
2017-03-28 01:39:39.568333 VFS: Node 0003094D5C send data 28
2017-03-28 01:39:39.574410 VFS: Node 0003094D5C send data 29
2017-03-28 01:39:39.579412 VFS: Node 0003094D5C send data 30
2017-03-28 01:39:39.580765 - thread done - 
 - duration 0.172250747681 -
------ Send VFS packets end ------

 - VFS duration 7.99882149696 -
------ VFS cycle ends at 2017-03-28 01:39:42.630649 ------



=============================================================================================
========================================== ROUND 3 ==========================================
=============================================================================================


------ Listening ------
2017-03-28 01:39:42.904535 Node recv BEACON 2. BS time: 2017-03-28 01:39:42.903000, Avg delay: 0.0296245098114
2017-03-28 01:39:42.912630 Node recv BEACON 3. BS time: 2017-03-28 01:39:42.908000, Avg delay: 0.027281498909
2017-03-28 01:39:42.918963 Node recv BEACON 4. BS time: 2017-03-28 01:39:42.914000, Avg delay: 0.0249219894409
2017-03-28 01:39:42.925296 Node recv BEACON 5. BS time: 2017-03-28 01:39:42.920000, Avg delay: 0.0222773075104
2017-03-28 01:39:42.933156 Node recv BEACON 6. BS time: 2017-03-28 01:39:42.926000, Avg delay: 0.0198737859726
2017-03-28 01:39:42.940153 Node recv BEACON 7. BS time: 2017-03-28 01:39:42.932000, Avg delay: 0.0176442146301
2017-03-28 01:39:42.945904 Node recv BEACON 8. BS time: 2017-03-28 01:39:42.938000, Avg delay: 0.0150224924088
2017-03-28 01:39:42.953989 Node recv BEACON 9. BS time: 2017-03-28 01:39:42.943000, Avg delay: 0.0126491308212
2017-03-28 01:39:42.959976 Node recv BEACON 10. BS time: 2017-03-28 01:39:42.949000, Avg delay: 0.00993692874908
2017-03-28 01:39:42.967854 Node recv BEACON 11. BS time: 2017-03-28 01:39:42.954000, Avg delay: 0.00754551887512
2017-03-28 01:39:42.974027 Node recv BEACON 12. BS time: 2017-03-28 01:39:42.960000, Avg delay: 0.00879476070404
2017-03-28 01:39:42.980424 Node recv BEACON 13. BS time: 2017-03-28 01:39:42.966000, Avg delay: 0.00977418422699
2017-03-28 01:39:42.989171 Node recv BEACON 14. BS time: 2017-03-28 01:39:42.973000, Avg delay: 0.0108949661255
2017-03-28 01:39:42.995308 Node recv BEACON 15. BS time: 2017-03-28 01:39:42.978000, Avg delay: 0.0120961904526
2017-03-28 01:39:43.002568 Node recv BEACON 16. BS time: 2017-03-28 01:39:42.983000, Avg delay: 0.013337469101
2017-03-28 01:39:43.009042 Node recv BEACON 17. BS time: 2017-03-28 01:39:42.988000, Avg delay: 0.0146263360977
2017-03-28 01:39:43.017056 Node recv BEACON 18. BS time: 2017-03-28 01:39:42.994000, Avg delay: 0.0161415576935
2017-03-28 01:39:43.024128 Node recv BEACON 19. BS time: 2017-03-28 01:39:43, Avg delay: 0.0174554586411
2017-03-28 01:39:43.030004 Node recv BEACON 20. BS time: 2017-03-28 01:39:43.006000, Avg delay: 0.018758225441
2017-03-28 01:39:43.035592 Node recv BEACON 21. BS time: 2017-03-28 01:39:43.011000, Avg delay: 0.0198320150375
2017-03-28 01:39:43.043697 Node recv BEACON 22. BS time: 2017-03-28 01:39:43.016000, Avg delay: 0.0211990118027
2017-03-28 01:39:43.050443 Node recv BEACON 23. BS time: 2017-03-28 01:39:43.022000, Avg delay: 0.0226008892059
2017-03-28 01:39:43.058635 Node recv BEACON 24. BS time: 2017-03-28 01:39:43.028000, Avg delay: 0.0240472793579
2017-03-28 01:39:43.063997 Node recv BEACON 25. BS time: 2017-03-28 01:39:43.034000, Avg delay: 0.0253161668777
2017-03-28 01:39:43.070393 Node recv BEACON 26. BS time: 2017-03-28 01:39:43.039000, Avg delay: 0.0264986515045
2017-03-28 01:39:43.079357 Node recv BEACON 27. BS time: 2017-03-28 01:39:43.044000, Avg delay: 0.0279301404953
2017-03-28 01:39:43.085704 Node recv BEACON 28. BS time: 2017-03-28 01:39:43.049000, Avg delay: 0.0292948961258
2017-03-28 01:39:43.091869 Node recv BEACON 29. BS time: 2017-03-28 01:39:43.055000, Avg delay: 0.0305690288544
2017-03-28 01:39:43.098772 Node recv BEACON 30. BS time: 2017-03-28 01:39:43.060000, Avg delay: 0.0320459127426
2017-03-28 01:39:43.272580 Node recv BEACON 2. BS time: 2017-03-28 01:39:43.271000, Avg delay: 0.0297446489334
2017-03-28 01:39:43.280641 Node recv BEACON 3. BS time: 2017-03-28 01:39:43.276000, Avg delay: 0.0274390459061
2017-03-28 01:39:43.287478 Node recv BEACON 4. BS time: 2017-03-28 01:39:43.282000, Avg delay: 0.0251425504684
2017-03-28 01:39:43.293149 Node recv BEACON 5. BS time: 2017-03-28 01:39:43.288000, Avg delay: 0.0225939512253
2017-03-28 01:39:43.301130 Node recv BEACON 6. BS time: 2017-03-28 01:39:43.294000, Avg delay: 0.0203072309494
2017-03-28 01:39:43.308360 Node recv BEACON 7. BS time: 2017-03-28 01:39:43.299000, Avg delay: 0.0181039571762
2017-03-28 01:39:43.316252 Node recv BEACON 8. BS time: 2017-03-28 01:39:43.306000, Avg delay: 0.015593457222
2017-03-28 01:39:43.321996 Node recv BEACON 9. BS time: 2017-03-28 01:39:43.310000, Avg delay: 0.0131226539612
2017-03-28 01:39:43.327783 Node recv BEACON 10. BS time: 2017-03-28 01:39:43.316000, Avg delay: 0.0106140613556
2017-03-28 01:39:43.335748 Node recv BEACON 11. BS time: 2017-03-28 01:39:43.322000, Avg delay: 0.00811159610748
2017-03-28 01:39:43.341989 Node recv BEACON 12. BS time: 2017-03-28 01:39:43.327000, Avg delay: 0.00945253372192
2017-03-28 01:39:43.350234 Node recv BEACON 13. BS time: 2017-03-28 01:39:43.333000, Avg delay: 0.0107118368149
2017-03-28 01:39:43.357145 Node recv BEACON 14. BS time: 2017-03-28 01:39:43.339000, Avg delay: 0.0119785785675
2017-03-28 01:39:43.364716 Node recv BEACON 15. BS time: 2017-03-28 01:39:43.344000, Avg delay: 0.0135353565216
2017-03-28 01:39:43.370580 Node recv BEACON 16. BS time: 2017-03-28 01:39:43.351000, Avg delay: 0.0147803544998
2017-03-28 01:39:43.377048 Node recv BEACON 17. BS time: 2017-03-28 01:39:43.356000, Avg delay: 0.0159491062164
2017-03-28 01:39:43.384477 Node recv BEACON 18. BS time: 2017-03-28 01:39:43.361000, Avg delay: 0.0172716140747
2017-03-28 01:39:43.392370 Node recv BEACON 19. BS time: 2017-03-28 01:39:43.367000, Avg delay: 0.0186089992523
2017-03-28 01:39:43.397873 Node recv BEACON 20. BS time: 2017-03-28 01:39:43.373000, Avg delay: 0.0199179649353
2017-03-28 01:39:43.405247 Node recv BEACON 21. BS time: 2017-03-28 01:39:43.379000, Avg delay: 0.0211679458618
2017-03-28 01:39:43.413595 Node recv BEACON 22. BS time: 2017-03-28 01:39:43.385000, Avg delay: 0.0225285291672
2017-03-28 01:39:43.419009 Node recv BEACON 23. BS time: 2017-03-28 01:39:43.390000, Avg delay: 0.0237060546875
2017-03-28 01:39:43.426733 Node recv BEACON 24. BS time: 2017-03-28 01:39:43.396000, Avg delay: 0.0249648809433
2017-03-28 01:39:43.432177 Node recv BEACON 25. BS time: 2017-03-28 01:39:43.401000, Avg delay: 0.026010966301
2017-03-28 01:39:43.438539 Node recv BEACON 26. BS time: 2017-03-28 01:39:43.407000, Avg delay: 0.02720682621
2017-03-28 01:39:43.446988 Node recv BEACON 27. BS time: 2017-03-28 01:39:43.412000, Avg delay: 0.0286008834839
2017-03-28 01:39:43.452822 Node recv BEACON 28. BS time: 2017-03-28 01:39:43.418000, Avg delay: 0.0297353982925
2017-03-28 01:39:43.461091 Node recv BEACON 29. BS time: 2017-03-28 01:39:43.424000, Avg delay: 0.030907535553
2017-03-28 01:39:43.466782 Node recv BEACON 30. BS time: 2017-03-28 01:39:43.429000, Avg delay: 0.0321984767914
------ Stop listen at 2017-03-28 01:39:43.662227 ------
------ Listening VFS broadcast ------
alloc-index: 0
2017-03-28 01:39:43.999525 Node recv VFS_BROADCAST 2, BS time 2017-03-28 01:39:44.006000, Total 10, Seed 01d068f856, Delay -0.00647497177124, 
v-frame index: 3, alloc-index: 0, fall to rand-frame: False,
v-frame: ['0', '0', '0', '0003094D5C', '0', '0', '0', '0', '1', '1', '1', '0', '0', '1', '0', '0', '1', '1', '0', '1']
alloc-index: 0
2017-03-28 01:39:44.005917 Node recv VFS_BROADCAST 3, BS time 2017-03-28 01:39:44.011000, Total 10, Seed 01d068f856, Delay -0.00508332252502, 
v-frame index: 3, alloc-index: 0, fall to rand-frame: False,
v-frame: ['0', '0', '0', '0003094D5C', '0', '0', '0', '0', '1', '1', '1', '0', '0', '1', '0', '0', '1', '1', '0', '1']
alloc-index: 0
2017-03-28 01:39:44.012292 Node recv VFS_BROADCAST 4, BS time 2017-03-28 01:39:44.017000, Total 10, Seed 01d068f856, Delay -0.00470805168152, 
v-frame index: 3, alloc-index: 0, fall to rand-frame: False,
v-frame: ['0', '0', '0', '0003094D5C', '0', '0', '0', '0', '1', '1', '1', '0', '0', '1', '0', '0', '1', '1', '0', '1']
alloc-index: 0
2017-03-28 01:39:44.021497 Node recv VFS_BROADCAST 5, BS time 2017-03-28 01:39:44.022000, Total 10, Seed 01d068f856, Delay -0.000503540039062, 
v-frame index: 3, alloc-index: 0, fall to rand-frame: False,
v-frame: ['0', '0', '0', '0003094D5C', '0', '0', '0', '0', '1', '1', '1', '0', '0', '1', '0', '0', '1', '1', '0', '1']
alloc-index: 0
2017-03-28 01:39:44.026491 Node recv VFS_BROADCAST 6, BS time 2017-03-28 01:39:44.028000, Total 10, Seed 01d068f856, Delay -0.00150895118713, 
v-frame index: 3, alloc-index: 0, fall to rand-frame: False,
v-frame: ['0', '0', '0', '0003094D5C', '0', '0', '0', '0', '1', '1', '1', '0', '0', '1', '0', '0', '1', '1', '0', '1']
alloc-index: 0
2017-03-28 01:39:44.034822 Node recv VFS_BROADCAST 7, BS time 2017-03-28 01:39:44.034000, Total 10, Seed 01d068f856, Delay 0.000821590423584, 
v-frame index: 3, alloc-index: 0, fall to rand-frame: False,
v-frame: ['0', '0', '0', '0003094D5C', '0', '0', '0', '0', '1', '1', '1', '0', '0', '1', '0', '0', '1', '1', '0', '1']
alloc-index: 0
2017-03-28 01:39:44.040904 Node recv VFS_BROADCAST 8, BS time 2017-03-28 01:39:44.040000, Total 10, Seed 01d068f856, Delay 0.000903844833374, 
v-frame index: 3, alloc-index: 0, fall to rand-frame: False,
v-frame: ['0', '0', '0', '0003094D5C', '0', '0', '0', '0', '1', '1', '1', '0', '0', '1', '0', '0', '1', '1', '0', '1']
alloc-index: 0
2017-03-28 01:39:44.047885 Node recv VFS_BROADCAST 9, BS time 2017-03-28 01:39:44.045000, Total 10, Seed 01d068f856, Delay 0.00288510322571, 
v-frame index: 3, alloc-index: 0, fall to rand-frame: False,
v-frame: ['0', '0', '0', '0003094D5C', '0', '0', '0', '0', '1', '1', '1', '0', '0', '1', '0', '0', '1', '1', '0', '1']
alloc-index: 0
2017-03-28 01:39:44.055144 Node recv VFS_BROADCAST 10, BS time 2017-03-28 01:39:44.051000, Total 10, Seed 01d068f856, Delay 0.00414347648621, 
v-frame index: 3, alloc-index: 0, fall to rand-frame: False,
v-frame: ['0', '0', '0', '0003094D5C', '0', '0', '0', '0', '1', '1', '1', '0', '0', '1', '0', '0', '1', '1', '0', '1']
alloc-index: 0
2017-03-28 01:39:44.061060 Node recv VFS_BROADCAST 11, BS time 2017-03-28 01:39:44.056000, Total 10, Seed 01d068f856, Delay 0.00506019592285, 
v-frame index: 3, alloc-index: 0, fall to rand-frame: False,
v-frame: ['0', '0', '0', '0003094D5C', '0', '0', '0', '0', '1', '1', '1', '0', '0', '1', '0', '0', '1', '1', '0', '1']
alloc-index: 0
2017-03-28 01:39:44.067322 Node recv VFS_BROADCAST 12, BS time 2017-03-28 01:39:44.062000, Total 10, Seed 01d068f856, Delay 0.00532197952271, 
v-frame index: 3, alloc-index: 0, fall to rand-frame: False,
v-frame: ['0', '0', '0', '0003094D5C', '0', '0', '0', '0', '1', '1', '1', '0', '0', '1', '0', '0', '1', '1', '0', '1']
alloc-index: 0
2017-03-28 01:39:44.076136 Node recv VFS_BROADCAST 13, BS time 2017-03-28 01:39:44.067000, Total 10, Seed 01d068f856, Delay 0.00913619995117, 
v-frame index: 3, alloc-index: 0, fall to rand-frame: False,
v-frame: ['0', '0', '0', '0003094D5C', '0', '0', '0', '0', '1', '1', '1', '0', '0', '1', '0', '0', '1', '1', '0', '1']
alloc-index: 0
2017-03-28 01:39:44.082299 Node recv VFS_BROADCAST 14, BS time 2017-03-28 01:39:44.073000, Total 10, Seed 01d068f856, Delay 0.00929856300354, 
v-frame index: 3, alloc-index: 0, fall to rand-frame: False,
v-frame: ['0', '0', '0', '0003094D5C', '0', '0', '0', '0', '1', '1', '1', '0', '0', '1', '0', '0', '1', '1', '0', '1']
alloc-index: 0
2017-03-28 01:39:44.090812 Node recv VFS_BROADCAST 15, BS time 2017-03-28 01:39:44.079000, Total 10, Seed 01d068f856, Delay 0.011812210083, 
v-frame index: 3, alloc-index: 0, fall to rand-frame: False,
v-frame: ['0', '0', '0', '0003094D5C', '0', '0', '0', '0', '1', '1', '1', '0', '0', '1', '0', '0', '1', '1', '0', '1']
alloc-index: 0
2017-03-28 01:39:44.096624 Node recv VFS_BROADCAST 16, BS time 2017-03-28 01:39:44.085000, Total 10, Seed 01d068f856, Delay 0.0116236209869, 
v-frame index: 3, alloc-index: 0, fall to rand-frame: False,
v-frame: ['0', '0', '0', '0003094D5C', '0', '0', '0', '0', '1', '1', '1', '0', '0', '1', '0', '0', '1', '1', '0', '1']
alloc-index: 0
2017-03-28 01:39:44.102078 Node recv VFS_BROADCAST 17, BS time 2017-03-28 01:39:44.090000, Total 10, Seed 01d068f856, Delay 0.0120778083801, 
v-frame index: 3, alloc-index: 0, fall to rand-frame: False,
v-frame: ['0', '0', '0', '0003094D5C', '0', '0', '0', '0', '1', '1', '1', '0', '0', '1', '0', '0', '1', '1', '0', '1']
alloc-index: 0
2017-03-28 01:39:44.110784 Node recv VFS_BROADCAST 18, BS time 2017-03-28 01:39:44.096000, Total 10, Seed 01d068f856, Delay 0.0147838592529, 
v-frame index: 3, alloc-index: 0, fall to rand-frame: False,
v-frame: ['0', '0', '0', '0003094D5C', '0', '0', '0', '0', '1', '1', '1', '0', '0', '1', '0', '0', '1', '1', '0', '1']
alloc-index: 0
2017-03-28 01:39:44.116541 Node recv VFS_BROADCAST 19, BS time 2017-03-28 01:39:44.102000, Total 10, Seed 01d068f856, Delay 0.0145406723022, 
v-frame index: 3, alloc-index: 0, fall to rand-frame: False,
v-frame: ['0', '0', '0', '0003094D5C', '0', '0', '0', '0', '1', '1', '1', '0', '0', '1', '0', '0', '1', '1', '0', '1']
alloc-index: 0
2017-03-28 01:39:44.125554 Node recv VFS_BROADCAST 20, BS time 2017-03-28 01:39:44.108000, Total 10, Seed 01d068f856, Delay 0.0175535678864, 
v-frame index: 3, alloc-index: 0, fall to rand-frame: False,
v-frame: ['0', '0', '0', '0003094D5C', '0', '0', '0', '0', '1', '1', '1', '0', '0', '1', '0', '0', '1', '1', '0', '1']
alloc-index: 0
2017-03-28 01:39:44.130597 Node recv VFS_BROADCAST 21, BS time 2017-03-28 01:39:44.113000, Total 10, Seed 01d068f856, Delay 0.0175967216492, 
v-frame index: 3, alloc-index: 0, fall to rand-frame: False,
v-frame: ['0', '0', '0', '0003094D5C', '0', '0', '0', '0', '1', '1', '1', '0', '0', '1', '0', '0', '1', '1', '0', '1']
alloc-index: 0
2017-03-28 01:39:44.137254 Node recv VFS_BROADCAST 22, BS time 2017-03-28 01:39:44.119000, Total 10, Seed 01d068f856, Delay 0.0182538032532, 
v-frame index: 3, alloc-index: 0, fall to rand-frame: False,
v-frame: ['0', '0', '0', '0003094D5C', '0', '0', '0', '0', '1', '1', '1', '0', '0', '1', '0', '0', '1', '1', '0', '1']
alloc-index: 0
2017-03-28 01:39:44.145383 Node recv VFS_BROADCAST 23, BS time 2017-03-28 01:39:44.124000, Total 10, Seed 01d068f856, Delay 0.0213828086853, 
v-frame index: 3, alloc-index: 0, fall to rand-frame: False,
v-frame: ['0', '0', '0', '0003094D5C', '0', '0', '0', '0', '1', '1', '1', '0', '0', '1', '0', '0', '1', '1', '0', '1']
alloc-index: 0
2017-03-28 01:39:44.153404 Node recv VFS_BROADCAST 24, BS time 2017-03-28 01:39:44.130000, Total 10, Seed 01d068f856, Delay 0.0234041213989, 
v-frame index: 3, alloc-index: 0, fall to rand-frame: False,
v-frame: ['0', '0', '0', '0003094D5C', '0', '0', '0', '0', '1', '1', '1', '0', '0', '1', '0', '0', '1', '1', '0', '1']
alloc-index: 0
2017-03-28 01:39:44.159134 Node recv VFS_BROADCAST 25, BS time 2017-03-28 01:39:44.136000, Total 10, Seed 01d068f856, Delay 0.0231339931488, 
v-frame index: 3, alloc-index: 0, fall to rand-frame: False,
v-frame: ['0', '0', '0', '0003094D5C', '0', '0', '0', '0', '1', '1', '1', '0', '0', '1', '0', '0', '1', '1', '0', '1']
alloc-index: 0
2017-03-28 01:39:44.165605 Node recv VFS_BROADCAST 26, BS time 2017-03-28 01:39:44.143000, Total 10, Seed 01d068f856, Delay 0.0226054191589, 
v-frame index: 3, alloc-index: 0, fall to rand-frame: False,
v-frame: ['0', '0', '0', '0003094D5C', '0', '0', '0', '0', '1', '1', '1', '0', '0', '1', '0', '0', '1', '1', '0', '1']
alloc-index: 0
2017-03-28 01:39:44.174408 Node recv VFS_BROADCAST 27, BS time 2017-03-28 01:39:44.148000, Total 10, Seed 01d068f856, Delay 0.0264081954956, 
v-frame index: 3, alloc-index: 0, fall to rand-frame: False,
v-frame: ['0', '0', '0', '0003094D5C', '0', '0', '0', '0', '1', '1', '1', '0', '0', '1', '0', '0', '1', '1', '0', '1']
alloc-index: 0
2017-03-28 01:39:44.180131 Node recv VFS_BROADCAST 28, BS time 2017-03-28 01:39:44.154000, Total 10, Seed 01d068f856, Delay 0.0261306762695, 
v-frame index: 3, alloc-index: 0, fall to rand-frame: False,
v-frame: ['0', '0', '0', '0003094D5C', '0', '0', '0', '0', '1', '1', '1', '0', '0', '1', '0', '0', '1', '1', '0', '1']
alloc-index: 0
2017-03-28 01:39:44.186725 Node recv VFS_BROADCAST 29, BS time 2017-03-28 01:39:44.160000, Total 10, Seed 01d068f856, Delay 0.0267245769501, 
v-frame index: 3, alloc-index: 0, fall to rand-frame: False,
v-frame: ['0', '0', '0', '0003094D5C', '0', '0', '0', '0', '1', '1', '1', '0', '0', '1', '0', '0', '1', '1', '0', '1']
alloc-index: 0
2017-03-28 01:39:44.192301 Node recv VFS_BROADCAST 30, BS time 2017-03-28 01:39:44.165000, Total 10, Seed 01d068f856, Delay 0.0273010730743, 
v-frame index: 3, alloc-index: 0, fall to rand-frame: False,
v-frame: ['0', '0', '0', '0003094D5C', '0', '0', '0', '0', '1', '1', '1', '0', '0', '1', '0', '0', '1', '1', '0', '1']
------ Stop listen VFS broadcast at 2017-03-28 01:39:44.597995 ------
------ Ready to send VFS packets ------
Fire at 2017-03-28 01:39:45.908046
2017-03-28 01:39:45.909255 VFS: Node 0003094D5C send data 1
2017-03-28 01:39:45.914501 VFS: Node 0003094D5C send data 2
2017-03-28 01:39:45.920401 VFS: Node 0003094D5C send data 3
2017-03-28 01:39:45.926222 VFS: Node 0003094D5C send data 4
2017-03-28 01:39:45.932527 VFS: Node 0003094D5C send data 5
2017-03-28 01:39:45.937759 VFS: Node 0003094D5C send data 6
2017-03-28 01:39:45.943505 VFS: Node 0003094D5C send data 7
2017-03-28 01:39:45.949598 VFS: Node 0003094D5C send data 8
2017-03-28 01:39:45.954928 VFS: Node 0003094D5C send data 9
2017-03-28 01:39:45.960174 VFS: Node 0003094D5C send data 10
2017-03-28 01:39:45.965359 VFS: Node 0003094D5C send data 11
2017-03-28 01:39:45.970549 VFS: Node 0003094D5C send data 12
2017-03-28 01:39:45.976267 VFS: Node 0003094D5C send data 13
2017-03-28 01:39:45.981791 VFS: Node 0003094D5C send data 14
2017-03-28 01:39:45.988149 VFS: Node 0003094D5C send data 15
2017-03-28 01:39:45.993680 VFS: Node 0003094D5C send data 16
2017-03-28 01:39:45.998734 VFS: Node 0003094D5C send data 17
2017-03-28 01:39:46.003948 VFS: Node 0003094D5C send data 18
2017-03-28 01:39:46.009141 VFS: Node 0003094D5C send data 19
2017-03-28 01:39:46.015354 VFS: Node 0003094D5C send data 20
2017-03-28 01:39:46.021634 VFS: Node 0003094D5C send data 21
2017-03-28 01:39:46.027903 VFS: Node 0003094D5C send data 22
2017-03-28 01:39:46.032979 VFS: Node 0003094D5C send data 23
2017-03-28 01:39:46.038420 VFS: Node 0003094D5C send data 24
2017-03-28 01:39:46.043974 VFS: Node 0003094D5C send data 25
2017-03-28 01:39:46.049736 VFS: Node 0003094D5C send data 26
2017-03-28 01:39:46.055267 VFS: Node 0003094D5C send data 27
2017-03-28 01:39:46.060433 VFS: Node 0003094D5C send data 28
2017-03-28 01:39:46.065650 VFS: Node 0003094D5C send data 29
2017-03-28 01:39:46.070720 VFS: Node 0003094D5C send data 30
2017-03-28 01:39:46.071347 - thread done - 
 - duration 0.162882328033 -
------ Send VFS packets end ------

 - VFS duration 7.99893641472 -
------ VFS cycle ends at 2017-03-28 01:39:51.661730 ------



=============================================================================================
========================================== ROUND 4 ==========================================
=============================================================================================


------ Listening ------
2017-03-28 01:39:51.944402 Node recv BEACON 2. BS time: 2017-03-28 01:39:51.941000, Avg delay: 0.0299138784409
2017-03-28 01:39:51.950489 Node recv BEACON 3. BS time: 2017-03-28 01:39:51.947000, Avg delay: 0.0274032592773
2017-03-28 01:39:51.958508 Node recv BEACON 4. BS time: 2017-03-28 01:39:51.952000, Avg delay: 0.0251531124115
2017-03-28 01:39:51.964857 Node recv BEACON 5. BS time: 2017-03-28 01:39:51.958000, Avg delay: 0.0227654695511
2017-03-28 01:39:51.970893 Node recv BEACON 6. BS time: 2017-03-28 01:39:51.964000, Avg delay: 0.0203370571136
2017-03-28 01:39:51.979672 Node recv BEACON 7. BS time: 2017-03-28 01:39:51.970000, Avg delay: 0.0181504249573
2017-03-28 01:39:51.986914 Node recv BEACON 8. BS time: 2017-03-28 01:39:51.977000, Avg delay: 0.0156429767609
2017-03-28 01:39:51.993464 Node recv BEACON 9. BS time: 2017-03-28 01:39:51.982000, Avg delay: 0.0133071422577
2017-03-28 01:39:51.999414 Node recv BEACON 10. BS time: 2017-03-28 01:39:51.987000, Avg delay: 0.0108394861221
2017-03-28 01:39:52.005572 Node recv BEACON 11. BS time: 2017-03-28 01:39:51.992000, Avg delay: 0.00841846466064
2017-03-28 01:39:52.013851 Node recv BEACON 12. BS time: 2017-03-28 01:39:51.998000, Avg delay: 0.00966339111328
2017-03-28 01:39:52.020261 Node recv BEACON 13. BS time: 2017-03-28 01:39:52.003000, Avg delay: 0.0110406398773
2017-03-28 01:39:52.027870 Node recv BEACON 14. BS time: 2017-03-28 01:39:52.010000, Avg delay: 0.0121768712997
2017-03-28 01:39:52.035244 Node recv BEACON 15. BS time: 2017-03-28 01:39:52.016000, Avg delay: 0.0134155750275
2017-03-28 01:39:52.040363 Node recv BEACON 16. BS time: 2017-03-28 01:39:52.021000, Avg delay: 0.0146626234055
2017-03-28 01:39:52.049208 Node recv BEACON 17. BS time: 2017-03-28 01:39:52.027000, Avg delay: 0.0159162282944
2017-03-28 01:39:52.055459 Node recv BEACON 18. BS time: 2017-03-28 01:39:52.033000, Avg delay: 0.017170715332
2017-03-28 01:39:52.063456 Node recv BEACON 19. BS time: 2017-03-28 01:39:52.039000, Avg delay: 0.0184698820114
2017-03-28 01:39:52.068921 Node recv BEACON 20. BS time: 2017-03-28 01:39:52.046000, Avg delay: 0.0195205688477
2017-03-28 01:39:52.075193 Node recv BEACON 21. BS time: 2017-03-28 01:39:52.051000, Avg delay: 0.0205826759338
2017-03-28 01:39:52.084589 Node recv BEACON 22. BS time: 2017-03-28 01:39:52.057000, Avg delay: 0.0217564582825
2017-03-28 01:39:52.090068 Node recv BEACON 23. BS time: 2017-03-28 01:39:52.062000, Avg delay: 0.0228371620178
2017-03-28 01:39:52.097769 Node recv BEACON 24. BS time: 2017-03-28 01:39:52.069000, Avg delay: 0.0239270210266
2017-03-28 01:39:52.109874 Node recv BEACON 26. BS time: 2017-03-28 01:39:52.080000, Avg delay: 0.0249900102615
2017-03-28 01:39:52.118156 Node recv BEACON 27. BS time: 2017-03-28 01:39:52.087000, Avg delay: 0.0261692762375
2017-03-28 01:39:52.125397 Node recv BEACON 28. BS time: 2017-03-28 01:39:52.092000, Avg delay: 0.0272881269455
2017-03-28 01:39:52.130608 Node recv BEACON 29. BS time: 2017-03-28 01:39:52.097000, Avg delay: 0.0284030199051
2017-03-28 01:39:52.138499 Node recv BEACON 30. BS time: 2017-03-28 01:39:52.102000, Avg delay: 0.0296073913574
2017-03-28 01:39:52.314226 Node recv BEACON 2. BS time: 2017-03-28 01:39:52.312000, Avg delay: 0.0275378465652
2017-03-28 01:39:52.322305 Node recv BEACON 3. BS time: 2017-03-28 01:39:52.318000, Avg delay: 0.0255490779877
2017-03-28 01:39:52.329007 Node recv BEACON 4. BS time: 2017-03-28 01:39:52.324000, Avg delay: 0.0232909679413
2017-03-28 01:39:52.335053 Node recv BEACON 5. BS time: 2017-03-28 01:39:52.329000, Avg delay: 0.0210894107819
2017-03-28 01:39:52.342905 Node recv BEACON 6. BS time: 2017-03-28 01:39:52.334000, Avg delay: 0.0191030502319
2017-03-28 01:39:52.350157 Node recv BEACON 7. BS time: 2017-03-28 01:39:52.340000, Avg delay: 0.0171313285828
2017-03-28 01:39:52.357937 Node recv BEACON 8. BS time: 2017-03-28 01:39:52.346000, Avg delay: 0.0152094602585
2017-03-28 01:39:52.363763 Node recv BEACON 9. BS time: 2017-03-28 01:39:52.351000, Avg delay: 0.0131460905075
2017-03-28 01:39:52.369642 Node recv BEACON 10. BS time: 2017-03-28 01:39:52.356000, Avg delay: 0.0111495733261
2017-03-28 01:39:52.377405 Node recv BEACON 11. BS time: 2017-03-28 01:39:52.362000, Avg delay: 0.00904014110565
2017-03-28 01:39:52.383628 Node recv BEACON 12. BS time: 2017-03-28 01:39:52.367000, Avg delay: 0.0104803323746
2017-03-28 01:39:52.390604 Node recv BEACON 13. BS time: 2017-03-28 01:39:52.372000, Avg delay: 0.011910200119
2017-03-28 01:39:52.398718 Node recv BEACON 14. BS time: 2017-03-28 01:39:52.378000, Avg delay: 0.0134812116623
2017-03-28 01:39:52.406241 Node recv BEACON 15. BS time: 2017-03-28 01:39:52.384000, Avg delay: 0.0151000499725
2017-03-28 01:39:52.412316 Node recv BEACON 16. BS time: 2017-03-28 01:39:52.390000, Avg delay: 0.01644115448
2017-03-28 01:39:52.418561 Node recv BEACON 17. BS time: 2017-03-28 01:39:52.395000, Avg delay: 0.0177815437317
2017-03-28 01:39:52.425635 Node recv BEACON 18. BS time: 2017-03-28 01:39:52.401000, Avg delay: 0.0190512895584
2017-03-28 01:39:52.433807 Node recv BEACON 19. BS time: 2017-03-28 01:39:52.406000, Avg delay: 0.0205556869507
2017-03-28 01:39:52.440285 Node recv BEACON 20. BS time: 2017-03-28 01:39:52.412000, Avg delay: 0.0220199584961
2017-03-28 01:39:52.445292 Node recv BEACON 21. BS time: 2017-03-28 01:39:52.419000, Avg delay: 0.0231086969376
2017-03-28 01:39:52.453157 Node recv BEACON 22. BS time: 2017-03-28 01:39:52.426000, Avg delay: 0.0241616249084
2017-03-28 01:39:52.460234 Node recv BEACON 23. BS time: 2017-03-28 01:39:52.431000, Avg delay: 0.0252246618271
2017-03-28 01:39:52.468441 Node recv BEACON 24. BS time: 2017-03-28 01:39:52.438000, Avg delay: 0.0261969804764
2017-03-28 01:39:52.473727 Node recv BEACON 25. BS time: 2017-03-28 01:39:52.443000, Avg delay: 0.0270455121994
2017-03-28 01:39:52.480444 Node recv BEACON 26. BS time: 2017-03-28 01:39:52.449000, Avg delay: 0.0279582977295
2017-03-28 01:39:52.489233 Node recv BEACON 27. BS time: 2017-03-28 01:39:52.456000, Avg delay: 0.0289255142212
2017-03-28 01:39:52.494543 Node recv BEACON 28. BS time: 2017-03-28 01:39:52.461000, Avg delay: 0.0298163175583
2017-03-28 01:39:52.502728 Node recv BEACON 29. BS time: 2017-03-28 01:39:52.468000, Avg delay: 0.030508351326
2017-03-28 01:39:52.508521 Node recv BEACON 30. BS time: 2017-03-28 01:39:52.473000, Avg delay: 0.0312319278717
------ Stop listen at 2017-03-28 01:39:52.703955 ------
------ Listening VFS broadcast ------
alloc-index: 0
2017-03-28 01:39:53.000015 Node recv VFS_BROADCAST 2, BS time 2017-03-28 01:39:53.006000, Total 10, Seed b0f910248c, Delay -0.00598502159119, 
v-frame index: 0, alloc-index: 0, fall to rand-frame: False,
v-frame: ['0003094D5C', '1', '1', '1', '0', '1', '0', '0', '1', '0', '0', '0', '1', '0', '1', '0', '0', '0', '0', '0']
alloc-index: 0
2017-03-28 01:39:53.007708 Node recv VFS_BROADCAST 3, BS time 2017-03-28 01:39:53.012000, Total 10, Seed b0f910248c, Delay -0.00429177284241, 
v-frame index: 0, alloc-index: 0, fall to rand-frame: False,
v-frame: ['0003094D5C', '1', '1', '1', '0', '1', '0', '0', '1', '0', '0', '0', '1', '0', '1', '0', '0', '0', '0', '0']
alloc-index: 0
2017-03-28 01:39:53.015905 Node recv VFS_BROADCAST 4, BS time 2017-03-28 01:39:53.017000, Total 10, Seed b0f910248c, Delay -0.00109481811523, 
v-frame index: 0, alloc-index: 0, fall to rand-frame: False,
v-frame: ['0003094D5C', '1', '1', '1', '0', '1', '0', '0', '1', '0', '0', '0', '1', '0', '1', '0', '0', '0', '0', '0']
alloc-index: 0
2017-03-28 01:39:53.020899 Node recv VFS_BROADCAST 5, BS time 2017-03-28 01:39:53.024000, Total 10, Seed b0f910248c, Delay -0.00310134887695, 
v-frame index: 0, alloc-index: 0, fall to rand-frame: False,
v-frame: ['0003094D5C', '1', '1', '1', '0', '1', '0', '0', '1', '0', '0', '0', '1', '0', '1', '0', '0', '0', '0', '0']
alloc-index: 0
2017-03-28 01:39:53.026986 Node recv VFS_BROADCAST 6, BS time 2017-03-28 01:39:53.029000, Total 10, Seed b0f910248c, Delay -0.00201416015625, 
v-frame index: 0, alloc-index: 0, fall to rand-frame: False,
v-frame: ['0003094D5C', '1', '1', '1', '0', '1', '0', '0', '1', '0', '0', '0', '1', '0', '1', '0', '0', '0', '0', '0']
alloc-index: 0
2017-03-28 01:39:53.035630 Node recv VFS_BROADCAST 7, BS time 2017-03-28 01:39:53.035000, Total 10, Seed b0f910248c, Delay 0.000630378723145, 
v-frame index: 0, alloc-index: 0, fall to rand-frame: False,
v-frame: ['0003094D5C', '1', '1', '1', '0', '1', '0', '0', '1', '0', '0', '0', '1', '0', '1', '0', '0', '0', '0', '0']
alloc-index: 0
2017-03-28 01:39:53.041447 Node recv VFS_BROADCAST 8, BS time 2017-03-28 01:39:53.040000, Total 10, Seed b0f910248c, Delay 0.00144696235657, 
v-frame index: 0, alloc-index: 0, fall to rand-frame: False,
v-frame: ['0003094D5C', '1', '1', '1', '0', '1', '0', '0', '1', '0', '0', '0', '1', '0', '1', '0', '0', '0', '0', '0']
alloc-index: 0
2017-03-28 01:39:53.048518 Node recv VFS_BROADCAST 9, BS time 2017-03-28 01:39:53.045000, Total 10, Seed b0f910248c, Delay 0.00351762771606, 
v-frame index: 0, alloc-index: 0, fall to rand-frame: False,
v-frame: ['0003094D5C', '1', '1', '1', '0', '1', '0', '0', '1', '0', '0', '0', '1', '0', '1', '0', '0', '0', '0', '0']
alloc-index: 0
2017-03-28 01:39:53.055190 Node recv VFS_BROADCAST 10, BS time 2017-03-28 01:39:53.050000, Total 10, Seed b0f910248c, Delay 0.0051896572113, 
v-frame index: 0, alloc-index: 0, fall to rand-frame: False,
v-frame: ['0003094D5C', '1', '1', '1', '0', '1', '0', '0', '1', '0', '0', '0', '1', '0', '1', '0', '0', '0', '0', '0']
alloc-index: 0
2017-03-28 01:39:53.061384 Node recv VFS_BROADCAST 11, BS time 2017-03-28 01:39:53.056000, Total 10, Seed b0f910248c, Delay 0.00538372993469, 
v-frame index: 0, alloc-index: 0, fall to rand-frame: False,
v-frame: ['0003094D5C', '1', '1', '1', '0', '1', '0', '0', '1', '0', '0', '0', '1', '0', '1', '0', '0', '0', '0', '0']
alloc-index: 0
2017-03-28 01:39:53.067585 Node recv VFS_BROADCAST 12, BS time 2017-03-28 01:39:53.062000, Total 10, Seed b0f910248c, Delay 0.00558519363403, 
v-frame index: 0, alloc-index: 0, fall to rand-frame: False,
v-frame: ['0003094D5C', '1', '1', '1', '0', '1', '0', '0', '1', '0', '0', '0', '1', '0', '1', '0', '0', '0', '0', '0']
alloc-index: 0
2017-03-28 01:39:53.076049 Node recv VFS_BROADCAST 13, BS time 2017-03-28 01:39:53.068000, Total 10, Seed b0f910248c, Delay 0.00804877281189, 
v-frame index: 0, alloc-index: 0, fall to rand-frame: False,
v-frame: ['0003094D5C', '1', '1', '1', '0', '1', '0', '0', '1', '0', '0', '0', '1', '0', '1', '0', '0', '0', '0', '0']
alloc-index: 0
2017-03-28 01:39:53.083506 Node recv VFS_BROADCAST 14, BS time 2017-03-28 01:39:53.073000, Total 10, Seed b0f910248c, Delay 0.0105063915253, 
v-frame index: 0, alloc-index: 0, fall to rand-frame: False,
v-frame: ['0003094D5C', '1', '1', '1', '0', '1', '0', '0', '1', '0', '0', '0', '1', '0', '1', '0', '0', '0', '0', '0']
alloc-index: 0
2017-03-28 01:39:53.088577 Node recv VFS_BROADCAST 15, BS time 2017-03-28 01:39:53.078000, Total 10, Seed b0f910248c, Delay 0.0105769634247, 
v-frame index: 0, alloc-index: 0, fall to rand-frame: False,
v-frame: ['0003094D5C', '1', '1', '1', '0', '1', '0', '0', '1', '0', '0', '0', '1', '0', '1', '0', '0', '0', '0', '0']
alloc-index: 0
2017-03-28 01:39:53.096716 Node recv VFS_BROADCAST 16, BS time 2017-03-28 01:39:53.083000, Total 10, Seed b0f910248c, Delay 0.0137162208557, 
v-frame index: 0, alloc-index: 0, fall to rand-frame: False,
v-frame: ['0003094D5C', '1', '1', '1', '0', '1', '0', '0', '1', '0', '0', '0', '1', '0', '1', '0', '0', '0', '0', '0']
alloc-index: 0
2017-03-28 01:39:53.102353 Node recv VFS_BROADCAST 17, BS time 2017-03-28 01:39:53.090000, Total 10, Seed b0f910248c, Delay 0.0123529434204, 
v-frame index: 0, alloc-index: 0, fall to rand-frame: False,
v-frame: ['0003094D5C', '1', '1', '1', '0', '1', '0', '0', '1', '0', '0', '0', '1', '0', '1', '0', '0', '0', '0', '0']
alloc-index: 0
2017-03-28 01:39:53.111623 Node recv VFS_BROADCAST 18, BS time 2017-03-28 01:39:53.095000, Total 10, Seed b0f910248c, Delay 0.016622543335, 
v-frame index: 0, alloc-index: 0, fall to rand-frame: False,
v-frame: ['0003094D5C', '1', '1', '1', '0', '1', '0', '0', '1', '0', '0', '0', '1', '0', '1', '0', '0', '0', '0', '0']
alloc-index: 0
2017-03-28 01:39:53.117612 Node recv VFS_BROADCAST 19, BS time 2017-03-28 01:39:53.101000, Total 10, Seed b0f910248c, Delay 0.0166120529175, 
v-frame index: 0, alloc-index: 0, fall to rand-frame: False,
v-frame: ['0003094D5C', '1', '1', '1', '0', '1', '0', '0', '1', '0', '0', '0', '1', '0', '1', '0', '0', '0', '0', '0']
alloc-index: 0
2017-03-28 01:39:53.123687 Node recv VFS_BROADCAST 20, BS time 2017-03-28 01:39:53.108000, Total 10, Seed b0f910248c, Delay 0.015686750412, 
v-frame index: 0, alloc-index: 0, fall to rand-frame: False,
v-frame: ['0003094D5C', '1', '1', '1', '0', '1', '0', '0', '1', '0', '0', '0', '1', '0', '1', '0', '0', '0', '0', '0']
alloc-index: 0
2017-03-28 01:39:53.131053 Node recv VFS_BROADCAST 21, BS time 2017-03-28 01:39:53.114000, Total 10, Seed b0f910248c, Delay 0.0170526504517, 
v-frame index: 0, alloc-index: 0, fall to rand-frame: False,
v-frame: ['0003094D5C', '1', '1', '1', '0', '1', '0', '0', '1', '0', '0', '0', '1', '0', '1', '0', '0', '0', '0', '0']
alloc-index: 0
2017-03-28 01:39:53.137264 Node recv VFS_BROADCAST 22, BS time 2017-03-28 01:39:53.120000, Total 10, Seed b0f910248c, Delay 0.0172643661499, 
v-frame index: 0, alloc-index: 0, fall to rand-frame: False,
v-frame: ['0003094D5C', '1', '1', '1', '0', '1', '0', '0', '1', '0', '0', '0', '1', '0', '1', '0', '0', '0', '0', '0']
alloc-index: 0
2017-03-28 01:39:53.143446 Node recv VFS_BROADCAST 23, BS time 2017-03-28 01:39:53.125000, Total 10, Seed b0f910248c, Delay 0.0184464454651, 
v-frame index: 0, alloc-index: 0, fall to rand-frame: False,
v-frame: ['0003094D5C', '1', '1', '1', '0', '1', '0', '0', '1', '0', '0', '0', '1', '0', '1', '0', '0', '0', '0', '0']
alloc-index: 0
2017-03-28 01:39:53.152543 Node recv VFS_BROADCAST 24, BS time 2017-03-28 01:39:53.130000, Total 10, Seed b0f910248c, Delay 0.0225429534912, 
v-frame index: 0, alloc-index: 0, fall to rand-frame: False,
v-frame: ['0003094D5C', '1', '1', '1', '0', '1', '0', '0', '1', '0', '0', '0', '1', '0', '1', '0', '0', '0', '0', '0']
alloc-index: 0
2017-03-28 01:39:53.158390 Node recv VFS_BROADCAST 25, BS time 2017-03-28 01:39:53.136000, Total 10, Seed b0f910248c, Delay 0.0223898887634, 
v-frame index: 0, alloc-index: 0, fall to rand-frame: False,
v-frame: ['0003094D5C', '1', '1', '1', '0', '1', '0', '0', '1', '0', '0', '0', '1', '0', '1', '0', '0', '0', '0', '0']
alloc-index: 0
2017-03-28 01:39:53.165967 Node recv VFS_BROADCAST 26, BS time 2017-03-28 01:39:53.141000, Total 10, Seed b0f910248c, Delay 0.0249664783478, 
v-frame index: 0, alloc-index: 0, fall to rand-frame: False,
v-frame: ['0003094D5C', '1', '1', '1', '0', '1', '0', '0', '1', '0', '0', '0', '1', '0', '1', '0', '0', '0', '0', '0']
alloc-index: 0
2017-03-28 01:39:53.174366 Node recv VFS_BROADCAST 27, BS time 2017-03-28 01:39:53.146000, Total 10, Seed b0f910248c, Delay 0.0283658504486, 
v-frame index: 0, alloc-index: 0, fall to rand-frame: False,
v-frame: ['0003094D5C', '1', '1', '1', '0', '1', '0', '0', '1', '0', '0', '0', '1', '0', '1', '0', '0', '0', '0', '0']
alloc-index: 0
2017-03-28 01:39:53.179234 Node recv VFS_BROADCAST 28, BS time 2017-03-28 01:39:53.152000, Total 10, Seed b0f910248c, Delay 0.027233839035, 
v-frame index: 0, alloc-index: 0, fall to rand-frame: False,
v-frame: ['0003094D5C', '1', '1', '1', '0', '1', '0', '0', '1', '0', '0', '0', '1', '0', '1', '0', '0', '0', '0', '0']
alloc-index: 0
2017-03-28 01:39:53.186762 Node recv VFS_BROADCAST 29, BS time 2017-03-28 01:39:53.158000, Total 10, Seed b0f910248c, Delay 0.0287623405457, 
v-frame index: 0, alloc-index: 0, fall to rand-frame: False,
v-frame: ['0003094D5C', '1', '1', '1', '0', '1', '0', '0', '1', '0', '0', '0', '1', '0', '1', '0', '0', '0', '0', '0']
alloc-index: 0
2017-03-28 01:39:53.192340 Node recv VFS_BROADCAST 30, BS time 2017-03-28 01:39:53.164000, Total 10, Seed b0f910248c, Delay 0.0283401012421, 
v-frame index: 0, alloc-index: 0, fall to rand-frame: False,
v-frame: ['0003094D5C', '1', '1', '1', '0', '1', '0', '0', '1', '0', '0', '0', '1', '0', '1', '0', '0', '0', '0', '0']
------ Stop listen VFS broadcast at 2017-03-28 01:39:53.592576 ------
------ Ready to send VFS packets ------
Fire at 2017-03-28 01:39:54.908043
2017-03-28 01:39:54.909617 VFS: Node 0003094D5C send data 1
2017-03-28 01:39:54.915682 VFS: Node 0003094D5C send data 2
2017-03-28 01:39:54.922064 VFS: Node 0003094D5C send data 3
2017-03-28 01:39:54.929075 VFS: Node 0003094D5C send data 4
2017-03-28 01:39:54.934034 VFS: Node 0003094D5C send data 5
2017-03-28 01:39:54.939630 VFS: Node 0003094D5C send data 6
2017-03-28 01:39:54.945513 VFS: Node 0003094D5C send data 7
2017-03-28 01:39:54.951575 VFS: Node 0003094D5C send data 8
2017-03-28 01:39:54.956470 VFS: Node 0003094D5C send data 9
2017-03-28 01:39:54.961656 VFS: Node 0003094D5C send data 10
2017-03-28 01:39:54.966831 VFS: Node 0003094D5C send data 11
2017-03-28 01:39:54.972044 VFS: Node 0003094D5C send data 12
2017-03-28 01:39:54.977204 VFS: Node 0003094D5C send data 13
2017-03-28 01:39:54.983364 VFS: Node 0003094D5C send data 14
2017-03-28 01:39:54.989960 VFS: Node 0003094D5C send data 15
2017-03-28 01:39:54.996385 VFS: Node 0003094D5C send data 16
2017-03-28 01:39:55.001210 VFS: Node 0003094D5C send data 17
2017-03-28 01:39:55.006861 VFS: Node 0003094D5C send data 18
2017-03-28 01:39:55.012155 VFS: Node 0003094D5C send data 19
2017-03-28 01:39:55.017872 VFS: Node 0003094D5C send data 20
2017-03-28 01:39:55.024155 VFS: Node 0003094D5C send data 21
2017-03-28 01:39:55.029120 VFS: Node 0003094D5C send data 22
2017-03-28 01:39:55.034612 VFS: Node 0003094D5C send data 23
2017-03-28 01:39:55.039820 VFS: Node 0003094D5C send data 24
2017-03-28 01:39:55.045686 VFS: Node 0003094D5C send data 25
2017-03-28 01:39:55.051910 VFS: Node 0003094D5C send data 26
2017-03-28 01:39:55.058126 VFS: Node 0003094D5C send data 27
2017-03-28 01:39:55.063312 VFS: Node 0003094D5C send data 28
2017-03-28 01:39:55.068984 VFS: Node 0003094D5C send data 29
2017-03-28 01:39:55.074249 VFS: Node 0003094D5C send data 30
2017-03-28 01:39:55.076477 - thread done - 
 - duration 0.168377637863 -
------ Send VFS packets end ------

 - VFS duration 7.99925875664 -
------ VFS cycle ends at 2017-03-28 01:40:00.703857 ------



=============================================================================================
========================================== ROUND 5 ==========================================
=============================================================================================


------ Listening ------
2017-03-28 01:40:00.983855 Node recv BEACON 2. BS time: 2017-03-28 01:40:00.981000, Avg delay: 0.0288882493973
2017-03-28 01:40:00.991150 Node recv BEACON 3. BS time: 2017-03-28 01:40:00.986000, Avg delay: 0.0266875743866
2017-03-28 01:40:00.998401 Node recv BEACON 4. BS time: 2017-03-28 01:40:00.992000, Avg delay: 0.0244041919708
2017-03-28 01:40:01.005068 Node recv BEACON 5. BS time: 2017-03-28 01:40:00.997000, Avg delay: 0.0221668720245
2017-03-28 01:40:01.010577 Node recv BEACON 6. BS time: 2017-03-28 01:40:01.003000, Avg delay: 0.019851899147
2017-03-28 01:40:01.019760 Node recv BEACON 7. BS time: 2017-03-28 01:40:01.010000, Avg delay: 0.0176835536957
2017-03-28 01:40:01.026277 Node recv BEACON 8. BS time: 2017-03-28 01:40:01.016000, Avg delay: 0.0153879642487
2017-03-28 01:40:01.032898 Node recv BEACON 9. BS time: 2017-03-28 01:40:01.021000, Avg delay: 0.0132234573364
2017-03-28 01:40:01.039139 Node recv BEACON 10. BS time: 2017-03-28 01:40:01.027000, Avg delay: 0.0109645843506
2017-03-28 01:40:01.045310 Node recv BEACON 11. BS time: 2017-03-28 01:40:01.033000, Avg delay: 0.00864343643188
2017-03-28 01:40:01.053322 Node recv BEACON 12. BS time: 2017-03-28 01:40:01.038000, Avg delay: 0.00989003181458
2017-03-28 01:40:01.064544 Node recv BEACON 13. BS time: 2017-03-28 01:40:01.043000, Avg delay: 0.0115293741226
2017-03-28 01:40:01.067162 Node recv BEACON 14. BS time: 2017-03-28 01:40:01.049000, Avg delay: 0.0127055168152
2017-03-28 01:40:01.075200 Node recv BEACON 15. BS time: 2017-03-28 01:40:01.054000, Avg delay: 0.0140187263489
2017-03-28 01:40:01.080266 Node recv BEACON 16. BS time: 2017-03-28 01:40:01.060000, Avg delay: 0.0152877092361
2017-03-28 01:40:01.088420 Node recv BEACON 17. BS time: 2017-03-28 01:40:01.065000, Avg delay: 0.0166536569595
2017-03-28 01:40:01.096414 Node recv BEACON 18. BS time: 2017-03-28 01:40:01.071000, Avg delay: 0.0181673526764
2017-03-28 01:40:01.102068 Node recv BEACON 19. BS time: 2017-03-28 01:40:01.076000, Avg delay: 0.0195843696594
2017-03-28 01:40:01.108563 Node recv BEACON 20. BS time: 2017-03-28 01:40:01.081000, Avg delay: 0.0211268186569
2017-03-28 01:40:01.114757 Node recv BEACON 21. BS time: 2017-03-28 01:40:01.088000, Avg delay: 0.0225715875626
2017-03-28 01:40:01.125413 Node recv BEACON 22. BS time: 2017-03-28 01:40:01.093000, Avg delay: 0.0242807149887
2017-03-28 01:40:01.129241 Node recv BEACON 23. BS time: 2017-03-28 01:40:01.098000, Avg delay: 0.0252504587173
2017-03-28 01:40:01.137007 Node recv BEACON 24. BS time: 2017-03-28 01:40:01.104000, Avg delay: 0.0267349720001
2017-03-28 01:40:01.149543 Node recv BEACON 26. BS time: 2017-03-28 01:40:01.117000, Avg delay: 0.0278692960739
2017-03-28 01:40:01.155875 Node recv BEACON 27. BS time: 2017-03-28 01:40:01.122000, Avg delay: 0.0292301654816
2017-03-28 01:40:01.165759 Node recv BEACON 28. BS time: 2017-03-28 01:40:01.128000, Avg delay: 0.0306640386581
2017-03-28 01:40:01.170397 Node recv BEACON 29. BS time: 2017-03-28 01:40:01.134000, Avg delay: 0.0317623376846
2017-03-28 01:40:01.177991 Node recv BEACON 30. BS time: 2017-03-28 01:40:01.140000, Avg delay: 0.0329546451569
2017-03-28 01:40:01.353749 Node recv BEACON 2. BS time: 2017-03-28 01:40:01.351000, Avg delay: 0.0304732084274
2017-03-28 01:40:01.360084 Node recv BEACON 3. BS time: 2017-03-28 01:40:01.357000, Avg delay: 0.0281059026718
2017-03-28 01:40:01.368632 Node recv BEACON 4. BS time: 2017-03-28 01:40:01.363000, Avg delay: 0.0254277944565
2017-03-28 01:40:01.374578 Node recv BEACON 5. BS time: 2017-03-28 01:40:01.369000, Avg delay: 0.022861456871
2017-03-28 01:40:01.380687 Node recv BEACON 6. BS time: 2017-03-28 01:40:01.375000, Avg delay: 0.0201294660568
2017-03-28 01:40:01.389463 Node recv BEACON 7. BS time: 2017-03-28 01:40:01.382000, Avg delay: 0.0176214456558
2017-03-28 01:40:01.395654 Node recv BEACON 8. BS time: 2017-03-28 01:40:01.388000, Avg delay: 0.0149993181229
2017-03-28 01:40:01.402578 Node recv BEACON 9. BS time: 2017-03-28 01:40:01.394000, Avg delay: 0.0120812177658
2017-03-28 01:40:01.409107 Node recv BEACON 10. BS time: 2017-03-28 01:40:01.399000, Avg delay: 0.00945222377777
2017-03-28 01:40:01.415224 Node recv BEACON 11. BS time: 2017-03-28 01:40:01.405000, Avg delay: 0.00667552947998
2017-03-28 01:40:01.423311 Node recv BEACON 12. BS time: 2017-03-28 01:40:01.410000, Avg delay: 0.00773169994354
2017-03-28 01:40:01.429631 Node recv BEACON 13. BS time: 2017-03-28 01:40:01.416000, Avg delay: 0.00878636837006
2017-03-28 01:40:01.436064 Node recv BEACON 14. BS time: 2017-03-28 01:40:01.421000, Avg delay: 0.00972955226898
2017-03-28 01:40:01.444442 Node recv BEACON 15. BS time: 2017-03-28 01:40:01.427000, Avg delay: 0.0109159946442
2017-03-28 01:40:01.450119 Node recv BEACON 16. BS time: 2017-03-28 01:40:01.432000, Avg delay: 0.0121591806412
2017-03-28 01:40:01.456193 Node recv BEACON 17. BS time: 2017-03-28 01:40:01.438000, Avg delay: 0.0132321834564
2017-03-28 01:40:01.465290 Node recv BEACON 18. BS time: 2017-03-28 01:40:01.443000, Avg delay: 0.0146958112717
2017-03-28 01:40:01.470776 Node recv BEACON 19. BS time: 2017-03-28 01:40:01.449000, Avg delay: 0.016015625
2017-03-28 01:40:01.479126 Node recv BEACON 20. BS time: 2017-03-28 01:40:01.455000, Avg delay: 0.0174175262451
2017-03-28 01:40:01.484655 Node recv BEACON 21. BS time: 2017-03-28 01:40:01.462000, Avg delay: 0.0186605930328
2017-03-28 01:40:01.491179 Node recv BEACON 22. BS time: 2017-03-28 01:40:01.467000, Avg delay: 0.0197474241257
2017-03-28 01:40:01.499025 Node recv BEACON 23. BS time: 2017-03-28 01:40:01.473000, Avg delay: 0.0209868431091
2017-03-28 01:40:01.506734 Node recv BEACON 24. BS time: 2017-03-28 01:40:01.479000, Avg delay: 0.0222538471222
2017-03-28 01:40:01.512042 Node recv BEACON 25. BS time: 2017-03-28 01:40:01.485000, Avg delay: 0.0232138395309
2017-03-28 01:40:01.519628 Node recv BEACON 26. BS time: 2017-03-28 01:40:01.490000, Avg delay: 0.0243647575378
2017-03-28 01:40:01.528306 Node recv BEACON 27. BS time: 2017-03-28 01:40:01.495000, Avg delay: 0.0258761405945
2017-03-28 01:40:01.533731 Node recv BEACON 28. BS time: 2017-03-28 01:40:01.501000, Avg delay: 0.0269201755524
2017-03-28 01:40:01.542423 Node recv BEACON 29. BS time: 2017-03-28 01:40:01.507000, Avg delay: 0.0282849550247
2017-03-28 01:40:01.546226 Node recv BEACON 30. BS time: 2017-03-28 01:40:01.512000, Avg delay: 0.0292948961258
------ Stop listen at 2017-03-28 01:40:01.746211 ------
------ Listening VFS broadcast ------
rand-index: 9
2017-03-28 01:40:02.999285 Node recv VFS_BROADCAST 2, BS time 2017-03-28 01:40:03.007000, Total 10, Seed 254c1c62b6, Delay -0.00771546363831, 
v-frame index: 0, alloc-index: 9, fall to rand-frame: True,
v-frame: ['0', '0', '0', '1', '1', '1', '0', '1', '1', '0', '1', '0', '0', '1', '1', '0', '0', '0', '0', '0']
rand-index: 9
2017-03-28 01:40:03.007204 Node recv VFS_BROADCAST 3, BS time 2017-03-28 01:40:03.013000, Total 10, Seed 254c1c62b6, Delay -0.00579643249512, 
v-frame index: 0, alloc-index: 9, fall to rand-frame: True,
v-frame: ['0', '0', '0', '1', '1', '1', '0', '1', '1', '0', '1', '0', '0', '1', '1', '0', '0', '0', '0', '0']
rand-index: 8
2017-03-28 01:40:03.014171 Node recv VFS_BROADCAST 4, BS time 2017-03-28 01:40:03.019000, Total 10, Seed 254c1c62b6, Delay -0.00482869148254, 
v-frame index: 0, alloc-index: 8, fall to rand-frame: True,
v-frame: ['0', '0', '0', '1', '1', '1', '0', '1', '1', '0', '1', '0', '0', '1', '1', '0', '0', '0', '0', '0']
rand-index: 8
2017-03-28 01:40:03.021625 Node recv VFS_BROADCAST 5, BS time 2017-03-28 01:40:03.024000, Total 10, Seed 254c1c62b6, Delay -0.00237512588501, 
v-frame index: 0, alloc-index: 8, fall to rand-frame: True,
v-frame: ['0', '0', '0', '1', '1', '1', '0', '1', '1', '0', '1', '0', '0', '1', '1', '0', '0', '0', '0', '0']
rand-index: 9
2017-03-28 01:40:03.027832 Node recv VFS_BROADCAST 6, BS time 2017-03-28 01:40:03.030000, Total 10, Seed 254c1c62b6, Delay -0.00216770172119, 
v-frame index: 0, alloc-index: 9, fall to rand-frame: True,
v-frame: ['0', '0', '0', '1', '1', '1', '0', '1', '1', '0', '1', '0', '0', '1', '1', '0', '0', '0', '0', '0']
rand-index: 9
2017-03-28 01:40:03.035048 Node recv VFS_BROADCAST 7, BS time 2017-03-28 01:40:03.036000, Total 10, Seed 254c1c62b6, Delay -0.000952005386353, 
v-frame index: 0, alloc-index: 9, fall to rand-frame: True,
v-frame: ['0', '0', '0', '1', '1', '1', '0', '1', '1', '0', '1', '0', '0', '1', '1', '0', '0', '0', '0', '0']
rand-index: 9
2017-03-28 01:40:03.048461 Node recv VFS_BROADCAST 9, BS time 2017-03-28 01:40:03.047000, Total 10, Seed 254c1c62b6, Delay 0.00146079063416, 
v-frame index: 0, alloc-index: 9, fall to rand-frame: True,
v-frame: ['0', '0', '0', '1', '1', '1', '0', '1', '1', '0', '1', '0', '0', '1', '1', '0', '0', '0', '0', '0']
rand-index: 8
2017-03-28 01:40:03.054492 Node recv VFS_BROADCAST 10, BS time 2017-03-28 01:40:03.052000, Total 10, Seed 254c1c62b6, Delay 0.00249147415161, 
v-frame index: 0, alloc-index: 8, fall to rand-frame: True,
v-frame: ['0', '0', '0', '1', '1', '1', '0', '1', '1', '0', '1', '0', '0', '1', '1', '0', '0', '0', '0', '0']
rand-index: 8
2017-03-28 01:40:03.062426 Node recv VFS_BROADCAST 11, BS time 2017-03-28 01:40:03.057000, Total 10, Seed 254c1c62b6, Delay 0.00542640686035, 
v-frame index: 0, alloc-index: 8, fall to rand-frame: True,
v-frame: ['0', '0', '0', '1', '1', '1', '0', '1', '1', '0', '1', '0', '0', '1', '1', '0', '0', '0', '0', '0']
rand-index: 9
2017-03-28 01:40:03.068724 Node recv VFS_BROADCAST 12, BS time 2017-03-28 01:40:03.062000, Total 10, Seed 254c1c62b6, Delay 0.00672388076782, 
v-frame index: 0, alloc-index: 9, fall to rand-frame: True,
v-frame: ['0', '0', '0', '1', '1', '1', '0', '1', '1', '0', '1', '0', '0', '1', '1', '0', '0', '0', '0', '0']
rand-index: 8
2017-03-28 01:40:03.076819 Node recv VFS_BROADCAST 13, BS time 2017-03-28 01:40:03.067000, Total 10, Seed 254c1c62b6, Delay 0.00981879234314, 
v-frame index: 0, alloc-index: 8, fall to rand-frame: True,
v-frame: ['0', '0', '0', '1', '1', '1', '0', '1', '1', '0', '1', '0', '0', '1', '1', '0', '0', '0', '0', '0']
rand-index: 9
2017-03-28 01:40:03.084027 Node recv VFS_BROADCAST 14, BS time 2017-03-28 01:40:03.073000, Total 10, Seed 254c1c62b6, Delay 0.0110273361206, 
v-frame index: 0, alloc-index: 9, fall to rand-frame: True,
v-frame: ['0', '0', '0', '1', '1', '1', '0', '1', '1', '0', '1', '0', '0', '1', '1', '0', '0', '0', '0', '0']
rand-index: 9
2017-03-28 01:40:03.090940 Node recv VFS_BROADCAST 15, BS time 2017-03-28 01:40:03.078000, Total 10, Seed 254c1c62b6, Delay 0.012939453125, 
v-frame index: 0, alloc-index: 9, fall to rand-frame: True,
v-frame: ['0', '0', '0', '1', '1', '1', '0', '1', '1', '0', '1', '0', '0', '1', '1', '0', '0', '0', '0', '0']
rand-index: 8
2017-03-28 01:40:03.097291 Node recv VFS_BROADCAST 16, BS time 2017-03-28 01:40:03.084000, Total 10, Seed 254c1c62b6, Delay 0.0132908821106, 
v-frame index: 0, alloc-index: 8, fall to rand-frame: True,
v-frame: ['0', '0', '0', '1', '1', '1', '0', '1', '1', '0', '1', '0', '0', '1', '1', '0', '0', '0', '0', '0']
rand-index: 9
2017-03-28 01:40:03.103574 Node recv VFS_BROADCAST 17, BS time 2017-03-28 01:40:03.091000, Total 10, Seed 254c1c62b6, Delay 0.0125734806061, 
v-frame index: 0, alloc-index: 9, fall to rand-frame: True,
v-frame: ['0', '0', '0', '1', '1', '1', '0', '1', '1', '0', '1', '0', '0', '1', '1', '0', '0', '0', '0', '0']
rand-index: 8
2017-03-28 01:40:03.112524 Node recv VFS_BROADCAST 18, BS time 2017-03-28 01:40:03.097000, Total 10, Seed 254c1c62b6, Delay 0.0155236721039, 
v-frame index: 0, alloc-index: 8, fall to rand-frame: True,
v-frame: ['0', '0', '0', '1', '1', '1', '0', '1', '1', '0', '1', '0', '0', '1', '1', '0', '0', '0', '0', '0']
rand-index: 9
2017-03-28 01:40:03.118955 Node recv VFS_BROADCAST 19, BS time 2017-03-28 01:40:03.102000, Total 10, Seed 254c1c62b6, Delay 0.0169553756714, 
v-frame index: 0, alloc-index: 9, fall to rand-frame: True,
v-frame: ['0', '0', '0', '1', '1', '1', '0', '1', '1', '0', '1', '0', '0', '1', '1', '0', '0', '0', '0', '0']
rand-index: 8
2017-03-28 01:40:03.124935 Node recv VFS_BROADCAST 20, BS time 2017-03-28 01:40:03.108000, Total 10, Seed 254c1c62b6, Delay 0.0169348716736, 
v-frame index: 0, alloc-index: 8, fall to rand-frame: True,
v-frame: ['0', '0', '0', '1', '1', '1', '0', '1', '1', '0', '1', '0', '0', '1', '1', '0', '0', '0', '0', '0']
rand-index: 9
2017-03-28 01:40:03.132099 Node recv VFS_BROADCAST 21, BS time 2017-03-28 01:40:03.113000, Total 10, Seed 254c1c62b6, Delay 0.0190992355347, 
v-frame index: 0, alloc-index: 9, fall to rand-frame: True,
v-frame: ['0', '0', '0', '1', '1', '1', '0', '1', '1', '0', '1', '0', '0', '1', '1', '0', '0', '0', '0', '0']
rand-index: 9
2017-03-28 01:40:03.139282 Node recv VFS_BROADCAST 22, BS time 2017-03-28 01:40:03.119000, Total 10, Seed 254c1c62b6, Delay 0.020281791687, 
v-frame index: 0, alloc-index: 9, fall to rand-frame: True,
v-frame: ['0', '0', '0', '1', '1', '1', '0', '1', '1', '0', '1', '0', '0', '1', '1', '0', '0', '0', '0', '0']
rand-index: 8
2017-03-28 01:40:03.144695 Node recv VFS_BROADCAST 23, BS time 2017-03-28 01:40:03.126000, Total 10, Seed 254c1c62b6, Delay 0.0186951160431, 
v-frame index: 0, alloc-index: 8, fall to rand-frame: True,
v-frame: ['0', '0', '0', '1', '1', '1', '0', '1', '1', '0', '1', '0', '0', '1', '1', '0', '0', '0', '0', '0']
rand-index: 8
2017-03-28 01:40:03.153415 Node recv VFS_BROADCAST 24, BS time 2017-03-28 01:40:03.132000, Total 10, Seed 254c1c62b6, Delay 0.0214154720306, 
v-frame index: 0, alloc-index: 8, fall to rand-frame: True,
v-frame: ['0', '0', '0', '1', '1', '1', '0', '1', '1', '0', '1', '0', '0', '1', '1', '0', '0', '0', '0', '0']
rand-index: 9
2017-03-28 01:40:03.158711 Node recv VFS_BROADCAST 25, BS time 2017-03-28 01:40:03.137000, Total 10, Seed 254c1c62b6, Delay 0.0217111110687, 
v-frame index: 0, alloc-index: 9, fall to rand-frame: True,
v-frame: ['0', '0', '0', '1', '1', '1', '0', '1', '1', '0', '1', '0', '0', '1', '1', '0', '0', '0', '0', '0']
rand-index: 8
2017-03-28 01:40:03.166870 Node recv VFS_BROADCAST 26, BS time 2017-03-28 01:40:03.143000, Total 10, Seed 254c1c62b6, Delay 0.0238702297211, 
v-frame index: 0, alloc-index: 8, fall to rand-frame: True,
v-frame: ['0', '0', '0', '1', '1', '1', '0', '1', '1', '0', '1', '0', '0', '1', '1', '0', '0', '0', '0', '0']
rand-index: 9
2017-03-28 01:40:03.173632 Node recv VFS_BROADCAST 27, BS time 2017-03-28 01:40:03.150000, Total 10, Seed 254c1c62b6, Delay 0.023631811142, 
v-frame index: 0, alloc-index: 9, fall to rand-frame: True,
v-frame: ['0', '0', '0', '1', '1', '1', '0', '1', '1', '0', '1', '0', '0', '1', '1', '0', '0', '0', '0', '0']
rand-index: 8
2017-03-28 01:40:03.181962 Node recv VFS_BROADCAST 28, BS time 2017-03-28 01:40:03.155000, Total 10, Seed 254c1c62b6, Delay 0.0269622802734, 
v-frame index: 0, alloc-index: 8, fall to rand-frame: True,
v-frame: ['0', '0', '0', '1', '1', '1', '0', '1', '1', '0', '1', '0', '0', '1', '1', '0', '0', '0', '0', '0']
rand-index: 9
2017-03-28 01:40:03.187340 Node recv VFS_BROADCAST 29, BS time 2017-03-28 01:40:03.160000, Total 10, Seed 254c1c62b6, Delay 0.0273394584656, 
v-frame index: 0, alloc-index: 9, fall to rand-frame: True,
v-frame: ['0', '0', '0', '1', '1', '1', '0', '1', '1', '0', '1', '0', '0', '1', '1', '0', '0', '0', '0', '0']
rand-index: 8
2017-03-28 01:40:03.193876 Node recv VFS_BROADCAST 30, BS time 2017-03-28 01:40:03.165000, Total 10, Seed 254c1c62b6, Delay 0.0288760662079, 
v-frame index: 0, alloc-index: 8, fall to rand-frame: True,
v-frame: ['0', '0', '0', '1', '1', '1', '0', '1', '1', '0', '1', '0', '0', '1', '1', '0', '0', '0', '0', '0']
------ Stop listen VFS broadcast at 2017-03-28 01:40:03.597584 ------
------ Ready to send VFS packets ------
Fire at 2017-03-28 01:40:08.908116
2017-03-28 01:40:08.909679 VFS: Node 0003094D5C send data 1
2017-03-28 01:40:08.914937 VFS: Node 0003094D5C send data 2
2017-03-28 01:40:08.920931 VFS: Node 0003094D5C send data 3
2017-03-28 01:40:08.926231 VFS: Node 0003094D5C send data 4
2017-03-28 01:40:08.931612 VFS: Node 0003094D5C send data 5
2017-03-28 01:40:08.936794 VFS: Node 0003094D5C send data 6
2017-03-28 01:40:08.942567 VFS: Node 0003094D5C send data 7
2017-03-28 01:40:08.949235 VFS: Node 0003094D5C send data 8
2017-03-28 01:40:08.955117 VFS: Node 0003094D5C send data 9
2017-03-28 01:40:08.960589 VFS: Node 0003094D5C send data 10
2017-03-28 01:40:08.966398 VFS: Node 0003094D5C send data 11
2017-03-28 01:40:08.971893 VFS: Node 0003094D5C send data 12
2017-03-28 01:40:08.977165 VFS: Node 0003094D5C send data 13
2017-03-28 01:40:08.983228 VFS: Node 0003094D5C send data 14
2017-03-28 01:40:08.989980 VFS: Node 0003094D5C send data 15
2017-03-28 01:40:08.995748 VFS: Node 0003094D5C send data 16
2017-03-28 01:40:09.000657 VFS: Node 0003094D5C send data 17
2017-03-28 01:40:09.006335 VFS: Node 0003094D5C send data 18
2017-03-28 01:40:09.011617 VFS: Node 0003094D5C send data 19
2017-03-28 01:40:09.018886 VFS: Node 0003094D5C send data 20
2017-03-28 01:40:09.024517 VFS: Node 0003094D5C send data 21
2017-03-28 01:40:09.029647 VFS: Node 0003094D5C send data 22
2017-03-28 01:40:09.034830 VFS: Node 0003094D5C send data 23
2017-03-28 01:40:09.040301 VFS: Node 0003094D5C send data 24
2017-03-28 01:40:09.046176 VFS: Node 0003094D5C send data 25
2017-03-28 01:40:09.051981 VFS: Node 0003094D5C send data 26
2017-03-28 01:40:09.056950 VFS: Node 0003094D5C send data 27
2017-03-28 01:40:09.062785 VFS: Node 0003094D5C send data 28
2017-03-28 01:40:09.068282 VFS: Node 0003094D5C send data 29
2017-03-28 01:40:09.073546 VFS: Node 0003094D5C send data 30
2017-03-28 01:40:09.075606 - thread done - 
 - duration 0.167500734329 -
------ Send VFS packets end ------

 - VFS duration 7.99934911728 -
------ VFS cycle ends at 2017-03-28 01:40:09.746032 ------



=============================================================================================
========================================= TEST END ==========================================
=============================================================================================


