----------------------------------------------------------
Input options: 
{'verbose': True, 'discontinuous': False, 'bandwidth': 1000000.0, 'megabytes': 1.0, 'size': 400, 'log': False, 'antenna': 'TX/RX', 'lo_offset': 0, 'scheme': 'PS', 'spec': None, 'tx_gain': 60.0, 'tx_amplitude': 0.2, 'modulation': 'bpsk', 'args': 'serial=3094D5C', 'snr': 30.0, 'occupied_tones': 200, 'freq': None, 'logfile': 'B210_ps.log', 'rx_freq': 2490000000.0, 'rx_gain': 20.0, 'from_file': None, 'to_file': None, 'tx_freq': 2490000000.0, 'clock_source': None, 'cp_length': 128, 'fft_length': 256}
----------------------------------------------------------


NODE ID: 0003094D5C

Clock Rate: 32.0 MHz

####### Test Protocol: PS #######

2017-03-28 01:46:30.701119 Adjust to PC time: 2017-03-28 01:46:30.700747



=============================================================================================
========================================== ROUND 1 ==========================================
=============================================================================================


------ Listening ------
Adjust time... New time: 2017-03-28 01:46:32.723027
2017-03-28 01:46:32.723027 Node recv BEACON 3. BS time: 2017-03-28 01:46:32.723000, Avg delay: 0.141277551651
Adjust time... New time: 2017-03-28 01:46:32.728055
2017-03-28 01:46:32.728055 Node recv BEACON 4. BS time: 2017-03-28 01:46:32.728000, Avg delay: 0.0711718797684
2017-03-28 01:46:32.736309 Node recv BEACON 5. BS time: 2017-03-28 01:46:32.734000, Avg delay: 0.0482174555461
2017-03-28 01:46:32.742786 Node recv BEACON 6. BS time: 2017-03-28 01:46:32.739000, Avg delay: 0.0371095538139
2017-03-28 01:46:32.750629 Node recv BEACON 7. BS time: 2017-03-28 01:46:32.744000, Avg delay: 0.0310135364532
2017-03-28 01:46:32.757321 Node recv BEACON 8. BS time: 2017-03-28 01:46:32.750000, Avg delay: 0.0270648002625
2017-03-28 01:46:32.763479 Node recv BEACON 9. BS time: 2017-03-28 01:46:32.756000, Avg delay: 0.0242668219975
2017-03-28 01:46:32.770454 Node recv BEACON 10. BS time: 2017-03-28 01:46:32.761000, Avg delay: 0.0224152803421
2017-03-28 01:46:32.776638 Node recv BEACON 11. BS time: 2017-03-28 01:46:32.767000, Avg delay: 0.02099553744
2017-03-28 01:46:32.784375 Node recv BEACON 12. BS time: 2017-03-28 01:46:32.772000, Avg delay: 0.0201335191727
2017-03-28 01:46:32.790960 Node recv BEACON 13. BS time: 2017-03-28 01:46:32.777000, Avg delay: 0.00740172863007
2017-03-28 01:46:32.798171 Node recv BEACON 14. BS time: 2017-03-28 01:46:32.783000, Avg delay: 0.00881218910217
2017-03-28 01:46:32.806685 Node recv BEACON 15. BS time: 2017-03-28 01:46:32.789000, Avg delay: 0.0103497982025
2017-03-28 01:46:32.811359 Node recv BEACON 16. BS time: 2017-03-28 01:46:32.794000, Avg delay: 0.0117071151733
2017-03-28 01:46:32.817508 Node recv BEACON 17. BS time: 2017-03-28 01:46:32.800000, Avg delay: 0.0127949237823
2017-03-28 01:46:32.827816 Node recv BEACON 18. BS time: 2017-03-28 01:46:32.805000, Avg delay: 0.0143443822861
2017-03-28 01:46:32.834824 Node recv BEACON 19. BS time: 2017-03-28 01:46:32.810000, Avg delay: 0.0160789251328
2017-03-28 01:46:32.842008 Node recv BEACON 20. BS time: 2017-03-28 01:46:32.815000, Avg delay: 0.0178342819214
2017-03-28 01:46:32.846175 Node recv BEACON 21. BS time: 2017-03-28 01:46:32.822000, Avg delay: 0.0192880153656
2017-03-28 01:46:32.852322 Node recv BEACON 22. BS time: 2017-03-28 01:46:32.827000, Avg delay: 0.0205827236176
2017-03-28 01:46:32.861223 Node recv BEACON 23. BS time: 2017-03-28 01:46:32.833000, Avg delay: 0.0220090150833
2017-03-28 01:46:32.869095 Node recv BEACON 24. BS time: 2017-03-28 01:46:32.838000, Avg delay: 0.0236014127731
2017-03-28 01:46:32.874917 Node recv BEACON 25. BS time: 2017-03-28 01:46:32.844000, Avg delay: 0.0249246358871
2017-03-28 01:46:32.880701 Node recv BEACON 26. BS time: 2017-03-28 01:46:32.850000, Avg delay: 0.0262588739395
2017-03-28 01:46:32.889102 Node recv BEACON 27. BS time: 2017-03-28 01:46:32.856000, Avg delay: 0.0278183460236
2017-03-28 01:46:32.896522 Node recv BEACON 28. BS time: 2017-03-28 01:46:32.862000, Avg delay: 0.0289889335632
2017-03-28 01:46:32.902066 Node recv BEACON 29. BS time: 2017-03-28 01:46:32.867000, Avg delay: 0.0300131082535
2017-03-28 01:46:32.907691 Node recv BEACON 30. BS time: 2017-03-28 01:46:32.872000, Avg delay: 0.0308814287186
2017-03-28 01:46:33.087271 Node recv BEACON 2. BS time: 2017-03-28 01:46:33.082000, Avg delay: 0.0289910316467
2017-03-28 01:46:33.095176 Node recv BEACON 3. BS time: 2017-03-28 01:46:33.088000, Avg delay: 0.0271763324738
2017-03-28 01:46:33.101710 Node recv BEACON 4. BS time: 2017-03-28 01:46:33.095000, Avg delay: 0.0250250339508
2017-03-28 01:46:33.108654 Node recv BEACON 5. BS time: 2017-03-28 01:46:33.100000, Avg delay: 0.0227809906006
2017-03-28 01:46:33.115885 Node recv BEACON 6. BS time: 2017-03-28 01:46:33.106000, Avg delay: 0.0206778049469
2017-03-28 01:46:33.123271 Node recv BEACON 7. BS time: 2017-03-28 01:46:33.112000, Avg delay: 0.0187347888947
2017-03-28 01:46:33.129945 Node recv BEACON 8. BS time: 2017-03-28 01:46:33.118000, Avg delay: 0.0166190624237
2017-03-28 01:46:33.137308 Node recv BEACON 9. BS time: 2017-03-28 01:46:33.123000, Avg delay: 0.0145977258682
2017-03-28 01:46:33.142462 Node recv BEACON 10. BS time: 2017-03-28 01:46:33.128000, Avg delay: 0.0125372648239
2017-03-28 01:46:33.150407 Node recv BEACON 11. BS time: 2017-03-28 01:46:33.133000, Avg delay: 0.0107088327408
2017-03-28 01:46:33.156573 Node recv BEACON 12. BS time: 2017-03-28 01:46:33.139000, Avg delay: 0.0119390249252
2017-03-28 01:46:33.163019 Node recv BEACON 13. BS time: 2017-03-28 01:46:33.144000, Avg delay: 0.0131234169006
2017-03-28 01:46:33.171533 Node recv BEACON 14. BS time: 2017-03-28 01:46:33.151000, Avg delay: 0.0145057201385
2017-03-28 01:46:33.178198 Node recv BEACON 15. BS time: 2017-03-28 01:46:33.157000, Avg delay: 0.0157601118088
2017-03-28 01:46:33.185352 Node recv BEACON 16. BS time: 2017-03-28 01:46:33.163000, Avg delay: 0.0170068264008
2017-03-28 01:46:33.191379 Node recv BEACON 17. BS time: 2017-03-28 01:46:33.168000, Avg delay: 0.018217587471
2017-03-28 01:46:33.197787 Node recv BEACON 18. BS time: 2017-03-28 01:46:33.173000, Avg delay: 0.0195017576218
2017-03-28 01:46:33.206790 Node recv BEACON 19. BS time: 2017-03-28 01:46:33.179000, Avg delay: 0.0208499908447
2017-03-28 01:46:33.212845 Node recv BEACON 20. BS time: 2017-03-28 01:46:33.185000, Avg delay: 0.0221883058548
2017-03-28 01:46:33.218165 Node recv BEACON 21. BS time: 2017-03-28 01:46:33.190000, Avg delay: 0.0232641220093
2017-03-28 01:46:33.226182 Node recv BEACON 22. BS time: 2017-03-28 01:46:33.195000, Avg delay: 0.0246250867844
2017-03-28 01:46:33.233232 Node recv BEACON 23. BS time: 2017-03-28 01:46:33.201000, Avg delay: 0.0259463787079
2017-03-28 01:46:33.240979 Node recv BEACON 24. BS time: 2017-03-28 01:46:33.207000, Avg delay: 0.0272910118103
2017-03-28 01:46:33.246665 Node recv BEACON 25. BS time: 2017-03-28 01:46:33.215000, Avg delay: 0.0283376455307
2017-03-28 01:46:33.252940 Node recv BEACON 26. BS time: 2017-03-28 01:46:33.220000, Avg delay: 0.0293963909149
2017-03-28 01:46:33.261889 Node recv BEACON 27. BS time: 2017-03-28 01:46:33.226000, Avg delay: 0.030647444725
2017-03-28 01:46:33.267379 Node recv BEACON 28. BS time: 2017-03-28 01:46:33.232000, Avg delay: 0.0317066431046
2017-03-28 01:46:33.275448 Node recv BEACON 29. BS time: 2017-03-28 01:46:33.238000, Avg delay: 0.0326723575592
2017-03-28 01:46:33.282367 Node recv BEACON 30. BS time: 2017-03-28 01:46:33.243000, Avg delay: 0.0338245868683
------ Stop listen at 2017-03-28 01:46:33.477779 ------
------ Listening PS broadcast ------
2017-03-28 01:46:34.001821 Node recv PS_BROADCAST 2, BS time 2017-03-28 01:46:34.006000, Total 10, Seed 548335bf10, Index 8, Delay -0.00417900085449
2017-03-28 01:46:34.009750 Node recv PS_BROADCAST 3, BS time 2017-03-28 01:46:34.011000, Total 10, Seed 548335bf10, Index 8, Delay -0.00124979019165
2017-03-28 01:46:34.016243 Node recv PS_BROADCAST 4, BS time 2017-03-28 01:46:34.018000, Total 10, Seed 548335bf10, Index 8, Delay -0.00175642967224
2017-03-28 01:46:34.022627 Node recv PS_BROADCAST 5, BS time 2017-03-28 01:46:34.023000, Total 10, Seed 548335bf10, Index 8, Delay -0.000373363494873
2017-03-28 01:46:34.030437 Node recv PS_BROADCAST 6, BS time 2017-03-28 01:46:34.029000, Total 10, Seed 548335bf10, Index 8, Delay 0.00143718719482
2017-03-28 01:46:34.038110 Node recv PS_BROADCAST 7, BS time 2017-03-28 01:46:34.035000, Total 10, Seed 548335bf10, Index 8, Delay 0.00311017036438
2017-03-28 01:46:34.044890 Node recv PS_BROADCAST 8, BS time 2017-03-28 01:46:34.041000, Total 10, Seed 548335bf10, Index 8, Delay 0.00389003753662
2017-03-28 01:46:34.051610 Node recv PS_BROADCAST 9, BS time 2017-03-28 01:46:34.046000, Total 10, Seed 548335bf10, Index 8, Delay 0.00560975074768
2017-03-28 01:46:34.057237 Node recv PS_BROADCAST 10, BS time 2017-03-28 01:46:34.052000, Total 10, Seed 548335bf10, Index 8, Delay 0.00523686408997
2017-03-28 01:46:34.065710 Node recv PS_BROADCAST 11, BS time 2017-03-28 01:46:34.057000, Total 10, Seed 548335bf10, Index 8, Delay 0.0087103843689
2017-03-28 01:46:34.071234 Node recv PS_BROADCAST 12, BS time 2017-03-28 01:46:34.062000, Total 10, Seed 548335bf10, Index 8, Delay 0.00923418998718
2017-03-28 01:46:34.079422 Node recv PS_BROADCAST 13, BS time 2017-03-28 01:46:34.068000, Total 10, Seed 548335bf10, Index 8, Delay 0.0114216804504
2017-03-28 01:46:34.086631 Node recv PS_BROADCAST 14, BS time 2017-03-28 01:46:34.073000, Total 10, Seed 548335bf10, Index 8, Delay 0.0136306285858
2017-03-28 01:46:34.092487 Node recv PS_BROADCAST 15, BS time 2017-03-28 01:46:34.079000, Total 10, Seed 548335bf10, Index 8, Delay 0.013486623764
2017-03-28 01:46:34.099994 Node recv PS_BROADCAST 16, BS time 2017-03-28 01:46:34.085000, Total 10, Seed 548335bf10, Index 8, Delay 0.0149939060211
2017-03-28 01:46:34.105893 Node recv PS_BROADCAST 17, BS time 2017-03-28 01:46:34.092000, Total 10, Seed 548335bf10, Index 8, Delay 0.0138926506042
2017-03-28 01:46:34.112316 Node recv PS_BROADCAST 18, BS time 2017-03-28 01:46:34.097000, Total 10, Seed 548335bf10, Index 8, Delay 0.0153162479401
2017-03-28 01:46:34.120531 Node recv PS_BROADCAST 19, BS time 2017-03-28 01:46:34.103000, Total 10, Seed 548335bf10, Index 8, Delay 0.0175313949585
2017-03-28 01:46:34.127541 Node recv PS_BROADCAST 20, BS time 2017-03-28 01:46:34.109000, Total 10, Seed 548335bf10, Index 8, Delay 0.0185413360596
2017-03-28 01:46:34.134480 Node recv PS_BROADCAST 21, BS time 2017-03-28 01:46:34.115000, Total 10, Seed 548335bf10, Index 8, Delay 0.0194795131683
2017-03-28 01:46:34.140959 Node recv PS_BROADCAST 22, BS time 2017-03-28 01:46:34.120000, Total 10, Seed 548335bf10, Index 8, Delay 0.0209589004517
2017-03-28 01:46:34.147574 Node recv PS_BROADCAST 23, BS time 2017-03-28 01:46:34.125000, Total 10, Seed 548335bf10, Index 8, Delay 0.0225741863251
2017-03-28 01:46:34.155734 Node recv PS_BROADCAST 24, BS time 2017-03-28 01:46:34.131000, Total 10, Seed 548335bf10, Index 8, Delay 0.0247337818146
2017-03-28 01:46:34.161569 Node recv PS_BROADCAST 25, BS time 2017-03-28 01:46:34.137000, Total 10, Seed 548335bf10, Index 8, Delay 0.024569272995
2017-03-28 01:46:34.167535 Node recv PS_BROADCAST 26, BS time 2017-03-28 01:46:34.144000, Total 10, Seed 548335bf10, Index 8, Delay 0.0235352516174
2017-03-28 01:46:34.176359 Node recv PS_BROADCAST 27, BS time 2017-03-28 01:46:34.150000, Total 10, Seed 548335bf10, Index 8, Delay 0.0263586044312
2017-03-28 01:46:34.182683 Node recv PS_BROADCAST 28, BS time 2017-03-28 01:46:34.155000, Total 10, Seed 548335bf10, Index 8, Delay 0.0276825428009
2017-03-28 01:46:34.190504 Node recv PS_BROADCAST 29, BS time 2017-03-28 01:46:34.160000, Total 10, Seed 548335bf10, Index 8, Delay 0.0305037498474
2017-03-28 01:46:34.195965 Node recv PS_BROADCAST 30, BS time 2017-03-28 01:46:34.165000, Total 10, Seed 548335bf10, Index 8, Delay 0.0309648513794
------ Stop listen PS broadcast at 2017-03-28 01:46:34.599873 ------
------ Ready to send PS packets ------
Fire at 2017-03-28 01:46:39.908064
2017-03-28 01:46:39.911569 PS: Node 0003094D5C send data 1
2017-03-28 01:46:39.917350 PS: Node 0003094D5C send data 2
2017-03-28 01:46:39.923159 PS: Node 0003094D5C send data 3
2017-03-28 01:46:39.928697 PS: Node 0003094D5C send data 4
2017-03-28 01:46:39.933882 PS: Node 0003094D5C send data 5
2017-03-28 01:46:39.939927 PS: Node 0003094D5C send data 6
2017-03-28 01:46:39.946144 PS: Node 0003094D5C send data 7
2017-03-28 01:46:39.951589 PS: Node 0003094D5C send data 8
2017-03-28 01:46:39.957456 PS: Node 0003094D5C send data 9
2017-03-28 01:46:39.962658 PS: Node 0003094D5C send data 10
2017-03-28 01:46:39.968505 PS: Node 0003094D5C send data 11
2017-03-28 01:46:39.973677 PS: Node 0003094D5C send data 12
2017-03-28 01:46:39.979162 PS: Node 0003094D5C send data 13
2017-03-28 01:46:39.985780 PS: Node 0003094D5C send data 14
2017-03-28 01:46:39.991063 PS: Node 0003094D5C send data 15
2017-03-28 01:46:39.997175 PS: Node 0003094D5C send data 16
2017-03-28 01:46:40.002156 PS: Node 0003094D5C send data 17
2017-03-28 01:46:40.007339 PS: Node 0003094D5C send data 18
2017-03-28 01:46:40.013804 PS: Node 0003094D5C send data 19
2017-03-28 01:46:40.019282 PS: Node 0003094D5C send data 20
2017-03-28 01:46:40.025190 PS: Node 0003094D5C send data 21
2017-03-28 01:46:40.030356 PS: Node 0003094D5C send data 22
2017-03-28 01:46:40.035510 PS: Node 0003094D5C send data 23
2017-03-28 01:46:40.041240 PS: Node 0003094D5C send data 24
2017-03-28 01:46:40.047352 PS: Node 0003094D5C send data 25
2017-03-28 01:46:40.053823 PS: Node 0003094D5C send data 26
2017-03-28 01:46:40.059545 PS: Node 0003094D5C send data 27
2017-03-28 01:46:40.064549 PS: Node 0003094D5C send data 28
2017-03-28 01:46:40.069794 PS: Node 0003094D5C send data 29
2017-03-28 01:46:40.075441 PS: Node 0003094D5C send data 30
2017-03-28 01:46:40.076157 - thread done - 
 - duration 0.167463779449 -
------ Send PS packets end ------

------ PS cycle ends at 2017-03-28 01:46:41.009035 ------



=============================================================================================
========================================== ROUND 2 ==========================================
=============================================================================================


------ Listening ------
2017-03-28 01:46:41.522609 Node recv BEACON 2. BS time: 2017-03-28 01:46:41.517000, Avg delay: 0.031568980217
2017-03-28 01:46:41.530560 Node recv BEACON 3. BS time: 2017-03-28 01:46:41.523000, Avg delay: 0.029206776619
2017-03-28 01:46:41.536903 Node recv BEACON 4. BS time: 2017-03-28 01:46:41.529000, Avg delay: 0.0267738819122
2017-03-28 01:46:41.544826 Node recv BEACON 5. BS time: 2017-03-28 01:46:41.534000, Avg delay: 0.0244585514069
2017-03-28 01:46:41.551230 Node recv BEACON 6. BS time: 2017-03-28 01:46:41.540000, Avg delay: 0.0224150896072
2017-03-28 01:46:41.560263 Node recv BEACON 7. BS time: 2017-03-28 01:46:41.546000, Avg delay: 0.0205473899841
2017-03-28 01:46:41.565330 Node recv BEACON 8. BS time: 2017-03-28 01:46:41.552000, Avg delay: 0.0182914495468
2017-03-28 01:46:41.571719 Node recv BEACON 9. BS time: 2017-03-28 01:46:41.558000, Avg delay: 0.0161254405975
2017-03-28 01:46:41.580356 Node recv BEACON 10. BS time: 2017-03-28 01:46:41.563000, Avg delay: 0.0141162872314
2017-03-28 01:46:41.585801 Node recv BEACON 11. BS time: 2017-03-28 01:46:41.569000, Avg delay: 0.0118596553802
2017-03-28 01:46:41.591993 Node recv BEACON 12. BS time: 2017-03-28 01:46:41.574000, Avg delay: 0.0130980491638
2017-03-28 01:46:41.601258 Node recv BEACON 13. BS time: 2017-03-28 01:46:41.579000, Avg delay: 0.0145677566528
2017-03-28 01:46:41.607112 Node recv BEACON 14. BS time: 2017-03-28 01:46:41.585000, Avg delay: 0.015988612175
2017-03-28 01:46:41.613849 Node recv BEACON 15. BS time: 2017-03-28 01:46:41.590000, Avg delay: 0.0172909975052
2017-03-28 01:46:41.620650 Node recv BEACON 16. BS time: 2017-03-28 01:46:41.596000, Avg delay: 0.0186330318451
2017-03-28 01:46:41.626951 Node recv BEACON 17. BS time: 2017-03-28 01:46:41.603000, Avg delay: 0.019601893425
2017-03-28 01:46:41.633765 Node recv BEACON 18. BS time: 2017-03-28 01:46:41.608000, Avg delay: 0.0208454370499
2017-03-28 01:46:41.643624 Node recv BEACON 19. BS time: 2017-03-28 01:46:41.615000, Avg delay: 0.0223360061646
2017-03-28 01:46:41.647693 Node recv BEACON 20. BS time: 2017-03-28 01:46:41.620000, Avg delay: 0.0233696699142
2017-03-28 01:46:41.655177 Node recv BEACON 21. BS time: 2017-03-28 01:46:41.626000, Avg delay: 0.0246073246002
2017-03-28 01:46:41.662826 Node recv BEACON 22. BS time: 2017-03-28 01:46:41.632000, Avg delay: 0.0258906602859
2017-03-28 01:46:41.667952 Node recv BEACON 23. BS time: 2017-03-28 01:46:41.637000, Avg delay: 0.0267601251602
2017-03-28 01:46:41.676221 Node recv BEACON 24. BS time: 2017-03-28 01:46:41.642000, Avg delay: 0.0279710054398
2017-03-28 01:46:41.682129 Node recv BEACON 25. BS time: 2017-03-28 01:46:41.648000, Avg delay: 0.0289989471436
2017-03-28 01:46:41.689207 Node recv BEACON 26. BS time: 2017-03-28 01:46:41.654000, Avg delay: 0.0300546169281
2017-03-28 01:46:41.697141 Node recv BEACON 27. BS time: 2017-03-28 01:46:41.660000, Avg delay: 0.0313736200333
2017-03-28 01:46:41.704530 Node recv BEACON 28. BS time: 2017-03-28 01:46:41.666000, Avg delay: 0.0326500415802
2017-03-28 01:46:41.710604 Node recv BEACON 29. BS time: 2017-03-28 01:46:41.671000, Avg delay: 0.0337480545044
2017-03-28 01:46:41.716579 Node recv BEACON 30. BS time: 2017-03-28 01:46:41.677000, Avg delay: 0.0349367141724
2017-03-28 01:46:41.892437 Node recv BEACON 2. BS time: 2017-03-28 01:46:41.887000, Avg delay: 0.0325627088547
2017-03-28 01:46:41.900722 Node recv BEACON 3. BS time: 2017-03-28 01:46:41.892000, Avg delay: 0.030352306366
2017-03-28 01:46:41.907131 Node recv BEACON 4. BS time: 2017-03-28 01:46:41.899000, Avg delay: 0.0280702114105
2017-03-28 01:46:41.914241 Node recv BEACON 5. BS time: 2017-03-28 01:46:41.904000, Avg delay: 0.0256722450256
2017-03-28 01:46:41.921082 Node recv BEACON 6. BS time: 2017-03-28 01:46:41.909000, Avg delay: 0.0234675884247
2017-03-28 01:46:41.928423 Node recv BEACON 7. BS time: 2017-03-28 01:46:41.915000, Avg delay: 0.0212891817093
2017-03-28 01:46:41.936185 Node recv BEACON 8. BS time: 2017-03-28 01:46:41.921000, Avg delay: 0.0190935134888
2017-03-28 01:46:41.941781 Node recv BEACON 9. BS time: 2017-03-28 01:46:41.926000, Avg delay: 0.0168186187744
2017-03-28 01:46:41.947741 Node recv BEACON 10. BS time: 2017-03-28 01:46:41.931000, Avg delay: 0.0145322561264
2017-03-28 01:46:41.955625 Node recv BEACON 11. BS time: 2017-03-28 01:46:41.937000, Avg delay: 0.0124368429184
2017-03-28 01:46:41.961890 Node recv BEACON 12. BS time: 2017-03-28 01:46:41.942000, Avg delay: 0.0138821125031
2017-03-28 01:46:41.968302 Node recv BEACON 13. BS time: 2017-03-28 01:46:41.948000, Avg delay: 0.015040063858
2017-03-28 01:46:41.980819 Node recv BEACON 14. BS time: 2017-03-28 01:46:41.954000, Avg delay: 0.016908788681
2017-03-28 01:46:41.982602 Node recv BEACON 15. BS time: 2017-03-28 01:46:41.959000, Avg delay: 0.0182449102402
2017-03-28 01:46:41.991160 Node recv BEACON 16. BS time: 2017-03-28 01:46:41.965000, Avg delay: 0.0196527242661
2017-03-28 01:46:41.997922 Node recv BEACON 17. BS time: 2017-03-28 01:46:41.971000, Avg delay: 0.0210026502609
2017-03-28 01:46:42.003307 Node recv BEACON 18. BS time: 2017-03-28 01:46:41.977000, Avg delay: 0.0221148490906
2017-03-28 01:46:42.011809 Node recv BEACON 19. BS time: 2017-03-28 01:46:41.983000, Avg delay: 0.0234176874161
2017-03-28 01:46:42.017310 Node recv BEACON 20. BS time: 2017-03-28 01:46:41.989000, Avg delay: 0.0245745897293
2017-03-28 01:46:42.023569 Node recv BEACON 21. BS time: 2017-03-28 01:46:41.995000, Avg delay: 0.0255689382553
2017-03-28 01:46:42.031957 Node recv BEACON 22. BS time: 2017-03-28 01:46:42.001000, Avg delay: 0.0266757011414
2017-03-28 01:46:42.037779 Node recv BEACON 23. BS time: 2017-03-28 01:46:42.006000, Avg delay: 0.0278233766556
2017-03-28 01:46:42.046298 Node recv BEACON 24. BS time: 2017-03-28 01:46:42.011000, Avg delay: 0.0286713123322
2017-03-28 01:46:42.051913 Node recv BEACON 25. BS time: 2017-03-28 01:46:42.017000, Avg delay: 0.0298024177551
2017-03-28 01:46:42.058300 Node recv BEACON 26. BS time: 2017-03-28 01:46:42.023000, Avg delay: 0.0307163953781
2017-03-28 01:46:42.066547 Node recv BEACON 27. BS time: 2017-03-28 01:46:42.029000, Avg delay: 0.0317788600922
2017-03-28 01:46:42.073357 Node recv BEACON 28. BS time: 2017-03-28 01:46:42.034000, Avg delay: 0.0330839395523
2017-03-28 01:46:42.080480 Node recv BEACON 29. BS time: 2017-03-28 01:46:42.039000, Avg delay: 0.0343510627747
2017-03-28 01:46:42.086701 Node recv BEACON 30. BS time: 2017-03-28 01:46:42.045000, Avg delay: 0.0356901884079
------ Stop listen at 2017-03-28 01:46:42.288412 ------
------ Listening PS broadcast ------
2017-03-28 01:46:43.001684 Node recv PS_BROADCAST 2, BS time 2017-03-28 01:46:43.006000, Total 10, Seed a5d57a9929, Index 0, Delay -0.0043158531189
2017-03-28 01:46:43.009643 Node recv PS_BROADCAST 3, BS time 2017-03-28 01:46:43.012000, Total 10, Seed a5d57a9929, Index 0, Delay -0.00235676765442
2017-03-28 01:46:43.016046 Node recv PS_BROADCAST 4, BS time 2017-03-28 01:46:43.018000, Total 10, Seed a5d57a9929, Index 0, Delay -0.00195384025574
2017-03-28 01:46:43.023013 Node recv PS_BROADCAST 5, BS time 2017-03-28 01:46:43.023000, Total 10, Seed a5d57a9929, Index 0, Delay 1.26361846924e-05
2017-03-28 01:46:43.030146 Node recv PS_BROADCAST 6, BS time 2017-03-28 01:46:43.029000, Total 10, Seed a5d57a9929, Index 0, Delay 0.00114560127258
2017-03-28 01:46:43.037400 Node recv PS_BROADCAST 7, BS time 2017-03-28 01:46:43.034000, Total 10, Seed a5d57a9929, Index 0, Delay 0.00339961051941
2017-03-28 01:46:43.045439 Node recv PS_BROADCAST 8, BS time 2017-03-28 01:46:43.040000, Total 10, Seed a5d57a9929, Index 0, Delay 0.00543904304504
2017-03-28 01:46:43.051656 Node recv PS_BROADCAST 9, BS time 2017-03-28 01:46:43.046000, Total 10, Seed a5d57a9929, Index 0, Delay 0.00565648078918
2017-03-28 01:46:43.056994 Node recv PS_BROADCAST 10, BS time 2017-03-28 01:46:43.051000, Total 10, Seed a5d57a9929, Index 0, Delay 0.00599408149719
2017-03-28 01:46:43.065580 Node recv PS_BROADCAST 11, BS time 2017-03-28 01:46:43.057000, Total 10, Seed a5d57a9929, Index 0, Delay 0.00858044624329
2017-03-28 01:46:43.071016 Node recv PS_BROADCAST 12, BS time 2017-03-28 01:46:43.062000, Total 10, Seed a5d57a9929, Index 0, Delay 0.00901556015015
2017-03-28 01:46:43.079258 Node recv PS_BROADCAST 13, BS time 2017-03-28 01:46:43.067000, Total 10, Seed a5d57a9929, Index 0, Delay 0.0122585296631
2017-03-28 01:46:43.086653 Node recv PS_BROADCAST 14, BS time 2017-03-28 01:46:43.073000, Total 10, Seed a5d57a9929, Index 0, Delay 0.0136535167694
2017-03-28 01:46:43.092399 Node recv PS_BROADCAST 15, BS time 2017-03-28 01:46:43.078000, Total 10, Seed a5d57a9929, Index 0, Delay 0.0143990516663
2017-03-28 01:46:43.100652 Node recv PS_BROADCAST 16, BS time 2017-03-28 01:46:43.085000, Total 10, Seed a5d57a9929, Index 0, Delay 0.015652179718
2017-03-28 01:46:43.105910 Node recv PS_BROADCAST 17, BS time 2017-03-28 01:46:43.092000, Total 10, Seed a5d57a9929, Index 0, Delay 0.0139098167419
2017-03-28 01:46:43.112114 Node recv PS_BROADCAST 18, BS time 2017-03-28 01:46:43.097000, Total 10, Seed a5d57a9929, Index 0, Delay 0.0151143074036
2017-03-28 01:46:43.120932 Node recv PS_BROADCAST 19, BS time 2017-03-28 01:46:43.103000, Total 10, Seed a5d57a9929, Index 0, Delay 0.0179316997528
2017-03-28 01:46:43.127147 Node recv PS_BROADCAST 20, BS time 2017-03-28 01:46:43.109000, Total 10, Seed a5d57a9929, Index 0, Delay 0.0181469917297
2017-03-28 01:46:43.134302 Node recv PS_BROADCAST 21, BS time 2017-03-28 01:46:43.115000, Total 10, Seed a5d57a9929, Index 0, Delay 0.0193016529083
2017-03-28 01:46:43.140555 Node recv PS_BROADCAST 22, BS time 2017-03-28 01:46:43.120000, Total 10, Seed a5d57a9929, Index 0, Delay 0.0205547809601
2017-03-28 01:46:43.147289 Node recv PS_BROADCAST 23, BS time 2017-03-28 01:46:43.126000, Total 10, Seed a5d57a9929, Index 0, Delay 0.0212891101837
2017-03-28 01:46:43.155663 Node recv PS_BROADCAST 24, BS time 2017-03-28 01:46:43.131000, Total 10, Seed a5d57a9929, Index 0, Delay 0.0246632099152
2017-03-28 01:46:43.161005 Node recv PS_BROADCAST 25, BS time 2017-03-28 01:46:43.137000, Total 10, Seed a5d57a9929, Index 0, Delay 0.0240051746368
2017-03-28 01:46:43.169094 Node recv PS_BROADCAST 26, BS time 2017-03-28 01:46:43.144000, Total 10, Seed a5d57a9929, Index 0, Delay 0.0250935554504
2017-03-28 01:46:43.176280 Node recv PS_BROADCAST 27, BS time 2017-03-28 01:46:43.151000, Total 10, Seed a5d57a9929, Index 0, Delay 0.0252799987793
2017-03-28 01:46:43.182504 Node recv PS_BROADCAST 28, BS time 2017-03-28 01:46:43.157000, Total 10, Seed a5d57a9929, Index 0, Delay 0.0255038738251
2017-03-28 01:46:43.190595 Node recv PS_BROADCAST 29, BS time 2017-03-28 01:46:43.162000, Total 10, Seed a5d57a9929, Index 0, Delay 0.0285947322845
2017-03-28 01:46:43.195726 Node recv PS_BROADCAST 30, BS time 2017-03-28 01:46:43.167000, Total 10, Seed a5d57a9929, Index 0, Delay 0.0287261009216
------ Stop listen PS broadcast at 2017-03-28 01:46:43.603962 ------
------ Ready to send PS packets ------
Fire at 2017-03-28 01:46:44.908123
2017-03-28 01:46:44.909372 PS: Node 0003094D5C send data 1
2017-03-28 01:46:44.914894 PS: Node 0003094D5C send data 2
2017-03-28 01:46:44.920075 PS: Node 0003094D5C send data 3
2017-03-28 01:46:44.926150 PS: Node 0003094D5C send data 4
2017-03-28 01:46:44.931206 PS: Node 0003094D5C send data 5
2017-03-28 01:46:44.936404 PS: Node 0003094D5C send data 6
2017-03-28 01:46:44.942356 PS: Node 0003094D5C send data 7
2017-03-28 01:46:44.948066 PS: Node 0003094D5C send data 8
2017-03-28 01:46:44.954018 PS: Node 0003094D5C send data 9
2017-03-28 01:46:44.959493 PS: Node 0003094D5C send data 10
2017-03-28 01:46:44.964963 PS: Node 0003094D5C send data 11
2017-03-28 01:46:44.970174 PS: Node 0003094D5C send data 12
2017-03-28 01:46:44.975703 PS: Node 0003094D5C send data 13
2017-03-28 01:46:44.980937 PS: Node 0003094D5C send data 14
2017-03-28 01:46:44.986804 PS: Node 0003094D5C send data 15
2017-03-28 01:46:44.992891 PS: Node 0003094D5C send data 16
2017-03-28 01:46:44.997969 PS: Node 0003094D5C send data 17
2017-03-28 01:46:45.003489 PS: Node 0003094D5C send data 18
2017-03-28 01:46:45.009091 PS: Node 0003094D5C send data 19
2017-03-28 01:46:45.014681 PS: Node 0003094D5C send data 20
2017-03-28 01:46:45.020705 PS: Node 0003094D5C send data 21
2017-03-28 01:46:45.025796 PS: Node 0003094D5C send data 22
2017-03-28 01:46:45.031577 PS: Node 0003094D5C send data 23
2017-03-28 01:46:45.036759 PS: Node 0003094D5C send data 24
2017-03-28 01:46:45.042557 PS: Node 0003094D5C send data 25
2017-03-28 01:46:45.049258 PS: Node 0003094D5C send data 26
2017-03-28 01:46:45.055187 PS: Node 0003094D5C send data 27
2017-03-28 01:46:45.061276 PS: Node 0003094D5C send data 28
2017-03-28 01:46:45.067536 PS: Node 0003094D5C send data 29
2017-03-28 01:46:45.072538 PS: Node 0003094D5C send data 30
2017-03-28 01:46:45.074279 - thread done - 
 - duration 0.166390657425 -
------ Send PS packets end ------

------ PS cycle ends at 2017-03-28 01:46:50.008813 ------



=============================================================================================
========================================== ROUND 3 ==========================================
=============================================================================================


------ Listening ------
2017-03-28 01:46:50.523141 Node recv BEACON 2. BS time: 2017-03-28 01:46:50.517000, Avg delay: 0.0334473848343
2017-03-28 01:46:50.529505 Node recv BEACON 3. BS time: 2017-03-28 01:46:50.522000, Avg delay: 0.0311021327972
2017-03-28 01:46:50.537523 Node recv BEACON 4. BS time: 2017-03-28 01:46:50.528000, Avg delay: 0.0288765668869
2017-03-28 01:46:50.543815 Node recv BEACON 5. BS time: 2017-03-28 01:46:50.534000, Avg delay: 0.026328253746
2017-03-28 01:46:50.550191 Node recv BEACON 6. BS time: 2017-03-28 01:46:50.541000, Avg delay: 0.0237560033798
2017-03-28 01:46:50.558732 Node recv BEACON 7. BS time: 2017-03-28 01:46:50.546000, Avg delay: 0.02149913311
2017-03-28 01:46:50.566019 Node recv BEACON 8. BS time: 2017-03-28 01:46:50.551000, Avg delay: 0.0192463636398
2017-03-28 01:46:50.570890 Node recv BEACON 9. BS time: 2017-03-28 01:46:50.557000, Avg delay: 0.0166996002197
2017-03-28 01:46:50.578572 Node recv BEACON 10. BS time: 2017-03-28 01:46:50.563000, Avg delay: 0.0141087770462
2017-03-28 01:46:50.584632 Node recv BEACON 11. BS time: 2017-03-28 01:46:50.569000, Avg delay: 0.0115018606186
2017-03-28 01:46:50.592923 Node recv BEACON 12. BS time: 2017-03-28 01:46:50.576000, Avg delay: 0.0125800609589
2017-03-28 01:46:50.599065 Node recv BEACON 13. BS time: 2017-03-28 01:46:50.581000, Avg delay: 0.0136360168457
2017-03-28 01:46:50.606468 Node recv BEACON 14. BS time: 2017-03-28 01:46:50.586000, Avg delay: 0.0147305727005
2017-03-28 01:46:50.613904 Node recv BEACON 15. BS time: 2017-03-28 01:46:50.592000, Avg delay: 0.0159394741058
2017-03-28 01:46:50.619657 Node recv BEACON 16. BS time: 2017-03-28 01:46:50.597000, Avg delay: 0.0172860860825
2017-03-28 01:46:50.625836 Node recv BEACON 17. BS time: 2017-03-28 01:46:50.603000, Avg delay: 0.0182965517044
2017-03-28 01:46:50.635017 Node recv BEACON 18. BS time: 2017-03-28 01:46:50.608000, Avg delay: 0.0194963693619
2017-03-28 01:46:50.641116 Node recv BEACON 19. BS time: 2017-03-28 01:46:50.613000, Avg delay: 0.0209189653397
2017-03-28 01:46:50.648015 Node recv BEACON 20. BS time: 2017-03-28 01:46:50.619000, Avg delay: 0.0222632884979
2017-03-28 01:46:50.654357 Node recv BEACON 21. BS time: 2017-03-28 01:46:50.625000, Avg delay: 0.0236357927322
2017-03-28 01:46:50.661069 Node recv BEACON 22. BS time: 2017-03-28 01:46:50.631000, Avg delay: 0.0249504327774
2017-03-28 01:46:50.669512 Node recv BEACON 23. BS time: 2017-03-28 01:46:50.637000, Avg delay: 0.0263951778412
2017-03-28 01:46:50.675358 Node recv BEACON 24. BS time: 2017-03-28 01:46:50.642000, Avg delay: 0.0276840925217
2017-03-28 01:46:50.682505 Node recv BEACON 25. BS time: 2017-03-28 01:46:50.648000, Avg delay: 0.0289442062378
2017-03-28 01:46:50.688928 Node recv BEACON 26. BS time: 2017-03-28 01:46:50.654000, Avg delay: 0.0301713466644
2017-03-28 01:46:50.695808 Node recv BEACON 27. BS time: 2017-03-28 01:46:50.660000, Avg delay: 0.0314685344696
2017-03-28 01:46:50.704376 Node recv BEACON 28. BS time: 2017-03-28 01:46:50.665000, Avg delay: 0.0327044248581
2017-03-28 01:46:50.709460 Node recv BEACON 29. BS time: 2017-03-28 01:46:50.670000, Avg delay: 0.0338387966156
2017-03-28 01:46:50.715619 Node recv BEACON 30. BS time: 2017-03-28 01:46:50.676000, Avg delay: 0.0348991155624
2017-03-28 01:46:50.891098 Node recv BEACON 2. BS time: 2017-03-28 01:46:50.885000, Avg delay: 0.032573223114
2017-03-28 01:46:50.897283 Node recv BEACON 3. BS time: 2017-03-28 01:46:50.890000, Avg delay: 0.0302945613861
2017-03-28 01:46:50.903739 Node recv BEACON 4. BS time: 2017-03-28 01:46:50.895000, Avg delay: 0.0279173135757
2017-03-28 01:46:50.911665 Node recv BEACON 5. BS time: 2017-03-28 01:46:50.900000, Avg delay: 0.0257480859756
2017-03-28 01:46:50.917771 Node recv BEACON 6. BS time: 2017-03-28 01:46:50.906000, Avg delay: 0.0234746932983
2017-03-28 01:46:50.926750 Node recv BEACON 7. BS time: 2017-03-28 01:46:50.912000, Avg delay: 0.0214568376541
2017-03-28 01:46:50.932133 Node recv BEACON 8. BS time: 2017-03-28 01:46:50.919000, Avg delay: 0.0191893100739
2017-03-28 01:46:50.939009 Node recv BEACON 9. BS time: 2017-03-28 01:46:50.924000, Avg delay: 0.0167526006699
2017-03-28 01:46:50.952542 Node recv BEACON 11. BS time: 2017-03-28 01:46:50.935000, Avg delay: 0.0145608901978
2017-03-28 01:46:50.958823 Node recv BEACON 12. BS time: 2017-03-28 01:46:50.940000, Avg delay: 0.0124813556671
2017-03-28 01:46:50.966945 Node recv BEACON 13. BS time: 2017-03-28 01:46:50.946000, Avg delay: 0.0139660596848
2017-03-28 01:46:50.973486 Node recv BEACON 14. BS time: 2017-03-28 01:46:50.953000, Avg delay: 0.0152864456177
2017-03-28 01:46:50.981720 Node recv BEACON 15. BS time: 2017-03-28 01:46:50.958000, Avg delay: 0.0167845249176
2017-03-28 01:46:50.987445 Node recv BEACON 16. BS time: 2017-03-28 01:46:50.964000, Avg delay: 0.0179625272751
2017-03-28 01:46:50.993658 Node recv BEACON 17. BS time: 2017-03-28 01:46:50.969000, Avg delay: 0.0192512273788
2017-03-28 01:46:51.002368 Node recv BEACON 18. BS time: 2017-03-28 01:46:50.975000, Avg delay: 0.0205130338669
2017-03-28 01:46:51.008653 Node recv BEACON 19. BS time: 2017-03-28 01:46:50.981000, Avg delay: 0.0219650268555
2017-03-28 01:46:51.014898 Node recv BEACON 20. BS time: 2017-03-28 01:46:50.987000, Avg delay: 0.0232538938522
2017-03-28 01:46:51.022043 Node recv BEACON 21. BS time: 2017-03-28 01:46:50.993000, Avg delay: 0.0244039058685
2017-03-28 01:46:51.028560 Node recv BEACON 22. BS time: 2017-03-28 01:46:50.998000, Avg delay: 0.0255775928497
2017-03-28 01:46:51.036743 Node recv BEACON 23. BS time: 2017-03-28 01:46:51.003000, Avg delay: 0.0268574237823
2017-03-28 01:46:51.043289 Node recv BEACON 24. BS time: 2017-03-28 01:46:51.008000, Avg delay: 0.0283377408981
2017-03-28 01:46:51.048889 Node recv BEACON 25. BS time: 2017-03-28 01:46:51.014000, Avg delay: 0.0294546127319
2017-03-28 01:46:51.056727 Node recv BEACON 26. BS time: 2017-03-28 01:46:51.021000, Avg delay: 0.0306828022003
2017-03-28 01:46:51.064256 Node recv BEACON 27. BS time: 2017-03-28 01:46:51.026000, Avg delay: 0.0320425748825
2017-03-28 01:46:51.071336 Node recv BEACON 28. BS time: 2017-03-28 01:46:51.031000, Avg delay: 0.0333393573761
2017-03-28 01:46:51.079285 Node recv BEACON 29. BS time: 2017-03-28 01:46:51.037000, Avg delay: 0.0348026037216
2017-03-28 01:46:51.083484 Node recv BEACON 30. BS time: 2017-03-28 01:46:51.043000, Avg delay: 0.0360611915588
------ Stop listen at 2017-03-28 01:46:51.283104 ------
------ Listening PS broadcast ------
2017-03-28 01:46:52.002894 Node recv PS_BROADCAST 2, BS time 2017-03-28 01:46:52.006000, Total 10, Seed a9228f0473, Index 1, Delay -0.00310564041138
2017-03-28 01:46:52.009135 Node recv PS_BROADCAST 3, BS time 2017-03-28 01:46:52.012000, Total 10, Seed a9228f0473, Index 1, Delay -0.00286483764648
2017-03-28 01:46:52.017780 Node recv PS_BROADCAST 4, BS time 2017-03-28 01:46:52.018000, Total 10, Seed a9228f0473, Index 1, Delay -0.00022029876709
2017-03-28 01:46:52.023594 Node recv PS_BROADCAST 5, BS time 2017-03-28 01:46:52.023000, Total 10, Seed a9228f0473, Index 1, Delay 0.0005943775177
2017-03-28 01:46:52.029675 Node recv PS_BROADCAST 6, BS time 2017-03-28 01:46:52.029000, Total 10, Seed a9228f0473, Index 1, Delay 0.000674486160278
2017-03-28 01:46:52.038549 Node recv PS_BROADCAST 7, BS time 2017-03-28 01:46:52.035000, Total 10, Seed a9228f0473, Index 1, Delay 0.00354862213135
2017-03-28 01:46:52.044543 Node recv PS_BROADCAST 8, BS time 2017-03-28 01:46:52.042000, Total 10, Seed a9228f0473, Index 1, Delay 0.00254273414612
2017-03-28 01:46:52.050970 Node recv PS_BROADCAST 9, BS time 2017-03-28 01:46:52.047000, Total 10, Seed a9228f0473, Index 1, Delay 0.0039701461792
2017-03-28 01:46:52.058058 Node recv PS_BROADCAST 10, BS time 2017-03-28 01:46:52.053000, Total 10, Seed a9228f0473, Index 1, Delay 0.00505828857422
2017-03-28 01:46:52.064306 Node recv PS_BROADCAST 11, BS time 2017-03-28 01:46:52.059000, Total 10, Seed a9228f0473, Index 1, Delay 0.00530576705933
2017-03-28 01:46:52.072367 Node recv PS_BROADCAST 12, BS time 2017-03-28 01:46:52.065000, Total 10, Seed a9228f0473, Index 1, Delay 0.00736713409424
2017-03-28 01:46:52.079084 Node recv PS_BROADCAST 13, BS time 2017-03-28 01:46:52.071000, Total 10, Seed a9228f0473, Index 1, Delay 0.00808358192444
2017-03-28 01:46:52.087081 Node recv PS_BROADCAST 14, BS time 2017-03-28 01:46:52.077000, Total 10, Seed a9228f0473, Index 1, Delay 0.0100810527802
2017-03-28 01:46:52.092875 Node recv PS_BROADCAST 15, BS time 2017-03-28 01:46:52.082000, Total 10, Seed a9228f0473, Index 1, Delay 0.01087474823
2017-03-28 01:46:52.099720 Node recv PS_BROADCAST 16, BS time 2017-03-28 01:46:52.089000, Total 10, Seed a9228f0473, Index 1, Delay 0.0107200145721
2017-03-28 01:46:52.107514 Node recv PS_BROADCAST 17, BS time 2017-03-28 01:46:52.094000, Total 10, Seed a9228f0473, Index 1, Delay 0.0135138034821
2017-03-28 01:46:52.114460 Node recv PS_BROADCAST 18, BS time 2017-03-28 01:46:52.100000, Total 10, Seed a9228f0473, Index 1, Delay 0.0144603252411
2017-03-28 01:46:52.119877 Node recv PS_BROADCAST 19, BS time 2017-03-28 01:46:52.105000, Total 10, Seed a9228f0473, Index 1, Delay 0.0148773193359
2017-03-28 01:46:52.128543 Node recv PS_BROADCAST 20, BS time 2017-03-28 01:46:52.111000, Total 10, Seed a9228f0473, Index 1, Delay 0.0175428390503
2017-03-28 01:46:52.134256 Node recv PS_BROADCAST 21, BS time 2017-03-28 01:46:52.117000, Total 10, Seed a9228f0473, Index 1, Delay 0.0172557830811
2017-03-28 01:46:52.142021 Node recv PS_BROADCAST 22, BS time 2017-03-28 01:46:52.122000, Total 10, Seed a9228f0473, Index 1, Delay 0.0200212001801
2017-03-28 01:46:52.148954 Node recv PS_BROADCAST 23, BS time 2017-03-28 01:46:52.127000, Total 10, Seed a9228f0473, Index 1, Delay 0.0219540596008
2017-03-28 01:46:52.155256 Node recv PS_BROADCAST 24, BS time 2017-03-28 01:46:52.133000, Total 10, Seed a9228f0473, Index 1, Delay 0.022255897522
2017-03-28 01:46:52.162222 Node recv PS_BROADCAST 25, BS time 2017-03-28 01:46:52.138000, Total 10, Seed a9228f0473, Index 1, Delay 0.0242216587067
2017-03-28 01:46:52.168634 Node recv PS_BROADCAST 26, BS time 2017-03-28 01:46:52.145000, Total 10, Seed a9228f0473, Index 1, Delay 0.0236339569092
2017-03-28 01:46:52.174770 Node recv PS_BROADCAST 27, BS time 2017-03-28 01:46:52.151000, Total 10, Seed a9228f0473, Index 1, Delay 0.0237700939178
2017-03-28 01:46:52.183755 Node recv PS_BROADCAST 28, BS time 2017-03-28 01:46:52.156000, Total 10, Seed a9228f0473, Index 1, Delay 0.027755022049
2017-03-28 01:46:52.189752 Node recv PS_BROADCAST 29, BS time 2017-03-28 01:46:52.162000, Total 10, Seed a9228f0473, Index 1, Delay 0.027752161026
2017-03-28 01:46:52.196990 Node recv PS_BROADCAST 30, BS time 2017-03-28 01:46:52.168000, Total 10, Seed a9228f0473, Index 1, Delay 0.0289900302887
------ Stop listen PS broadcast at 2017-03-28 01:46:52.599296 ------
------ Ready to send PS packets ------
Fire at 2017-03-28 01:46:54.408185
2017-03-28 01:46:54.409585 PS: Node 0003094D5C send data 1
2017-03-28 01:46:54.415381 PS: Node 0003094D5C send data 2
2017-03-28 01:46:54.421311 PS: Node 0003094D5C send data 3
2017-03-28 01:46:54.427238 PS: Node 0003094D5C send data 4
2017-03-28 01:46:54.433003 PS: Node 0003094D5C send data 5
2017-03-28 01:46:54.439462 PS: Node 0003094D5C send data 6
2017-03-28 01:46:54.444530 PS: Node 0003094D5C send data 7
2017-03-28 01:46:54.450053 PS: Node 0003094D5C send data 8
2017-03-28 01:46:54.456424 PS: Node 0003094D5C send data 9
2017-03-28 01:46:54.461917 PS: Node 0003094D5C send data 10
2017-03-28 01:46:54.467677 PS: Node 0003094D5C send data 11
2017-03-28 01:46:54.472862 PS: Node 0003094D5C send data 12
2017-03-28 01:46:54.478143 PS: Node 0003094D5C send data 13
2017-03-28 01:46:54.484212 PS: Node 0003094D5C send data 14
2017-03-28 01:46:54.490742 PS: Node 0003094D5C send data 15
2017-03-28 01:46:54.496257 PS: Node 0003094D5C send data 16
2017-03-28 01:46:54.501346 PS: Node 0003094D5C send data 17
2017-03-28 01:46:54.507116 PS: Node 0003094D5C send data 18
2017-03-28 01:46:54.512432 PS: Node 0003094D5C send data 19
2017-03-28 01:46:54.518109 PS: Node 0003094D5C send data 20
2017-03-28 01:46:54.523749 PS: Node 0003094D5C send data 21
2017-03-28 01:46:54.529418 PS: Node 0003094D5C send data 22
2017-03-28 01:46:54.534461 PS: Node 0003094D5C send data 23
2017-03-28 01:46:54.539686 PS: Node 0003094D5C send data 24
2017-03-28 01:46:54.546218 PS: Node 0003094D5C send data 25
2017-03-28 01:46:54.551610 PS: Node 0003094D5C send data 26
2017-03-28 01:46:54.557094 PS: Node 0003094D5C send data 27
2017-03-28 01:46:54.563660 PS: Node 0003094D5C send data 28
2017-03-28 01:46:54.568870 PS: Node 0003094D5C send data 29
2017-03-28 01:46:54.574728 PS: Node 0003094D5C send data 30
2017-03-28 01:46:54.576539 - thread done - 
 - duration 0.169049024582 -
------ Send PS packets end ------

------ PS cycle ends at 2017-03-28 01:46:59.009158 ------



=============================================================================================
========================================== ROUND 4 ==========================================
=============================================================================================


------ Listening ------
2017-03-28 01:46:59.515791 Node recv BEACON 2. BS time: 2017-03-28 01:46:59.510000, Avg delay: 0.0337360143661
2017-03-28 01:46:59.522039 Node recv BEACON 3. BS time: 2017-03-28 01:46:59.516000, Avg delay: 0.0312839508057
2017-03-28 01:46:59.530421 Node recv BEACON 4. BS time: 2017-03-28 01:46:59.522000, Avg delay: 0.0287516832352
2017-03-28 01:46:59.536347 Node recv BEACON 5. BS time: 2017-03-28 01:46:59.527000, Avg delay: 0.0261574029922
2017-03-28 01:46:59.544420 Node recv BEACON 6. BS time: 2017-03-28 01:46:59.533000, Avg delay: 0.0238105535507
2017-03-28 01:46:59.551399 Node recv BEACON 7. BS time: 2017-03-28 01:46:59.539000, Avg delay: 0.0214776992798
2017-03-28 01:46:59.558115 Node recv BEACON 8. BS time: 2017-03-28 01:46:59.546000, Avg delay: 0.0188636779785
2017-03-28 01:46:59.564956 Node recv BEACON 9. BS time: 2017-03-28 01:46:59.553000, Avg delay: 0.0160257577896
2017-03-28 01:46:59.571076 Node recv BEACON 10. BS time: 2017-03-28 01:46:59.558000, Avg delay: 0.0131048679352
2017-03-28 01:46:59.577244 Node recv BEACON 11. BS time: 2017-03-28 01:46:59.564000, Avg delay: 0.0103809356689
2017-03-28 01:46:59.585146 Node recv BEACON 12. BS time: 2017-03-28 01:46:59.569000, Avg delay: 0.0114164829254
2017-03-28 01:46:59.591768 Node recv BEACON 13. BS time: 2017-03-28 01:46:59.574000, Avg delay: 0.0125893354416
2017-03-28 01:46:59.599911 Node recv BEACON 14. BS time: 2017-03-28 01:46:59.581000, Avg delay: 0.0136383771896
2017-03-28 01:46:59.607900 Node recv BEACON 15. BS time: 2017-03-28 01:46:59.587000, Avg delay: 0.0147937059402
2017-03-28 01:46:59.612220 Node recv BEACON 16. BS time: 2017-03-28 01:46:59.594000, Avg delay: 0.0154736757278
2017-03-28 01:46:59.620051 Node recv BEACON 17. BS time: 2017-03-28 01:46:59.599000, Avg delay: 0.0163388729095
2017-03-28 01:46:59.628125 Node recv BEACON 18. BS time: 2017-03-28 01:46:59.605000, Avg delay: 0.0174397945404
2017-03-28 01:46:59.634396 Node recv BEACON 19. BS time: 2017-03-28 01:46:59.611000, Avg delay: 0.0185837268829
2017-03-28 01:46:59.641814 Node recv BEACON 20. BS time: 2017-03-28 01:46:59.617000, Avg delay: 0.0197574853897
2017-03-28 01:46:59.646816 Node recv BEACON 21. BS time: 2017-03-28 01:46:59.622000, Avg delay: 0.0209146976471
2017-03-28 01:46:59.655823 Node recv BEACON 22. BS time: 2017-03-28 01:46:59.628000, Avg delay: 0.0220823526382
2017-03-28 01:46:59.663100 Node recv BEACON 23. BS time: 2017-03-28 01:46:59.633000, Avg delay: 0.0233155965805
2017-03-28 01:46:59.667855 Node recv BEACON 24. BS time: 2017-03-28 01:46:59.640000, Avg delay: 0.0242100000381
2017-03-28 01:46:59.675328 Node recv BEACON 25. BS time: 2017-03-28 01:46:59.647000, Avg delay: 0.0249528169632
2017-03-28 01:46:59.681484 Node recv BEACON 26. BS time: 2017-03-28 01:46:59.652000, Avg delay: 0.0260791540146
2017-03-28 01:46:59.690301 Node recv BEACON 27. BS time: 2017-03-28 01:46:59.657000, Avg delay: 0.027304148674
2017-03-28 01:46:59.696568 Node recv BEACON 28. BS time: 2017-03-28 01:46:59.662000, Avg delay: 0.0284484386444
2017-03-28 01:46:59.702191 Node recv BEACON 29. BS time: 2017-03-28 01:46:59.668000, Avg delay: 0.029527926445
2017-03-28 01:46:59.710172 Node recv BEACON 30. BS time: 2017-03-28 01:46:59.674000, Avg delay: 0.0306637763977
2017-03-28 01:46:59.887995 Node recv BEACON 2. BS time: 2017-03-28 01:46:59.883000, Avg delay: 0.0286816835403
2017-03-28 01:46:59.895957 Node recv BEACON 3. BS time: 2017-03-28 01:46:59.888000, Avg delay: 0.0266951560974
2017-03-28 01:46:59.902452 Node recv BEACON 4. BS time: 2017-03-28 01:46:59.894000, Avg delay: 0.0245302915573
2017-03-28 01:46:59.910247 Node recv BEACON 5. BS time: 2017-03-28 01:46:59.900000, Avg delay: 0.0227694272995
2017-03-28 01:46:59.916409 Node recv BEACON 6. BS time: 2017-03-28 01:46:59.905000, Avg delay: 0.0210774898529
2017-03-28 01:46:59.924029 Node recv BEACON 7. BS time: 2017-03-28 01:46:59.912000, Avg delay: 0.019332075119
2017-03-28 01:46:59.931488 Node recv BEACON 8. BS time: 2017-03-28 01:46:59.917000, Avg delay: 0.0174508333206
2017-03-28 01:46:59.937838 Node recv BEACON 9. BS time: 2017-03-28 01:46:59.922000, Avg delay: 0.0155778884888
2017-03-28 01:46:59.943280 Node recv BEACON 10. BS time: 2017-03-28 01:46:59.927000, Avg delay: 0.0137867689133
2017-03-28 01:46:59.951245 Node recv BEACON 11. BS time: 2017-03-28 01:46:59.932000, Avg delay: 0.0120940446854
2017-03-28 01:46:59.957443 Node recv BEACON 12. BS time: 2017-03-28 01:46:59.937000, Avg delay: 0.0136388301849
2017-03-28 01:46:59.965587 Node recv BEACON 13. BS time: 2017-03-28 01:46:59.943000, Avg delay: 0.0151017427444
2017-03-28 01:46:59.974309 Node recv BEACON 14. BS time: 2017-03-28 01:46:59.950000, Avg delay: 0.0166875123978
2017-03-28 01:46:59.978633 Node recv BEACON 15. BS time: 2017-03-28 01:46:59.955000, Avg delay: 0.018026137352
2017-03-28 01:46:59.985995 Node recv BEACON 16. BS time: 2017-03-28 01:46:59.961000, Avg delay: 0.0193847417831
2017-03-28 01:46:59.992259 Node recv BEACON 17. BS time: 2017-03-28 01:46:59.966000, Avg delay: 0.0208076715469
2017-03-28 01:47:00.001069 Node recv BEACON 18. BS time: 2017-03-28 01:46:59.971000, Avg delay: 0.0223657131195
2017-03-28 01:47:00.006867 Node recv BEACON 19. BS time: 2017-03-28 01:46:59.977000, Avg delay: 0.0237685680389
2017-03-28 01:47:00.015339 Node recv BEACON 20. BS time: 2017-03-28 01:46:59.982000, Avg delay: 0.0254745483398
2017-03-28 01:47:00.020726 Node recv BEACON 21. BS time: 2017-03-28 01:46:59.988000, Avg delay: 0.0268226385117
2017-03-28 01:47:00.029024 Node recv BEACON 22. BS time: 2017-03-28 01:46:59.994000, Avg delay: 0.0282806873322
2017-03-28 01:47:00.034440 Node recv BEACON 23. BS time: 2017-03-28 01:47:00, Avg delay: 0.02946600914
2017-03-28 01:47:00.041783 Node recv BEACON 24. BS time: 2017-03-28 01:47:00.006000, Avg delay: 0.0306133508682
2017-03-28 01:47:00.047358 Node recv BEACON 25. BS time: 2017-03-28 01:47:00.012000, Avg delay: 0.0317858219147
2017-03-28 01:47:00.055488 Node recv BEACON 26. BS time: 2017-03-28 01:47:00.018000, Avg delay: 0.0330351114273
2017-03-28 01:47:00.062165 Node recv BEACON 27. BS time: 2017-03-28 01:47:00.025000, Avg delay: 0.0341257810593
2017-03-28 01:47:00.068194 Node recv BEACON 28. BS time: 2017-03-28 01:47:00.030000, Avg delay: 0.0349383592606
2017-03-28 01:47:00.077082 Node recv BEACON 29. BS time: 2017-03-28 01:47:00.036000, Avg delay: 0.0360598802567
2017-03-28 01:47:00.082684 Node recv BEACON 30. BS time: 2017-03-28 01:47:00.042000, Avg delay: 0.0367943763733
------ Stop listen at 2017-03-28 01:47:00.275709 ------
------ Listening PS broadcast ------
2017-03-28 01:47:01.001776 Node recv PS_BROADCAST 2, BS time 2017-03-28 01:47:01.006000, Total 10, Seed 7a26cec635, Index 4, Delay -0.0042245388031
2017-03-28 01:47:01.009760 Node recv PS_BROADCAST 3, BS time 2017-03-28 01:47:01.012000, Total 10, Seed 7a26cec635, Index 4, Delay -0.00224041938782
2017-03-28 01:47:01.015936 Node recv PS_BROADCAST 4, BS time 2017-03-28 01:47:01.018000, Total 10, Seed 7a26cec635, Index 4, Delay -0.00206351280212
2017-03-28 01:47:01.022404 Node recv PS_BROADCAST 5, BS time 2017-03-28 01:47:01.023000, Total 10, Seed 7a26cec635, Index 4, Delay -0.000595808029175
2017-03-28 01:47:01.030366 Node recv PS_BROADCAST 6, BS time 2017-03-28 01:47:01.029000, Total 10, Seed 7a26cec635, Index 4, Delay 0.00136590003967
2017-03-28 01:47:01.037212 Node recv PS_BROADCAST 7, BS time 2017-03-28 01:47:01.035000, Total 10, Seed 7a26cec635, Index 4, Delay 0.00221228599548
2017-03-28 01:47:01.045775 Node recv PS_BROADCAST 8, BS time 2017-03-28 01:47:01.041000, Total 10, Seed 7a26cec635, Index 4, Delay 0.00477528572083
2017-03-28 01:47:01.051657 Node recv PS_BROADCAST 9, BS time 2017-03-28 01:47:01.046000, Total 10, Seed 7a26cec635, Index 4, Delay 0.00565719604492
2017-03-28 01:47:01.056965 Node recv PS_BROADCAST 10, BS time 2017-03-28 01:47:01.052000, Total 10, Seed 7a26cec635, Index 4, Delay 0.00496459007263
2017-03-28 01:47:01.064923 Node recv PS_BROADCAST 11, BS time 2017-03-28 01:47:01.057000, Total 10, Seed 7a26cec635, Index 4, Delay 0.00792288780212
2017-03-28 01:47:01.071177 Node recv PS_BROADCAST 12, BS time 2017-03-28 01:47:01.062000, Total 10, Seed 7a26cec635, Index 4, Delay 0.00917744636536
2017-03-28 01:47:01.077679 Node recv PS_BROADCAST 13, BS time 2017-03-28 01:47:01.068000, Total 10, Seed 7a26cec635, Index 4, Delay 0.00967907905579
2017-03-28 01:47:01.086538 Node recv PS_BROADCAST 14, BS time 2017-03-28 01:47:01.074000, Total 10, Seed 7a26cec635, Index 4, Delay 0.0125377178192
2017-03-28 01:47:01.094352 Node recv PS_BROADCAST 15, BS time 2017-03-28 01:47:01.079000, Total 10, Seed 7a26cec635, Index 4, Delay 0.0153524875641
2017-03-28 01:47:01.099739 Node recv PS_BROADCAST 16, BS time 2017-03-28 01:47:01.085000, Total 10, Seed 7a26cec635, Index 4, Delay 0.0147385597229
2017-03-28 01:47:01.106212 Node recv PS_BROADCAST 17, BS time 2017-03-28 01:47:01.090000, Total 10, Seed 7a26cec635, Index 4, Delay 0.0162124633789
2017-03-28 01:47:01.113626 Node recv PS_BROADCAST 18, BS time 2017-03-28 01:47:01.096000, Total 10, Seed 7a26cec635, Index 4, Delay 0.017626285553
2017-03-28 01:47:01.120639 Node recv PS_BROADCAST 19, BS time 2017-03-28 01:47:01.101000, Total 10, Seed 7a26cec635, Index 4, Delay 0.0196385383606
2017-03-28 01:47:01.128025 Node recv PS_BROADCAST 20, BS time 2017-03-28 01:47:01.107000, Total 10, Seed 7a26cec635, Index 4, Delay 0.0210244655609
2017-03-28 01:47:01.134695 Node recv PS_BROADCAST 21, BS time 2017-03-28 01:47:01.113000, Total 10, Seed 7a26cec635, Index 4, Delay 0.0216951370239
2017-03-28 01:47:01.140849 Node recv PS_BROADCAST 22, BS time 2017-03-28 01:47:01.118000, Total 10, Seed 7a26cec635, Index 4, Delay 0.0228493213654
2017-03-28 01:47:01.147038 Node recv PS_BROADCAST 23, BS time 2017-03-28 01:47:01.123000, Total 10, Seed 7a26cec635, Index 4, Delay 0.0240380764008
2017-03-28 01:47:01.155613 Node recv PS_BROADCAST 24, BS time 2017-03-28 01:47:01.129000, Total 10, Seed 7a26cec635, Index 4, Delay 0.0266132354736
2017-03-28 01:47:01.161069 Node recv PS_BROADCAST 25, BS time 2017-03-28 01:47:01.134000, Total 10, Seed 7a26cec635, Index 4, Delay 0.0270686149597
2017-03-28 01:47:01.167388 Node recv PS_BROADCAST 26, BS time 2017-03-28 01:47:01.139000, Total 10, Seed 7a26cec635, Index 4, Delay 0.0283880233765
2017-03-28 01:47:01.176718 Node recv PS_BROADCAST 27, BS time 2017-03-28 01:47:01.146000, Total 10, Seed 7a26cec635, Index 4, Delay 0.0307178497314
2017-03-28 01:47:01.182310 Node recv PS_BROADCAST 28, BS time 2017-03-28 01:47:01.152000, Total 10, Seed 7a26cec635, Index 4, Delay 0.0303099155426
2017-03-28 01:47:01.190614 Node recv PS_BROADCAST 29, BS time 2017-03-28 01:47:01.158000, Total 10, Seed 7a26cec635, Index 4, Delay 0.0326135158539
2017-03-28 01:47:01.195987 Node recv PS_BROADCAST 30, BS time 2017-03-28 01:47:01.164000, Total 10, Seed 7a26cec635, Index 4, Delay 0.0319864749908
------ Stop listen PS broadcast at 2017-03-28 01:47:01.597985 ------
------ Ready to send PS packets ------
Fire at 2017-03-28 01:47:04.908143
2017-03-28 01:47:04.909471 PS: Node 0003094D5C send data 1
2017-03-28 01:47:04.915456 PS: Node 0003094D5C send data 2
2017-03-28 01:47:04.920929 PS: Node 0003094D5C send data 3
2017-03-28 01:47:04.927496 PS: Node 0003094D5C send data 4
2017-03-28 01:47:04.933248 PS: Node 0003094D5C send data 5
2017-03-28 01:47:04.938659 PS: Node 0003094D5C send data 6
2017-03-28 01:47:04.944690 PS: Node 0003094D5C send data 7
2017-03-28 01:47:04.950564 PS: Node 0003094D5C send data 8
2017-03-28 01:47:04.957458 PS: Node 0003094D5C send data 9
2017-03-28 01:47:04.962671 PS: Node 0003094D5C send data 10
2017-03-28 01:47:04.967896 PS: Node 0003094D5C send data 11
2017-03-28 01:47:04.973098 PS: Node 0003094D5C send data 12
2017-03-28 01:47:04.978745 PS: Node 0003094D5C send data 13
2017-03-28 01:47:04.984984 PS: Node 0003094D5C send data 14
2017-03-28 01:47:04.990489 PS: Node 0003094D5C send data 15
2017-03-28 01:47:04.998126 PS: Node 0003094D5C send data 16
2017-03-28 01:47:05.005074 PS: Node 0003094D5C send data 17
2017-03-28 01:47:05.010354 PS: Node 0003094D5C send data 18
2017-03-28 01:47:05.015607 PS: Node 0003094D5C send data 19
2017-03-28 01:47:05.021297 PS: Node 0003094D5C send data 20
2017-03-28 01:47:05.027290 PS: Node 0003094D5C send data 21
2017-03-28 01:47:05.032567 PS: Node 0003094D5C send data 22
2017-03-28 01:47:05.038191 PS: Node 0003094D5C send data 23
2017-03-28 01:47:05.043457 PS: Node 0003094D5C send data 24
2017-03-28 01:47:05.048974 PS: Node 0003094D5C send data 25
2017-03-28 01:47:05.055106 PS: Node 0003094D5C send data 26
2017-03-28 01:47:05.061026 PS: Node 0003094D5C send data 27
2017-03-28 01:47:05.066507 PS: Node 0003094D5C send data 28
2017-03-28 01:47:05.072297 PS: Node 0003094D5C send data 29
2017-03-28 01:47:05.078411 PS: Node 0003094D5C send data 30
2017-03-28 01:47:05.079765 - thread done - 
 - duration 0.171893119812 -
------ Send PS packets end ------

------ PS cycle ends at 2017-03-28 01:47:08.008949 ------



=============================================================================================
========================================== ROUND 5 ==========================================
=============================================================================================


------ Listening ------
2017-03-28 01:47:08.523697 Node recv BEACON 2. BS time: 2017-03-28 01:47:08.518000, Avg delay: 0.0340915203094
2017-03-28 01:47:08.532007 Node recv BEACON 3. BS time: 2017-03-28 01:47:08.523000, Avg delay: 0.0314898252487
2017-03-28 01:47:08.538317 Node recv BEACON 4. BS time: 2017-03-28 01:47:08.528000, Avg delay: 0.0290775775909
2017-03-28 01:47:08.545313 Node recv BEACON 5. BS time: 2017-03-28 01:47:08.534000, Avg delay: 0.0266305685043
2017-03-28 01:47:08.552437 Node recv BEACON 6. BS time: 2017-03-28 01:47:08.539000, Avg delay: 0.0244385480881
2017-03-28 01:47:08.559079 Node recv BEACON 7. BS time: 2017-03-28 01:47:08.545000, Avg delay: 0.0220976352692
2017-03-28 01:47:08.565634 Node recv BEACON 8. BS time: 2017-03-28 01:47:08.551000, Avg delay: 0.0198445320129
2017-03-28 01:47:08.572843 Node recv BEACON 9. BS time: 2017-03-28 01:47:08.557000, Avg delay: 0.0176093578339
2017-03-28 01:47:08.578958 Node recv BEACON 10. BS time: 2017-03-28 01:47:08.562000, Avg delay: 0.0151969194412
2017-03-28 01:47:08.587018 Node recv BEACON 11. BS time: 2017-03-28 01:47:08.567000, Avg delay: 0.0131302833557
2017-03-28 01:47:08.593143 Node recv BEACON 12. BS time: 2017-03-28 01:47:08.572000, Avg delay: 0.0146748304367
2017-03-28 01:47:08.599684 Node recv BEACON 13. BS time: 2017-03-28 01:47:08.578000, Avg delay: 0.0159425020218
2017-03-28 01:47:08.607963 Node recv BEACON 14. BS time: 2017-03-28 01:47:08.584000, Avg delay: 0.0173070430756
2017-03-28 01:47:08.615197 Node recv BEACON 15. BS time: 2017-03-28 01:47:08.591000, Avg delay: 0.0185954809189
2017-03-28 01:47:08.620134 Node recv BEACON 16. BS time: 2017-03-28 01:47:08.598000, Avg delay: 0.019465136528
2017-03-28 01:47:08.628274 Node recv BEACON 17. BS time: 2017-03-28 01:47:08.603000, Avg delay: 0.020584654808
2017-03-28 01:47:08.634433 Node recv BEACON 18. BS time: 2017-03-28 01:47:08.609000, Avg delay: 0.0216645002365
2017-03-28 01:47:08.642658 Node recv BEACON 19. BS time: 2017-03-28 01:47:08.615000, Avg delay: 0.022846031189
2017-03-28 01:47:08.649372 Node recv BEACON 20. BS time: 2017-03-28 01:47:08.622000, Avg delay: 0.0238874673843
2017-03-28 01:47:08.654900 Node recv BEACON 21. BS time: 2017-03-28 01:47:08.628000, Avg delay: 0.0245756387711
2017-03-28 01:47:08.662887 Node recv BEACON 22. BS time: 2017-03-28 01:47:08.633000, Avg delay: 0.0254500627518
2017-03-28 01:47:08.670176 Node recv BEACON 23. BS time: 2017-03-28 01:47:08.639000, Avg delay: 0.0263992786407
2017-03-28 01:47:08.676256 Node recv BEACON 24. BS time: 2017-03-28 01:47:08.645000, Avg delay: 0.0271286249161
2017-03-28 01:47:08.683220 Node recv BEACON 25. BS time: 2017-03-28 01:47:08.650000, Avg delay: 0.028030872345
2017-03-28 01:47:08.689466 Node recv BEACON 26. BS time: 2017-03-28 01:47:08.656000, Avg delay: 0.029164147377
2017-03-28 01:47:08.697926 Node recv BEACON 27. BS time: 2017-03-28 01:47:08.661000, Avg delay: 0.0303293704987
2017-03-28 01:47:08.704721 Node recv BEACON 28. BS time: 2017-03-28 01:47:08.666000, Avg delay: 0.0316581726074
2017-03-28 01:47:08.710408 Node recv BEACON 29. BS time: 2017-03-28 01:47:08.672000, Avg delay: 0.0327332019806
2017-03-28 01:47:08.717990 Node recv BEACON 30. BS time: 2017-03-28 01:47:08.677000, Avg delay: 0.0340950250626
2017-03-28 01:47:08.893708 Node recv BEACON 2. BS time: 2017-03-28 01:47:08.888000, Avg delay: 0.0319758176804
2017-03-28 01:47:08.900021 Node recv BEACON 3. BS time: 2017-03-28 01:47:08.894000, Avg delay: 0.029589176178
2017-03-28 01:47:08.908219 Node recv BEACON 4. BS time: 2017-03-28 01:47:08.900000, Avg delay: 0.0272935152054
2017-03-28 01:47:08.914423 Node recv BEACON 5. BS time: 2017-03-28 01:47:08.905000, Avg delay: 0.0251101732254
2017-03-28 01:47:08.922411 Node recv BEACON 6. BS time: 2017-03-28 01:47:08.911000, Avg delay: 0.0229292869568
2017-03-28 01:47:08.929259 Node recv BEACON 7. BS time: 2017-03-28 01:47:08.916000, Avg delay: 0.0209085226059
2017-03-28 01:47:08.935741 Node recv BEACON 8. BS time: 2017-03-28 01:47:08.922000, Avg delay: 0.0185899972916
2017-03-28 01:47:08.942780 Node recv BEACON 9. BS time: 2017-03-28 01:47:08.928000, Avg delay: 0.0161959409714
2017-03-28 01:47:08.948973 Node recv BEACON 10. BS time: 2017-03-28 01:47:08.933000, Avg delay: 0.0139523744583
2017-03-28 01:47:08.955139 Node recv BEACON 11. BS time: 2017-03-28 01:47:08.939000, Avg delay: 0.0114673137665
2017-03-28 01:47:08.963259 Node recv BEACON 12. BS time: 2017-03-28 01:47:08.945000, Avg delay: 0.0127224445343
2017-03-28 01:47:08.969621 Node recv BEACON 13. BS time: 2017-03-28 01:47:08.950000, Avg delay: 0.0140825033188
2017-03-28 01:47:08.978571 Node recv BEACON 14. BS time: 2017-03-28 01:47:08.956000, Avg delay: 0.0155177116394
2017-03-28 01:47:08.984465 Node recv BEACON 15. BS time: 2017-03-28 01:47:08.962000, Avg delay: 0.0168219089508
2017-03-28 01:47:08.989983 Node recv BEACON 16. BS time: 2017-03-28 01:47:08.967000, Avg delay: 0.0179791212082
2017-03-28 01:47:08.998332 Node recv BEACON 17. BS time: 2017-03-28 01:47:08.973000, Avg delay: 0.0191863775253
2017-03-28 01:47:09.005038 Node recv BEACON 18. BS time: 2017-03-28 01:47:08.978000, Avg delay: 0.0205160617828
2017-03-28 01:47:09.011510 Node recv BEACON 19. BS time: 2017-03-28 01:47:08.984000, Avg delay: 0.0217890501022
2017-03-28 01:47:09.018447 Node recv BEACON 20. BS time: 2017-03-28 01:47:08.990000, Avg delay: 0.0230365276337
2017-03-28 01:47:09.024561 Node recv BEACON 21. BS time: 2017-03-28 01:47:08.996000, Avg delay: 0.0242786645889
2017-03-28 01:47:09.032791 Node recv BEACON 22. BS time: 2017-03-28 01:47:09.001000, Avg delay: 0.0256318807602
2017-03-28 01:47:09.039781 Node recv BEACON 23. BS time: 2017-03-28 01:47:09.007000, Avg delay: 0.0269478797913
2017-03-28 01:47:09.046171 Node recv BEACON 24. BS time: 2017-03-28 01:47:09.012000, Avg delay: 0.0281078338623
2017-03-28 01:47:09.053154 Node recv BEACON 25. BS time: 2017-03-28 01:47:09.018000, Avg delay: 0.029376745224
2017-03-28 01:47:09.059951 Node recv BEACON 26. BS time: 2017-03-28 01:47:09.024000, Avg delay: 0.0306735515594
2017-03-28 01:47:09.067165 Node recv BEACON 27. BS time: 2017-03-28 01:47:09.029000, Avg delay: 0.0319568872452
2017-03-28 01:47:09.074621 Node recv BEACON 28. BS time: 2017-03-28 01:47:09.035000, Avg delay: 0.033215212822
2017-03-28 01:47:09.080103 Node recv BEACON 29. BS time: 2017-03-28 01:47:09.040000, Avg delay: 0.0344745397568
2017-03-28 01:47:09.087773 Node recv BEACON 30. BS time: 2017-03-28 01:47:09.045000, Avg delay: 0.0359070777893
------ Stop listen at 2017-03-28 01:47:09.289610 ------
------ Listening PS broadcast ------
2017-03-28 01:47:10.002162 Node recv PS_BROADCAST 2, BS time 2017-03-28 01:47:10.006000, Total 10, Seed 5ad3e70476, Index 7, Delay -0.00383830070496
2017-03-28 01:47:10.011235 Node recv PS_BROADCAST 3, BS time 2017-03-28 01:47:10.012000, Total 10, Seed 5ad3e70476, Index 7, Delay -0.000764608383179
2017-03-28 01:47:10.016427 Node recv PS_BROADCAST 4, BS time 2017-03-28 01:47:10.017000, Total 10, Seed 5ad3e70476, Index 7, Delay -0.000572919845581
2017-03-28 01:47:10.022870 Node recv PS_BROADCAST 5, BS time 2017-03-28 01:47:10.023000, Total 10, Seed 5ad3e70476, Index 7, Delay -0.000129699707031
2017-03-28 01:47:10.030641 Node recv PS_BROADCAST 6, BS time 2017-03-28 01:47:10.028000, Total 10, Seed 5ad3e70476, Index 7, Delay 0.00264096260071
2017-03-28 01:47:10.037045 Node recv PS_BROADCAST 7, BS time 2017-03-28 01:47:10.034000, Total 10, Seed 5ad3e70476, Index 7, Delay 0.00304508209229
2017-03-28 01:47:10.043776 Node recv PS_BROADCAST 8, BS time 2017-03-28 01:47:10.039000, Total 10, Seed 5ad3e70476, Index 7, Delay 0.00477576255798
2017-03-28 01:47:10.051569 Node recv PS_BROADCAST 9, BS time 2017-03-28 01:47:10.046000, Total 10, Seed 5ad3e70476, Index 7, Delay 0.00556921958923
2017-03-28 01:47:10.057202 Node recv PS_BROADCAST 10, BS time 2017-03-28 01:47:10.051000, Total 10, Seed 5ad3e70476, Index 7, Delay 0.00620222091675
2017-03-28 01:47:10.065269 Node recv PS_BROADCAST 11, BS time 2017-03-28 01:47:10.056000, Total 10, Seed 5ad3e70476, Index 7, Delay 0.00926923751831
2017-03-28 01:47:10.071561 Node recv PS_BROADCAST 12, BS time 2017-03-28 01:47:10.061000, Total 10, Seed 5ad3e70476, Index 7, Delay 0.0105607509613
2017-03-28 01:47:10.077685 Node recv PS_BROADCAST 13, BS time 2017-03-28 01:47:10.066000, Total 10, Seed 5ad3e70476, Index 7, Delay 0.0116853713989
2017-03-28 01:47:10.086679 Node recv PS_BROADCAST 14, BS time 2017-03-28 01:47:10.072000, Total 10, Seed 5ad3e70476, Index 7, Delay 0.014678478241
2017-03-28 01:47:10.092994 Node recv PS_BROADCAST 15, BS time 2017-03-28 01:47:10.079000, Total 10, Seed 5ad3e70476, Index 7, Delay 0.0139939785004
2017-03-28 01:47:10.100806 Node recv PS_BROADCAST 16, BS time 2017-03-28 01:47:10.084000, Total 10, Seed 5ad3e70476, Index 7, Delay 0.0168054103851
2017-03-28 01:47:10.106171 Node recv PS_BROADCAST 17, BS time 2017-03-28 01:47:10.090000, Total 10, Seed 5ad3e70476, Index 7, Delay 0.0161712169647
2017-03-28 01:47:10.112971 Node recv PS_BROADCAST 18, BS time 2017-03-28 01:47:10.095000, Total 10, Seed 5ad3e70476, Index 7, Delay 0.0179708003998
2017-03-28 01:47:10.120493 Node recv PS_BROADCAST 19, BS time 2017-03-28 01:47:10.101000, Total 10, Seed 5ad3e70476, Index 7, Delay 0.0194933414459
2017-03-28 01:47:10.127017 Node recv PS_BROADCAST 20, BS time 2017-03-28 01:47:10.107000, Total 10, Seed 5ad3e70476, Index 7, Delay 0.0200164318085
2017-03-28 01:47:10.133610 Node recv PS_BROADCAST 21, BS time 2017-03-28 01:47:10.112000, Total 10, Seed 5ad3e70476, Index 7, Delay 0.0216104984283
2017-03-28 01:47:10.140936 Node recv PS_BROADCAST 22, BS time 2017-03-28 01:47:10.119000, Total 10, Seed 5ad3e70476, Index 7, Delay 0.0219361782074
2017-03-28 01:47:10.148115 Node recv PS_BROADCAST 23, BS time 2017-03-28 01:47:10.124000, Total 10, Seed 5ad3e70476, Index 7, Delay 0.0241150856018
2017-03-28 01:47:10.155945 Node recv PS_BROADCAST 24, BS time 2017-03-28 01:47:10.129000, Total 10, Seed 5ad3e70476, Index 7, Delay 0.0269451141357
2017-03-28 01:47:10.161406 Node recv PS_BROADCAST 25, BS time 2017-03-28 01:47:10.135000, Total 10, Seed 5ad3e70476, Index 7, Delay 0.0264058113098
2017-03-28 01:47:10.167662 Node recv PS_BROADCAST 26, BS time 2017-03-28 01:47:10.141000, Total 10, Seed 5ad3e70476, Index 7, Delay 0.0266623497009
2017-03-28 01:47:10.176764 Node recv PS_BROADCAST 27, BS time 2017-03-28 01:47:10.147000, Total 10, Seed 5ad3e70476, Index 7, Delay 0.0297639369965
2017-03-28 01:47:10.181982 Node recv PS_BROADCAST 28, BS time 2017-03-28 01:47:10.153000, Total 10, Seed 5ad3e70476, Index 7, Delay 0.0289821624756
2017-03-28 01:47:10.189090 Node recv PS_BROADCAST 29, BS time 2017-03-28 01:47:10.158000, Total 10, Seed 5ad3e70476, Index 7, Delay 0.0310900211334
2017-03-28 01:47:10.197130 Node recv PS_BROADCAST 30, BS time 2017-03-28 01:47:10.163000, Total 10, Seed 5ad3e70476, Index 7, Delay 0.0341300964355
------ Stop listen PS broadcast at 2017-03-28 01:47:10.600316 ------
------ Ready to send PS packets ------
Fire at 2017-03-28 01:47:15.408074
2017-03-28 01:47:15.409352 PS: Node 0003094D5C send data 1
2017-03-28 01:47:15.415119 PS: Node 0003094D5C send data 2
2017-03-28 01:47:15.420336 PS: Node 0003094D5C send data 3
2017-03-28 01:47:15.426758 PS: Node 0003094D5C send data 4
2017-03-28 01:47:15.432805 PS: Node 0003094D5C send data 5
2017-03-28 01:47:15.438302 PS: Node 0003094D5C send data 6
2017-03-28 01:47:15.443954 PS: Node 0003094D5C send data 7
2017-03-28 01:47:15.450741 PS: Node 0003094D5C send data 8
2017-03-28 01:47:15.455840 PS: Node 0003094D5C send data 9
2017-03-28 01:47:15.461002 PS: Node 0003094D5C send data 10
2017-03-28 01:47:15.466407 PS: Node 0003094D5C send data 11
2017-03-28 01:47:15.472190 PS: Node 0003094D5C send data 12
2017-03-28 01:47:15.477343 PS: Node 0003094D5C send data 13
2017-03-28 01:47:15.483138 PS: Node 0003094D5C send data 14
2017-03-28 01:47:15.489310 PS: Node 0003094D5C send data 15
2017-03-28 01:47:15.495117 PS: Node 0003094D5C send data 16
2017-03-28 01:47:15.501077 PS: Node 0003094D5C send data 17
2017-03-28 01:47:15.506603 PS: Node 0003094D5C send data 18
2017-03-28 01:47:15.511902 PS: Node 0003094D5C send data 19
2017-03-28 01:47:15.517645 PS: Node 0003094D5C send data 20
2017-03-28 01:47:15.523374 PS: Node 0003094D5C send data 21
2017-03-28 01:47:15.528558 PS: Node 0003094D5C send data 22
2017-03-28 01:47:15.534046 PS: Node 0003094D5C send data 23
2017-03-28 01:47:15.539529 PS: Node 0003094D5C send data 24
2017-03-28 01:47:15.545634 PS: Node 0003094D5C send data 25
2017-03-28 01:47:15.552313 PS: Node 0003094D5C send data 26
2017-03-28 01:47:15.558048 PS: Node 0003094D5C send data 27
2017-03-28 01:47:15.564977 PS: Node 0003094D5C send data 28
2017-03-28 01:47:15.570735 PS: Node 0003094D5C send data 29
2017-03-28 01:47:15.576333 PS: Node 0003094D5C send data 30
2017-03-28 01:47:15.578565 - thread done - 
 - duration 0.170997858047 -
------ Send PS packets end ------

------ PS cycle ends at 2017-03-28 01:47:17.009264 ------



=============================================================================================
========================================= TEST END ==========================================
=============================================================================================


