----------------------------------------------------------
Input options: 
{'verbose': True, 'discontinuous': False, 'bandwidth': 1000000.0, 'megabytes': 1.0, 'size': 400, 'log': False, 'antenna': 'TX/RX', 'lo_offset': 0, 'scheme': 'VFS', 'spec': None, 'tx_gain': 20.0, 'tx_amplitude': 0.1, 'modulation': 'bpsk', 'args': '', 'snr': 30.0, 'occupied_tones': 200, 'freq': None, 'logfile': 'bs_vfs.log', 'rx_freq': 2490000000.0, 'rx_gain': 20.0, 'from_file': None, 'to_file': None, 'tx_freq': 2490000000.0, 'clock_source': None, 'cp_length': 128, 'fft_length': 512}
----------------------------------------------------------


Clock Rate: 100.0 MHz

####### Test Protocol: VFS #######

Presume known nodes: ['00030757AF', '0003075786', '0003094D5C', '0000000004', '0000000005', '0000000006', '0000000007', '0000000008', '0000000009', '0000000010']

2017-03-28 01:01:31.164004 Adjust to PC time: 2017-03-28 01:01:31.163820



=============================================================================================
========================================== ROUND 1 ==========================================
=============================================================================================


------ Broadcast Beacon ------
2017-03-28 01:01:31.173539 broadcast BEACON - 1
2017-03-28 01:01:31.178874 broadcast BEACON - 2
2017-03-28 01:01:31.184284 broadcast BEACON - 3
2017-03-28 01:01:31.190119 broadcast BEACON - 4
2017-03-28 01:01:31.195048 broadcast BEACON - 5
2017-03-28 01:01:31.200583 broadcast BEACON - 6
2017-03-28 01:01:31.206242 broadcast BEACON - 7
2017-03-28 01:01:31.211776 broadcast BEACON - 8
2017-03-28 01:01:31.217294 broadcast BEACON - 9
2017-03-28 01:01:31.223274 broadcast BEACON - 10
2017-03-28 01:01:31.228250 broadcast BEACON - 11
2017-03-28 01:01:31.233886 broadcast BEACON - 12
2017-03-28 01:01:31.239705 broadcast BEACON - 13
2017-03-28 01:01:31.244910 broadcast BEACON - 14
2017-03-28 01:01:31.251185 broadcast BEACON - 15
2017-03-28 01:01:31.256404 broadcast BEACON - 16
2017-03-28 01:01:31.262697 broadcast BEACON - 17
2017-03-28 01:01:31.267740 broadcast BEACON - 18
2017-03-28 01:01:31.272937 broadcast BEACON - 19
2017-03-28 01:01:31.278186 broadcast BEACON - 20
2017-03-28 01:01:31.283986 broadcast BEACON - 21
2017-03-28 01:01:31.291136 broadcast BEACON - 22
2017-03-28 01:01:31.296232 broadcast BEACON - 23
2017-03-28 01:01:31.302043 broadcast BEACON - 24
2017-03-28 01:01:31.307237 broadcast BEACON - 25
2017-03-28 01:01:31.312888 broadcast BEACON - 26
2017-03-28 01:01:31.318420 broadcast BEACON - 27
2017-03-28 01:01:31.324216 broadcast BEACON - 28
2017-03-28 01:01:31.329962 broadcast BEACON - 29
2017-03-28 01:01:31.335585 broadcast BEACON - 30
2017-03-28 01:01:31.336465 - thread done - 
 - duration 0.163988828659 -
------ Broadcast Beacon end --------
Sleep for 0.2 second

------ Broadcast Beacon ------
2017-03-28 01:01:31.539664 broadcast BEACON - 1
2017-03-28 01:01:31.544935 broadcast BEACON - 2
2017-03-28 01:01:31.550369 broadcast BEACON - 3
2017-03-28 01:01:31.556277 broadcast BEACON - 4
2017-03-28 01:01:31.562129 broadcast BEACON - 5
2017-03-28 01:01:31.568600 broadcast BEACON - 6
2017-03-28 01:01:31.573933 broadcast BEACON - 7
2017-03-28 01:01:31.579911 broadcast BEACON - 8
2017-03-28 01:01:31.584755 broadcast BEACON - 9
2017-03-28 01:01:31.590242 broadcast BEACON - 10
2017-03-28 01:01:31.595410 broadcast BEACON - 11
2017-03-28 01:01:31.601218 broadcast BEACON - 12
2017-03-28 01:01:31.607345 broadcast BEACON - 13
2017-03-28 01:01:31.614027 broadcast BEACON - 14
2017-03-28 01:01:31.619990 broadcast BEACON - 15
2017-03-28 01:01:31.624878 broadcast BEACON - 16
2017-03-28 01:01:31.630093 broadcast BEACON - 17
2017-03-28 01:01:31.635869 broadcast BEACON - 18
2017-03-28 01:01:31.641622 broadcast BEACON - 19
2017-03-28 01:01:31.647391 broadcast BEACON - 20
2017-03-28 01:01:31.653857 broadcast BEACON - 21
2017-03-28 01:01:31.659572 broadcast BEACON - 22
2017-03-28 01:01:31.665342 broadcast BEACON - 23
2017-03-28 01:01:31.670962 broadcast BEACON - 24
2017-03-28 01:01:31.676835 broadcast BEACON - 25
2017-03-28 01:01:31.682723 broadcast BEACON - 26
2017-03-28 01:01:31.688474 broadcast BEACON - 27
2017-03-28 01:01:31.694200 broadcast BEACON - 28
2017-03-28 01:01:31.700462 broadcast BEACON - 29
2017-03-28 01:01:31.706085 broadcast BEACON - 30
2017-03-28 01:01:31.707677 - thread done - 
 - duration 0.169558286667 -
------ Broadcast Beacon end --------
Sleep for 0.5 second

 - Sync duration 1.03897595406 -

singleton_nodes_amount 10/10, is_below_singleton_rate? False
Calculated VFS seed: 290dabd78d, Singleton rate: 0.7, calculation count: 1, 
raw v-frame [['0003075786'], ['0000000009'], ['00030757AF'], ['0000000005'], ['0'], ['0'], ['0'], ['0'], ['0'], ['0'], ['0003094D5C'], ['0000000010'], ['0'], ['0000000008'], ['0'], ['0'], ['0000000004'], ['0000000006'], ['0'], ['0000000007']] 
v-frame ['1', '1', '1', '1', '0', '0', '0', '0', '0', '0', '1', '1', '0', '1', '0', '0', '1', '1', '0', '1'] 
rand-frame [] 
alloc-frame ['0003075786', '0000000009', '00030757AF', '0000000005', '0003094D5C', '0000000010', '0000000008', '0000000004', '0000000006', '0000000007']
 - duration 0.00058650970459 -
------ Broadcast VFS packets ------
Fire at absolute 2017-03-28 01:01:32.999919
2017-03-28 01:01:33.000722 send VFS_BROADCAST 1, Total nodes: 10, Seed: 290dabd78d, Node begin: 2017-03-28 01:01:35, 
Session: [('0003075786', 1490634095.0, 1490634095.4999), ('0000000009', 1490634095.5, 1490634095.9999), ('00030757AF', 1490634096.0, 1490634096.4999), ('0000000005', 1490634096.5, 1490634096.9999), ('0003094D5C', 1490634097.0, 1490634097.4999), ('0000000010', 1490634097.5, 1490634097.9999), ('0000000008', 1490634098.0, 1490634098.4999), ('0000000004', 1490634098.5, 1490634098.9999), ('0000000006', 1490634099.0, 1490634099.4999), ('0000000007', 1490634099.5, 1490634099.9999)]
2017-03-28 01:01:33.006583 send VFS_BROADCAST 2, Total nodes: 10, Seed: 290dabd78d, Node begin: 2017-03-28 01:01:35, 
Session: [('0003075786', 1490634095.0, 1490634095.4999), ('0000000009', 1490634095.5, 1490634095.9999), ('00030757AF', 1490634096.0, 1490634096.4999), ('0000000005', 1490634096.5, 1490634096.9999), ('0003094D5C', 1490634097.0, 1490634097.4999), ('0000000010', 1490634097.5, 1490634097.9999), ('0000000008', 1490634098.0, 1490634098.4999), ('0000000004', 1490634098.5, 1490634098.9999), ('0000000006', 1490634099.0, 1490634099.4999), ('0000000007', 1490634099.5, 1490634099.9999)]
2017-03-28 01:01:33.012549 send VFS_BROADCAST 3, Total nodes: 10, Seed: 290dabd78d, Node begin: 2017-03-28 01:01:35, 
Session: [('0003075786', 1490634095.0, 1490634095.4999), ('0000000009', 1490634095.5, 1490634095.9999), ('00030757AF', 1490634096.0, 1490634096.4999), ('0000000005', 1490634096.5, 1490634096.9999), ('0003094D5C', 1490634097.0, 1490634097.4999), ('0000000010', 1490634097.5, 1490634097.9999), ('0000000008', 1490634098.0, 1490634098.4999), ('0000000004', 1490634098.5, 1490634098.9999), ('0000000006', 1490634099.0, 1490634099.4999), ('0000000007', 1490634099.5, 1490634099.9999)]
2017-03-28 01:01:33.018491 send VFS_BROADCAST 4, Total nodes: 10, Seed: 290dabd78d, Node begin: 2017-03-28 01:01:35, 
Session: [('0003075786', 1490634095.0, 1490634095.4999), ('0000000009', 1490634095.5, 1490634095.9999), ('00030757AF', 1490634096.0, 1490634096.4999), ('0000000005', 1490634096.5, 1490634096.9999), ('0003094D5C', 1490634097.0, 1490634097.4999), ('0000000010', 1490634097.5, 1490634097.9999), ('0000000008', 1490634098.0, 1490634098.4999), ('0000000004', 1490634098.5, 1490634098.9999), ('0000000006', 1490634099.0, 1490634099.4999), ('0000000007', 1490634099.5, 1490634099.9999)]
2017-03-28 01:01:33.024112 send VFS_BROADCAST 5, Total nodes: 10, Seed: 290dabd78d, Node begin: 2017-03-28 01:01:35, 
Session: [('0003075786', 1490634095.0, 1490634095.4999), ('0000000009', 1490634095.5, 1490634095.9999), ('00030757AF', 1490634096.0, 1490634096.4999), ('0000000005', 1490634096.5, 1490634096.9999), ('0003094D5C', 1490634097.0, 1490634097.4999), ('0000000010', 1490634097.5, 1490634097.9999), ('0000000008', 1490634098.0, 1490634098.4999), ('0000000004', 1490634098.5, 1490634098.9999), ('0000000006', 1490634099.0, 1490634099.4999), ('0000000007', 1490634099.5, 1490634099.9999)]
2017-03-28 01:01:33.029355 send VFS_BROADCAST 6, Total nodes: 10, Seed: 290dabd78d, Node begin: 2017-03-28 01:01:35, 
Session: [('0003075786', 1490634095.0, 1490634095.4999), ('0000000009', 1490634095.5, 1490634095.9999), ('00030757AF', 1490634096.0, 1490634096.4999), ('0000000005', 1490634096.5, 1490634096.9999), ('0003094D5C', 1490634097.0, 1490634097.4999), ('0000000010', 1490634097.5, 1490634097.9999), ('0000000008', 1490634098.0, 1490634098.4999), ('0000000004', 1490634098.5, 1490634098.9999), ('0000000006', 1490634099.0, 1490634099.4999), ('0000000007', 1490634099.5, 1490634099.9999)]
2017-03-28 01:01:33.035016 send VFS_BROADCAST 7, Total nodes: 10, Seed: 290dabd78d, Node begin: 2017-03-28 01:01:35, 
Session: [('0003075786', 1490634095.0, 1490634095.4999), ('0000000009', 1490634095.5, 1490634095.9999), ('00030757AF', 1490634096.0, 1490634096.4999), ('0000000005', 1490634096.5, 1490634096.9999), ('0003094D5C', 1490634097.0, 1490634097.4999), ('0000000010', 1490634097.5, 1490634097.9999), ('0000000008', 1490634098.0, 1490634098.4999), ('0000000004', 1490634098.5, 1490634098.9999), ('0000000006', 1490634099.0, 1490634099.4999), ('0000000007', 1490634099.5, 1490634099.9999)]
2017-03-28 01:01:33.041704 send VFS_BROADCAST 8, Total nodes: 10, Seed: 290dabd78d, Node begin: 2017-03-28 01:01:35, 
Session: [('0003075786', 1490634095.0, 1490634095.4999), ('0000000009', 1490634095.5, 1490634095.9999), ('00030757AF', 1490634096.0, 1490634096.4999), ('0000000005', 1490634096.5, 1490634096.9999), ('0003094D5C', 1490634097.0, 1490634097.4999), ('0000000010', 1490634097.5, 1490634097.9999), ('0000000008', 1490634098.0, 1490634098.4999), ('0000000004', 1490634098.5, 1490634098.9999), ('0000000006', 1490634099.0, 1490634099.4999), ('0000000007', 1490634099.5, 1490634099.9999)]
2017-03-28 01:01:33.046611 send VFS_BROADCAST 9, Total nodes: 10, Seed: 290dabd78d, Node begin: 2017-03-28 01:01:35, 
Session: [('0003075786', 1490634095.0, 1490634095.4999), ('0000000009', 1490634095.5, 1490634095.9999), ('00030757AF', 1490634096.0, 1490634096.4999), ('0000000005', 1490634096.5, 1490634096.9999), ('0003094D5C', 1490634097.0, 1490634097.4999), ('0000000010', 1490634097.5, 1490634097.9999), ('0000000008', 1490634098.0, 1490634098.4999), ('0000000004', 1490634098.5, 1490634098.9999), ('0000000006', 1490634099.0, 1490634099.4999), ('0000000007', 1490634099.5, 1490634099.9999)]
2017-03-28 01:01:33.052147 send VFS_BROADCAST 10, Total nodes: 10, Seed: 290dabd78d, Node begin: 2017-03-28 01:01:35, 
Session: [('0003075786', 1490634095.0, 1490634095.4999), ('0000000009', 1490634095.5, 1490634095.9999), ('00030757AF', 1490634096.0, 1490634096.4999), ('0000000005', 1490634096.5, 1490634096.9999), ('0003094D5C', 1490634097.0, 1490634097.4999), ('0000000010', 1490634097.5, 1490634097.9999), ('0000000008', 1490634098.0, 1490634098.4999), ('0000000004', 1490634098.5, 1490634098.9999), ('0000000006', 1490634099.0, 1490634099.4999), ('0000000007', 1490634099.5, 1490634099.9999)]
2017-03-28 01:01:33.057696 send VFS_BROADCAST 11, Total nodes: 10, Seed: 290dabd78d, Node begin: 2017-03-28 01:01:35, 
Session: [('0003075786', 1490634095.0, 1490634095.4999), ('0000000009', 1490634095.5, 1490634095.9999), ('00030757AF', 1490634096.0, 1490634096.4999), ('0000000005', 1490634096.5, 1490634096.9999), ('0003094D5C', 1490634097.0, 1490634097.4999), ('0000000010', 1490634097.5, 1490634097.9999), ('0000000008', 1490634098.0, 1490634098.4999), ('0000000004', 1490634098.5, 1490634098.9999), ('0000000006', 1490634099.0, 1490634099.4999), ('0000000007', 1490634099.5, 1490634099.9999)]
2017-03-28 01:01:33.063534 send VFS_BROADCAST 12, Total nodes: 10, Seed: 290dabd78d, Node begin: 2017-03-28 01:01:35, 
Session: [('0003075786', 1490634095.0, 1490634095.4999), ('0000000009', 1490634095.5, 1490634095.9999), ('00030757AF', 1490634096.0, 1490634096.4999), ('0000000005', 1490634096.5, 1490634096.9999), ('0003094D5C', 1490634097.0, 1490634097.4999), ('0000000010', 1490634097.5, 1490634097.9999), ('0000000008', 1490634098.0, 1490634098.4999), ('0000000004', 1490634098.5, 1490634098.9999), ('0000000006', 1490634099.0, 1490634099.4999), ('0000000007', 1490634099.5, 1490634099.9999)]
2017-03-28 01:01:33.069542 send VFS_BROADCAST 13, Total nodes: 10, Seed: 290dabd78d, Node begin: 2017-03-28 01:01:35, 
Session: [('0003075786', 1490634095.0, 1490634095.4999), ('0000000009', 1490634095.5, 1490634095.9999), ('00030757AF', 1490634096.0, 1490634096.4999), ('0000000005', 1490634096.5, 1490634096.9999), ('0003094D5C', 1490634097.0, 1490634097.4999), ('0000000010', 1490634097.5, 1490634097.9999), ('0000000008', 1490634098.0, 1490634098.4999), ('0000000004', 1490634098.5, 1490634098.9999), ('0000000006', 1490634099.0, 1490634099.4999), ('0000000007', 1490634099.5, 1490634099.9999)]
2017-03-28 01:01:33.076554 send VFS_BROADCAST 14, Total nodes: 10, Seed: 290dabd78d, Node begin: 2017-03-28 01:01:35, 
Session: [('0003075786', 1490634095.0, 1490634095.4999), ('0000000009', 1490634095.5, 1490634095.9999), ('00030757AF', 1490634096.0, 1490634096.4999), ('0000000005', 1490634096.5, 1490634096.9999), ('0003094D5C', 1490634097.0, 1490634097.4999), ('0000000010', 1490634097.5, 1490634097.9999), ('0000000008', 1490634098.0, 1490634098.4999), ('0000000004', 1490634098.5, 1490634098.9999), ('0000000006', 1490634099.0, 1490634099.4999), ('0000000007', 1490634099.5, 1490634099.9999)]
2017-03-28 01:01:33.082130 send VFS_BROADCAST 15, Total nodes: 10, Seed: 290dabd78d, Node begin: 2017-03-28 01:01:35, 
Session: [('0003075786', 1490634095.0, 1490634095.4999), ('0000000009', 1490634095.5, 1490634095.9999), ('00030757AF', 1490634096.0, 1490634096.4999), ('0000000005', 1490634096.5, 1490634096.9999), ('0003094D5C', 1490634097.0, 1490634097.4999), ('0000000010', 1490634097.5, 1490634097.9999), ('0000000008', 1490634098.0, 1490634098.4999), ('0000000004', 1490634098.5, 1490634098.9999), ('0000000006', 1490634099.0, 1490634099.4999), ('0000000007', 1490634099.5, 1490634099.9999)]
2017-03-28 01:01:33.088581 send VFS_BROADCAST 16, Total nodes: 10, Seed: 290dabd78d, Node begin: 2017-03-28 01:01:35, 
Session: [('0003075786', 1490634095.0, 1490634095.4999), ('0000000009', 1490634095.5, 1490634095.9999), ('00030757AF', 1490634096.0, 1490634096.4999), ('0000000005', 1490634096.5, 1490634096.9999), ('0003094D5C', 1490634097.0, 1490634097.4999), ('0000000010', 1490634097.5, 1490634097.9999), ('0000000008', 1490634098.0, 1490634098.4999), ('0000000004', 1490634098.5, 1490634098.9999), ('0000000006', 1490634099.0, 1490634099.4999), ('0000000007', 1490634099.5, 1490634099.9999)]
2017-03-28 01:01:33.093466 send VFS_BROADCAST 17, Total nodes: 10, Seed: 290dabd78d, Node begin: 2017-03-28 01:01:35, 
Session: [('0003075786', 1490634095.0, 1490634095.4999), ('0000000009', 1490634095.5, 1490634095.9999), ('00030757AF', 1490634096.0, 1490634096.4999), ('0000000005', 1490634096.5, 1490634096.9999), ('0003094D5C', 1490634097.0, 1490634097.4999), ('0000000010', 1490634097.5, 1490634097.9999), ('0000000008', 1490634098.0, 1490634098.4999), ('0000000004', 1490634098.5, 1490634098.9999), ('0000000006', 1490634099.0, 1490634099.4999), ('0000000007', 1490634099.5, 1490634099.9999)]
2017-03-28 01:01:33.099312 send VFS_BROADCAST 18, Total nodes: 10, Seed: 290dabd78d, Node begin: 2017-03-28 01:01:35, 
Session: [('0003075786', 1490634095.0, 1490634095.4999), ('0000000009', 1490634095.5, 1490634095.9999), ('00030757AF', 1490634096.0, 1490634096.4999), ('0000000005', 1490634096.5, 1490634096.9999), ('0003094D5C', 1490634097.0, 1490634097.4999), ('0000000010', 1490634097.5, 1490634097.9999), ('0000000008', 1490634098.0, 1490634098.4999), ('0000000004', 1490634098.5, 1490634098.9999), ('0000000006', 1490634099.0, 1490634099.4999), ('0000000007', 1490634099.5, 1490634099.9999)]
2017-03-28 01:01:33.104575 send VFS_BROADCAST 19, Total nodes: 10, Seed: 290dabd78d, Node begin: 2017-03-28 01:01:35, 
Session: [('0003075786', 1490634095.0, 1490634095.4999), ('0000000009', 1490634095.5, 1490634095.9999), ('00030757AF', 1490634096.0, 1490634096.4999), ('0000000005', 1490634096.5, 1490634096.9999), ('0003094D5C', 1490634097.0, 1490634097.4999), ('0000000010', 1490634097.5, 1490634097.9999), ('0000000008', 1490634098.0, 1490634098.4999), ('0000000004', 1490634098.5, 1490634098.9999), ('0000000006', 1490634099.0, 1490634099.4999), ('0000000007', 1490634099.5, 1490634099.9999)]
2017-03-28 01:01:33.110394 send VFS_BROADCAST 20, Total nodes: 10, Seed: 290dabd78d, Node begin: 2017-03-28 01:01:35, 
Session: [('0003075786', 1490634095.0, 1490634095.4999), ('0000000009', 1490634095.5, 1490634095.9999), ('00030757AF', 1490634096.0, 1490634096.4999), ('0000000005', 1490634096.5, 1490634096.9999), ('0003094D5C', 1490634097.0, 1490634097.4999), ('0000000010', 1490634097.5, 1490634097.9999), ('0000000008', 1490634098.0, 1490634098.4999), ('0000000004', 1490634098.5, 1490634098.9999), ('0000000006', 1490634099.0, 1490634099.4999), ('0000000007', 1490634099.5, 1490634099.9999)]
2017-03-28 01:01:33.116906 send VFS_BROADCAST 21, Total nodes: 10, Seed: 290dabd78d, Node begin: 2017-03-28 01:01:35, 
Session: [('0003075786', 1490634095.0, 1490634095.4999), ('0000000009', 1490634095.5, 1490634095.9999), ('00030757AF', 1490634096.0, 1490634096.4999), ('0000000005', 1490634096.5, 1490634096.9999), ('0003094D5C', 1490634097.0, 1490634097.4999), ('0000000010', 1490634097.5, 1490634097.9999), ('0000000008', 1490634098.0, 1490634098.4999), ('0000000004', 1490634098.5, 1490634098.9999), ('0000000006', 1490634099.0, 1490634099.4999), ('0000000007', 1490634099.5, 1490634099.9999)]
2017-03-28 01:01:33.121870 send VFS_BROADCAST 22, Total nodes: 10, Seed: 290dabd78d, Node begin: 2017-03-28 01:01:35, 
Session: [('0003075786', 1490634095.0, 1490634095.4999), ('0000000009', 1490634095.5, 1490634095.9999), ('00030757AF', 1490634096.0, 1490634096.4999), ('0000000005', 1490634096.5, 1490634096.9999), ('0003094D5C', 1490634097.0, 1490634097.4999), ('0000000010', 1490634097.5, 1490634097.9999), ('0000000008', 1490634098.0, 1490634098.4999), ('0000000004', 1490634098.5, 1490634098.9999), ('0000000006', 1490634099.0, 1490634099.4999), ('0000000007', 1490634099.5, 1490634099.9999)]
2017-03-28 01:01:33.127077 send VFS_BROADCAST 23, Total nodes: 10, Seed: 290dabd78d, Node begin: 2017-03-28 01:01:35, 
Session: [('0003075786', 1490634095.0, 1490634095.4999), ('0000000009', 1490634095.5, 1490634095.9999), ('00030757AF', 1490634096.0, 1490634096.4999), ('0000000005', 1490634096.5, 1490634096.9999), ('0003094D5C', 1490634097.0, 1490634097.4999), ('0000000010', 1490634097.5, 1490634097.9999), ('0000000008', 1490634098.0, 1490634098.4999), ('0000000004', 1490634098.5, 1490634098.9999), ('0000000006', 1490634099.0, 1490634099.4999), ('0000000007', 1490634099.5, 1490634099.9999)]
2017-03-28 01:01:33.132290 send VFS_BROADCAST 24, Total nodes: 10, Seed: 290dabd78d, Node begin: 2017-03-28 01:01:35, 
Session: [('0003075786', 1490634095.0, 1490634095.4999), ('0000000009', 1490634095.5, 1490634095.9999), ('00030757AF', 1490634096.0, 1490634096.4999), ('0000000005', 1490634096.5, 1490634096.9999), ('0003094D5C', 1490634097.0, 1490634097.4999), ('0000000010', 1490634097.5, 1490634097.9999), ('0000000008', 1490634098.0, 1490634098.4999), ('0000000004', 1490634098.5, 1490634098.9999), ('0000000006', 1490634099.0, 1490634099.4999), ('0000000007', 1490634099.5, 1490634099.9999)]
2017-03-28 01:01:33.138799 send VFS_BROADCAST 25, Total nodes: 10, Seed: 290dabd78d, Node begin: 2017-03-28 01:01:35, 
Session: [('0003075786', 1490634095.0, 1490634095.4999), ('0000000009', 1490634095.5, 1490634095.9999), ('00030757AF', 1490634096.0, 1490634096.4999), ('0000000005', 1490634096.5, 1490634096.9999), ('0003094D5C', 1490634097.0, 1490634097.4999), ('0000000010', 1490634097.5, 1490634097.9999), ('0000000008', 1490634098.0, 1490634098.4999), ('0000000004', 1490634098.5, 1490634098.9999), ('0000000006', 1490634099.0, 1490634099.4999), ('0000000007', 1490634099.5, 1490634099.9999)]
2017-03-28 01:01:33.143877 send VFS_BROADCAST 26, Total nodes: 10, Seed: 290dabd78d, Node begin: 2017-03-28 01:01:35, 
Session: [('0003075786', 1490634095.0, 1490634095.4999), ('0000000009', 1490634095.5, 1490634095.9999), ('00030757AF', 1490634096.0, 1490634096.4999), ('0000000005', 1490634096.5, 1490634096.9999), ('0003094D5C', 1490634097.0, 1490634097.4999), ('0000000010', 1490634097.5, 1490634097.9999), ('0000000008', 1490634098.0, 1490634098.4999), ('0000000004', 1490634098.5, 1490634098.9999), ('0000000006', 1490634099.0, 1490634099.4999), ('0000000007', 1490634099.5, 1490634099.9999)]
2017-03-28 01:01:33.150114 send VFS_BROADCAST 27, Total nodes: 10, Seed: 290dabd78d, Node begin: 2017-03-28 01:01:35, 
Session: [('0003075786', 1490634095.0, 1490634095.4999), ('0000000009', 1490634095.5, 1490634095.9999), ('00030757AF', 1490634096.0, 1490634096.4999), ('0000000005', 1490634096.5, 1490634096.9999), ('0003094D5C', 1490634097.0, 1490634097.4999), ('0000000010', 1490634097.5, 1490634097.9999), ('0000000008', 1490634098.0, 1490634098.4999), ('0000000004', 1490634098.5, 1490634098.9999), ('0000000006', 1490634099.0, 1490634099.4999), ('0000000007', 1490634099.5, 1490634099.9999)]
2017-03-28 01:01:33.156009 send VFS_BROADCAST 28, Total nodes: 10, Seed: 290dabd78d, Node begin: 2017-03-28 01:01:35, 
Session: [('0003075786', 1490634095.0, 1490634095.4999), ('0000000009', 1490634095.5, 1490634095.9999), ('00030757AF', 1490634096.0, 1490634096.4999), ('0000000005', 1490634096.5, 1490634096.9999), ('0003094D5C', 1490634097.0, 1490634097.4999), ('0000000010', 1490634097.5, 1490634097.9999), ('0000000008', 1490634098.0, 1490634098.4999), ('0000000004', 1490634098.5, 1490634098.9999), ('0000000006', 1490634099.0, 1490634099.4999), ('0000000007', 1490634099.5, 1490634099.9999)]
2017-03-28 01:01:33.161832 send VFS_BROADCAST 29, Total nodes: 10, Seed: 290dabd78d, Node begin: 2017-03-28 01:01:35, 
Session: [('0003075786', 1490634095.0, 1490634095.4999), ('0000000009', 1490634095.5, 1490634095.9999), ('00030757AF', 1490634096.0, 1490634096.4999), ('0000000005', 1490634096.5, 1490634096.9999), ('0003094D5C', 1490634097.0, 1490634097.4999), ('0000000010', 1490634097.5, 1490634097.9999), ('0000000008', 1490634098.0, 1490634098.4999), ('0000000004', 1490634098.5, 1490634098.9999), ('0000000006', 1490634099.0, 1490634099.4999), ('0000000007', 1490634099.5, 1490634099.9999)]
2017-03-28 01:01:33.167613 send VFS_BROADCAST 30, Total nodes: 10, Seed: 290dabd78d, Node begin: 2017-03-28 01:01:35, 
Session: [('0003075786', 1490634095.0, 1490634095.4999), ('0000000009', 1490634095.5, 1490634095.9999), ('00030757AF', 1490634096.0, 1490634096.4999), ('0000000005', 1490634096.5, 1490634096.9999), ('0003094D5C', 1490634097.0, 1490634097.4999), ('0000000010', 1490634097.5, 1490634097.9999), ('0000000008', 1490634098.0, 1490634098.4999), ('0000000004', 1490634098.5, 1490634098.9999), ('0000000006', 1490634099.0, 1490634099.4999), ('0000000007', 1490634099.5, 1490634099.9999)]
2017-03-28 01:01:33.170080 - thread done - 
 - duration 0.1706199646 -
------ Broadcast VFS end ------
------ Listen VFS packets start ------
Invalid pkt_type 6. Drop pkt!
Invalid pkt_type 6. Drop pkt!
Invalid pkt_type 6. Drop pkt!
Invalid pkt_type 6. Drop pkt!
Invalid pkt_type 6. Drop pkt!
Invalid pkt_type 6. Drop pkt!
Invalid pkt_type 6. Drop pkt!
Invalid pkt_type 6. Drop pkt!
Invalid pkt_type 6. Drop pkt!
Invalid pkt_type 6. Drop pkt!
Invalid pkt_type 6. Drop pkt!
Invalid pkt_type 6. Drop pkt!
Invalid pkt_type 6. Drop pkt!
Invalid pkt_type 6. Drop pkt!
2017-03-28 01:01:36.106260 (1490634096.11) [Slot 2: Node 00030757AF Session] BS recv VFS_PKT 1, data: Hello, I am node 00030757AF
2017-03-28 01:01:36.118695 (1490634096.12) [Slot 2: Node 00030757AF Session] BS recv VFS_PKT 2, data: Hello, I am node 00030757AF
2017-03-28 01:01:36.129888 (1490634096.13) [Slot 2: Node 00030757AF Session] BS recv VFS_PKT 3, data: Hello, I am node 00030757AF
2017-03-28 01:01:36.141744 (1490634096.14) [Slot 2: Node 00030757AF Session] BS recv VFS_PKT 4, data: Hello, I am node 00030757AF
2017-03-28 01:01:36.153197 (1490634096.15) [Slot 2: Node 00030757AF Session] BS recv VFS_PKT 5, data: Hello, I am node 00030757AF
2017-03-28 01:01:36.167559 (1490634096.17) [Slot 2: Node 00030757AF Session] BS recv VFS_PKT 6, data: Hello, I am node 00030757AF
2017-03-28 01:01:36.175983 (1490634096.18) [Slot 2: Node 00030757AF Session] BS recv VFS_PKT 7, data: Hello, I am node 00030757AF
2017-03-28 01:01:36.187425 (1490634096.19) [Slot 2: Node 00030757AF Session] BS recv VFS_PKT 8, data: Hello, I am node 00030757AF
2017-03-28 01:01:36.199306 (1490634096.2) [Slot 2: Node 00030757AF Session] BS recv VFS_PKT 9, data: Hello, I am node 00030757AF
2017-03-28 01:01:36.211368 (1490634096.21) [Slot 2: Node 00030757AF Session] BS recv VFS_PKT 10, data: Hello, I am node 00030757AF
2017-03-28 01:01:36.223929 (1490634096.22) [Slot 2: Node 00030757AF Session] BS recv VFS_PKT 11, data: Hello, I am node 00030757AF
2017-03-28 01:01:36.233060 (1490634096.23) [Slot 2: Node 00030757AF Session] BS recv VFS_PKT 12, data: Hello, I am node 00030757AF
2017-03-28 01:01:36.246086 (1490634096.25) [Slot 2: Node 00030757AF Session] BS recv VFS_PKT 13, data: Hello, I am node 00030757AF
2017-03-28 01:01:36.258752 (1490634096.26) [Slot 2: Node 00030757AF Session] BS recv VFS_PKT 14, data: Hello, I am node 00030757AF
2017-03-28 01:01:36.268249 (1490634096.27) [Slot 2: Node 00030757AF Session] BS recv VFS_PKT 15, data: Hello, I am node 00030757AF
2017-03-28 01:01:36.279712 (1490634096.28) [Slot 2: Node 00030757AF Session] BS recv VFS_PKT 16, data: Hello, I am node 00030757AF
2017-03-28 01:01:36.293470 (1490634096.29) [Slot 2: Node 00030757AF Session] BS recv VFS_PKT 17, data: Hello, I am node 00030757AF
2017-03-28 01:01:36.302664 (1490634096.3) [Slot 2: Node 00030757AF Session] BS recv VFS_PKT 18, data: Hello, I am node 00030757AF
2017-03-28 01:01:36.314333 (1490634096.31) [Slot 2: Node 00030757AF Session] BS recv VFS_PKT 19, data: Hello, I am node 00030757AF
2017-03-28 01:01:36.327352 (1490634096.33) [Slot 2: Node 00030757AF Session] BS recv VFS_PKT 20, data: Hello, I am node 00030757AF
2017-03-28 01:01:36.337114 (1490634096.34) [Slot 2: Node 00030757AF Session] BS recv VFS_PKT 21, data: Hello, I am node 00030757AF
2017-03-28 01:01:36.348948 (1490634096.35) [Slot 2: Node 00030757AF Session] BS recv VFS_PKT 22, data: Hello, I am node 00030757AF
2017-03-28 01:01:36.359717 (1490634096.36) [Slot 2: Node 00030757AF Session] BS recv VFS_PKT 23, data: Hello, I am node 00030757AF
2017-03-28 01:01:36.373465 (1490634096.37) [Slot 2: Node 00030757AF Session] BS recv VFS_PKT 24, data: Hello, I am node 00030757AF
2017-03-28 01:01:36.382941 (1490634096.38) [Slot 2: Node 00030757AF Session] BS recv VFS_PKT 25, data: Hello, I am node 00030757AF
2017-03-28 01:01:36.394566 (1490634096.39) [Slot 2: Node 00030757AF Session] BS recv VFS_PKT 26, data: Hello, I am node 00030757AF
2017-03-28 01:01:36.406226 (1490634096.41) [Slot 2: Node 00030757AF Session] BS recv VFS_PKT 27, data: Hello, I am node 00030757AF
2017-03-28 01:01:36.419745 (1490634096.42) [Slot 2: Node 00030757AF Session] BS recv VFS_PKT 28, data: Hello, I am node 00030757AF
2017-03-28 01:01:36.429091 (1490634096.43) [Slot 2: Node 00030757AF Session] BS recv VFS_PKT 29, data: Hello, I am node 00030757AF
2017-03-28 01:01:36.440922 (1490634096.44) [Slot 2: Node 00030757AF Session] BS recv VFS_PKT 30, data: Hello, I am node 00030757AF
 - duration 7.3269701004 -
------ Listen VFS packets end ------

 - VFS duration 8.29344964027 -
------ VFS cycle ends at 2017-03-28 01:01:40.504784 ------



=============================================================================================
========================================== ROUND 2 ==========================================
=============================================================================================


------ Broadcast Beacon ------
2017-03-28 01:01:40.507231 broadcast BEACON - 1
2017-03-28 01:01:40.512463 broadcast BEACON - 2
2017-03-28 01:01:40.518056 broadcast BEACON - 3
2017-03-28 01:01:40.523954 broadcast BEACON - 4
2017-03-28 01:01:40.529453 broadcast BEACON - 5
2017-03-28 01:01:40.535614 broadcast BEACON - 6
2017-03-28 01:01:40.542770 broadcast BEACON - 7
2017-03-28 01:01:40.548707 broadcast BEACON - 8
2017-03-28 01:01:40.553844 broadcast BEACON - 9
2017-03-28 01:01:40.559487 broadcast BEACON - 10
2017-03-28 01:01:40.565173 broadcast BEACON - 11
2017-03-28 01:01:40.570898 broadcast BEACON - 12
2017-03-28 01:01:40.577276 broadcast BEACON - 13
2017-03-28 01:01:40.584431 broadcast BEACON - 14
2017-03-28 01:01:40.591334 broadcast BEACON - 15
2017-03-28 01:01:40.597015 broadcast BEACON - 16
2017-03-28 01:01:40.602701 broadcast BEACON - 17
2017-03-28 01:01:40.609075 broadcast BEACON - 18
2017-03-28 01:01:40.614665 broadcast BEACON - 19
2017-03-28 01:01:40.619998 broadcast BEACON - 20
2017-03-28 01:01:40.625258 broadcast BEACON - 21
2017-03-28 01:01:40.630712 broadcast BEACON - 22
2017-03-28 01:01:40.637587 broadcast BEACON - 23
2017-03-28 01:01:40.642441 broadcast BEACON - 24
2017-03-28 01:01:40.648988 broadcast BEACON - 25
2017-03-28 01:01:40.655116 broadcast BEACON - 26
2017-03-28 01:01:40.660868 broadcast BEACON - 27
2017-03-28 01:01:40.666870 broadcast BEACON - 28
2017-03-28 01:01:40.672892 broadcast BEACON - 29
2017-03-28 01:01:40.678784 broadcast BEACON - 30
2017-03-28 01:01:40.680934 - thread done - 
 - duration 0.174459934235 -
------ Broadcast Beacon end --------
Sleep for 0.2 second

------ Broadcast Beacon ------
2017-03-28 01:01:40.883692 broadcast BEACON - 1
2017-03-28 01:01:40.889498 broadcast BEACON - 2
2017-03-28 01:01:40.895172 broadcast BEACON - 3
2017-03-28 01:01:40.900425 broadcast BEACON - 4
2017-03-28 01:01:40.905643 broadcast BEACON - 5
2017-03-28 01:01:40.910907 broadcast BEACON - 6
2017-03-28 01:01:40.916723 broadcast BEACON - 7
2017-03-28 01:01:40.921893 broadcast BEACON - 8
2017-03-28 01:01:40.927443 broadcast BEACON - 9
2017-03-28 01:01:40.933212 broadcast BEACON - 10
2017-03-28 01:01:40.938380 broadcast BEACON - 11
2017-03-28 01:01:40.944142 broadcast BEACON - 12
2017-03-28 01:01:40.949637 broadcast BEACON - 13
2017-03-28 01:01:40.955867 broadcast BEACON - 14
2017-03-28 01:01:40.961064 broadcast BEACON - 15
2017-03-28 01:01:40.966700 broadcast BEACON - 16
2017-03-28 01:01:40.973232 broadcast BEACON - 17
2017-03-28 01:01:40.978692 broadcast BEACON - 18
2017-03-28 01:01:40.984818 broadcast BEACON - 19
2017-03-28 01:01:40.990681 broadcast BEACON - 20
2017-03-28 01:01:40.997235 broadcast BEACON - 21
2017-03-28 01:01:41.002144 broadcast BEACON - 22
2017-03-28 01:01:41.007307 broadcast BEACON - 23
2017-03-28 01:01:41.012569 broadcast BEACON - 24
2017-03-28 01:01:41.018645 broadcast BEACON - 25
2017-03-28 01:01:41.024340 broadcast BEACON - 26
2017-03-28 01:01:41.029417 broadcast BEACON - 27
2017-03-28 01:01:41.034609 broadcast BEACON - 28
2017-03-28 01:01:41.040145 broadcast BEACON - 29
2017-03-28 01:01:41.045209 broadcast BEACON - 30
2017-03-28 01:01:41.046961 - thread done - 
 - duration 0.164765834808 -
------ Broadcast Beacon end --------
Sleep for 0.5 second

 - Sync duration 1.04385495186 -

singleton_nodes_amount 4/10, is_below_singleton_rate? True
singleton_nodes_amount 6/10, is_below_singleton_rate? True
singleton_nodes_amount 7/10, is_below_singleton_rate? False
Calculated VFS seed: 71bd1a3802, Singleton rate: 0.7, calculation count: 3, 
raw v-frame [['0'], ['0'], ['0000000008'], ['0003094D5C'], ['0000000009'], ['0'], ['0'], ['0000000004'], ['0'], ['0003075786'], ['00030757AF', '0000000006', '0000000010'], ['0'], ['0000000007'], ['0'], ['0'], ['0'], ['0'], ['0'], ['0'], ['0000000005']] 
v-frame ['0', '0', '1', '1', '1', '0', '0', '1', '0', '1', '0', '0', '1', '0', '0', '0', '0', '0', '0', '1'] 
rand-frame ['00030757AF', '0000000006', '0000000010'] 
alloc-frame ['0000000008', '0003094D5C', '0000000009', '0000000004', '0003075786', '0000000007', '0000000005']
 - duration 0.000842332839966 -
------ Broadcast VFS packets ------
Fire at absolute 2017-03-28 01:01:41.999965
2017-03-28 01:01:42.000757 send VFS_BROADCAST 1, Total nodes: 10, Seed: 71bd1a3802, Node begin: 2017-03-28 01:01:44, 
Session: [('0000000008', 1490634104.0, 1490634104.4999), ('0003094D5C', 1490634104.5, 1490634104.9999), ('0000000009', 1490634105.0, 1490634105.4999), ('0000000004', 1490634105.5, 1490634105.9999), ('0003075786', 1490634106.0, 1490634106.4999), ('0000000007', 1490634106.5, 1490634106.9999), ('0000000005', 1490634107.0, 1490634107.4999), ('rand_frame', 1490634107.5, 1490634107.9999), ('rand_frame', 1490634108.0, 1490634108.4999), ('rand_frame', 1490634108.5, 1490634108.9999)]
2017-03-28 01:01:42.006368 send VFS_BROADCAST 2, Total nodes: 10, Seed: 71bd1a3802, Node begin: 2017-03-28 01:01:44, 
Session: [('0000000008', 1490634104.0, 1490634104.4999), ('0003094D5C', 1490634104.5, 1490634104.9999), ('0000000009', 1490634105.0, 1490634105.4999), ('0000000004', 1490634105.5, 1490634105.9999), ('0003075786', 1490634106.0, 1490634106.4999), ('0000000007', 1490634106.5, 1490634106.9999), ('0000000005', 1490634107.0, 1490634107.4999), ('rand_frame', 1490634107.5, 1490634107.9999), ('rand_frame', 1490634108.0, 1490634108.4999), ('rand_frame', 1490634108.5, 1490634108.9999)]
2017-03-28 01:01:42.011533 send VFS_BROADCAST 3, Total nodes: 10, Seed: 71bd1a3802, Node begin: 2017-03-28 01:01:44, 
Session: [('0000000008', 1490634104.0, 1490634104.4999), ('0003094D5C', 1490634104.5, 1490634104.9999), ('0000000009', 1490634105.0, 1490634105.4999), ('0000000004', 1490634105.5, 1490634105.9999), ('0003075786', 1490634106.0, 1490634106.4999), ('0000000007', 1490634106.5, 1490634106.9999), ('0000000005', 1490634107.0, 1490634107.4999), ('rand_frame', 1490634107.5, 1490634107.9999), ('rand_frame', 1490634108.0, 1490634108.4999), ('rand_frame', 1490634108.5, 1490634108.9999)]
2017-03-28 01:01:42.017190 send VFS_BROADCAST 4, Total nodes: 10, Seed: 71bd1a3802, Node begin: 2017-03-28 01:01:44, 
Session: [('0000000008', 1490634104.0, 1490634104.4999), ('0003094D5C', 1490634104.5, 1490634104.9999), ('0000000009', 1490634105.0, 1490634105.4999), ('0000000004', 1490634105.5, 1490634105.9999), ('0003075786', 1490634106.0, 1490634106.4999), ('0000000007', 1490634106.5, 1490634106.9999), ('0000000005', 1490634107.0, 1490634107.4999), ('rand_frame', 1490634107.5, 1490634107.9999), ('rand_frame', 1490634108.0, 1490634108.4999), ('rand_frame', 1490634108.5, 1490634108.9999)]
2017-03-28 01:01:42.022386 send VFS_BROADCAST 5, Total nodes: 10, Seed: 71bd1a3802, Node begin: 2017-03-28 01:01:44, 
Session: [('0000000008', 1490634104.0, 1490634104.4999), ('0003094D5C', 1490634104.5, 1490634104.9999), ('0000000009', 1490634105.0, 1490634105.4999), ('0000000004', 1490634105.5, 1490634105.9999), ('0003075786', 1490634106.0, 1490634106.4999), ('0000000007', 1490634106.5, 1490634106.9999), ('0000000005', 1490634107.0, 1490634107.4999), ('rand_frame', 1490634107.5, 1490634107.9999), ('rand_frame', 1490634108.0, 1490634108.4999), ('rand_frame', 1490634108.5, 1490634108.9999)]
2017-03-28 01:01:42.028334 send VFS_BROADCAST 6, Total nodes: 10, Seed: 71bd1a3802, Node begin: 2017-03-28 01:01:44, 
Session: [('0000000008', 1490634104.0, 1490634104.4999), ('0003094D5C', 1490634104.5, 1490634104.9999), ('0000000009', 1490634105.0, 1490634105.4999), ('0000000004', 1490634105.5, 1490634105.9999), ('0003075786', 1490634106.0, 1490634106.4999), ('0000000007', 1490634106.5, 1490634106.9999), ('0000000005', 1490634107.0, 1490634107.4999), ('rand_frame', 1490634107.5, 1490634107.9999), ('rand_frame', 1490634108.0, 1490634108.4999), ('rand_frame', 1490634108.5, 1490634108.9999)]
2017-03-28 01:01:42.034568 send VFS_BROADCAST 7, Total nodes: 10, Seed: 71bd1a3802, Node begin: 2017-03-28 01:01:44, 
Session: [('0000000008', 1490634104.0, 1490634104.4999), ('0003094D5C', 1490634104.5, 1490634104.9999), ('0000000009', 1490634105.0, 1490634105.4999), ('0000000004', 1490634105.5, 1490634105.9999), ('0003075786', 1490634106.0, 1490634106.4999), ('0000000007', 1490634106.5, 1490634106.9999), ('0000000005', 1490634107.0, 1490634107.4999), ('rand_frame', 1490634107.5, 1490634107.9999), ('rand_frame', 1490634108.0, 1490634108.4999), ('rand_frame', 1490634108.5, 1490634108.9999)]
2017-03-28 01:01:42.040378 send VFS_BROADCAST 8, Total nodes: 10, Seed: 71bd1a3802, Node begin: 2017-03-28 01:01:44, 
Session: [('0000000008', 1490634104.0, 1490634104.4999), ('0003094D5C', 1490634104.5, 1490634104.9999), ('0000000009', 1490634105.0, 1490634105.4999), ('0000000004', 1490634105.5, 1490634105.9999), ('0003075786', 1490634106.0, 1490634106.4999), ('0000000007', 1490634106.5, 1490634106.9999), ('0000000005', 1490634107.0, 1490634107.4999), ('rand_frame', 1490634107.5, 1490634107.9999), ('rand_frame', 1490634108.0, 1490634108.4999), ('rand_frame', 1490634108.5, 1490634108.9999)]
2017-03-28 01:01:42.045896 send VFS_BROADCAST 9, Total nodes: 10, Seed: 71bd1a3802, Node begin: 2017-03-28 01:01:44, 
Session: [('0000000008', 1490634104.0, 1490634104.4999), ('0003094D5C', 1490634104.5, 1490634104.9999), ('0000000009', 1490634105.0, 1490634105.4999), ('0000000004', 1490634105.5, 1490634105.9999), ('0003075786', 1490634106.0, 1490634106.4999), ('0000000007', 1490634106.5, 1490634106.9999), ('0000000005', 1490634107.0, 1490634107.4999), ('rand_frame', 1490634107.5, 1490634107.9999), ('rand_frame', 1490634108.0, 1490634108.4999), ('rand_frame', 1490634108.5, 1490634108.9999)]
2017-03-28 01:01:42.051495 send VFS_BROADCAST 10, Total nodes: 10, Seed: 71bd1a3802, Node begin: 2017-03-28 01:01:44, 
Session: [('0000000008', 1490634104.0, 1490634104.4999), ('0003094D5C', 1490634104.5, 1490634104.9999), ('0000000009', 1490634105.0, 1490634105.4999), ('0000000004', 1490634105.5, 1490634105.9999), ('0003075786', 1490634106.0, 1490634106.4999), ('0000000007', 1490634106.5, 1490634106.9999), ('0000000005', 1490634107.0, 1490634107.4999), ('rand_frame', 1490634107.5, 1490634107.9999), ('rand_frame', 1490634108.0, 1490634108.4999), ('rand_frame', 1490634108.5, 1490634108.9999)]
2017-03-28 01:01:42.057370 send VFS_BROADCAST 11, Total nodes: 10, Seed: 71bd1a3802, Node begin: 2017-03-28 01:01:44, 
Session: [('0000000008', 1490634104.0, 1490634104.4999), ('0003094D5C', 1490634104.5, 1490634104.9999), ('0000000009', 1490634105.0, 1490634105.4999), ('0000000004', 1490634105.5, 1490634105.9999), ('0003075786', 1490634106.0, 1490634106.4999), ('0000000007', 1490634106.5, 1490634106.9999), ('0000000005', 1490634107.0, 1490634107.4999), ('rand_frame', 1490634107.5, 1490634107.9999), ('rand_frame', 1490634108.0, 1490634108.4999), ('rand_frame', 1490634108.5, 1490634108.9999)]
2017-03-28 01:01:42.062552 send VFS_BROADCAST 12, Total nodes: 10, Seed: 71bd1a3802, Node begin: 2017-03-28 01:01:44, 
Session: [('0000000008', 1490634104.0, 1490634104.4999), ('0003094D5C', 1490634104.5, 1490634104.9999), ('0000000009', 1490634105.0, 1490634105.4999), ('0000000004', 1490634105.5, 1490634105.9999), ('0003075786', 1490634106.0, 1490634106.4999), ('0000000007', 1490634106.5, 1490634106.9999), ('0000000005', 1490634107.0, 1490634107.4999), ('rand_frame', 1490634107.5, 1490634107.9999), ('rand_frame', 1490634108.0, 1490634108.4999), ('rand_frame', 1490634108.5, 1490634108.9999)]
2017-03-28 01:01:42.067739 send VFS_BROADCAST 13, Total nodes: 10, Seed: 71bd1a3802, Node begin: 2017-03-28 01:01:44, 
Session: [('0000000008', 1490634104.0, 1490634104.4999), ('0003094D5C', 1490634104.5, 1490634104.9999), ('0000000009', 1490634105.0, 1490634105.4999), ('0000000004', 1490634105.5, 1490634105.9999), ('0003075786', 1490634106.0, 1490634106.4999), ('0000000007', 1490634106.5, 1490634106.9999), ('0000000005', 1490634107.0, 1490634107.4999), ('rand_frame', 1490634107.5, 1490634107.9999), ('rand_frame', 1490634108.0, 1490634108.4999), ('rand_frame', 1490634108.5, 1490634108.9999)]
2017-03-28 01:01:42.073089 send VFS_BROADCAST 14, Total nodes: 10, Seed: 71bd1a3802, Node begin: 2017-03-28 01:01:44, 
Session: [('0000000008', 1490634104.0, 1490634104.4999), ('0003094D5C', 1490634104.5, 1490634104.9999), ('0000000009', 1490634105.0, 1490634105.4999), ('0000000004', 1490634105.5, 1490634105.9999), ('0003075786', 1490634106.0, 1490634106.4999), ('0000000007', 1490634106.5, 1490634106.9999), ('0000000005', 1490634107.0, 1490634107.4999), ('rand_frame', 1490634107.5, 1490634107.9999), ('rand_frame', 1490634108.0, 1490634108.4999), ('rand_frame', 1490634108.5, 1490634108.9999)]
2017-03-28 01:01:42.079038 send VFS_BROADCAST 15, Total nodes: 10, Seed: 71bd1a3802, Node begin: 2017-03-28 01:01:44, 
Session: [('0000000008', 1490634104.0, 1490634104.4999), ('0003094D5C', 1490634104.5, 1490634104.9999), ('0000000009', 1490634105.0, 1490634105.4999), ('0000000004', 1490634105.5, 1490634105.9999), ('0003075786', 1490634106.0, 1490634106.4999), ('0000000007', 1490634106.5, 1490634106.9999), ('0000000005', 1490634107.0, 1490634107.4999), ('rand_frame', 1490634107.5, 1490634107.9999), ('rand_frame', 1490634108.0, 1490634108.4999), ('rand_frame', 1490634108.5, 1490634108.9999)]
2017-03-28 01:01:42.084386 send VFS_BROADCAST 16, Total nodes: 10, Seed: 71bd1a3802, Node begin: 2017-03-28 01:01:44, 
Session: [('0000000008', 1490634104.0, 1490634104.4999), ('0003094D5C', 1490634104.5, 1490634104.9999), ('0000000009', 1490634105.0, 1490634105.4999), ('0000000004', 1490634105.5, 1490634105.9999), ('0003075786', 1490634106.0, 1490634106.4999), ('0000000007', 1490634106.5, 1490634106.9999), ('0000000005', 1490634107.0, 1490634107.4999), ('rand_frame', 1490634107.5, 1490634107.9999), ('rand_frame', 1490634108.0, 1490634108.4999), ('rand_frame', 1490634108.5, 1490634108.9999)]
2017-03-28 01:01:42.090597 send VFS_BROADCAST 17, Total nodes: 10, Seed: 71bd1a3802, Node begin: 2017-03-28 01:01:44, 
Session: [('0000000008', 1490634104.0, 1490634104.4999), ('0003094D5C', 1490634104.5, 1490634104.9999), ('0000000009', 1490634105.0, 1490634105.4999), ('0000000004', 1490634105.5, 1490634105.9999), ('0003075786', 1490634106.0, 1490634106.4999), ('0000000007', 1490634106.5, 1490634106.9999), ('0000000005', 1490634107.0, 1490634107.4999), ('rand_frame', 1490634107.5, 1490634107.9999), ('rand_frame', 1490634108.0, 1490634108.4999), ('rand_frame', 1490634108.5, 1490634108.9999)]
2017-03-28 01:01:42.095496 send VFS_BROADCAST 18, Total nodes: 10, Seed: 71bd1a3802, Node begin: 2017-03-28 01:01:44, 
Session: [('0000000008', 1490634104.0, 1490634104.4999), ('0003094D5C', 1490634104.5, 1490634104.9999), ('0000000009', 1490634105.0, 1490634105.4999), ('0000000004', 1490634105.5, 1490634105.9999), ('0003075786', 1490634106.0, 1490634106.4999), ('0000000007', 1490634106.5, 1490634106.9999), ('0000000005', 1490634107.0, 1490634107.4999), ('rand_frame', 1490634107.5, 1490634107.9999), ('rand_frame', 1490634108.0, 1490634108.4999), ('rand_frame', 1490634108.5, 1490634108.9999)]
2017-03-28 01:01:42.100698 send VFS_BROADCAST 19, Total nodes: 10, Seed: 71bd1a3802, Node begin: 2017-03-28 01:01:44, 
Session: [('0000000008', 1490634104.0, 1490634104.4999), ('0003094D5C', 1490634104.5, 1490634104.9999), ('0000000009', 1490634105.0, 1490634105.4999), ('0000000004', 1490634105.5, 1490634105.9999), ('0003075786', 1490634106.0, 1490634106.4999), ('0000000007', 1490634106.5, 1490634106.9999), ('0000000005', 1490634107.0, 1490634107.4999), ('rand_frame', 1490634107.5, 1490634107.9999), ('rand_frame', 1490634108.0, 1490634108.4999), ('rand_frame', 1490634108.5, 1490634108.9999)]
2017-03-28 01:01:42.107208 send VFS_BROADCAST 20, Total nodes: 10, Seed: 71bd1a3802, Node begin: 2017-03-28 01:01:44, 
Session: [('0000000008', 1490634104.0, 1490634104.4999), ('0003094D5C', 1490634104.5, 1490634104.9999), ('0000000009', 1490634105.0, 1490634105.4999), ('0000000004', 1490634105.5, 1490634105.9999), ('0003075786', 1490634106.0, 1490634106.4999), ('0000000007', 1490634106.5, 1490634106.9999), ('0000000005', 1490634107.0, 1490634107.4999), ('rand_frame', 1490634107.5, 1490634107.9999), ('rand_frame', 1490634108.0, 1490634108.4999), ('rand_frame', 1490634108.5, 1490634108.9999)]
2017-03-28 01:01:42.112820 send VFS_BROADCAST 21, Total nodes: 10, Seed: 71bd1a3802, Node begin: 2017-03-28 01:01:44, 
Session: [('0000000008', 1490634104.0, 1490634104.4999), ('0003094D5C', 1490634104.5, 1490634104.9999), ('0000000009', 1490634105.0, 1490634105.4999), ('0000000004', 1490634105.5, 1490634105.9999), ('0003075786', 1490634106.0, 1490634106.4999), ('0000000007', 1490634106.5, 1490634106.9999), ('0000000005', 1490634107.0, 1490634107.4999), ('rand_frame', 1490634107.5, 1490634107.9999), ('rand_frame', 1490634108.0, 1490634108.4999), ('rand_frame', 1490634108.5, 1490634108.9999)]
2017-03-28 01:01:42.118423 send VFS_BROADCAST 22, Total nodes: 10, Seed: 71bd1a3802, Node begin: 2017-03-28 01:01:44, 
Session: [('0000000008', 1490634104.0, 1490634104.4999), ('0003094D5C', 1490634104.5, 1490634104.9999), ('0000000009', 1490634105.0, 1490634105.4999), ('0000000004', 1490634105.5, 1490634105.9999), ('0003075786', 1490634106.0, 1490634106.4999), ('0000000007', 1490634106.5, 1490634106.9999), ('0000000005', 1490634107.0, 1490634107.4999), ('rand_frame', 1490634107.5, 1490634107.9999), ('rand_frame', 1490634108.0, 1490634108.4999), ('rand_frame', 1490634108.5, 1490634108.9999)]
2017-03-28 01:01:42.123563 send VFS_BROADCAST 23, Total nodes: 10, Seed: 71bd1a3802, Node begin: 2017-03-28 01:01:44, 
Session: [('0000000008', 1490634104.0, 1490634104.4999), ('0003094D5C', 1490634104.5, 1490634104.9999), ('0000000009', 1490634105.0, 1490634105.4999), ('0000000004', 1490634105.5, 1490634105.9999), ('0003075786', 1490634106.0, 1490634106.4999), ('0000000007', 1490634106.5, 1490634106.9999), ('0000000005', 1490634107.0, 1490634107.4999), ('rand_frame', 1490634107.5, 1490634107.9999), ('rand_frame', 1490634108.0, 1490634108.4999), ('rand_frame', 1490634108.5, 1490634108.9999)]
2017-03-28 01:01:42.128721 send VFS_BROADCAST 24, Total nodes: 10, Seed: 71bd1a3802, Node begin: 2017-03-28 01:01:44, 
Session: [('0000000008', 1490634104.0, 1490634104.4999), ('0003094D5C', 1490634104.5, 1490634104.9999), ('0000000009', 1490634105.0, 1490634105.4999), ('0000000004', 1490634105.5, 1490634105.9999), ('0003075786', 1490634106.0, 1490634106.4999), ('0000000007', 1490634106.5, 1490634106.9999), ('0000000005', 1490634107.0, 1490634107.4999), ('rand_frame', 1490634107.5, 1490634107.9999), ('rand_frame', 1490634108.0, 1490634108.4999), ('rand_frame', 1490634108.5, 1490634108.9999)]
2017-03-28 01:01:42.134676 send VFS_BROADCAST 25, Total nodes: 10, Seed: 71bd1a3802, Node begin: 2017-03-28 01:01:44, 
Session: [('0000000008', 1490634104.0, 1490634104.4999), ('0003094D5C', 1490634104.5, 1490634104.9999), ('0000000009', 1490634105.0, 1490634105.4999), ('0000000004', 1490634105.5, 1490634105.9999), ('0003075786', 1490634106.0, 1490634106.4999), ('0000000007', 1490634106.5, 1490634106.9999), ('0000000005', 1490634107.0, 1490634107.4999), ('rand_frame', 1490634107.5, 1490634107.9999), ('rand_frame', 1490634108.0, 1490634108.4999), ('rand_frame', 1490634108.5, 1490634108.9999)]
2017-03-28 01:01:42.140758 send VFS_BROADCAST 26, Total nodes: 10, Seed: 71bd1a3802, Node begin: 2017-03-28 01:01:44, 
Session: [('0000000008', 1490634104.0, 1490634104.4999), ('0003094D5C', 1490634104.5, 1490634104.9999), ('0000000009', 1490634105.0, 1490634105.4999), ('0000000004', 1490634105.5, 1490634105.9999), ('0003075786', 1490634106.0, 1490634106.4999), ('0000000007', 1490634106.5, 1490634106.9999), ('0000000005', 1490634107.0, 1490634107.4999), ('rand_frame', 1490634107.5, 1490634107.9999), ('rand_frame', 1490634108.0, 1490634108.4999), ('rand_frame', 1490634108.5, 1490634108.9999)]
2017-03-28 01:01:42.145895 send VFS_BROADCAST 27, Total nodes: 10, Seed: 71bd1a3802, Node begin: 2017-03-28 01:01:44, 
Session: [('0000000008', 1490634104.0, 1490634104.4999), ('0003094D5C', 1490634104.5, 1490634104.9999), ('0000000009', 1490634105.0, 1490634105.4999), ('0000000004', 1490634105.5, 1490634105.9999), ('0003075786', 1490634106.0, 1490634106.4999), ('0000000007', 1490634106.5, 1490634106.9999), ('0000000005', 1490634107.0, 1490634107.4999), ('rand_frame', 1490634107.5, 1490634107.9999), ('rand_frame', 1490634108.0, 1490634108.4999), ('rand_frame', 1490634108.5, 1490634108.9999)]
2017-03-28 01:01:42.152631 send VFS_BROADCAST 28, Total nodes: 10, Seed: 71bd1a3802, Node begin: 2017-03-28 01:01:44, 
Session: [('0000000008', 1490634104.0, 1490634104.4999), ('0003094D5C', 1490634104.5, 1490634104.9999), ('0000000009', 1490634105.0, 1490634105.4999), ('0000000004', 1490634105.5, 1490634105.9999), ('0003075786', 1490634106.0, 1490634106.4999), ('0000000007', 1490634106.5, 1490634106.9999), ('0000000005', 1490634107.0, 1490634107.4999), ('rand_frame', 1490634107.5, 1490634107.9999), ('rand_frame', 1490634108.0, 1490634108.4999), ('rand_frame', 1490634108.5, 1490634108.9999)]
2017-03-28 01:01:42.157768 send VFS_BROADCAST 29, Total nodes: 10, Seed: 71bd1a3802, Node begin: 2017-03-28 01:01:44, 
Session: [('0000000008', 1490634104.0, 1490634104.4999), ('0003094D5C', 1490634104.5, 1490634104.9999), ('0000000009', 1490634105.0, 1490634105.4999), ('0000000004', 1490634105.5, 1490634105.9999), ('0003075786', 1490634106.0, 1490634106.4999), ('0000000007', 1490634106.5, 1490634106.9999), ('0000000005', 1490634107.0, 1490634107.4999), ('rand_frame', 1490634107.5, 1490634107.9999), ('rand_frame', 1490634108.0, 1490634108.4999), ('rand_frame', 1490634108.5, 1490634108.9999)]
2017-03-28 01:01:42.162853 send VFS_BROADCAST 30, Total nodes: 10, Seed: 71bd1a3802, Node begin: 2017-03-28 01:01:44, 
Session: [('0000000008', 1490634104.0, 1490634104.4999), ('0003094D5C', 1490634104.5, 1490634104.9999), ('0000000009', 1490634105.0, 1490634105.4999), ('0000000004', 1490634105.5, 1490634105.9999), ('0003075786', 1490634106.0, 1490634106.4999), ('0000000007', 1490634106.5, 1490634106.9999), ('0000000005', 1490634107.0, 1490634107.4999), ('rand_frame', 1490634107.5, 1490634107.9999), ('rand_frame', 1490634108.0, 1490634108.4999), ('rand_frame', 1490634108.5, 1490634108.9999)]
2017-03-28 01:01:42.163901 - thread done - 
 - duration 0.164014577866 -
------ Broadcast VFS end ------
------ Listen VFS packets start ------
Invalid pkt_type 6. Drop pkt!
Invalid pkt_type 6. Drop pkt!
Invalid pkt_type 6. Drop pkt!
Invalid pkt_type 6. Drop pkt!
Invalid pkt_type 6. Drop pkt!
Invalid pkt_type 6. Drop pkt!
Invalid pkt_type 6. Drop pkt!
Invalid pkt_type 6. Drop pkt!
Invalid pkt_type 6. Drop pkt!
Invalid pkt_type 6. Drop pkt!
Invalid pkt_type 6. Drop pkt!
Timestamp 14906341<2.146 is not a float. Drop pkt!
Invalid pkt_type 6. Drop pkt!
Invalid pkt_type 6. Drop pkt!
Invalid pkt_type 6. Drop pkt!
2017-03-28 01:01:47.609210 (1490634107.61) [Slot 7: Node rand_frame Session] BS recv VFS_PKT 1, data: Hello, I am node 00030757AF
2017-03-28 01:01:47.621274 (1490634107.62) [Slot 7: Node rand_frame Session] BS recv VFS_PKT 2, data: Hello, I am node 00030757AF
2017-03-28 01:01:47.632801 (1490634107.63) [Slot 7: Node rand_frame Session] BS recv VFS_PKT 3, data: Hello, I am node 00030757AF
2017-03-28 01:01:47.644323 (1490634107.64) [Slot 7: Node rand_frame Session] BS recv VFS_PKT 4, data: Hello, I am node 00030757AF
2017-03-28 01:01:47.658748 (1490634107.66) [Slot 7: Node rand_frame Session] BS recv VFS_PKT 5, data: Hello, I am node 00030757AF
2017-03-28 01:01:47.667317 (1490634107.67) [Slot 7: Node rand_frame Session] BS recv VFS_PKT 6, data: Hello, I am node 00030757AF
2017-03-28 01:01:47.678982 (1490634107.68) [Slot 7: Node rand_frame Session] BS recv VFS_PKT 7, data: Hello, I am node 00030757AF
2017-03-28 01:01:47.690039 (1490634107.69) [Slot 7: Node rand_frame Session] BS recv VFS_PKT 8, data: Hello, I am node 00030757AF
2017-03-28 01:01:47.701667 (1490634107.7) [Slot 7: Node rand_frame Session] BS recv VFS_PKT 9, data: Hello, I am node 00030757AF
2017-03-28 01:01:47.713622 (1490634107.71) [Slot 7: Node rand_frame Session] BS recv VFS_PKT 10, data: Hello, I am node 00030757AF
2017-03-28 01:01:47.728581 (1490634107.73) [Slot 7: Node rand_frame Session] BS recv VFS_PKT 11, data: Hello, I am node 00030757AF
2017-03-28 01:01:47.736858 (1490634107.74) [Slot 7: Node rand_frame Session] BS recv VFS_PKT 12, data: Hello, I am node 00030757AF
2017-03-28 01:01:47.747773 (1490634107.75) [Slot 7: Node rand_frame Session] BS recv VFS_PKT 13, data: Hello, I am node 00030757AF
2017-03-28 01:01:47.762287 (1490634107.76) [Slot 7: Node rand_frame Session] BS recv VFS_PKT 14, data: Hello, I am node 00030757AF
2017-03-28 01:01:47.770723 (1490634107.77) [Slot 7: Node rand_frame Session] BS recv VFS_PKT 15, data: Hello, I am node 00030757AF
2017-03-28 01:01:47.784256 (1490634107.78) [Slot 7: Node rand_frame Session] BS recv VFS_PKT 16, data: Hello, I am node 00030757AF
2017-03-28 01:01:47.797480 (1490634107.8) [Slot 7: Node rand_frame Session] BS recv VFS_PKT 17, data: Hello, I am node 0000757AF
2017-03-28 01:01:47.805938 (1490634107.81) [Slot 7: Node rand_frame Session] BS recv VFS_PKT 18, data: Hello, I am node 00030757AF
2017-03-28 01:01:47.817065 (1490634107.82) [Slot 7: Node rand_frame Session] BS recv VFS_PKT 19, data: Hello, I am node 00030757AF
2017-03-28 01:01:47.828704 (1490634107.83) [Slot 7: Node rand_frame Session] BS recv VFS_PKT 20, data: Hello, I am node 00030757AF
2017-03-28 01:01:47.842141 (1490634107.84) [Slot 7: Node rand_frame Session] BS recv VFS_PKT 21, data: Hello, I am node 00030757AF
2017-03-28 01:01:47.852284 (1490634107.85) [Slot 7: Node rand_frame Session] BS recv VFS_PKT 22, data: Hello, I am node 00030757AF
2017-03-28 01:01:47.863187 (1490634107.86) [Slot 7: Node rand_frame Session] BS recv VFS_PKT 23, data: Hello, I am node 00030757AF
2017-03-28 01:01:47.874993 (1490634107.87) [Slot 7: Node rand_frame Session] BS recv VFS_PKT 24, data: Hello, I am node 00030757AF
2017-03-28 01:01:47.887499 (1490634107.89) [Slot 7: Node rand_frame Session] BS recv VFS_PKT 25, data: Hello, I am node 00030757AF
2017-03-28 01:01:47.897266 (1490634107.9) [Slot 7: Node rand_frame Session] BS recv VFS_PKT 26, data: Hello, I am node 00030757AF
2017-03-28 01:01:47.909634 (1490634107.91) [Slot 7: Node rand_frame Session] BS recv VFS_PKT 27, data: Hello, I am node 00030757AF
2017-03-28 01:01:47.921181 (1490634107.92) [Slot 7: Node rand_frame Session] BS recv VFS_PKT 28, data: Hello, I am node 00030757AF
2017-03-28 01:01:47.932147 (1490634107.93) [Slot 7: Node rand_frame Session] BS recv VFS_PKT 29, data: Hello, I am node 00030757AF
2017-03-28 01:01:47.944812 (1490634107.94) [Slot 7: Node rand_frame Session] BS recv VFS_PKT 30, data: Hello, I am node 00030757AF
 - duration 7.37407374382 -
------ Listen VFS packets end ------

 - VFS duration 7.99323010445 -
------ VFS cycle ends at 2017-03-28 01:01:49.543207 ------



=============================================================================================
========================================== ROUND 3 ==========================================
=============================================================================================


------ Broadcast Beacon ------
2017-03-28 01:01:49.545732 broadcast BEACON - 1
2017-03-28 01:01:49.551394 broadcast BEACON - 2
2017-03-28 01:01:49.557051 broadcast BEACON - 3
2017-03-28 01:01:49.562652 broadcast BEACON - 4
2017-03-28 01:01:49.568213 broadcast BEACON - 5
2017-03-28 01:01:49.574566 broadcast BEACON - 6
2017-03-28 01:01:49.581766 broadcast BEACON - 7
2017-03-28 01:01:49.587744 broadcast BEACON - 8
2017-03-28 01:01:49.593210 broadcast BEACON - 9
2017-03-28 01:01:49.598408 broadcast BEACON - 10
2017-03-28 01:01:49.603598 broadcast BEACON - 11
2017-03-28 01:01:49.608787 broadcast BEACON - 12
2017-03-28 01:01:49.614029 broadcast BEACON - 13
2017-03-28 01:01:49.619683 broadcast BEACON - 14
2017-03-28 01:01:49.625810 broadcast BEACON - 15
2017-03-28 01:01:49.632200 broadcast BEACON - 16
2017-03-28 01:01:49.637386 broadcast BEACON - 17
2017-03-28 01:01:49.643181 broadcast BEACON - 18
2017-03-28 01:01:49.649380 broadcast BEACON - 19
2017-03-28 01:01:49.655216 broadcast BEACON - 20
2017-03-28 01:01:49.660274 broadcast BEACON - 21
2017-03-28 01:01:49.666039 broadcast BEACON - 22
2017-03-28 01:01:49.671563 broadcast BEACON - 23
2017-03-28 01:01:49.677762 broadcast BEACON - 24
2017-03-28 01:01:49.685150 broadcast BEACON - 25
2017-03-28 01:01:49.690848 broadcast BEACON - 26
2017-03-28 01:01:49.696664 broadcast BEACON - 27
2017-03-28 01:01:49.701886 broadcast BEACON - 28
2017-03-28 01:01:49.708312 broadcast BEACON - 29
2017-03-28 01:01:49.713214 broadcast BEACON - 30
2017-03-28 01:01:49.714092 - thread done - 
 - duration 0.169819831848 -
------ Broadcast Beacon end --------
Sleep for 0.2 second

------ Broadcast Beacon ------
2017-03-28 01:01:49.918913 broadcast BEACON - 1
2017-03-28 01:01:49.925128 broadcast BEACON - 2
2017-03-28 01:01:49.930130 broadcast BEACON - 3
2017-03-28 01:01:49.935373 broadcast BEACON - 4
2017-03-28 01:01:49.941855 broadcast BEACON - 5
2017-03-28 01:01:49.946849 broadcast BEACON - 6
2017-03-28 01:01:49.953217 broadcast BEACON - 7
2017-03-28 01:01:49.959908 broadcast BEACON - 8
2017-03-28 01:01:49.965847 broadcast BEACON - 9
2017-03-28 01:01:49.971006 broadcast BEACON - 10
2017-03-28 01:01:49.976197 broadcast BEACON - 11
2017-03-28 01:01:49.981880 broadcast BEACON - 12
2017-03-28 01:01:49.987110 broadcast BEACON - 13
2017-03-28 01:01:49.993278 broadcast BEACON - 14
2017-03-28 01:01:49.999728 broadcast BEACON - 15
2017-03-28 01:01:50.004815 broadcast BEACON - 16
2017-03-28 01:01:50.009961 broadcast BEACON - 17
2017-03-28 01:01:50.015512 broadcast BEACON - 18
2017-03-28 01:01:50.021572 broadcast BEACON - 19
2017-03-28 01:01:50.029927 broadcast BEACON - 20
2017-03-28 01:01:50.035002 broadcast BEACON - 21
2017-03-28 01:01:50.040776 broadcast BEACON - 22
2017-03-28 01:01:50.046679 broadcast BEACON - 23
2017-03-28 01:01:50.052386 broadcast BEACON - 24
2017-03-28 01:01:50.058715 broadcast BEACON - 25
2017-03-28 01:01:50.065161 broadcast BEACON - 26
2017-03-28 01:01:50.070125 broadcast BEACON - 27
2017-03-28 01:01:50.075873 broadcast BEACON - 28
2017-03-28 01:01:50.081881 broadcast BEACON - 29
2017-03-28 01:01:50.086804 broadcast BEACON - 30
2017-03-28 01:01:50.087728 - thread done - 
 - duration 0.169602632523 -
------ Broadcast Beacon end --------
Sleep for 0.5 second

 - Sync duration 1.04554128647 -

singleton_nodes_amount 6/10, is_below_singleton_rate? True
singleton_nodes_amount 6/10, is_below_singleton_rate? True
singleton_nodes_amount 6/10, is_below_singleton_rate? True
singleton_nodes_amount 6/10, is_below_singleton_rate? True
singleton_nodes_amount 7/10, is_below_singleton_rate? False
Calculated VFS seed: d998c8d145, Singleton rate: 0.7, calculation count: 5, 
raw v-frame [['0'], ['0'], ['0'], ['0003094D5C'], ['0'], ['00030757AF'], ['0'], ['0'], ['0'], ['0000000007'], ['0000000009'], ['0000000004', '0000000005', '0000000010'], ['0'], ['0'], ['0000000008'], ['0003075786'], ['0'], ['0'], ['0'], ['0000000006']] 
v-frame ['0', '0', '0', '1', '0', '1', '0', '0', '0', '1', '1', '0', '0', '0', '1', '1', '0', '0', '0', '1'] 
rand-frame ['0000000004', '0000000005', '0000000010'] 
alloc-frame ['0003094D5C', '00030757AF', '0000000007', '0000000009', '0000000008', '0003075786', '0000000006']
 - duration 0.0032365322113 -
------ Broadcast VFS packets ------
Fire at absolute 2017-03-28 01:01:50.999858
2017-03-28 01:01:51.000664 send VFS_BROADCAST 1, Total nodes: 10, Seed: d998c8d145, Node begin: 2017-03-28 01:01:53, 
Session: [('0003094D5C', 1490634113.0, 1490634113.4999), ('00030757AF', 1490634113.5, 1490634113.9999), ('0000000007', 1490634114.0, 1490634114.4999), ('0000000009', 1490634114.5, 1490634114.9999), ('0000000008', 1490634115.0, 1490634115.4999), ('0003075786', 1490634115.5, 1490634115.9999), ('0000000006', 1490634116.0, 1490634116.4999), ('rand_frame', 1490634116.5, 1490634116.9999), ('rand_frame', 1490634117.0, 1490634117.4999), ('rand_frame', 1490634117.5, 1490634117.9999)]
2017-03-28 01:01:51.006521 send VFS_BROADCAST 2, Total nodes: 10, Seed: d998c8d145, Node begin: 2017-03-28 01:01:53, 
Session: [('0003094D5C', 1490634113.0, 1490634113.4999), ('00030757AF', 1490634113.5, 1490634113.9999), ('0000000007', 1490634114.0, 1490634114.4999), ('0000000009', 1490634114.5, 1490634114.9999), ('0000000008', 1490634115.0, 1490634115.4999), ('0003075786', 1490634115.5, 1490634115.9999), ('0000000006', 1490634116.0, 1490634116.4999), ('rand_frame', 1490634116.5, 1490634116.9999), ('rand_frame', 1490634117.0, 1490634117.4999), ('rand_frame', 1490634117.5, 1490634117.9999)]
2017-03-28 01:01:51.012485 send VFS_BROADCAST 3, Total nodes: 10, Seed: d998c8d145, Node begin: 2017-03-28 01:01:53, 
Session: [('0003094D5C', 1490634113.0, 1490634113.4999), ('00030757AF', 1490634113.5, 1490634113.9999), ('0000000007', 1490634114.0, 1490634114.4999), ('0000000009', 1490634114.5, 1490634114.9999), ('0000000008', 1490634115.0, 1490634115.4999), ('0003075786', 1490634115.5, 1490634115.9999), ('0000000006', 1490634116.0, 1490634116.4999), ('rand_frame', 1490634116.5, 1490634116.9999), ('rand_frame', 1490634117.0, 1490634117.4999), ('rand_frame', 1490634117.5, 1490634117.9999)]
2017-03-28 01:01:51.018105 send VFS_BROADCAST 4, Total nodes: 10, Seed: d998c8d145, Node begin: 2017-03-28 01:01:53, 
Session: [('0003094D5C', 1490634113.0, 1490634113.4999), ('00030757AF', 1490634113.5, 1490634113.9999), ('0000000007', 1490634114.0, 1490634114.4999), ('0000000009', 1490634114.5, 1490634114.9999), ('0000000008', 1490634115.0, 1490634115.4999), ('0003075786', 1490634115.5, 1490634115.9999), ('0000000006', 1490634116.0, 1490634116.4999), ('rand_frame', 1490634116.5, 1490634116.9999), ('rand_frame', 1490634117.0, 1490634117.4999), ('rand_frame', 1490634117.5, 1490634117.9999)]
2017-03-28 01:01:51.023890 send VFS_BROADCAST 5, Total nodes: 10, Seed: d998c8d145, Node begin: 2017-03-28 01:01:53, 
Session: [('0003094D5C', 1490634113.0, 1490634113.4999), ('00030757AF', 1490634113.5, 1490634113.9999), ('0000000007', 1490634114.0, 1490634114.4999), ('0000000009', 1490634114.5, 1490634114.9999), ('0000000008', 1490634115.0, 1490634115.4999), ('0003075786', 1490634115.5, 1490634115.9999), ('0000000006', 1490634116.0, 1490634116.4999), ('rand_frame', 1490634116.5, 1490634116.9999), ('rand_frame', 1490634117.0, 1490634117.4999), ('rand_frame', 1490634117.5, 1490634117.9999)]
2017-03-28 01:01:51.030583 send VFS_BROADCAST 6, Total nodes: 10, Seed: d998c8d145, Node begin: 2017-03-28 01:01:53, 
Session: [('0003094D5C', 1490634113.0, 1490634113.4999), ('00030757AF', 1490634113.5, 1490634113.9999), ('0000000007', 1490634114.0, 1490634114.4999), ('0000000009', 1490634114.5, 1490634114.9999), ('0000000008', 1490634115.0, 1490634115.4999), ('0003075786', 1490634115.5, 1490634115.9999), ('0000000006', 1490634116.0, 1490634116.4999), ('rand_frame', 1490634116.5, 1490634116.9999), ('rand_frame', 1490634117.0, 1490634117.4999), ('rand_frame', 1490634117.5, 1490634117.9999)]
2017-03-28 01:01:51.036356 send VFS_BROADCAST 7, Total nodes: 10, Seed: d998c8d145, Node begin: 2017-03-28 01:01:53, 
Session: [('0003094D5C', 1490634113.0, 1490634113.4999), ('00030757AF', 1490634113.5, 1490634113.9999), ('0000000007', 1490634114.0, 1490634114.4999), ('0000000009', 1490634114.5, 1490634114.9999), ('0000000008', 1490634115.0, 1490634115.4999), ('0003075786', 1490634115.5, 1490634115.9999), ('0000000006', 1490634116.0, 1490634116.4999), ('rand_frame', 1490634116.5, 1490634116.9999), ('rand_frame', 1490634117.0, 1490634117.4999), ('rand_frame', 1490634117.5, 1490634117.9999)]
2017-03-28 01:01:51.041700 send VFS_BROADCAST 8, Total nodes: 10, Seed: d998c8d145, Node begin: 2017-03-28 01:01:53, 
Session: [('0003094D5C', 1490634113.0, 1490634113.4999), ('00030757AF', 1490634113.5, 1490634113.9999), ('0000000007', 1490634114.0, 1490634114.4999), ('0000000009', 1490634114.5, 1490634114.9999), ('0000000008', 1490634115.0, 1490634115.4999), ('0003075786', 1490634115.5, 1490634115.9999), ('0000000006', 1490634116.0, 1490634116.4999), ('rand_frame', 1490634116.5, 1490634116.9999), ('rand_frame', 1490634117.0, 1490634117.4999), ('rand_frame', 1490634117.5, 1490634117.9999)]
2017-03-28 01:01:51.047470 send VFS_BROADCAST 9, Total nodes: 10, Seed: d998c8d145, Node begin: 2017-03-28 01:01:53, 
Session: [('0003094D5C', 1490634113.0, 1490634113.4999), ('00030757AF', 1490634113.5, 1490634113.9999), ('0000000007', 1490634114.0, 1490634114.4999), ('0000000009', 1490634114.5, 1490634114.9999), ('0000000008', 1490634115.0, 1490634115.4999), ('0003075786', 1490634115.5, 1490634115.9999), ('0000000006', 1490634116.0, 1490634116.4999), ('rand_frame', 1490634116.5, 1490634116.9999), ('rand_frame', 1490634117.0, 1490634117.4999), ('rand_frame', 1490634117.5, 1490634117.9999)]
2017-03-28 01:01:51.052662 send VFS_BROADCAST 10, Total nodes: 10, Seed: d998c8d145, Node begin: 2017-03-28 01:01:53, 
Session: [('0003094D5C', 1490634113.0, 1490634113.4999), ('00030757AF', 1490634113.5, 1490634113.9999), ('0000000007', 1490634114.0, 1490634114.4999), ('0000000009', 1490634114.5, 1490634114.9999), ('0000000008', 1490634115.0, 1490634115.4999), ('0003075786', 1490634115.5, 1490634115.9999), ('0000000006', 1490634116.0, 1490634116.4999), ('rand_frame', 1490634116.5, 1490634116.9999), ('rand_frame', 1490634117.0, 1490634117.4999), ('rand_frame', 1490634117.5, 1490634117.9999)]
2017-03-28 01:01:51.058203 send VFS_BROADCAST 11, Total nodes: 10, Seed: d998c8d145, Node begin: 2017-03-28 01:01:53, 
Session: [('0003094D5C', 1490634113.0, 1490634113.4999), ('00030757AF', 1490634113.5, 1490634113.9999), ('0000000007', 1490634114.0, 1490634114.4999), ('0000000009', 1490634114.5, 1490634114.9999), ('0000000008', 1490634115.0, 1490634115.4999), ('0003075786', 1490634115.5, 1490634115.9999), ('0000000006', 1490634116.0, 1490634116.4999), ('rand_frame', 1490634116.5, 1490634116.9999), ('rand_frame', 1490634117.0, 1490634117.4999), ('rand_frame', 1490634117.5, 1490634117.9999)]
2017-03-28 01:01:51.063736 send VFS_BROADCAST 12, Total nodes: 10, Seed: d998c8d145, Node begin: 2017-03-28 01:01:53, 
Session: [('0003094D5C', 1490634113.0, 1490634113.4999), ('00030757AF', 1490634113.5, 1490634113.9999), ('0000000007', 1490634114.0, 1490634114.4999), ('0000000009', 1490634114.5, 1490634114.9999), ('0000000008', 1490634115.0, 1490634115.4999), ('0003075786', 1490634115.5, 1490634115.9999), ('0000000006', 1490634116.0, 1490634116.4999), ('rand_frame', 1490634116.5, 1490634116.9999), ('rand_frame', 1490634117.0, 1490634117.4999), ('rand_frame', 1490634117.5, 1490634117.9999)]
2017-03-28 01:01:51.068897 send VFS_BROADCAST 13, Total nodes: 10, Seed: d998c8d145, Node begin: 2017-03-28 01:01:53, 
Session: [('0003094D5C', 1490634113.0, 1490634113.4999), ('00030757AF', 1490634113.5, 1490634113.9999), ('0000000007', 1490634114.0, 1490634114.4999), ('0000000009', 1490634114.5, 1490634114.9999), ('0000000008', 1490634115.0, 1490634115.4999), ('0003075786', 1490634115.5, 1490634115.9999), ('0000000006', 1490634116.0, 1490634116.4999), ('rand_frame', 1490634116.5, 1490634116.9999), ('rand_frame', 1490634117.0, 1490634117.4999), ('rand_frame', 1490634117.5, 1490634117.9999)]
2017-03-28 01:01:51.074526 send VFS_BROADCAST 14, Total nodes: 10, Seed: d998c8d145, Node begin: 2017-03-28 01:01:53, 
Session: [('0003094D5C', 1490634113.0, 1490634113.4999), ('00030757AF', 1490634113.5, 1490634113.9999), ('0000000007', 1490634114.0, 1490634114.4999), ('0000000009', 1490634114.5, 1490634114.9999), ('0000000008', 1490634115.0, 1490634115.4999), ('0003075786', 1490634115.5, 1490634115.9999), ('0000000006', 1490634116.0, 1490634116.4999), ('rand_frame', 1490634116.5, 1490634116.9999), ('rand_frame', 1490634117.0, 1490634117.4999), ('rand_frame', 1490634117.5, 1490634117.9999)]
2017-03-28 01:01:51.080528 send VFS_BROADCAST 15, Total nodes: 10, Seed: d998c8d145, Node begin: 2017-03-28 01:01:53, 
Session: [('0003094D5C', 1490634113.0, 1490634113.4999), ('00030757AF', 1490634113.5, 1490634113.9999), ('0000000007', 1490634114.0, 1490634114.4999), ('0000000009', 1490634114.5, 1490634114.9999), ('0000000008', 1490634115.0, 1490634115.4999), ('0003075786', 1490634115.5, 1490634115.9999), ('0000000006', 1490634116.0, 1490634116.4999), ('rand_frame', 1490634116.5, 1490634116.9999), ('rand_frame', 1490634117.0, 1490634117.4999), ('rand_frame', 1490634117.5, 1490634117.9999)]
2017-03-28 01:01:51.086927 send VFS_BROADCAST 16, Total nodes: 10, Seed: d998c8d145, Node begin: 2017-03-28 01:01:53, 
Session: [('0003094D5C', 1490634113.0, 1490634113.4999), ('00030757AF', 1490634113.5, 1490634113.9999), ('0000000007', 1490634114.0, 1490634114.4999), ('0000000009', 1490634114.5, 1490634114.9999), ('0000000008', 1490634115.0, 1490634115.4999), ('0003075786', 1490634115.5, 1490634115.9999), ('0000000006', 1490634116.0, 1490634116.4999), ('rand_frame', 1490634116.5, 1490634116.9999), ('rand_frame', 1490634117.0, 1490634117.4999), ('rand_frame', 1490634117.5, 1490634117.9999)]
2017-03-28 01:01:51.091965 send VFS_BROADCAST 17, Total nodes: 10, Seed: d998c8d145, Node begin: 2017-03-28 01:01:53, 
Session: [('0003094D5C', 1490634113.0, 1490634113.4999), ('00030757AF', 1490634113.5, 1490634113.9999), ('0000000007', 1490634114.0, 1490634114.4999), ('0000000009', 1490634114.5, 1490634114.9999), ('0000000008', 1490634115.0, 1490634115.4999), ('0003075786', 1490634115.5, 1490634115.9999), ('0000000006', 1490634116.0, 1490634116.4999), ('rand_frame', 1490634116.5, 1490634116.9999), ('rand_frame', 1490634117.0, 1490634117.4999), ('rand_frame', 1490634117.5, 1490634117.9999)]
2017-03-28 01:01:51.097173 send VFS_BROADCAST 18, Total nodes: 10, Seed: d998c8d145, Node begin: 2017-03-28 01:01:53, 
Session: [('0003094D5C', 1490634113.0, 1490634113.4999), ('00030757AF', 1490634113.5, 1490634113.9999), ('0000000007', 1490634114.0, 1490634114.4999), ('0000000009', 1490634114.5, 1490634114.9999), ('0000000008', 1490634115.0, 1490634115.4999), ('0003075786', 1490634115.5, 1490634115.9999), ('0000000006', 1490634116.0, 1490634116.4999), ('rand_frame', 1490634116.5, 1490634116.9999), ('rand_frame', 1490634117.0, 1490634117.4999), ('rand_frame', 1490634117.5, 1490634117.9999)]
2017-03-28 01:01:51.103126 send VFS_BROADCAST 19, Total nodes: 10, Seed: d998c8d145, Node begin: 2017-03-28 01:01:53, 
Session: [('0003094D5C', 1490634113.0, 1490634113.4999), ('00030757AF', 1490634113.5, 1490634113.9999), ('0000000007', 1490634114.0, 1490634114.4999), ('0000000009', 1490634114.5, 1490634114.9999), ('0000000008', 1490634115.0, 1490634115.4999), ('0003075786', 1490634115.5, 1490634115.9999), ('0000000006', 1490634116.0, 1490634116.4999), ('rand_frame', 1490634116.5, 1490634116.9999), ('rand_frame', 1490634117.0, 1490634117.4999), ('rand_frame', 1490634117.5, 1490634117.9999)]
2017-03-28 01:01:51.109163 send VFS_BROADCAST 20, Total nodes: 10, Seed: d998c8d145, Node begin: 2017-03-28 01:01:53, 
Session: [('0003094D5C', 1490634113.0, 1490634113.4999), ('00030757AF', 1490634113.5, 1490634113.9999), ('0000000007', 1490634114.0, 1490634114.4999), ('0000000009', 1490634114.5, 1490634114.9999), ('0000000008', 1490634115.0, 1490634115.4999), ('0003075786', 1490634115.5, 1490634115.9999), ('0000000006', 1490634116.0, 1490634116.4999), ('rand_frame', 1490634116.5, 1490634116.9999), ('rand_frame', 1490634117.0, 1490634117.4999), ('rand_frame', 1490634117.5, 1490634117.9999)]
2017-03-28 01:01:51.115015 send VFS_BROADCAST 21, Total nodes: 10, Seed: d998c8d145, Node begin: 2017-03-28 01:01:53, 
Session: [('0003094D5C', 1490634113.0, 1490634113.4999), ('00030757AF', 1490634113.5, 1490634113.9999), ('0000000007', 1490634114.0, 1490634114.4999), ('0000000009', 1490634114.5, 1490634114.9999), ('0000000008', 1490634115.0, 1490634115.4999), ('0003075786', 1490634115.5, 1490634115.9999), ('0000000006', 1490634116.0, 1490634116.4999), ('rand_frame', 1490634116.5, 1490634116.9999), ('rand_frame', 1490634117.0, 1490634117.4999), ('rand_frame', 1490634117.5, 1490634117.9999)]
2017-03-28 01:01:51.120251 send VFS_BROADCAST 22, Total nodes: 10, Seed: d998c8d145, Node begin: 2017-03-28 01:01:53, 
Session: [('0003094D5C', 1490634113.0, 1490634113.4999), ('00030757AF', 1490634113.5, 1490634113.9999), ('0000000007', 1490634114.0, 1490634114.4999), ('0000000009', 1490634114.5, 1490634114.9999), ('0000000008', 1490634115.0, 1490634115.4999), ('0003075786', 1490634115.5, 1490634115.9999), ('0000000006', 1490634116.0, 1490634116.4999), ('rand_frame', 1490634116.5, 1490634116.9999), ('rand_frame', 1490634117.0, 1490634117.4999), ('rand_frame', 1490634117.5, 1490634117.9999)]
2017-03-28 01:01:51.125443 send VFS_BROADCAST 23, Total nodes: 10, Seed: d998c8d145, Node begin: 2017-03-28 01:01:53, 
Session: [('0003094D5C', 1490634113.0, 1490634113.4999), ('00030757AF', 1490634113.5, 1490634113.9999), ('0000000007', 1490634114.0, 1490634114.4999), ('0000000009', 1490634114.5, 1490634114.9999), ('0000000008', 1490634115.0, 1490634115.4999), ('0003075786', 1490634115.5, 1490634115.9999), ('0000000006', 1490634116.0, 1490634116.4999), ('rand_frame', 1490634116.5, 1490634116.9999), ('rand_frame', 1490634117.0, 1490634117.4999), ('rand_frame', 1490634117.5, 1490634117.9999)]
2017-03-28 01:01:51.131335 send VFS_BROADCAST 24, Total nodes: 10, Seed: d998c8d145, Node begin: 2017-03-28 01:01:53, 
Session: [('0003094D5C', 1490634113.0, 1490634113.4999), ('00030757AF', 1490634113.5, 1490634113.9999), ('0000000007', 1490634114.0, 1490634114.4999), ('0000000009', 1490634114.5, 1490634114.9999), ('0000000008', 1490634115.0, 1490634115.4999), ('0003075786', 1490634115.5, 1490634115.9999), ('0000000006', 1490634116.0, 1490634116.4999), ('rand_frame', 1490634116.5, 1490634116.9999), ('rand_frame', 1490634117.0, 1490634117.4999), ('rand_frame', 1490634117.5, 1490634117.9999)]
2017-03-28 01:01:51.137991 send VFS_BROADCAST 25, Total nodes: 10, Seed: d998c8d145, Node begin: 2017-03-28 01:01:53, 
Session: [('0003094D5C', 1490634113.0, 1490634113.4999), ('00030757AF', 1490634113.5, 1490634113.9999), ('0000000007', 1490634114.0, 1490634114.4999), ('0000000009', 1490634114.5, 1490634114.9999), ('0000000008', 1490634115.0, 1490634115.4999), ('0003075786', 1490634115.5, 1490634115.9999), ('0000000006', 1490634116.0, 1490634116.4999), ('rand_frame', 1490634116.5, 1490634116.9999), ('rand_frame', 1490634117.0, 1490634117.4999), ('rand_frame', 1490634117.5, 1490634117.9999)]
2017-03-28 01:01:51.143405 send VFS_BROADCAST 26, Total nodes: 10, Seed: d998c8d145, Node begin: 2017-03-28 01:01:53, 
Session: [('0003094D5C', 1490634113.0, 1490634113.4999), ('00030757AF', 1490634113.5, 1490634113.9999), ('0000000007', 1490634114.0, 1490634114.4999), ('0000000009', 1490634114.5, 1490634114.9999), ('0000000008', 1490634115.0, 1490634115.4999), ('0003075786', 1490634115.5, 1490634115.9999), ('0000000006', 1490634116.0, 1490634116.4999), ('rand_frame', 1490634116.5, 1490634116.9999), ('rand_frame', 1490634117.0, 1490634117.4999), ('rand_frame', 1490634117.5, 1490634117.9999)]
2017-03-28 01:01:51.150896 send VFS_BROADCAST 27, Total nodes: 10, Seed: d998c8d145, Node begin: 2017-03-28 01:01:53, 
Session: [('0003094D5C', 1490634113.0, 1490634113.4999), ('00030757AF', 1490634113.5, 1490634113.9999), ('0000000007', 1490634114.0, 1490634114.4999), ('0000000009', 1490634114.5, 1490634114.9999), ('0000000008', 1490634115.0, 1490634115.4999), ('0003075786', 1490634115.5, 1490634115.9999), ('0000000006', 1490634116.0, 1490634116.4999), ('rand_frame', 1490634116.5, 1490634116.9999), ('rand_frame', 1490634117.0, 1490634117.4999), ('rand_frame', 1490634117.5, 1490634117.9999)]
2017-03-28 01:01:51.155812 send VFS_BROADCAST 28, Total nodes: 10, Seed: d998c8d145, Node begin: 2017-03-28 01:01:53, 
Session: [('0003094D5C', 1490634113.0, 1490634113.4999), ('00030757AF', 1490634113.5, 1490634113.9999), ('0000000007', 1490634114.0, 1490634114.4999), ('0000000009', 1490634114.5, 1490634114.9999), ('0000000008', 1490634115.0, 1490634115.4999), ('0003075786', 1490634115.5, 1490634115.9999), ('0000000006', 1490634116.0, 1490634116.4999), ('rand_frame', 1490634116.5, 1490634116.9999), ('rand_frame', 1490634117.0, 1490634117.4999), ('rand_frame', 1490634117.5, 1490634117.9999)]
2017-03-28 01:01:51.161018 send VFS_BROADCAST 29, Total nodes: 10, Seed: d998c8d145, Node begin: 2017-03-28 01:01:53, 
Session: [('0003094D5C', 1490634113.0, 1490634113.4999), ('00030757AF', 1490634113.5, 1490634113.9999), ('0000000007', 1490634114.0, 1490634114.4999), ('0000000009', 1490634114.5, 1490634114.9999), ('0000000008', 1490634115.0, 1490634115.4999), ('0003075786', 1490634115.5, 1490634115.9999), ('0000000006', 1490634116.0, 1490634116.4999), ('rand_frame', 1490634116.5, 1490634116.9999), ('rand_frame', 1490634117.0, 1490634117.4999), ('rand_frame', 1490634117.5, 1490634117.9999)]
2017-03-28 01:01:51.166392 send VFS_BROADCAST 30, Total nodes: 10, Seed: d998c8d145, Node begin: 2017-03-28 01:01:53, 
Session: [('0003094D5C', 1490634113.0, 1490634113.4999), ('00030757AF', 1490634113.5, 1490634113.9999), ('0000000007', 1490634114.0, 1490634114.4999), ('0000000009', 1490634114.5, 1490634114.9999), ('0000000008', 1490634115.0, 1490634115.4999), ('0003075786', 1490634115.5, 1490634115.9999), ('0000000006', 1490634116.0, 1490634116.4999), ('rand_frame', 1490634116.5, 1490634116.9999), ('rand_frame', 1490634117.0, 1490634117.4999), ('rand_frame', 1490634117.5, 1490634117.9999)]
2017-03-28 01:01:51.168717 - thread done - 
 - duration 0.168910503387 -
------ Broadcast VFS end ------
------ Listen VFS packets start ------
wrong pktno 65367. Drop pkt!
Invalid pkt_type 6. Drop pkt!
Invalid pkt_type 6. Drop pkt!
Invalid pkt_type 6. Drop pkt!
Invalid pkt_type 6. Drop pkt!
Invalid pkt_type 6. Drop pkt!
Invalid pkt_type 6. Drop pkt!
2017-03-28 01:01:53.567604 (1490634113.57) [Slot 1: Node 00030757AF Session] BS recv VFS_PKT 1, data: Hello, I am node 00030757AF
2017-03-28 01:01:53.578981 (1490634113.58) [Slot 1: Node 00030757AF Session] BS recv VFS_PKT 2, data: Hello, I am node 00030757AF
2017-03-28 01:01:53.590651 (1490634113.59) [Slot 1: Node 00030757AF Session] BS recv VFS_PKT 3, data: Hello, I am node 00030757AF
2017-03-28 01:01:53.602439 (1490634113.6) [Slot 1: Node 00030757AF Session] BS recv VFS_PKT 4, data: Hello, I am node 00030757AF
2017-03-28 01:01:53.616993 (1490634113.62) [Slot 1: Node 00030757AF Session] BS recv VFS_PKT 5, data: Hello, I am node 00030757AF
2017-03-28 01:01:53.627223 (1490634113.63) [Slot 1: Node 00030757AF Session] BS recv VFS_PKT 6, data: Hello, I am nod 00030757AF
2017-03-28 01:01:53.636780 (1490634113.64) [Slot 1: Node 00030757AF Session] BS recv VFS_PKT 7, data: Hello, I am node 00030757AF
2017-03-28 01:01:53.648177 (1490634113.65) [Slot 1: Node 00030757AF Session] BS recv VFS_PKT 8, data: Hello, I am node 00030757AF
2017-03-28 01:01:53.659522 (1490634113.66) [Slot 1: Node 00030757AF Session] BS recv VFS_PKT 9, data: Hello, I am node 00030757AF
2017-03-28 01:01:53.672444 (1490634113.67) [Slot 1: Node 00030757AF Session] BS recv VFS_PKT 10, data: Hello, I am node 00030757AF
2017-03-28 01:01:53.682936 (1490634113.68) [Slot 1: Node 00030757AF Session] BS recv VFS_PKT 11, data: Hello, I am node 00030757AF
2017-03-28 01:01:53.694476 (1490634113.69) [Slot 1: Node 00030757AF Session] BS recv VFS_PKT 12, data: Hello, I am node 00030757AF
2017-03-28 01:01:53.707574 (1490634113.71) [Slot 1: Node 00030757AF Session] BS recv VFS_PKT 13, data: Hello, I am node 00030757AF
2017-03-28 01:01:53.717742 (1490634113.72) [Slot 1: Node 00030757AF Session] BS recv VFS_PKT 14, data: Hello, I am node 00030757AF
2017-03-28 01:01:53.735547 (1490634113.74) [Slot 1: Node 00030757AF Session] BS recv VFS_PKT 15, data: Hello, I am node 00030757AF
2017-03-28 01:01:53.741812 (1490634113.74) [Slot 1: Node 00030757AF Session] BS recv VFS_PKT 16, data: Hello, I am node 00030757AF
2017-03-28 01:01:53.766145 (1490634113.77) [Slot 1: Node 00030757AF Session] BS recv VFS_PKT 18, data: Hello, I am node 00030757AF
2017-03-28 01:01:53.775765 (1490634113.78) [Slot 1: Node 00030757AF Session] BS recv VFS_PKT 19, data: Hello, I am node 00030757AF
2017-03-28 01:01:53.786462 (1490634113.79) [Slot 1: Node 00030757AF Session] BS recv VFS_PKT 20, data: Hello, I am node 00030757AF
2017-03-28 01:01:53.797948 (1490634113.8) [Slot 1: Node 00030757AF Session] BS recv VFS_PKT 21, data: Hello, I am node 00030757AF
2017-03-28 01:01:53.810348 (1490634113.81) [Slot 1: Node 00030757AF Session] BS recv VFS_PKT 22, data: Hello, I am node 00030757AF
2017-03-28 01:01:53.821024 (1490634113.82) [Slot 1: Node 00030757AF Session] BS recv VFS_PKT 23, data: Hello, I am node 00030757AF
2017-03-28 01:01:53.833215 (1490634113.83) [Slot 1: Node 00030757AF Session] BS recv VFS_PKT 24, data: Hello, I am node 00030757AF
2017-03-28 01:01:53.846207 (1490634113.85) [Slot 1: Node 00030757AF Session] BS recv VFS_PKT 25, data: Hello, I am node 00030757AF
2017-03-28 01:01:53.858907 (1490634113.86) [Slot 1: Node 00030757AF Session] BS recv VFS_PKT 26, data: Hello, I am node 00030757AF
2017-03-28 01:01:53.867434 (1490634113.87) [Slot 1: Node 00030757AF Session] BS recv VFS_PKT 27, data: Hello, I am node 00030757AF
2017-03-28 01:01:53.879500 (1490634113.88) [Slot 1: Node 00030757AF Session] BS recv VFS_PKT 28, data: Hello, I am node 00030757AF
2017-03-28 01:01:53.895740 (1490634113.9) [Slot 1: Node 00030757AF Session] BS recv VFS_PKT 29, data: Hello, I am node 00030757AF
2017-03-28 01:01:53.902551 (1490634113.9) [Slot 1: Node 00030757AF Session] BS recv VFS_PKT 30, data: Hello, I am node 00030757AF
 - duration 7.41070365906 -
------ Listen VFS packets end ------

 - VFS duration 7.99634957314 -
------ VFS cycle ends at 2017-03-28 01:01:58.586619 ------



=============================================================================================
========================================= TEST END ==========================================
=============================================================================================


