----------------------------------------------------------
Input options: 
{'verbose': True, 'discontinuous': False, 'bandwidth': 1000000.0, 'megabytes': 1.0, 'size': 400, 'log': False, 'antenna': 'TX/RX', 'lo_offset': 0, 'scheme': 'VFS', 'spec': None, 'tx_gain': 20.0, 'tx_amplitude': 0.1, 'modulation': 'bpsk', 'args': '', 'snr': 30.0, 'occupied_tones': 200, 'freq': None, 'logfile': 'bs_vfs.log', 'rx_freq': 2490000000.0, 'rx_gain': 20.0, 'from_file': None, 'to_file': None, 'tx_freq': 2490000000.0, 'clock_source': None, 'cp_length': 128, 'fft_length': 512}
----------------------------------------------------------


Clock Rate: 100.0 MHz

####### Test Protocol: VFS #######

Presume known nodes: ['00030757AF', '0003075786', '0003094D5C', '0000000004', '0000000005', '0000000006', '0000000007', '0000000008', '0000000009', '0000000010']

2017-03-28 02:05:21.957240 Adjust to PC time: 2017-03-28 02:05:21.957051



=============================================================================================
========================================== ROUND 1 ==========================================
=============================================================================================


------ Broadcast Beacon ------
2017-03-28 02:05:21.966348 broadcast BEACON - 1
2017-03-28 02:05:21.975019 broadcast BEACON - 2
2017-03-28 02:05:21.980893 broadcast BEACON - 3
2017-03-28 02:05:21.987211 broadcast BEACON - 4
2017-03-28 02:05:21.992304 broadcast BEACON - 5
2017-03-28 02:05:21.998127 broadcast BEACON - 6
2017-03-28 02:05:22.003332 broadcast BEACON - 7
2017-03-28 02:05:22.008828 broadcast BEACON - 8
2017-03-28 02:05:22.014693 broadcast BEACON - 9
2017-03-28 02:05:22.020592 broadcast BEACON - 10
2017-03-28 02:05:22.026329 broadcast BEACON - 11
2017-03-28 02:05:22.032748 broadcast BEACON - 12
2017-03-28 02:05:22.038290 broadcast BEACON - 13
2017-03-28 02:05:22.043843 broadcast BEACON - 14
2017-03-28 02:05:22.050309 broadcast BEACON - 15
2017-03-28 02:05:22.056010 broadcast BEACON - 16
2017-03-28 02:05:22.061411 broadcast BEACON - 17
2017-03-28 02:05:22.066596 broadcast BEACON - 18
2017-03-28 02:05:22.072112 broadcast BEACON - 19
2017-03-28 02:05:22.077349 broadcast BEACON - 20
2017-03-28 02:05:22.083610 broadcast BEACON - 21
2017-03-28 02:05:22.089128 broadcast BEACON - 22
2017-03-28 02:05:22.095585 broadcast BEACON - 23
2017-03-28 02:05:22.101083 broadcast BEACON - 24
2017-03-28 02:05:22.106745 broadcast BEACON - 25
2017-03-28 02:05:22.112708 broadcast BEACON - 26
2017-03-28 02:05:22.118351 broadcast BEACON - 27
2017-03-28 02:05:22.123466 broadcast BEACON - 28
2017-03-28 02:05:22.129263 broadcast BEACON - 29
2017-03-28 02:05:22.134274 broadcast BEACON - 30
2017-03-28 02:05:22.135101 - thread done - 
 - duration 0.170336008072 -
------ Broadcast Beacon end --------
Sleep for 0.2 second

------ Broadcast Beacon ------
2017-03-28 02:05:22.338146 broadcast BEACON - 1
2017-03-28 02:05:22.343471 broadcast BEACON - 2
2017-03-28 02:05:22.349035 broadcast BEACON - 3
2017-03-28 02:05:22.354893 broadcast BEACON - 4
2017-03-28 02:05:22.360770 broadcast BEACON - 5
2017-03-28 02:05:22.366559 broadcast BEACON - 6
2017-03-28 02:05:22.371973 broadcast BEACON - 7
2017-03-28 02:05:22.377444 broadcast BEACON - 8
2017-03-28 02:05:22.382595 broadcast BEACON - 9
2017-03-28 02:05:22.388092 broadcast BEACON - 10
2017-03-28 02:05:22.393283 broadcast BEACON - 11
2017-03-28 02:05:22.398476 broadcast BEACON - 12
2017-03-28 02:05:22.404201 broadcast BEACON - 13
2017-03-28 02:05:22.410422 broadcast BEACON - 14
2017-03-28 02:05:22.416431 broadcast BEACON - 15
2017-03-28 02:05:22.421479 broadcast BEACON - 16
2017-03-28 02:05:22.427345 broadcast BEACON - 17
2017-03-28 02:05:22.432567 broadcast BEACON - 18
2017-03-28 02:05:22.438534 broadcast BEACON - 19
2017-03-28 02:05:22.444180 broadcast BEACON - 20
2017-03-28 02:05:22.450525 broadcast BEACON - 21
2017-03-28 02:05:22.455494 broadcast BEACON - 22
2017-03-28 02:05:22.461207 broadcast BEACON - 23
2017-03-28 02:05:22.466516 broadcast BEACON - 24
2017-03-28 02:05:22.472347 broadcast BEACON - 25
2017-03-28 02:05:22.477726 broadcast BEACON - 26
2017-03-28 02:05:22.483850 broadcast BEACON - 27
2017-03-28 02:05:22.489636 broadcast BEACON - 28
2017-03-28 02:05:22.495219 broadcast BEACON - 29
2017-03-28 02:05:22.501095 broadcast BEACON - 30
2017-03-28 02:05:22.502664 - thread done - 
 - duration 0.166140794754 -
------ Broadcast Beacon end --------
Sleep for 0.5 second

 - Sync duration 1.04107499123 -

singleton_nodes_amount 4/10, is_below_singleton_rate? True
singleton_nodes_amount 7/10, is_below_singleton_rate? False
Calculated VFS seed: 5c785d3ad1, Singleton rate: 0.7, calculation count: 2, 
raw v-frame [['0'], ['0'], ['0'], ['0'], ['0'], ['0'], ['0'], ['0'], ['0003075786'], ['0000000006'], ['0'], ['0003094D5C'], ['0000000007'], ['0000000010'], ['0'], ['0'], ['0000000004'], ['00030757AF', '0000000008', '0000000009'], ['0000000005'], ['0']] 
v-frame ['0', '0', '0', '0', '0', '0', '0', '0', '1', '1', '0', '1', '1', '1', '0', '0', '1', '0', '1', '0'] 
rand-frame ['00030757AF', '0000000008', '0000000009'] 
alloc-frame ['0003075786', '0000000006', '0003094D5C', '0000000007', '0000000010', '0000000004', '0000000005']
 - duration 0.00145316123962 -
------ Broadcast VFS packets ------
Fire at absolute 2017-03-28 02:05:23.999957
2017-03-28 02:05:24.000806 send VFS_BROADCAST 1, Total nodes: 10, Seed: 5c785d3ad1, Node begin: 2017-03-28 02:05:26, 
Session: [('0003075786', 1490637926.0, 1490637926.4999), ('0000000006', 1490637926.5, 1490637926.9999), ('0003094D5C', 1490637927.0, 1490637927.4999), ('0000000007', 1490637927.5, 1490637927.9999), ('0000000010', 1490637928.0, 1490637928.4999), ('0000000004', 1490637928.5, 1490637928.9999), ('0000000005', 1490637929.0, 1490637929.4999), ('rand_frame', 1490637929.5, 1490637929.9999), ('rand_frame', 1490637930.0, 1490637930.4999), ('rand_frame', 1490637930.5, 1490637930.9999)]
2017-03-28 02:05:24.006345 send VFS_BROADCAST 2, Total nodes: 10, Seed: 5c785d3ad1, Node begin: 2017-03-28 02:05:26, 
Session: [('0003075786', 1490637926.0, 1490637926.4999), ('0000000006', 1490637926.5, 1490637926.9999), ('0003094D5C', 1490637927.0, 1490637927.4999), ('0000000007', 1490637927.5, 1490637927.9999), ('0000000010', 1490637928.0, 1490637928.4999), ('0000000004', 1490637928.5, 1490637928.9999), ('0000000005', 1490637929.0, 1490637929.4999), ('rand_frame', 1490637929.5, 1490637929.9999), ('rand_frame', 1490637930.0, 1490637930.4999), ('rand_frame', 1490637930.5, 1490637930.9999)]
2017-03-28 02:05:24.013205 send VFS_BROADCAST 3, Total nodes: 10, Seed: 5c785d3ad1, Node begin: 2017-03-28 02:05:26, 
Session: [('0003075786', 1490637926.0, 1490637926.4999), ('0000000006', 1490637926.5, 1490637926.9999), ('0003094D5C', 1490637927.0, 1490637927.4999), ('0000000007', 1490637927.5, 1490637927.9999), ('0000000010', 1490637928.0, 1490637928.4999), ('0000000004', 1490637928.5, 1490637928.9999), ('0000000005', 1490637929.0, 1490637929.4999), ('rand_frame', 1490637929.5, 1490637929.9999), ('rand_frame', 1490637930.0, 1490637930.4999), ('rand_frame', 1490637930.5, 1490637930.9999)]
2017-03-28 02:05:24.019053 send VFS_BROADCAST 4, Total nodes: 10, Seed: 5c785d3ad1, Node begin: 2017-03-28 02:05:26, 
Session: [('0003075786', 1490637926.0, 1490637926.4999), ('0000000006', 1490637926.5, 1490637926.9999), ('0003094D5C', 1490637927.0, 1490637927.4999), ('0000000007', 1490637927.5, 1490637927.9999), ('0000000010', 1490637928.0, 1490637928.4999), ('0000000004', 1490637928.5, 1490637928.9999), ('0000000005', 1490637929.0, 1490637929.4999), ('rand_frame', 1490637929.5, 1490637929.9999), ('rand_frame', 1490637930.0, 1490637930.4999), ('rand_frame', 1490637930.5, 1490637930.9999)]
2017-03-28 02:05:24.023951 send VFS_BROADCAST 5, Total nodes: 10, Seed: 5c785d3ad1, Node begin: 2017-03-28 02:05:26, 
Session: [('0003075786', 1490637926.0, 1490637926.4999), ('0000000006', 1490637926.5, 1490637926.9999), ('0003094D5C', 1490637927.0, 1490637927.4999), ('0000000007', 1490637927.5, 1490637927.9999), ('0000000010', 1490637928.0, 1490637928.4999), ('0000000004', 1490637928.5, 1490637928.9999), ('0000000005', 1490637929.0, 1490637929.4999), ('rand_frame', 1490637929.5, 1490637929.9999), ('rand_frame', 1490637930.0, 1490637930.4999), ('rand_frame', 1490637930.5, 1490637930.9999)]
2017-03-28 02:05:24.029874 send VFS_BROADCAST 6, Total nodes: 10, Seed: 5c785d3ad1, Node begin: 2017-03-28 02:05:26, 
Session: [('0003075786', 1490637926.0, 1490637926.4999), ('0000000006', 1490637926.5, 1490637926.9999), ('0003094D5C', 1490637927.0, 1490637927.4999), ('0000000007', 1490637927.5, 1490637927.9999), ('0000000010', 1490637928.0, 1490637928.4999), ('0000000004', 1490637928.5, 1490637928.9999), ('0000000005', 1490637929.0, 1490637929.4999), ('rand_frame', 1490637929.5, 1490637929.9999), ('rand_frame', 1490637930.0, 1490637930.4999), ('rand_frame', 1490637930.5, 1490637930.9999)]
2017-03-28 02:05:24.036034 send VFS_BROADCAST 7, Total nodes: 10, Seed: 5c785d3ad1, Node begin: 2017-03-28 02:05:26, 
Session: [('0003075786', 1490637926.0, 1490637926.4999), ('0000000006', 1490637926.5, 1490637926.9999), ('0003094D5C', 1490637927.0, 1490637927.4999), ('0000000007', 1490637927.5, 1490637927.9999), ('0000000010', 1490637928.0, 1490637928.4999), ('0000000004', 1490637928.5, 1490637928.9999), ('0000000005', 1490637929.0, 1490637929.4999), ('rand_frame', 1490637929.5, 1490637929.9999), ('rand_frame', 1490637930.0, 1490637930.4999), ('rand_frame', 1490637930.5, 1490637930.9999)]
2017-03-28 02:05:24.041882 send VFS_BROADCAST 8, Total nodes: 10, Seed: 5c785d3ad1, Node begin: 2017-03-28 02:05:26, 
Session: [('0003075786', 1490637926.0, 1490637926.4999), ('0000000006', 1490637926.5, 1490637926.9999), ('0003094D5C', 1490637927.0, 1490637927.4999), ('0000000007', 1490637927.5, 1490637927.9999), ('0000000010', 1490637928.0, 1490637928.4999), ('0000000004', 1490637928.5, 1490637928.9999), ('0000000005', 1490637929.0, 1490637929.4999), ('rand_frame', 1490637929.5, 1490637929.9999), ('rand_frame', 1490637930.0, 1490637930.4999), ('rand_frame', 1490637930.5, 1490637930.9999)]
2017-03-28 02:05:24.046921 send VFS_BROADCAST 9, Total nodes: 10, Seed: 5c785d3ad1, Node begin: 2017-03-28 02:05:26, 
Session: [('0003075786', 1490637926.0, 1490637926.4999), ('0000000006', 1490637926.5, 1490637926.9999), ('0003094D5C', 1490637927.0, 1490637927.4999), ('0000000007', 1490637927.5, 1490637927.9999), ('0000000010', 1490637928.0, 1490637928.4999), ('0000000004', 1490637928.5, 1490637928.9999), ('0000000005', 1490637929.0, 1490637929.4999), ('rand_frame', 1490637929.5, 1490637929.9999), ('rand_frame', 1490637930.0, 1490637930.4999), ('rand_frame', 1490637930.5, 1490637930.9999)]
2017-03-28 02:05:24.052183 send VFS_BROADCAST 10, Total nodes: 10, Seed: 5c785d3ad1, Node begin: 2017-03-28 02:05:26, 
Session: [('0003075786', 1490637926.0, 1490637926.4999), ('0000000006', 1490637926.5, 1490637926.9999), ('0003094D5C', 1490637927.0, 1490637927.4999), ('0000000007', 1490637927.5, 1490637927.9999), ('0000000010', 1490637928.0, 1490637928.4999), ('0000000004', 1490637928.5, 1490637928.9999), ('0000000005', 1490637929.0, 1490637929.4999), ('rand_frame', 1490637929.5, 1490637929.9999), ('rand_frame', 1490637930.0, 1490637930.4999), ('rand_frame', 1490637930.5, 1490637930.9999)]
2017-03-28 02:05:24.058116 send VFS_BROADCAST 11, Total nodes: 10, Seed: 5c785d3ad1, Node begin: 2017-03-28 02:05:26, 
Session: [('0003075786', 1490637926.0, 1490637926.4999), ('0000000006', 1490637926.5, 1490637926.9999), ('0003094D5C', 1490637927.0, 1490637927.4999), ('0000000007', 1490637927.5, 1490637927.9999), ('0000000010', 1490637928.0, 1490637928.4999), ('0000000004', 1490637928.5, 1490637928.9999), ('0000000005', 1490637929.0, 1490637929.4999), ('rand_frame', 1490637929.5, 1490637929.9999), ('rand_frame', 1490637930.0, 1490637930.4999), ('rand_frame', 1490637930.5, 1490637930.9999)]
2017-03-28 02:05:24.063940 send VFS_BROADCAST 12, Total nodes: 10, Seed: 5c785d3ad1, Node begin: 2017-03-28 02:05:26, 
Session: [('0003075786', 1490637926.0, 1490637926.4999), ('0000000006', 1490637926.5, 1490637926.9999), ('0003094D5C', 1490637927.0, 1490637927.4999), ('0000000007', 1490637927.5, 1490637927.9999), ('0000000010', 1490637928.0, 1490637928.4999), ('0000000004', 1490637928.5, 1490637928.9999), ('0000000005', 1490637929.0, 1490637929.4999), ('rand_frame', 1490637929.5, 1490637929.9999), ('rand_frame', 1490637930.0, 1490637930.4999), ('rand_frame', 1490637930.5, 1490637930.9999)]
2017-03-28 02:05:24.069120 send VFS_BROADCAST 13, Total nodes: 10, Seed: 5c785d3ad1, Node begin: 2017-03-28 02:05:26, 
Session: [('0003075786', 1490637926.0, 1490637926.4999), ('0000000006', 1490637926.5, 1490637926.9999), ('0003094D5C', 1490637927.0, 1490637927.4999), ('0000000007', 1490637927.5, 1490637927.9999), ('0000000010', 1490637928.0, 1490637928.4999), ('0000000004', 1490637928.5, 1490637928.9999), ('0000000005', 1490637929.0, 1490637929.4999), ('rand_frame', 1490637929.5, 1490637929.9999), ('rand_frame', 1490637930.0, 1490637930.4999), ('rand_frame', 1490637930.5, 1490637930.9999)]
2017-03-28 02:05:24.075287 send VFS_BROADCAST 14, Total nodes: 10, Seed: 5c785d3ad1, Node begin: 2017-03-28 02:05:26, 
Session: [('0003075786', 1490637926.0, 1490637926.4999), ('0000000006', 1490637926.5, 1490637926.9999), ('0003094D5C', 1490637927.0, 1490637927.4999), ('0000000007', 1490637927.5, 1490637927.9999), ('0000000010', 1490637928.0, 1490637928.4999), ('0000000004', 1490637928.5, 1490637928.9999), ('0000000005', 1490637929.0, 1490637929.4999), ('rand_frame', 1490637929.5, 1490637929.9999), ('rand_frame', 1490637930.0, 1490637930.4999), ('rand_frame', 1490637930.5, 1490637930.9999)]
2017-03-28 02:05:24.080499 send VFS_BROADCAST 15, Total nodes: 10, Seed: 5c785d3ad1, Node begin: 2017-03-28 02:05:26, 
Session: [('0003075786', 1490637926.0, 1490637926.4999), ('0000000006', 1490637926.5, 1490637926.9999), ('0003094D5C', 1490637927.0, 1490637927.4999), ('0000000007', 1490637927.5, 1490637927.9999), ('0000000010', 1490637928.0, 1490637928.4999), ('0000000004', 1490637928.5, 1490637928.9999), ('0000000005', 1490637929.0, 1490637929.4999), ('rand_frame', 1490637929.5, 1490637929.9999), ('rand_frame', 1490637930.0, 1490637930.4999), ('rand_frame', 1490637930.5, 1490637930.9999)]
2017-03-28 02:05:24.087033 send VFS_BROADCAST 16, Total nodes: 10, Seed: 5c785d3ad1, Node begin: 2017-03-28 02:05:26, 
Session: [('0003075786', 1490637926.0, 1490637926.4999), ('0000000006', 1490637926.5, 1490637926.9999), ('0003094D5C', 1490637927.0, 1490637927.4999), ('0000000007', 1490637927.5, 1490637927.9999), ('0000000010', 1490637928.0, 1490637928.4999), ('0000000004', 1490637928.5, 1490637928.9999), ('0000000005', 1490637929.0, 1490637929.4999), ('rand_frame', 1490637929.5, 1490637929.9999), ('rand_frame', 1490637930.0, 1490637930.4999), ('rand_frame', 1490637930.5, 1490637930.9999)]
2017-03-28 02:05:24.093935 send VFS_BROADCAST 17, Total nodes: 10, Seed: 5c785d3ad1, Node begin: 2017-03-28 02:05:26, 
Session: [('0003075786', 1490637926.0, 1490637926.4999), ('0000000006', 1490637926.5, 1490637926.9999), ('0003094D5C', 1490637927.0, 1490637927.4999), ('0000000007', 1490637927.5, 1490637927.9999), ('0000000010', 1490637928.0, 1490637928.4999), ('0000000004', 1490637928.5, 1490637928.9999), ('0000000005', 1490637929.0, 1490637929.4999), ('rand_frame', 1490637929.5, 1490637929.9999), ('rand_frame', 1490637930.0, 1490637930.4999), ('rand_frame', 1490637930.5, 1490637930.9999)]
2017-03-28 02:05:24.099495 send VFS_BROADCAST 18, Total nodes: 10, Seed: 5c785d3ad1, Node begin: 2017-03-28 02:05:26, 
Session: [('0003075786', 1490637926.0, 1490637926.4999), ('0000000006', 1490637926.5, 1490637926.9999), ('0003094D5C', 1490637927.0, 1490637927.4999), ('0000000007', 1490637927.5, 1490637927.9999), ('0000000010', 1490637928.0, 1490637928.4999), ('0000000004', 1490637928.5, 1490637928.9999), ('0000000005', 1490637929.0, 1490637929.4999), ('rand_frame', 1490637929.5, 1490637929.9999), ('rand_frame', 1490637930.0, 1490637930.4999), ('rand_frame', 1490637930.5, 1490637930.9999)]
2017-03-28 02:05:24.104769 send VFS_BROADCAST 19, Total nodes: 10, Seed: 5c785d3ad1, Node begin: 2017-03-28 02:05:26, 
Session: [('0003075786', 1490637926.0, 1490637926.4999), ('0000000006', 1490637926.5, 1490637926.9999), ('0003094D5C', 1490637927.0, 1490637927.4999), ('0000000007', 1490637927.5, 1490637927.9999), ('0000000010', 1490637928.0, 1490637928.4999), ('0000000004', 1490637928.5, 1490637928.9999), ('0000000005', 1490637929.0, 1490637929.4999), ('rand_frame', 1490637929.5, 1490637929.9999), ('rand_frame', 1490637930.0, 1490637930.4999), ('rand_frame', 1490637930.5, 1490637930.9999)]
2017-03-28 02:05:24.110214 send VFS_BROADCAST 20, Total nodes: 10, Seed: 5c785d3ad1, Node begin: 2017-03-28 02:05:26, 
Session: [('0003075786', 1490637926.0, 1490637926.4999), ('0000000006', 1490637926.5, 1490637926.9999), ('0003094D5C', 1490637927.0, 1490637927.4999), ('0000000007', 1490637927.5, 1490637927.9999), ('0000000010', 1490637928.0, 1490637928.4999), ('0000000004', 1490637928.5, 1490637928.9999), ('0000000005', 1490637929.0, 1490637929.4999), ('rand_frame', 1490637929.5, 1490637929.9999), ('rand_frame', 1490637930.0, 1490637930.4999), ('rand_frame', 1490637930.5, 1490637930.9999)]
2017-03-28 02:05:24.116920 send VFS_BROADCAST 21, Total nodes: 10, Seed: 5c785d3ad1, Node begin: 2017-03-28 02:05:26, 
Session: [('0003075786', 1490637926.0, 1490637926.4999), ('0000000006', 1490637926.5, 1490637926.9999), ('0003094D5C', 1490637927.0, 1490637927.4999), ('0000000007', 1490637927.5, 1490637927.9999), ('0000000010', 1490637928.0, 1490637928.4999), ('0000000004', 1490637928.5, 1490637928.9999), ('0000000005', 1490637929.0, 1490637929.4999), ('rand_frame', 1490637929.5, 1490637929.9999), ('rand_frame', 1490637930.0, 1490637930.4999), ('rand_frame', 1490637930.5, 1490637930.9999)]
2017-03-28 02:05:24.122724 send VFS_BROADCAST 22, Total nodes: 10, Seed: 5c785d3ad1, Node begin: 2017-03-28 02:05:26, 
Session: [('0003075786', 1490637926.0, 1490637926.4999), ('0000000006', 1490637926.5, 1490637926.9999), ('0003094D5C', 1490637927.0, 1490637927.4999), ('0000000007', 1490637927.5, 1490637927.9999), ('0000000010', 1490637928.0, 1490637928.4999), ('0000000004', 1490637928.5, 1490637928.9999), ('0000000005', 1490637929.0, 1490637929.4999), ('rand_frame', 1490637929.5, 1490637929.9999), ('rand_frame', 1490637930.0, 1490637930.4999), ('rand_frame', 1490637930.5, 1490637930.9999)]
2017-03-28 02:05:24.128231 send VFS_BROADCAST 23, Total nodes: 10, Seed: 5c785d3ad1, Node begin: 2017-03-28 02:05:26, 
Session: [('0003075786', 1490637926.0, 1490637926.4999), ('0000000006', 1490637926.5, 1490637926.9999), ('0003094D5C', 1490637927.0, 1490637927.4999), ('0000000007', 1490637927.5, 1490637927.9999), ('0000000010', 1490637928.0, 1490637928.4999), ('0000000004', 1490637928.5, 1490637928.9999), ('0000000005', 1490637929.0, 1490637929.4999), ('rand_frame', 1490637929.5, 1490637929.9999), ('rand_frame', 1490637930.0, 1490637930.4999), ('rand_frame', 1490637930.5, 1490637930.9999)]
2017-03-28 02:05:24.133467 send VFS_BROADCAST 24, Total nodes: 10, Seed: 5c785d3ad1, Node begin: 2017-03-28 02:05:26, 
Session: [('0003075786', 1490637926.0, 1490637926.4999), ('0000000006', 1490637926.5, 1490637926.9999), ('0003094D5C', 1490637927.0, 1490637927.4999), ('0000000007', 1490637927.5, 1490637927.9999), ('0000000010', 1490637928.0, 1490637928.4999), ('0000000004', 1490637928.5, 1490637928.9999), ('0000000005', 1490637929.0, 1490637929.4999), ('rand_frame', 1490637929.5, 1490637929.9999), ('rand_frame', 1490637930.0, 1490637930.4999), ('rand_frame', 1490637930.5, 1490637930.9999)]
2017-03-28 02:05:24.139407 send VFS_BROADCAST 25, Total nodes: 10, Seed: 5c785d3ad1, Node begin: 2017-03-28 02:05:26, 
Session: [('0003075786', 1490637926.0, 1490637926.4999), ('0000000006', 1490637926.5, 1490637926.9999), ('0003094D5C', 1490637927.0, 1490637927.4999), ('0000000007', 1490637927.5, 1490637927.9999), ('0000000010', 1490637928.0, 1490637928.4999), ('0000000004', 1490637928.5, 1490637928.9999), ('0000000005', 1490637929.0, 1490637929.4999), ('rand_frame', 1490637929.5, 1490637929.9999), ('rand_frame', 1490637930.0, 1490637930.4999), ('rand_frame', 1490637930.5, 1490637930.9999)]
2017-03-28 02:05:24.146583 send VFS_BROADCAST 26, Total nodes: 10, Seed: 5c785d3ad1, Node begin: 2017-03-28 02:05:26, 
Session: [('0003075786', 1490637926.0, 1490637926.4999), ('0000000006', 1490637926.5, 1490637926.9999), ('0003094D5C', 1490637927.0, 1490637927.4999), ('0000000007', 1490637927.5, 1490637927.9999), ('0000000010', 1490637928.0, 1490637928.4999), ('0000000004', 1490637928.5, 1490637928.9999), ('0000000005', 1490637929.0, 1490637929.4999), ('rand_frame', 1490637929.5, 1490637929.9999), ('rand_frame', 1490637930.0, 1490637930.4999), ('rand_frame', 1490637930.5, 1490637930.9999)]
2017-03-28 02:05:24.152175 send VFS_BROADCAST 27, Total nodes: 10, Seed: 5c785d3ad1, Node begin: 2017-03-28 02:05:26, 
Session: [('0003075786', 1490637926.0, 1490637926.4999), ('0000000006', 1490637926.5, 1490637926.9999), ('0003094D5C', 1490637927.0, 1490637927.4999), ('0000000007', 1490637927.5, 1490637927.9999), ('0000000010', 1490637928.0, 1490637928.4999), ('0000000004', 1490637928.5, 1490637928.9999), ('0000000005', 1490637929.0, 1490637929.4999), ('rand_frame', 1490637929.5, 1490637929.9999), ('rand_frame', 1490637930.0, 1490637930.4999), ('rand_frame', 1490637930.5, 1490637930.9999)]
2017-03-28 02:05:24.157152 send VFS_BROADCAST 28, Total nodes: 10, Seed: 5c785d3ad1, Node begin: 2017-03-28 02:05:26, 
Session: [('0003075786', 1490637926.0, 1490637926.4999), ('0000000006', 1490637926.5, 1490637926.9999), ('0003094D5C', 1490637927.0, 1490637927.4999), ('0000000007', 1490637927.5, 1490637927.9999), ('0000000010', 1490637928.0, 1490637928.4999), ('0000000004', 1490637928.5, 1490637928.9999), ('0000000005', 1490637929.0, 1490637929.4999), ('rand_frame', 1490637929.5, 1490637929.9999), ('rand_frame', 1490637930.0, 1490637930.4999), ('rand_frame', 1490637930.5, 1490637930.9999)]
2017-03-28 02:05:24.163106 send VFS_BROADCAST 29, Total nodes: 10, Seed: 5c785d3ad1, Node begin: 2017-03-28 02:05:26, 
Session: [('0003075786', 1490637926.0, 1490637926.4999), ('0000000006', 1490637926.5, 1490637926.9999), ('0003094D5C', 1490637927.0, 1490637927.4999), ('0000000007', 1490637927.5, 1490637927.9999), ('0000000010', 1490637928.0, 1490637928.4999), ('0000000004', 1490637928.5, 1490637928.9999), ('0000000005', 1490637929.0, 1490637929.4999), ('rand_frame', 1490637929.5, 1490637929.9999), ('rand_frame', 1490637930.0, 1490637930.4999), ('rand_frame', 1490637930.5, 1490637930.9999)]
2017-03-28 02:05:24.168302 send VFS_BROADCAST 30, Total nodes: 10, Seed: 5c785d3ad1, Node begin: 2017-03-28 02:05:26, 
Session: [('0003075786', 1490637926.0, 1490637926.4999), ('0000000006', 1490637926.5, 1490637926.9999), ('0003094D5C', 1490637927.0, 1490637927.4999), ('0000000007', 1490637927.5, 1490637927.9999), ('0000000010', 1490637928.0, 1490637928.4999), ('0000000004', 1490637928.5, 1490637928.9999), ('0000000005', 1490637929.0, 1490637929.4999), ('rand_frame', 1490637929.5, 1490637929.9999), ('rand_frame', 1490637930.0, 1490637930.4999), ('rand_frame', 1490637930.5, 1490637930.9999)]
2017-03-28 02:05:24.171499 - thread done - 
 - duration 0.172207117081 -
------ Broadcast VFS end ------
------ Listen VFS packets start ------
Invalid pkt_type 6. Drop pkt!
Invalid pkt_type 6. Drop pkt!
Invalid pkt_type 6. Drop pkt!
Invalid pkt_type 6. Drop pkt!
Invalid pkt_type 6. Drop pkt!
Invalid pkt_type 6. Drop pkt!
Invalid pkt_type 6. Drop pkt!
Invalid pkt_type 6. Drop pkt!
Invalid pkt_type 6. Drop pkt!
Invalid pkt_type 6. Drop pkt!
Invalid pkt_type 6. Drop pkt!
Invalid pkt_type 6. Drop pkt!
Invalid pkt_type 6. Drop pkt!
Invalid pkt_type 6. Drop pkt!
2017-03-28 02:05:26.166209 (1490637926.17) [Slot 0: Node 0003075786 Session] BS recv VFS_PKT 1, data: Hello, I am node 000Γ175786
2017-03-28 02:05:26.177470 (1490637926.18) [Slot 0: Node 0003075786 Session] BS recv VFS_PKT 2, data: Hello, I am node 0003075786
2017-03-28 02:05:26.189101 (1490637926.19) [Slot 0: Node 0003075786 Session] BS recv VFS_PKT 3, data: Hello, I am node 0003075786
2017-03-28 02:05:26.201064 (1490637926.2) [Slot 0: Node 0003075786 Session] BS recv VFS_PKT 4, data: Hello, I am node 0003075786
2017-03-28 02:05:26.212064 (1490637926.21) [Slot 0: Node 0003075786 Session] BS recv VFS_PKT 5, data: Hello, I am node 0003075786
2017-03-28 02:05:26.225585 (1490637926.23) [Slot 0: Node 0003075786 Session] BS recv VFS_PKT 6, data: Hello, I am node 0003075786
2017-03-28 02:05:26.235138 (1490637926.24) [Slot 0: Node 0003075786 Session] BS recv VFS_PKT 7, data: Hello, I am node 0003075786
2017-03-28 02:05:26.246804 (1490637926.25) [Slot 0: Node 0003075786 Session] BS recv VFS_PKT 8, data: Hello, I am node 0003075786
2017-03-28 02:05:26.258126 (1490637926.26) [Slot 0: Node 0003075786 Session] BS recv VFS_PKT 9, data: Hello, I am node 0003075786
2017-03-28 02:05:26.273120 (1490637926.27) [Slot 0: Node 0003075786 Session] BS recv VFS_PKT 10, data: Hello, I am node 0003075786
2017-03-28 02:05:26.281839 (1490637926.28) [Slot 0: Node 0003075786 Session] BS recv VFS_PKT 11, data: Hello, I am node 0003075786
2017-03-28 02:05:26.298962 (1490637926.3) [Slot 0: Node 0003075786 Session] BS recv VFS_PKT 12, data: Hello, I am node 0003075786
2017-03-28 02:05:26.305336 (1490637926.31) [Slot 0: Node 0003075786 Session] BS recv VFS_PKT 13, data: Hello, I am node 0003075786
2017-03-28 02:05:26.316114 (1490637926.32) [Slot 0: Node 0003075786 Session] BS recv VFS_PKT 14, data: Hello, I am node 0003075786
2017-03-28 02:05:26.332240 (1490637926.33) [Slot 0: Node 0003075786 Session] BS recv VFS_PKT 15, data: Hello, I am node 0003075786
2017-03-28 02:05:26.338638 (1490637926.34) [Slot 0: Node 0003075786 Session] BS recv VFS_PKT 16, data: Hello, I am node 0003075786
2017-03-28 02:05:26.352454 (1490637926.35) [Slot 0: Node 0003075786 Session] BS recv VFS_PKT 17, data: Hello, I am node 0003075786
2017-03-28 02:05:26.363440 (1490637926.36) [Slot 0: Node 0003075786 Session] BS recv VFS_PKT 18, data: Hello, I am node 0003075786
2017-03-28 02:05:26.373710 (1490637926.37) [Slot 0: Node 0003075786 Session] BS recv VFS_PKT 19, data: Hello, I am node 0003075786
2017-03-28 02:05:26.386559 (1490637926.39) [Slot 0: Node 0003075786 Session] BS recv VFS_PKT 20, data: Hello, I am node 0003075786
2017-03-28 02:05:26.397435 (1490637926.4) [Slot 0: Node 0003075786 Session] BS recv VFS_PKT 21, data: Hello, I am node 0003075786
2017-03-28 02:05:26.409607 (1490637926.41) [Slot 0: Node 0003075786 Session] BS recv VFS_PKT 22, data: Hello, I am node 0003075786
2017-03-28 02:05:26.419873 (1490637926.42) [Slot 0: Node 0003075786 Session] BS recv VFS_PKT 23, data: Hello, I am node 0003075786
2017-03-28 02:05:26.431391 (1490637926.43) [Slot 0: Node 0003075786 Session] BS recv VFS_PKT 24, data: Hello, I am node 0003075786
2017-03-28 02:05:26.443193 (1490637926.44) [Slot 0: Node 0003075786 Session] BS recv VFS_PKT 25, data: Hello, I am node 0003075786
2017-03-28 02:05:26.456676 (1490637926.46) [Slot 0: Node 0003075786 Session] BS recv VFS_PKT 26, data: Hello, I am node 0003075786
2017-03-28 02:05:26.465650 (1490637926.47) [Slot 0: Node 0003075786 Session] BS recv VFS_PKT 27, data: Hello, I am node 0003075786
2017-03-28 02:05:26.478549 (1490637926.48) [Slot 0: Node 0003075786 Session] BS recv VFS_PKT 28, data: Hello, I am node 0003075786
2017-03-28 02:05:26.493052 (1490637926.49) [Slot 0: Node 0003075786 Session] BS recv VFS_PKT 29, data: Hello, I am node 0003075786
2017-03-28 02:05:26.501452 (1490637926.5) [Slot 1: Node 0000000006 Session] BS recv VFS_PKT 30, data: Hello, I am node 0003075786
Timestamp η}γνδaD~ζBεΗ is not a float. Drop pkt!
2017-03-28 02:05:30.750911 (1490637930.75) [Slot 9: Node rand_frame Session] BS recv VFS_PKT 10, data: Hello, I am node 00030757AF
2017-03-28 02:05:30.762186 (1490637930.76) [Slot 9: Node rand_frame Session] BS recv VFS_PKT 11, data: Hello, I am node 000³1757AF
2017-03-28 02:05:30.774194 (1490637930.77) [Slot 9: Node rand_frame Session] BS recv VFS_PKT 12, data: Hello, I am node 00030757AF
2017-03-28 02:05:30.787739 (1490637930.79) [Slot 9: Node rand_frame Session] BS recv VFS_PKT 13, data: Hello, I am node 00030757AF
2017-03-28 02:05:30.796972 (1490637930.8) [Slot 9: Node rand_frame Session] BS recv VFS_PKT 14, data: Hello, I am node 00030757AF
2017-03-28 02:05:30.808568 (1490637930.81) [Slot 9: Node rand_frame Session] BS recv VFS_PKT 15, data: Hello, I am node 00030757AF
2017-03-28 02:05:30.820023 (1490637930.82) [Slot 9: Node rand_frame Session] BS recv VFS_PKT 16, data: Hello, I am node 00030757AF
2017-03-28 02:05:30.831519 (1490637930.83) [Slot 9: Node rand_frame Session] BS recv VFS_PKT 17, data: Hello, I am node 00030757AF
2017-03-28 02:05:30.844136 (1490637930.84) [Slot 9: Node rand_frame Session] BS recv VFS_PKT 18, data: Hello, I am node 00030757AF
2017-03-28 02:05:30.855408 (1490637930.86) [Slot 9: Node rand_frame Session] BS recv VFS_PKT 19, data: Hello, I am node 00030757AF
2017-03-28 02:05:30.865943 (1490637930.87) [Slot 9: Node rand_frame Session] BS recv VFS_PKT 20, data: Hello, I am node 00030757AF
2017-03-28 02:05:30.878851 (1490637930.88) [Slot 9: Node rand_frame Session] BS recv VFS_PKT 21, data: Hello, I am node 00030757AF
2017-03-28 02:05:30.889207 (1490637930.89) [Slot 9: Node rand_frame Session] BS recv VFS_PKT 22, data: Hello, I am node 00030757AF
2017-03-28 02:05:30.900600 (1490637930.9) [Slot 9: Node rand_frame Session] BS recv VFS_PKT 23, data: Hello, I am node 00030757AF
2017-03-28 02:05:30.913800 (1490637930.91) [Slot 9: Node rand_frame Session] BS recv VFS_PKT 24, data: Hello, I am node 00030757AF
2017-03-28 02:05:30.923356 (1490637930.92) [Slot 9: Node rand_frame Session] BS recv VFS_PKT 25, data: Hello, I am node 00030757AF
2017-03-28 02:05:30.934933 (1490637930.93) [Slot 9: Node rand_frame Session] BS recv VFS_PKT 26, data: Hello, I am node 00030757AF
2017-03-28 02:05:30.946965 (1490637930.95) [Slot 9: Node rand_frame Session] BS recv VFS_PKT 27, data: Hello, I am node 00030757AF
2017-03-28 02:05:30.958080 (1490637930.96) [Slot 9: Node rand_frame Session] BS recv VFS_PKT 28, data: Hello, I am node 00030757AF
2017-03-28 02:05:30.969378 (1490637930.97) [Slot 9: Node rand_frame Session] BS recv VFS_PKT 29, data: Hello, I am node 00030757AF
2017-03-28 02:05:30.981782 (1490637930.98) [Slot 9: Node rand_frame Session] BS recv VFS_PKT 30, data: Hello, I am node 00030757AF
 - duration 7.33006334305 -
------ Listen VFS packets end ------

 - VFS duration 8.50449895859 -
------ VFS cycle ends at 2017-03-28 02:05:31.510888 ------



=============================================================================================
========================================== ROUND 2 ==========================================
=============================================================================================


------ Broadcast Beacon ------
2017-03-28 02:05:31.513679 broadcast BEACON - 1
2017-03-28 02:05:31.518922 broadcast BEACON - 2
2017-03-28 02:05:31.524289 broadcast BEACON - 3
2017-03-28 02:05:31.529656 broadcast BEACON - 4
2017-03-28 02:05:31.534870 broadcast BEACON - 5
2017-03-28 02:05:31.540092 broadcast BEACON - 6
2017-03-28 02:05:31.545842 broadcast BEACON - 7
2017-03-28 02:05:31.551508 broadcast BEACON - 8
2017-03-28 02:05:31.556574 broadcast BEACON - 9
2017-03-28 02:05:31.562337 broadcast BEACON - 10
2017-03-28 02:05:31.568017 broadcast BEACON - 11
2017-03-28 02:05:31.573222 broadcast BEACON - 12
2017-03-28 02:05:31.578419 broadcast BEACON - 13
2017-03-28 02:05:31.583882 broadcast BEACON - 14
2017-03-28 02:05:31.588959 broadcast BEACON - 15
2017-03-28 02:05:31.594842 broadcast BEACON - 16
2017-03-28 02:05:31.599844 broadcast BEACON - 17
2017-03-28 02:05:31.605313 broadcast BEACON - 18
2017-03-28 02:05:31.610525 broadcast BEACON - 19
2017-03-28 02:05:31.617020 broadcast BEACON - 20
2017-03-28 02:05:31.622784 broadcast BEACON - 21
2017-03-28 02:05:31.628749 broadcast BEACON - 22
2017-03-28 02:05:31.634219 broadcast BEACON - 23
2017-03-28 02:05:31.639942 broadcast BEACON - 24
2017-03-28 02:05:31.646116 broadcast BEACON - 25
2017-03-28 02:05:31.652357 broadcast BEACON - 26
2017-03-28 02:05:31.658022 broadcast BEACON - 27
2017-03-28 02:05:31.663832 broadcast BEACON - 28
2017-03-28 02:05:31.669310 broadcast BEACON - 29
2017-03-28 02:05:31.675421 broadcast BEACON - 30
2017-03-28 02:05:31.677756 - thread done - 
 - duration 0.165519237518 -
------ Broadcast Beacon end --------
Sleep for 0.2 second

------ Broadcast Beacon ------
2017-03-28 02:05:31.881000 broadcast BEACON - 1
2017-03-28 02:05:31.886775 broadcast BEACON - 2
2017-03-28 02:05:31.893124 broadcast BEACON - 3
2017-03-28 02:05:31.898755 broadcast BEACON - 4
2017-03-28 02:05:31.905512 broadcast BEACON - 5
2017-03-28 02:05:31.911181 broadcast BEACON - 6
2017-03-28 02:05:31.918301 broadcast BEACON - 7
2017-03-28 02:05:31.924654 broadcast BEACON - 8
2017-03-28 02:05:31.929867 broadcast BEACON - 9
2017-03-28 02:05:31.935346 broadcast BEACON - 10
2017-03-28 02:05:31.940855 broadcast BEACON - 11
2017-03-28 02:05:31.946044 broadcast BEACON - 12
2017-03-28 02:05:31.952170 broadcast BEACON - 13
2017-03-28 02:05:31.957289 broadcast BEACON - 14
2017-03-28 02:05:31.963833 broadcast BEACON - 15
2017-03-28 02:05:31.968739 broadcast BEACON - 16
2017-03-28 02:05:31.974449 broadcast BEACON - 17
2017-03-28 02:05:31.980642 broadcast BEACON - 18
2017-03-28 02:05:31.987242 broadcast BEACON - 19
2017-03-28 02:05:31.993476 broadcast BEACON - 20
2017-03-28 02:05:31.998657 broadcast BEACON - 21
2017-03-28 02:05:32.004199 broadcast BEACON - 22
2017-03-28 02:05:32.009500 broadcast BEACON - 23
2017-03-28 02:05:32.015107 broadcast BEACON - 24
2017-03-28 02:05:32.021116 broadcast BEACON - 25
2017-03-28 02:05:32.027026 broadcast BEACON - 26
2017-03-28 02:05:32.032232 broadcast BEACON - 27
2017-03-28 02:05:32.037752 broadcast BEACON - 28
2017-03-28 02:05:32.043624 broadcast BEACON - 29
2017-03-28 02:05:32.048712 broadcast BEACON - 30
2017-03-28 02:05:32.049722 - thread done - 
 - duration 0.170150279999 -
------ Broadcast Beacon end --------
Sleep for 0.5 second

 - Sync duration 1.04124307632 -

singleton_nodes_amount 7/10, is_below_singleton_rate? False
Calculated VFS seed: f35de47625, Singleton rate: 0.7, calculation count: 1, 
raw v-frame [['0'], ['0'], ['0003094D5C', '0000000004', '0000000007'], ['0'], ['0000000010'], ['0'], ['0'], ['0003075786'], ['0'], ['0000000006'], ['0'], ['0'], ['0'], ['00030757AF'], ['0'], ['0000000008'], ['0'], ['0000000005'], ['0'], ['0000000009']] 
v-frame ['0', '0', '0', '0', '1', '0', '0', '1', '0', '1', '0', '0', '0', '1', '0', '1', '0', '1', '0', '1'] 
rand-frame ['0003094D5C', '0000000004', '0000000007'] 
alloc-frame ['0000000010', '0003075786', '0000000006', '00030757AF', '0000000008', '0000000005', '0000000009']
 - duration 0.00101447105408 -
------ Broadcast VFS packets ------
Fire at absolute 2017-03-28 02:05:32.999862
2017-03-28 02:05:33.000627 send VFS_BROADCAST 1, Total nodes: 10, Seed: f35de47625, Node begin: 2017-03-28 02:05:35, 
Session: [('0000000010', 1490637935.0, 1490637935.4999), ('0003075786', 1490637935.5, 1490637935.9999), ('0000000006', 1490637936.0, 1490637936.4999), ('00030757AF', 1490637936.5, 1490637936.9999), ('0000000008', 1490637937.0, 1490637937.4999), ('0000000005', 1490637937.5, 1490637937.9999), ('0000000009', 1490637938.0, 1490637938.4999), ('rand_frame', 1490637938.5, 1490637938.9999), ('rand_frame', 1490637939.0, 1490637939.4999), ('rand_frame', 1490637939.5, 1490637939.9999)]
2017-03-28 02:05:33.005879 send VFS_BROADCAST 2, Total nodes: 10, Seed: f35de47625, Node begin: 2017-03-28 02:05:35, 
Session: [('0000000010', 1490637935.0, 1490637935.4999), ('0003075786', 1490637935.5, 1490637935.9999), ('0000000006', 1490637936.0, 1490637936.4999), ('00030757AF', 1490637936.5, 1490637936.9999), ('0000000008', 1490637937.0, 1490637937.4999), ('0000000005', 1490637937.5, 1490637937.9999), ('0000000009', 1490637938.0, 1490637938.4999), ('rand_frame', 1490637938.5, 1490637938.9999), ('rand_frame', 1490637939.0, 1490637939.4999), ('rand_frame', 1490637939.5, 1490637939.9999)]
2017-03-28 02:05:33.011410 send VFS_BROADCAST 3, Total nodes: 10, Seed: f35de47625, Node begin: 2017-03-28 02:05:35, 
Session: [('0000000010', 1490637935.0, 1490637935.4999), ('0003075786', 1490637935.5, 1490637935.9999), ('0000000006', 1490637936.0, 1490637936.4999), ('00030757AF', 1490637936.5, 1490637936.9999), ('0000000008', 1490637937.0, 1490637937.4999), ('0000000005', 1490637937.5, 1490637937.9999), ('0000000009', 1490637938.0, 1490637938.4999), ('rand_frame', 1490637938.5, 1490637938.9999), ('rand_frame', 1490637939.0, 1490637939.4999), ('rand_frame', 1490637939.5, 1490637939.9999)]
2017-03-28 02:05:33.018113 send VFS_BROADCAST 4, Total nodes: 10, Seed: f35de47625, Node begin: 2017-03-28 02:05:35, 
Session: [('0000000010', 1490637935.0, 1490637935.4999), ('0003075786', 1490637935.5, 1490637935.9999), ('0000000006', 1490637936.0, 1490637936.4999), ('00030757AF', 1490637936.5, 1490637936.9999), ('0000000008', 1490637937.0, 1490637937.4999), ('0000000005', 1490637937.5, 1490637937.9999), ('0000000009', 1490637938.0, 1490637938.4999), ('rand_frame', 1490637938.5, 1490637938.9999), ('rand_frame', 1490637939.0, 1490637939.4999), ('rand_frame', 1490637939.5, 1490637939.9999)]
2017-03-28 02:05:33.023100 send VFS_BROADCAST 5, Total nodes: 10, Seed: f35de47625, Node begin: 2017-03-28 02:05:35, 
Session: [('0000000010', 1490637935.0, 1490637935.4999), ('0003075786', 1490637935.5, 1490637935.9999), ('0000000006', 1490637936.0, 1490637936.4999), ('00030757AF', 1490637936.5, 1490637936.9999), ('0000000008', 1490637937.0, 1490637937.4999), ('0000000005', 1490637937.5, 1490637937.9999), ('0000000009', 1490637938.0, 1490637938.4999), ('rand_frame', 1490637938.5, 1490637938.9999), ('rand_frame', 1490637939.0, 1490637939.4999), ('rand_frame', 1490637939.5, 1490637939.9999)]
2017-03-28 02:05:33.028388 send VFS_BROADCAST 6, Total nodes: 10, Seed: f35de47625, Node begin: 2017-03-28 02:05:35, 
Session: [('0000000010', 1490637935.0, 1490637935.4999), ('0003075786', 1490637935.5, 1490637935.9999), ('0000000006', 1490637936.0, 1490637936.4999), ('00030757AF', 1490637936.5, 1490637936.9999), ('0000000008', 1490637937.0, 1490637937.4999), ('0000000005', 1490637937.5, 1490637937.9999), ('0000000009', 1490637938.0, 1490637938.4999), ('rand_frame', 1490637938.5, 1490637938.9999), ('rand_frame', 1490637939.0, 1490637939.4999), ('rand_frame', 1490637939.5, 1490637939.9999)]
2017-03-28 02:05:33.034267 send VFS_BROADCAST 7, Total nodes: 10, Seed: f35de47625, Node begin: 2017-03-28 02:05:35, 
Session: [('0000000010', 1490637935.0, 1490637935.4999), ('0003075786', 1490637935.5, 1490637935.9999), ('0000000006', 1490637936.0, 1490637936.4999), ('00030757AF', 1490637936.5, 1490637936.9999), ('0000000008', 1490637937.0, 1490637937.4999), ('0000000005', 1490637937.5, 1490637937.9999), ('0000000009', 1490637938.0, 1490637938.4999), ('rand_frame', 1490637938.5, 1490637938.9999), ('rand_frame', 1490637939.0, 1490637939.4999), ('rand_frame', 1490637939.5, 1490637939.9999)]
2017-03-28 02:05:33.040642 send VFS_BROADCAST 8, Total nodes: 10, Seed: f35de47625, Node begin: 2017-03-28 02:05:35, 
Session: [('0000000010', 1490637935.0, 1490637935.4999), ('0003075786', 1490637935.5, 1490637935.9999), ('0000000006', 1490637936.0, 1490637936.4999), ('00030757AF', 1490637936.5, 1490637936.9999), ('0000000008', 1490637937.0, 1490637937.4999), ('0000000005', 1490637937.5, 1490637937.9999), ('0000000009', 1490637938.0, 1490637938.4999), ('rand_frame', 1490637938.5, 1490637938.9999), ('rand_frame', 1490637939.0, 1490637939.4999), ('rand_frame', 1490637939.5, 1490637939.9999)]
2017-03-28 02:05:33.046469 send VFS_BROADCAST 9, Total nodes: 10, Seed: f35de47625, Node begin: 2017-03-28 02:05:35, 
Session: [('0000000010', 1490637935.0, 1490637935.4999), ('0003075786', 1490637935.5, 1490637935.9999), ('0000000006', 1490637936.0, 1490637936.4999), ('00030757AF', 1490637936.5, 1490637936.9999), ('0000000008', 1490637937.0, 1490637937.4999), ('0000000005', 1490637937.5, 1490637937.9999), ('0000000009', 1490637938.0, 1490637938.4999), ('rand_frame', 1490637938.5, 1490637938.9999), ('rand_frame', 1490637939.0, 1490637939.4999), ('rand_frame', 1490637939.5, 1490637939.9999)]
2017-03-28 02:05:33.051676 send VFS_BROADCAST 10, Total nodes: 10, Seed: f35de47625, Node begin: 2017-03-28 02:05:35, 
Session: [('0000000010', 1490637935.0, 1490637935.4999), ('0003075786', 1490637935.5, 1490637935.9999), ('0000000006', 1490637936.0, 1490637936.4999), ('00030757AF', 1490637936.5, 1490637936.9999), ('0000000008', 1490637937.0, 1490637937.4999), ('0000000005', 1490637937.5, 1490637937.9999), ('0000000009', 1490637938.0, 1490637938.4999), ('rand_frame', 1490637938.5, 1490637938.9999), ('rand_frame', 1490637939.0, 1490637939.4999), ('rand_frame', 1490637939.5, 1490637939.9999)]
2017-03-28 02:05:33.057493 send VFS_BROADCAST 11, Total nodes: 10, Seed: f35de47625, Node begin: 2017-03-28 02:05:35, 
Session: [('0000000010', 1490637935.0, 1490637935.4999), ('0003075786', 1490637935.5, 1490637935.9999), ('0000000006', 1490637936.0, 1490637936.4999), ('00030757AF', 1490637936.5, 1490637936.9999), ('0000000008', 1490637937.0, 1490637937.4999), ('0000000005', 1490637937.5, 1490637937.9999), ('0000000009', 1490637938.0, 1490637938.4999), ('rand_frame', 1490637938.5, 1490637938.9999), ('rand_frame', 1490637939.0, 1490637939.4999), ('rand_frame', 1490637939.5, 1490637939.9999)]
2017-03-28 02:05:33.063309 send VFS_BROADCAST 12, Total nodes: 10, Seed: f35de47625, Node begin: 2017-03-28 02:05:35, 
Session: [('0000000010', 1490637935.0, 1490637935.4999), ('0003075786', 1490637935.5, 1490637935.9999), ('0000000006', 1490637936.0, 1490637936.4999), ('00030757AF', 1490637936.5, 1490637936.9999), ('0000000008', 1490637937.0, 1490637937.4999), ('0000000005', 1490637937.5, 1490637937.9999), ('0000000009', 1490637938.0, 1490637938.4999), ('rand_frame', 1490637938.5, 1490637938.9999), ('rand_frame', 1490637939.0, 1490637939.4999), ('rand_frame', 1490637939.5, 1490637939.9999)]
2017-03-28 02:05:33.068876 send VFS_BROADCAST 13, Total nodes: 10, Seed: f35de47625, Node begin: 2017-03-28 02:05:35, 
Session: [('0000000010', 1490637935.0, 1490637935.4999), ('0003075786', 1490637935.5, 1490637935.9999), ('0000000006', 1490637936.0, 1490637936.4999), ('00030757AF', 1490637936.5, 1490637936.9999), ('0000000008', 1490637937.0, 1490637937.4999), ('0000000005', 1490637937.5, 1490637937.9999), ('0000000009', 1490637938.0, 1490637938.4999), ('rand_frame', 1490637938.5, 1490637938.9999), ('rand_frame', 1490637939.0, 1490637939.4999), ('rand_frame', 1490637939.5, 1490637939.9999)]
2017-03-28 02:05:33.075239 send VFS_BROADCAST 14, Total nodes: 10, Seed: f35de47625, Node begin: 2017-03-28 02:05:35, 
Session: [('0000000010', 1490637935.0, 1490637935.4999), ('0003075786', 1490637935.5, 1490637935.9999), ('0000000006', 1490637936.0, 1490637936.4999), ('00030757AF', 1490637936.5, 1490637936.9999), ('0000000008', 1490637937.0, 1490637937.4999), ('0000000005', 1490637937.5, 1490637937.9999), ('0000000009', 1490637938.0, 1490637938.4999), ('rand_frame', 1490637938.5, 1490637938.9999), ('rand_frame', 1490637939.0, 1490637939.4999), ('rand_frame', 1490637939.5, 1490637939.9999)]
2017-03-28 02:05:33.080891 send VFS_BROADCAST 15, Total nodes: 10, Seed: f35de47625, Node begin: 2017-03-28 02:05:35, 
Session: [('0000000010', 1490637935.0, 1490637935.4999), ('0003075786', 1490637935.5, 1490637935.9999), ('0000000006', 1490637936.0, 1490637936.4999), ('00030757AF', 1490637936.5, 1490637936.9999), ('0000000008', 1490637937.0, 1490637937.4999), ('0000000005', 1490637937.5, 1490637937.9999), ('0000000009', 1490637938.0, 1490637938.4999), ('rand_frame', 1490637938.5, 1490637938.9999), ('rand_frame', 1490637939.0, 1490637939.4999), ('rand_frame', 1490637939.5, 1490637939.9999)]
2017-03-28 02:05:33.087967 send VFS_BROADCAST 16, Total nodes: 10, Seed: f35de47625, Node begin: 2017-03-28 02:05:35, 
Session: [('0000000010', 1490637935.0, 1490637935.4999), ('0003075786', 1490637935.5, 1490637935.9999), ('0000000006', 1490637936.0, 1490637936.4999), ('00030757AF', 1490637936.5, 1490637936.9999), ('0000000008', 1490637937.0, 1490637937.4999), ('0000000005', 1490637937.5, 1490637937.9999), ('0000000009', 1490637938.0, 1490637938.4999), ('rand_frame', 1490637938.5, 1490637938.9999), ('rand_frame', 1490637939.0, 1490637939.4999), ('rand_frame', 1490637939.5, 1490637939.9999)]
2017-03-28 02:05:33.094034 send VFS_BROADCAST 17, Total nodes: 10, Seed: f35de47625, Node begin: 2017-03-28 02:05:35, 
Session: [('0000000010', 1490637935.0, 1490637935.4999), ('0003075786', 1490637935.5, 1490637935.9999), ('0000000006', 1490637936.0, 1490637936.4999), ('00030757AF', 1490637936.5, 1490637936.9999), ('0000000008', 1490637937.0, 1490637937.4999), ('0000000005', 1490637937.5, 1490637937.9999), ('0000000009', 1490637938.0, 1490637938.4999), ('rand_frame', 1490637938.5, 1490637938.9999), ('rand_frame', 1490637939.0, 1490637939.4999), ('rand_frame', 1490637939.5, 1490637939.9999)]
2017-03-28 02:05:33.099243 send VFS_BROADCAST 18, Total nodes: 10, Seed: f35de47625, Node begin: 2017-03-28 02:05:35, 
Session: [('0000000010', 1490637935.0, 1490637935.4999), ('0003075786', 1490637935.5, 1490637935.9999), ('0000000006', 1490637936.0, 1490637936.4999), ('00030757AF', 1490637936.5, 1490637936.9999), ('0000000008', 1490637937.0, 1490637937.4999), ('0000000005', 1490637937.5, 1490637937.9999), ('0000000009', 1490637938.0, 1490637938.4999), ('rand_frame', 1490637938.5, 1490637938.9999), ('rand_frame', 1490637939.0, 1490637939.4999), ('rand_frame', 1490637939.5, 1490637939.9999)]
2017-03-28 02:05:33.105052 send VFS_BROADCAST 19, Total nodes: 10, Seed: f35de47625, Node begin: 2017-03-28 02:05:35, 
Session: [('0000000010', 1490637935.0, 1490637935.4999), ('0003075786', 1490637935.5, 1490637935.9999), ('0000000006', 1490637936.0, 1490637936.4999), ('00030757AF', 1490637936.5, 1490637936.9999), ('0000000008', 1490637937.0, 1490637937.4999), ('0000000005', 1490637937.5, 1490637937.9999), ('0000000009', 1490637938.0, 1490637938.4999), ('rand_frame', 1490637938.5, 1490637938.9999), ('rand_frame', 1490637939.0, 1490637939.4999), ('rand_frame', 1490637939.5, 1490637939.9999)]
2017-03-28 02:05:33.110015 send VFS_BROADCAST 20, Total nodes: 10, Seed: f35de47625, Node begin: 2017-03-28 02:05:35, 
Session: [('0000000010', 1490637935.0, 1490637935.4999), ('0003075786', 1490637935.5, 1490637935.9999), ('0000000006', 1490637936.0, 1490637936.4999), ('00030757AF', 1490637936.5, 1490637936.9999), ('0000000008', 1490637937.0, 1490637937.4999), ('0000000005', 1490637937.5, 1490637937.9999), ('0000000009', 1490637938.0, 1490637938.4999), ('rand_frame', 1490637938.5, 1490637938.9999), ('rand_frame', 1490637939.0, 1490637939.4999), ('rand_frame', 1490637939.5, 1490637939.9999)]
2017-03-28 02:05:33.116345 send VFS_BROADCAST 21, Total nodes: 10, Seed: f35de47625, Node begin: 2017-03-28 02:05:35, 
Session: [('0000000010', 1490637935.0, 1490637935.4999), ('0003075786', 1490637935.5, 1490637935.9999), ('0000000006', 1490637936.0, 1490637936.4999), ('00030757AF', 1490637936.5, 1490637936.9999), ('0000000008', 1490637937.0, 1490637937.4999), ('0000000005', 1490637937.5, 1490637937.9999), ('0000000009', 1490637938.0, 1490637938.4999), ('rand_frame', 1490637938.5, 1490637938.9999), ('rand_frame', 1490637939.0, 1490637939.4999), ('rand_frame', 1490637939.5, 1490637939.9999)]
2017-03-28 02:05:33.121508 send VFS_BROADCAST 22, Total nodes: 10, Seed: f35de47625, Node begin: 2017-03-28 02:05:35, 
Session: [('0000000010', 1490637935.0, 1490637935.4999), ('0003075786', 1490637935.5, 1490637935.9999), ('0000000006', 1490637936.0, 1490637936.4999), ('00030757AF', 1490637936.5, 1490637936.9999), ('0000000008', 1490637937.0, 1490637937.4999), ('0000000005', 1490637937.5, 1490637937.9999), ('0000000009', 1490637938.0, 1490637938.4999), ('rand_frame', 1490637938.5, 1490637938.9999), ('rand_frame', 1490637939.0, 1490637939.4999), ('rand_frame', 1490637939.5, 1490637939.9999)]
2017-03-28 02:05:33.127321 send VFS_BROADCAST 23, Total nodes: 10, Seed: f35de47625, Node begin: 2017-03-28 02:05:35, 
Session: [('0000000010', 1490637935.0, 1490637935.4999), ('0003075786', 1490637935.5, 1490637935.9999), ('0000000006', 1490637936.0, 1490637936.4999), ('00030757AF', 1490637936.5, 1490637936.9999), ('0000000008', 1490637937.0, 1490637937.4999), ('0000000005', 1490637937.5, 1490637937.9999), ('0000000009', 1490637938.0, 1490637938.4999), ('rand_frame', 1490637938.5, 1490637938.9999), ('rand_frame', 1490637939.0, 1490637939.4999), ('rand_frame', 1490637939.5, 1490637939.9999)]
2017-03-28 02:05:33.132627 send VFS_BROADCAST 24, Total nodes: 10, Seed: f35de47625, Node begin: 2017-03-28 02:05:35, 
Session: [('0000000010', 1490637935.0, 1490637935.4999), ('0003075786', 1490637935.5, 1490637935.9999), ('0000000006', 1490637936.0, 1490637936.4999), ('00030757AF', 1490637936.5, 1490637936.9999), ('0000000008', 1490637937.0, 1490637937.4999), ('0000000005', 1490637937.5, 1490637937.9999), ('0000000009', 1490637938.0, 1490637938.4999), ('rand_frame', 1490637938.5, 1490637938.9999), ('rand_frame', 1490637939.0, 1490637939.4999), ('rand_frame', 1490637939.5, 1490637939.9999)]
2017-03-28 02:05:33.139208 send VFS_BROADCAST 25, Total nodes: 10, Seed: f35de47625, Node begin: 2017-03-28 02:05:35, 
Session: [('0000000010', 1490637935.0, 1490637935.4999), ('0003075786', 1490637935.5, 1490637935.9999), ('0000000006', 1490637936.0, 1490637936.4999), ('00030757AF', 1490637936.5, 1490637936.9999), ('0000000008', 1490637937.0, 1490637937.4999), ('0000000005', 1490637937.5, 1490637937.9999), ('0000000009', 1490637938.0, 1490637938.4999), ('rand_frame', 1490637938.5, 1490637938.9999), ('rand_frame', 1490637939.0, 1490637939.4999), ('rand_frame', 1490637939.5, 1490637939.9999)]
2017-03-28 02:05:33.144801 send VFS_BROADCAST 26, Total nodes: 10, Seed: f35de47625, Node begin: 2017-03-28 02:05:35, 
Session: [('0000000010', 1490637935.0, 1490637935.4999), ('0003075786', 1490637935.5, 1490637935.9999), ('0000000006', 1490637936.0, 1490637936.4999), ('00030757AF', 1490637936.5, 1490637936.9999), ('0000000008', 1490637937.0, 1490637937.4999), ('0000000005', 1490637937.5, 1490637937.9999), ('0000000009', 1490637938.0, 1490637938.4999), ('rand_frame', 1490637938.5, 1490637938.9999), ('rand_frame', 1490637939.0, 1490637939.4999), ('rand_frame', 1490637939.5, 1490637939.9999)]
2017-03-28 02:05:33.150251 send VFS_BROADCAST 27, Total nodes: 10, Seed: f35de47625, Node begin: 2017-03-28 02:05:35, 
Session: [('0000000010', 1490637935.0, 1490637935.4999), ('0003075786', 1490637935.5, 1490637935.9999), ('0000000006', 1490637936.0, 1490637936.4999), ('00030757AF', 1490637936.5, 1490637936.9999), ('0000000008', 1490637937.0, 1490637937.4999), ('0000000005', 1490637937.5, 1490637937.9999), ('0000000009', 1490637938.0, 1490637938.4999), ('rand_frame', 1490637938.5, 1490637938.9999), ('rand_frame', 1490637939.0, 1490637939.4999), ('rand_frame', 1490637939.5, 1490637939.9999)]
2017-03-28 02:05:33.156127 send VFS_BROADCAST 28, Total nodes: 10, Seed: f35de47625, Node begin: 2017-03-28 02:05:35, 
Session: [('0000000010', 1490637935.0, 1490637935.4999), ('0003075786', 1490637935.5, 1490637935.9999), ('0000000006', 1490637936.0, 1490637936.4999), ('00030757AF', 1490637936.5, 1490637936.9999), ('0000000008', 1490637937.0, 1490637937.4999), ('0000000005', 1490637937.5, 1490637937.9999), ('0000000009', 1490637938.0, 1490637938.4999), ('rand_frame', 1490637938.5, 1490637938.9999), ('rand_frame', 1490637939.0, 1490637939.4999), ('rand_frame', 1490637939.5, 1490637939.9999)]
2017-03-28 02:05:33.161381 send VFS_BROADCAST 29, Total nodes: 10, Seed: f35de47625, Node begin: 2017-03-28 02:05:35, 
Session: [('0000000010', 1490637935.0, 1490637935.4999), ('0003075786', 1490637935.5, 1490637935.9999), ('0000000006', 1490637936.0, 1490637936.4999), ('00030757AF', 1490637936.5, 1490637936.9999), ('0000000008', 1490637937.0, 1490637937.4999), ('0000000005', 1490637937.5, 1490637937.9999), ('0000000009', 1490637938.0, 1490637938.4999), ('rand_frame', 1490637938.5, 1490637938.9999), ('rand_frame', 1490637939.0, 1490637939.4999), ('rand_frame', 1490637939.5, 1490637939.9999)]
2017-03-28 02:05:33.166845 send VFS_BROADCAST 30, Total nodes: 10, Seed: f35de47625, Node begin: 2017-03-28 02:05:35, 
Session: [('0000000010', 1490637935.0, 1490637935.4999), ('0003075786', 1490637935.5, 1490637935.9999), ('0000000006', 1490637936.0, 1490637936.4999), ('00030757AF', 1490637936.5, 1490637936.9999), ('0000000008', 1490637937.0, 1490637937.4999), ('0000000005', 1490637937.5, 1490637937.9999), ('0000000009', 1490637938.0, 1490637938.4999), ('rand_frame', 1490637938.5, 1490637938.9999), ('rand_frame', 1490637939.0, 1490637939.4999), ('rand_frame', 1490637939.5, 1490637939.9999)]
2017-03-28 02:05:33.167790 - thread done - 
 - duration 0.167862176895 -
------ Broadcast VFS end ------
------ Listen VFS packets start ------
Invalid pkt_type 6. Drop pkt!
Invalid pkt_type 6. Drop pkt!
Invalid pkt_type 6. Drop pkt!
Invalid pkt_type 6. Drop pkt!
Invalid pkt_type 6. Drop pkt!
Invalid pkt_type 6. Drop pkt!
Invalid pkt_type 6. Drop pkt!
Invalid pkt_type 6. Drop pkt!
Invalid pkt_type 6. Drop pkt!
Invalid pkt_type 6. Drop pkt!
Invalid pkt_type 6. Drop pkt!
Invalid pkt_type 6. Drop pkt!
Invalid pkt_type 6. Drop pkt!
Invalid pkt_type 6. Drop pkt!
2017-03-28 02:05:36.011764 (1490637936.01) [Slot 2: Node 0000000006 Session] BS recv VFS_PKT 1, data: Hello, I am node 0003075786
2017-03-28 02:05:36.024036 (1490637936.02) [Slot 2: Node 0000000006 Session] BS recv VFS_PKT 2, data: Hello, I am node 0003075786
2017-03-28 02:05:36.038100 (1490637936.04) [Slot 2: Node 0000000006 Session] BS recv VFS_PKT 3, data: Hello, I am node 0003075786
2017-03-28 02:05:36.046717 (1490637936.05) [Slot 2: Node 0000000006 Session] BS recv VFS_PKT 4, data: Hello, I am node 0003075786
2017-03-28 02:05:36.058970 (1490637936.06) [Slot 2: Node 0000000006 Session] BS recv VFS_PKT 5, data: Hello, I am node 0003075786
2017-03-28 02:05:36.069453 (1490637936.07) [Slot 2: Node 0000000006 Session] BS recv VFS_PKT 6, data: Hello, I am node 0003075786
2017-03-28 02:05:36.081109 (1490637936.08) [Slot 2: Node 0000000006 Session] BS recv VFS_PKT 7, data: Hello, I am node 0003075786
2017-03-28 02:05:36.092925 (1490637936.09) [Slot 2: Node 0000000006 Session] BS recv VFS_PKT 8, data: Hello, I am node 0003075786
2017-03-28 02:05:36.104126 (1490637936.1) [Slot 2: Node 0000000006 Session] BS recv VFS_PKT 9, data: Hello, I am node 0003075786
2017-03-28 02:05:36.116178 (1490637936.12) [Slot 2: Node 0000000006 Session] BS recv VFS_PKT 10, data: Hello, I am node 0003075786
2017-03-28 02:05:36.129259 (1490637936.13) [Slot 2: Node 0000000006 Session] BS recv VFS_PKT 11, data: Hello, I am node 0003075786
2017-03-28 02:05:36.138924 (1490637936.14) [Slot 2: Node 0000000006 Session] BS recv VFS_PKT 12, data: Hello, I am node 0003075786
2017-03-28 02:05:36.150956 (1490637936.15) [Slot 2: Node 0000000006 Session] BS recv VFS_PKT 13, data: Hello, I am node 0003075786
2017-03-28 02:05:36.162070 (1490637936.16) [Slot 2: Node 0000000006 Session] BS recv VFS_PKT 14, data: Hello, I am nod… 0003075786
2017-03-28 02:05:36.173270 (1490637936.17) [Slot 2: Node 0000000006 Session] BS recv VFS_PKT 15, data: Hello, I am node 0003075786
2017-03-28 02:05:36.184743 (1490637936.18) [Slot 2: Node 0000000006 Session] BS recv VFS_PKT 16, data: Hello, I am node 0003075786
2017-03-28 02:05:36.196325 (1490637936.2) [Slot 2: Node 0000000006 Session] BS recv VFS_PKT 17, data: Hello, I am node 0003075786
2017-03-28 02:05:36.208765 (1490637936.21) [Slot 2: Node 0000000006 Session] BS recv VFS_PKT 18, data: Hello, I am node 0003075786
2017-03-28 02:05:36.220499 (1490637936.22) [Slot 2: Node 0000000006 Session] BS recv VFS_PKT 19, data: Hello, I am node 0003075786
2017-03-28 02:05:36.233514 (1490637936.23) [Slot 2: Node 0000000006 Session] BS recv VFS_PKT 20, data: Hello, I am node 0003075786
2017-03-28 02:05:36.242720 (1490637936.24) [Slot 2: Node 0000000006 Session] BS recv VFS_PKT 21, data: Hello, I am node 0003075786
2017-03-28 02:05:36.255366 (1490637936.26) [Slot 2: Node 0000000006 Session] BS recv VFS_PKT 22, data: Hello, I am node 0003075786
2017-03-28 02:05:36.268398 (1490637936.27) [Slot 2: Node 0000000006 Session] BS recv VFS_PKT 23, data: Hello, I am node 0003075786
2017-03-28 02:05:36.277700 (1490637936.28) [Slot 2: Node 0000000006 Session] BS recv VFS_PKT 24, data: Hello, I am node 0003075786
2017-03-28 02:05:36.288823 (1490637936.29) [Slot 2: Node 0000000006 Session] BS recv VFS_PKT 25, data: Hello, I am node 0003075786
2017-03-28 02:05:36.303631 (1490637936.3) [Slot 2: Node 0000000006 Session] BS recv VFS_PKT 26, data: Hello, I am node 0003075786
2017-03-28 02:05:36.311296 (1490637936.31) [Slot 2: Node 0000000006 Session] BS recv VFS_PKT 27, data: Hello, I am node 0003075786
2017-03-28 02:05:36.323164 (1490637936.32) [Slot 2: Node 0000000006 Session] BS recv VFS_PKT 28, data: Hello, I am node 0003075786
2017-03-28 02:05:36.337509 (1490637936.34) [Slot 2: Node 0000000006 Session] BS recv VFS_PKT 29, data: Hello, I am node 0003075786
2017-03-28 02:05:36.346400 (1490637936.35) [Slot 2: Node 0000000006 Session] BS recv VFS_PKT 30, data: Hello, I am node 0003075786
2017-03-28 02:05:36.646226 (1490637936.65) [Slot 3: Node 00030757AF Session] BS recv VFS_PKT 1, data: Hello, I am node 00030757AF
2017-03-28 02:05:36.658384 (1490637936.66) [Slot 3: Node 00030757AF Session] BS recv VFS_PKT 2, data: Hello, I am node 00030757AF
2017-03-28 02:05:36.669606 (1490637936.67) [Slot 3: Node 00030757AF Session] BS recv VFS_PKT 3, data: Hello, I am node 00030757AF
2017-03-28 02:05:36.683097 (1490637936.68) [Slot 3: Node 00030757AF Session] BS recv VFS_PKT 4, data: Hello, I am node 00030757AF
2017-03-28 02:05:36.692793 (1490637936.69) [Slot 3: Node 00030757AF Session] BS recv VFS_PKT 5, data: Hello, I am node 00030757AF
2017-03-28 02:05:36.703662 (1490637936.7) [Slot 3: Node 00030757AF Session] BS recv VFS_PKT 6, data: Hello, I am node 00030757AF
2017-03-28 02:05:36.715963 (1490637936.72) [Slot 3: Node 00030757AF Session] BS recv VFS_PKT 7, data: Hello, I am node 00030757AF
2017-03-28 02:05:36.727204 (1490637936.73) [Slot 3: Node 00030757AF Session] BS recv VFS_PKT 8, data: Hello, I am node 00030757AF
2017-03-28 02:05:36.740542 (1490637936.74) [Slot 3: Node 00030757AF Session] BS recv VFS_PKT 9, data: Hello, I am node 00030757AF
2017-03-28 02:05:36.750115 (1490637936.75) [Slot 3: Node 00030757AF Session] BS recv VFS_PKT 10, data: Hello, I am node 00030757AF
2017-03-28 02:05:36.765340 (1490637936.77) [Slot 3: Node 00030757AF Session] BS recv VFS_PKT 11, data: Hello, I am node 00030757AF
2017-03-28 02:05:36.773237 (1490637936.77) [Slot 3: Node 00030757AF Session] BS recv VFS_PKT 12, data: Hello, I am node 00030757AF
2017-03-28 02:05:36.787904 (1490637936.79) [Slot 3: Node 00030757AF Session] BS recv VFS_PKT 13, data: Hello, I am node 00030757AF
2017-03-28 02:05:36.797318 (1490637936.8) [Slot 3: Node 00030757AF Session] BS recv VFS_PKT 14, data: Hello, I am nod¥!00030757AF
2017-03-28 02:05:36.810359 (1490637936.81) [Slot 3: Node 00030757AF Session] BS recv VFS_PKT 15, data: Hello, I am node 00030757AF
2017-03-28 02:05:36.820755 (1490637936.82) [Slot 3: Node 00030757AF Session] BS recv VFS_PKT 16, data: Hello, I am node 00030757AF
2017-03-28 02:05:36.830755 (1490637936.83) [Slot 3: Node 00030757AF Session] BS recv VFS_PKT 17, data: Hello, I am node 00030757AF
2017-03-28 02:05:36.842405 (1490637936.84) [Slot 3: Node 00030757AF Session] BS recv VFS_PKT 18, data: Hello, I am node 00030757AF
2017-03-28 02:05:36.858388 (1490637936.86) [Slot 3: Node 00030757AF Session] BS recv VFS_PKT 19, data: Hello, I am node 00030757AF
2017-03-28 02:05:36.865525 (1490637936.87) [Slot 3: Node 00030757AF Session] BS recv VFS_PKT 20, data: Hello, I am node 00030757AF
2017-03-28 02:05:36.881094 (1490637936.88) [Slot 3: Node 00030757AF Session] BS recv VFS_PKT 21, data: Hello, I am node 00030757AF
2017-03-28 02:05:36.888053 (1490637936.89) [Slot 3: Node 00030757AF Session] BS recv VFS_PKT 22, data: Hello, I am node 00030757AF
2017-03-28 02:05:36.899642 (1490637936.9) [Slot 3: Node 00030757AF Session] BS recv VFS_PKT 23, data: Hello, I am node 00030757AF
2017-03-28 02:05:36.912828 (1490637936.91) [Slot 3: Node 00030757AF Session] BS recv VFS_PKT 24, data: Hello, I am node 00030757AF
2017-03-28 02:05:36.923308 (1490637936.92) [Slot 3: Node 00030757AF Session] BS recv VFS_PKT 25, data: Hello, I am node 00030757AF
2017-03-28 02:05:36.934630 (1490637936.93) [Slot 3: Node 00030757AF Session] BS recv VFS_PKT 26, data: Hello, I am node 00030757AF
2017-03-28 02:05:36.947202 (1490637936.95) [Slot 3: Node 00030757AF Session] BS recv VFS_PKT 27, data: Hello, I am node 00030757AF
2017-03-28 02:05:36.958315 (1490637936.96) [Slot 3: Node 00030757AF Session] BS recv VFS_PKT 28, data: Hello, I am node 00030757AF
2017-03-28 02:05:36.971309 (1490637936.97) [Slot 3: Node 00030757AF Session] BS recv VFS_PKT 29, data: Hello, I am node 00030757AF
2017-03-28 02:05:36.980974 (1490637936.98) [Slot 3: Node 00030757AF Session] BS recv VFS_PKT 30, data: Hello, I am node 00030757AF
 - duration 7.36786770821 -
------ Listen VFS packets end ------

 - VFS duration 7.99146342278 -
------ VFS cycle ends at 2017-03-28 02:05:40.545275 ------



=============================================================================================
========================================== ROUND 3 ==========================================
=============================================================================================


------ Broadcast Beacon ------
2017-03-28 02:05:40.547510 broadcast BEACON - 1
2017-03-28 02:05:40.552773 broadcast BEACON - 2
2017-03-28 02:05:40.558364 broadcast BEACON - 3
2017-03-28 02:05:40.563975 broadcast BEACON - 4
2017-03-28 02:05:40.569186 broadcast BEACON - 5
2017-03-28 02:05:40.574459 broadcast BEACON - 6
2017-03-28 02:05:40.580051 broadcast BEACON - 7
2017-03-28 02:05:40.587544 broadcast BEACON - 8
2017-03-28 02:05:40.592443 broadcast BEACON - 9
2017-03-28 02:05:40.598197 broadcast BEACON - 10
2017-03-28 02:05:40.603947 broadcast BEACON - 11
2017-03-28 02:05:40.609495 broadcast BEACON - 12
2017-03-28 02:05:40.614739 broadcast BEACON - 13
2017-03-28 02:05:40.621060 broadcast BEACON - 14
2017-03-28 02:05:40.627584 broadcast BEACON - 15
2017-03-28 02:05:40.632611 broadcast BEACON - 16
2017-03-28 02:05:40.637817 broadcast BEACON - 17
2017-03-28 02:05:40.643277 broadcast BEACON - 18
2017-03-28 02:05:40.649815 broadcast BEACON - 19
2017-03-28 02:05:40.654991 broadcast BEACON - 20
2017-03-28 02:05:40.661309 broadcast BEACON - 21
2017-03-28 02:05:40.666253 broadcast BEACON - 22
2017-03-28 02:05:40.671465 broadcast BEACON - 23
2017-03-28 02:05:40.677086 broadcast BEACON - 24
2017-03-28 02:05:40.683450 broadcast BEACON - 25
2017-03-28 02:05:40.689178 broadcast BEACON - 26
2017-03-28 02:05:40.694163 broadcast BEACON - 27
2017-03-28 02:05:40.699897 broadcast BEACON - 28
2017-03-28 02:05:40.705387 broadcast BEACON - 29
2017-03-28 02:05:40.711020 broadcast BEACON - 30
2017-03-28 02:05:40.713090 - thread done - 
 - duration 0.167389631271 -
------ Broadcast Beacon end --------
Sleep for 0.2 second

------ Broadcast Beacon ------
2017-03-28 02:05:40.917042 broadcast BEACON - 1
2017-03-28 02:05:40.922586 broadcast BEACON - 2
2017-03-28 02:05:40.928529 broadcast BEACON - 3
2017-03-28 02:05:40.935033 broadcast BEACON - 4
2017-03-28 02:05:40.939960 broadcast BEACON - 5
2017-03-28 02:05:40.946466 broadcast BEACON - 6
2017-03-28 02:05:40.951686 broadcast BEACON - 7
2017-03-28 02:05:40.958212 broadcast BEACON - 8
2017-03-28 02:05:40.964493 broadcast BEACON - 9
2017-03-28 02:05:40.970268 broadcast BEACON - 10
2017-03-28 02:05:40.975437 broadcast BEACON - 11
2017-03-28 02:05:40.981150 broadcast BEACON - 12
2017-03-28 02:05:40.987229 broadcast BEACON - 13
2017-03-28 02:05:40.992986 broadcast BEACON - 14
2017-03-28 02:05:40.999638 broadcast BEACON - 15
2017-03-28 02:05:41.004804 broadcast BEACON - 16
2017-03-28 02:05:41.010302 broadcast BEACON - 17
2017-03-28 02:05:41.016881 broadcast BEACON - 18
2017-03-28 02:05:41.022054 broadcast BEACON - 19
2017-03-28 02:05:41.027620 broadcast BEACON - 20
2017-03-28 02:05:41.032677 broadcast BEACON - 21
2017-03-28 02:05:41.037893 broadcast BEACON - 22
2017-03-28 02:05:41.043060 broadcast BEACON - 23
2017-03-28 02:05:41.049429 broadcast BEACON - 24
2017-03-28 02:05:41.055407 broadcast BEACON - 25
2017-03-28 02:05:41.060479 broadcast BEACON - 26
2017-03-28 02:05:41.065709 broadcast BEACON - 27
2017-03-28 02:05:41.071506 broadcast BEACON - 28
2017-03-28 02:05:41.077394 broadcast BEACON - 29
2017-03-28 02:05:41.082541 broadcast BEACON - 30
2017-03-28 02:05:41.083501 - thread done - 
 - duration 0.167681217194 -
------ Broadcast Beacon end --------
Sleep for 0.5 second

 - Sync duration 1.04078292847 -

singleton_nodes_amount 6/10, is_below_singleton_rate? True
singleton_nodes_amount 6/10, is_below_singleton_rate? True
singleton_nodes_amount 10/10, is_below_singleton_rate? False
Calculated VFS seed: 555394feba, Singleton rate: 0.7, calculation count: 3, 
raw v-frame [['0'], ['0'], ['0000000004'], ['0003075786'], ['0'], ['0'], ['0'], ['0000000010'], ['0'], ['0'], ['0003094D5C'], ['00030757AF'], ['0000000006'], ['0'], ['0'], ['0000000009'], ['0'], ['0000000007'], ['0000000008'], ['0000000005']] 
v-frame ['0', '0', '1', '1', '0', '0', '0', '1', '0', '0', '1', '1', '1', '0', '0', '1', '0', '1', '1', '1'] 
rand-frame [] 
alloc-frame ['0000000004', '0003075786', '0000000010', '0003094D5C', '00030757AF', '0000000006', '0000000009', '0000000007', '0000000008', '0000000005']
 - duration 0.00170302391052 -
------ Broadcast VFS packets ------
Fire at absolute 2017-03-28 02:05:41.999866
2017-03-28 02:05:42.000816 send VFS_BROADCAST 1, Total nodes: 10, Seed: 555394feba, Node begin: 2017-03-28 02:05:44, 
Session: [('0000000004', 1490637944.0, 1490637944.4999), ('0003075786', 1490637944.5, 1490637944.9999), ('0000000010', 1490637945.0, 1490637945.4999), ('0003094D5C', 1490637945.5, 1490637945.9999), ('00030757AF', 1490637946.0, 1490637946.4999), ('0000000006', 1490637946.5, 1490637946.9999), ('0000000009', 1490637947.0, 1490637947.4999), ('0000000007', 1490637947.5, 1490637947.9999), ('0000000008', 1490637948.0, 1490637948.4999), ('0000000005', 1490637948.5, 1490637948.9999)]
2017-03-28 02:05:42.006974 send VFS_BROADCAST 2, Total nodes: 10, Seed: 555394feba, Node begin: 2017-03-28 02:05:44, 
Session: [('0000000004', 1490637944.0, 1490637944.4999), ('0003075786', 1490637944.5, 1490637944.9999), ('0000000010', 1490637945.0, 1490637945.4999), ('0003094D5C', 1490637945.5, 1490637945.9999), ('00030757AF', 1490637946.0, 1490637946.4999), ('0000000006', 1490637946.5, 1490637946.9999), ('0000000009', 1490637947.0, 1490637947.4999), ('0000000007', 1490637947.5, 1490637947.9999), ('0000000008', 1490637948.0, 1490637948.4999), ('0000000005', 1490637948.5, 1490637948.9999)]
2017-03-28 02:05:42.012228 send VFS_BROADCAST 3, Total nodes: 10, Seed: 555394feba, Node begin: 2017-03-28 02:05:44, 
Session: [('0000000004', 1490637944.0, 1490637944.4999), ('0003075786', 1490637944.5, 1490637944.9999), ('0000000010', 1490637945.0, 1490637945.4999), ('0003094D5C', 1490637945.5, 1490637945.9999), ('00030757AF', 1490637946.0, 1490637946.4999), ('0000000006', 1490637946.5, 1490637946.9999), ('0000000009', 1490637947.0, 1490637947.4999), ('0000000007', 1490637947.5, 1490637947.9999), ('0000000008', 1490637948.0, 1490637948.4999), ('0000000005', 1490637948.5, 1490637948.9999)]
2017-03-28 02:05:42.018859 send VFS_BROADCAST 4, Total nodes: 10, Seed: 555394feba, Node begin: 2017-03-28 02:05:44, 
Session: [('0000000004', 1490637944.0, 1490637944.4999), ('0003075786', 1490637944.5, 1490637944.9999), ('0000000010', 1490637945.0, 1490637945.4999), ('0003094D5C', 1490637945.5, 1490637945.9999), ('00030757AF', 1490637946.0, 1490637946.4999), ('0000000006', 1490637946.5, 1490637946.9999), ('0000000009', 1490637947.0, 1490637947.4999), ('0000000007', 1490637947.5, 1490637947.9999), ('0000000008', 1490637948.0, 1490637948.4999), ('0000000005', 1490637948.5, 1490637948.9999)]
2017-03-28 02:05:42.023748 send VFS_BROADCAST 5, Total nodes: 10, Seed: 555394feba, Node begin: 2017-03-28 02:05:44, 
Session: [('0000000004', 1490637944.0, 1490637944.4999), ('0003075786', 1490637944.5, 1490637944.9999), ('0000000010', 1490637945.0, 1490637945.4999), ('0003094D5C', 1490637945.5, 1490637945.9999), ('00030757AF', 1490637946.0, 1490637946.4999), ('0000000006', 1490637946.5, 1490637946.9999), ('0000000009', 1490637947.0, 1490637947.4999), ('0000000007', 1490637947.5, 1490637947.9999), ('0000000008', 1490637948.0, 1490637948.4999), ('0000000005', 1490637948.5, 1490637948.9999)]
2017-03-28 02:05:42.029068 send VFS_BROADCAST 6, Total nodes: 10, Seed: 555394feba, Node begin: 2017-03-28 02:05:44, 
Session: [('0000000004', 1490637944.0, 1490637944.4999), ('0003075786', 1490637944.5, 1490637944.9999), ('0000000010', 1490637945.0, 1490637945.4999), ('0003094D5C', 1490637945.5, 1490637945.9999), ('00030757AF', 1490637946.0, 1490637946.4999), ('0000000006', 1490637946.5, 1490637946.9999), ('0000000009', 1490637947.0, 1490637947.4999), ('0000000007', 1490637947.5, 1490637947.9999), ('0000000008', 1490637948.0, 1490637948.4999), ('0000000005', 1490637948.5, 1490637948.9999)]
2017-03-28 02:05:42.034670 send VFS_BROADCAST 7, Total nodes: 10, Seed: 555394feba, Node begin: 2017-03-28 02:05:44, 
Session: [('0000000004', 1490637944.0, 1490637944.4999), ('0003075786', 1490637944.5, 1490637944.9999), ('0000000010', 1490637945.0, 1490637945.4999), ('0003094D5C', 1490637945.5, 1490637945.9999), ('00030757AF', 1490637946.0, 1490637946.4999), ('0000000006', 1490637946.5, 1490637946.9999), ('0000000009', 1490637947.0, 1490637947.4999), ('0000000007', 1490637947.5, 1490637947.9999), ('0000000008', 1490637948.0, 1490637948.4999), ('0000000005', 1490637948.5, 1490637948.9999)]
2017-03-28 02:05:42.040611 send VFS_BROADCAST 8, Total nodes: 10, Seed: 555394feba, Node begin: 2017-03-28 02:05:44, 
Session: [('0000000004', 1490637944.0, 1490637944.4999), ('0003075786', 1490637944.5, 1490637944.9999), ('0000000010', 1490637945.0, 1490637945.4999), ('0003094D5C', 1490637945.5, 1490637945.9999), ('00030757AF', 1490637946.0, 1490637946.4999), ('0000000006', 1490637946.5, 1490637946.9999), ('0000000009', 1490637947.0, 1490637947.4999), ('0000000007', 1490637947.5, 1490637947.9999), ('0000000008', 1490637948.0, 1490637948.4999), ('0000000005', 1490637948.5, 1490637948.9999)]
2017-03-28 02:05:42.046429 send VFS_BROADCAST 9, Total nodes: 10, Seed: 555394feba, Node begin: 2017-03-28 02:05:44, 
Session: [('0000000004', 1490637944.0, 1490637944.4999), ('0003075786', 1490637944.5, 1490637944.9999), ('0000000010', 1490637945.0, 1490637945.4999), ('0003094D5C', 1490637945.5, 1490637945.9999), ('00030757AF', 1490637946.0, 1490637946.4999), ('0000000006', 1490637946.5, 1490637946.9999), ('0000000009', 1490637947.0, 1490637947.4999), ('0000000007', 1490637947.5, 1490637947.9999), ('0000000008', 1490637948.0, 1490637948.4999), ('0000000005', 1490637948.5, 1490637948.9999)]
2017-03-28 02:05:42.052350 send VFS_BROADCAST 10, Total nodes: 10, Seed: 555394feba, Node begin: 2017-03-28 02:05:44, 
Session: [('0000000004', 1490637944.0, 1490637944.4999), ('0003075786', 1490637944.5, 1490637944.9999), ('0000000010', 1490637945.0, 1490637945.4999), ('0003094D5C', 1490637945.5, 1490637945.9999), ('00030757AF', 1490637946.0, 1490637946.4999), ('0000000006', 1490637946.5, 1490637946.9999), ('0000000009', 1490637947.0, 1490637947.4999), ('0000000007', 1490637947.5, 1490637947.9999), ('0000000008', 1490637948.0, 1490637948.4999), ('0000000005', 1490637948.5, 1490637948.9999)]
2017-03-28 02:05:42.057891 send VFS_BROADCAST 11, Total nodes: 10, Seed: 555394feba, Node begin: 2017-03-28 02:05:44, 
Session: [('0000000004', 1490637944.0, 1490637944.4999), ('0003075786', 1490637944.5, 1490637944.9999), ('0000000010', 1490637945.0, 1490637945.4999), ('0003094D5C', 1490637945.5, 1490637945.9999), ('00030757AF', 1490637946.0, 1490637946.4999), ('0000000006', 1490637946.5, 1490637946.9999), ('0000000009', 1490637947.0, 1490637947.4999), ('0000000007', 1490637947.5, 1490637947.9999), ('0000000008', 1490637948.0, 1490637948.4999), ('0000000005', 1490637948.5, 1490637948.9999)]
2017-03-28 02:05:42.063050 send VFS_BROADCAST 12, Total nodes: 10, Seed: 555394feba, Node begin: 2017-03-28 02:05:44, 
Session: [('0000000004', 1490637944.0, 1490637944.4999), ('0003075786', 1490637944.5, 1490637944.9999), ('0000000010', 1490637945.0, 1490637945.4999), ('0003094D5C', 1490637945.5, 1490637945.9999), ('00030757AF', 1490637946.0, 1490637946.4999), ('0000000006', 1490637946.5, 1490637946.9999), ('0000000009', 1490637947.0, 1490637947.4999), ('0000000007', 1490637947.5, 1490637947.9999), ('0000000008', 1490637948.0, 1490637948.4999), ('0000000005', 1490637948.5, 1490637948.9999)]
2017-03-28 02:05:42.068570 send VFS_BROADCAST 13, Total nodes: 10, Seed: 555394feba, Node begin: 2017-03-28 02:05:44, 
Session: [('0000000004', 1490637944.0, 1490637944.4999), ('0003075786', 1490637944.5, 1490637944.9999), ('0000000010', 1490637945.0, 1490637945.4999), ('0003094D5C', 1490637945.5, 1490637945.9999), ('00030757AF', 1490637946.0, 1490637946.4999), ('0000000006', 1490637946.5, 1490637946.9999), ('0000000009', 1490637947.0, 1490637947.4999), ('0000000007', 1490637947.5, 1490637947.9999), ('0000000008', 1490637948.0, 1490637948.4999), ('0000000005', 1490637948.5, 1490637948.9999)]
2017-03-28 02:05:42.074730 send VFS_BROADCAST 14, Total nodes: 10, Seed: 555394feba, Node begin: 2017-03-28 02:05:44, 
Session: [('0000000004', 1490637944.0, 1490637944.4999), ('0003075786', 1490637944.5, 1490637944.9999), ('0000000010', 1490637945.0, 1490637945.4999), ('0003094D5C', 1490637945.5, 1490637945.9999), ('00030757AF', 1490637946.0, 1490637946.4999), ('0000000006', 1490637946.5, 1490637946.9999), ('0000000009', 1490637947.0, 1490637947.4999), ('0000000007', 1490637947.5, 1490637947.9999), ('0000000008', 1490637948.0, 1490637948.4999), ('0000000005', 1490637948.5, 1490637948.9999)]
2017-03-28 02:05:42.079923 send VFS_BROADCAST 15, Total nodes: 10, Seed: 555394feba, Node begin: 2017-03-28 02:05:44, 
Session: [('0000000004', 1490637944.0, 1490637944.4999), ('0003075786', 1490637944.5, 1490637944.9999), ('0000000010', 1490637945.0, 1490637945.4999), ('0003094D5C', 1490637945.5, 1490637945.9999), ('00030757AF', 1490637946.0, 1490637946.4999), ('0000000006', 1490637946.5, 1490637946.9999), ('0000000009', 1490637947.0, 1490637947.4999), ('0000000007', 1490637947.5, 1490637947.9999), ('0000000008', 1490637948.0, 1490637948.4999), ('0000000005', 1490637948.5, 1490637948.9999)]
2017-03-28 02:05:42.085890 send VFS_BROADCAST 16, Total nodes: 10, Seed: 555394feba, Node begin: 2017-03-28 02:05:44, 
Session: [('0000000004', 1490637944.0, 1490637944.4999), ('0003075786', 1490637944.5, 1490637944.9999), ('0000000010', 1490637945.0, 1490637945.4999), ('0003094D5C', 1490637945.5, 1490637945.9999), ('00030757AF', 1490637946.0, 1490637946.4999), ('0000000006', 1490637946.5, 1490637946.9999), ('0000000009', 1490637947.0, 1490637947.4999), ('0000000007', 1490637947.5, 1490637947.9999), ('0000000008', 1490637948.0, 1490637948.4999), ('0000000005', 1490637948.5, 1490637948.9999)]
2017-03-28 02:05:42.090980 send VFS_BROADCAST 17, Total nodes: 10, Seed: 555394feba, Node begin: 2017-03-28 02:05:44, 
Session: [('0000000004', 1490637944.0, 1490637944.4999), ('0003075786', 1490637944.5, 1490637944.9999), ('0000000010', 1490637945.0, 1490637945.4999), ('0003094D5C', 1490637945.5, 1490637945.9999), ('00030757AF', 1490637946.0, 1490637946.4999), ('0000000006', 1490637946.5, 1490637946.9999), ('0000000009', 1490637947.0, 1490637947.4999), ('0000000007', 1490637947.5, 1490637947.9999), ('0000000008', 1490637948.0, 1490637948.4999), ('0000000005', 1490637948.5, 1490637948.9999)]
2017-03-28 02:05:42.096131 send VFS_BROADCAST 18, Total nodes: 10, Seed: 555394feba, Node begin: 2017-03-28 02:05:44, 
Session: [('0000000004', 1490637944.0, 1490637944.4999), ('0003075786', 1490637944.5, 1490637944.9999), ('0000000010', 1490637945.0, 1490637945.4999), ('0003094D5C', 1490637945.5, 1490637945.9999), ('00030757AF', 1490637946.0, 1490637946.4999), ('0000000006', 1490637946.5, 1490637946.9999), ('0000000009', 1490637947.0, 1490637947.4999), ('0000000007', 1490637947.5, 1490637947.9999), ('0000000008', 1490637948.0, 1490637948.4999), ('0000000005', 1490637948.5, 1490637948.9999)]
2017-03-28 02:05:42.101713 send VFS_BROADCAST 19, Total nodes: 10, Seed: 555394feba, Node begin: 2017-03-28 02:05:44, 
Session: [('0000000004', 1490637944.0, 1490637944.4999), ('0003075786', 1490637944.5, 1490637944.9999), ('0000000010', 1490637945.0, 1490637945.4999), ('0003094D5C', 1490637945.5, 1490637945.9999), ('00030757AF', 1490637946.0, 1490637946.4999), ('0000000006', 1490637946.5, 1490637946.9999), ('0000000009', 1490637947.0, 1490637947.4999), ('0000000007', 1490637947.5, 1490637947.9999), ('0000000008', 1490637948.0, 1490637948.4999), ('0000000005', 1490637948.5, 1490637948.9999)]
2017-03-28 02:05:42.107492 send VFS_BROADCAST 20, Total nodes: 10, Seed: 555394feba, Node begin: 2017-03-28 02:05:44, 
Session: [('0000000004', 1490637944.0, 1490637944.4999), ('0003075786', 1490637944.5, 1490637944.9999), ('0000000010', 1490637945.0, 1490637945.4999), ('0003094D5C', 1490637945.5, 1490637945.9999), ('00030757AF', 1490637946.0, 1490637946.4999), ('0000000006', 1490637946.5, 1490637946.9999), ('0000000009', 1490637947.0, 1490637947.4999), ('0000000007', 1490637947.5, 1490637947.9999), ('0000000008', 1490637948.0, 1490637948.4999), ('0000000005', 1490637948.5, 1490637948.9999)]
2017-03-28 02:05:42.114101 send VFS_BROADCAST 21, Total nodes: 10, Seed: 555394feba, Node begin: 2017-03-28 02:05:44, 
Session: [('0000000004', 1490637944.0, 1490637944.4999), ('0003075786', 1490637944.5, 1490637944.9999), ('0000000010', 1490637945.0, 1490637945.4999), ('0003094D5C', 1490637945.5, 1490637945.9999), ('00030757AF', 1490637946.0, 1490637946.4999), ('0000000006', 1490637946.5, 1490637946.9999), ('0000000009', 1490637947.0, 1490637947.4999), ('0000000007', 1490637947.5, 1490637947.9999), ('0000000008', 1490637948.0, 1490637948.4999), ('0000000005', 1490637948.5, 1490637948.9999)]
2017-03-28 02:05:42.119959 send VFS_BROADCAST 22, Total nodes: 10, Seed: 555394feba, Node begin: 2017-03-28 02:05:44, 
Session: [('0000000004', 1490637944.0, 1490637944.4999), ('0003075786', 1490637944.5, 1490637944.9999), ('0000000010', 1490637945.0, 1490637945.4999), ('0003094D5C', 1490637945.5, 1490637945.9999), ('00030757AF', 1490637946.0, 1490637946.4999), ('0000000006', 1490637946.5, 1490637946.9999), ('0000000009', 1490637947.0, 1490637947.4999), ('0000000007', 1490637947.5, 1490637947.9999), ('0000000008', 1490637948.0, 1490637948.4999), ('0000000005', 1490637948.5, 1490637948.9999)]
2017-03-28 02:05:42.124849 send VFS_BROADCAST 23, Total nodes: 10, Seed: 555394feba, Node begin: 2017-03-28 02:05:44, 
Session: [('0000000004', 1490637944.0, 1490637944.4999), ('0003075786', 1490637944.5, 1490637944.9999), ('0000000010', 1490637945.0, 1490637945.4999), ('0003094D5C', 1490637945.5, 1490637945.9999), ('00030757AF', 1490637946.0, 1490637946.4999), ('0000000006', 1490637946.5, 1490637946.9999), ('0000000009', 1490637947.0, 1490637947.4999), ('0000000007', 1490637947.5, 1490637947.9999), ('0000000008', 1490637948.0, 1490637948.4999), ('0000000005', 1490637948.5, 1490637948.9999)]
2017-03-28 02:05:42.130367 send VFS_BROADCAST 24, Total nodes: 10, Seed: 555394feba, Node begin: 2017-03-28 02:05:44, 
Session: [('0000000004', 1490637944.0, 1490637944.4999), ('0003075786', 1490637944.5, 1490637944.9999), ('0000000010', 1490637945.0, 1490637945.4999), ('0003094D5C', 1490637945.5, 1490637945.9999), ('00030757AF', 1490637946.0, 1490637946.4999), ('0000000006', 1490637946.5, 1490637946.9999), ('0000000009', 1490637947.0, 1490637947.4999), ('0000000007', 1490637947.5, 1490637947.9999), ('0000000008', 1490637948.0, 1490637948.4999), ('0000000005', 1490637948.5, 1490637948.9999)]
2017-03-28 02:05:42.135953 send VFS_BROADCAST 25, Total nodes: 10, Seed: 555394feba, Node begin: 2017-03-28 02:05:44, 
Session: [('0000000004', 1490637944.0, 1490637944.4999), ('0003075786', 1490637944.5, 1490637944.9999), ('0000000010', 1490637945.0, 1490637945.4999), ('0003094D5C', 1490637945.5, 1490637945.9999), ('00030757AF', 1490637946.0, 1490637946.4999), ('0000000006', 1490637946.5, 1490637946.9999), ('0000000009', 1490637947.0, 1490637947.4999), ('0000000007', 1490637947.5, 1490637947.9999), ('0000000008', 1490637948.0, 1490637948.4999), ('0000000005', 1490637948.5, 1490637948.9999)]
2017-03-28 02:05:42.141604 send VFS_BROADCAST 26, Total nodes: 10, Seed: 555394feba, Node begin: 2017-03-28 02:05:44, 
Session: [('0000000004', 1490637944.0, 1490637944.4999), ('0003075786', 1490637944.5, 1490637944.9999), ('0000000010', 1490637945.0, 1490637945.4999), ('0003094D5C', 1490637945.5, 1490637945.9999), ('00030757AF', 1490637946.0, 1490637946.4999), ('0000000006', 1490637946.5, 1490637946.9999), ('0000000009', 1490637947.0, 1490637947.4999), ('0000000007', 1490637947.5, 1490637947.9999), ('0000000008', 1490637948.0, 1490637948.4999), ('0000000005', 1490637948.5, 1490637948.9999)]
2017-03-28 02:05:42.147560 send VFS_BROADCAST 27, Total nodes: 10, Seed: 555394feba, Node begin: 2017-03-28 02:05:44, 
Session: [('0000000004', 1490637944.0, 1490637944.4999), ('0003075786', 1490637944.5, 1490637944.9999), ('0000000010', 1490637945.0, 1490637945.4999), ('0003094D5C', 1490637945.5, 1490637945.9999), ('00030757AF', 1490637946.0, 1490637946.4999), ('0000000006', 1490637946.5, 1490637946.9999), ('0000000009', 1490637947.0, 1490637947.4999), ('0000000007', 1490637947.5, 1490637947.9999), ('0000000008', 1490637948.0, 1490637948.4999), ('0000000005', 1490637948.5, 1490637948.9999)]
2017-03-28 02:05:42.153082 send VFS_BROADCAST 28, Total nodes: 10, Seed: 555394feba, Node begin: 2017-03-28 02:05:44, 
Session: [('0000000004', 1490637944.0, 1490637944.4999), ('0003075786', 1490637944.5, 1490637944.9999), ('0000000010', 1490637945.0, 1490637945.4999), ('0003094D5C', 1490637945.5, 1490637945.9999), ('00030757AF', 1490637946.0, 1490637946.4999), ('0000000006', 1490637946.5, 1490637946.9999), ('0000000009', 1490637947.0, 1490637947.4999), ('0000000007', 1490637947.5, 1490637947.9999), ('0000000008', 1490637948.0, 1490637948.4999), ('0000000005', 1490637948.5, 1490637948.9999)]
2017-03-28 02:05:42.158255 send VFS_BROADCAST 29, Total nodes: 10, Seed: 555394feba, Node begin: 2017-03-28 02:05:44, 
Session: [('0000000004', 1490637944.0, 1490637944.4999), ('0003075786', 1490637944.5, 1490637944.9999), ('0000000010', 1490637945.0, 1490637945.4999), ('0003094D5C', 1490637945.5, 1490637945.9999), ('00030757AF', 1490637946.0, 1490637946.4999), ('0000000006', 1490637946.5, 1490637946.9999), ('0000000009', 1490637947.0, 1490637947.4999), ('0000000007', 1490637947.5, 1490637947.9999), ('0000000008', 1490637948.0, 1490637948.4999), ('0000000005', 1490637948.5, 1490637948.9999)]
2017-03-28 02:05:42.163601 send VFS_BROADCAST 30, Total nodes: 10, Seed: 555394feba, Node begin: 2017-03-28 02:05:44, 
Session: [('0000000004', 1490637944.0, 1490637944.4999), ('0003075786', 1490637944.5, 1490637944.9999), ('0000000010', 1490637945.0, 1490637945.4999), ('0003094D5C', 1490637945.5, 1490637945.9999), ('00030757AF', 1490637946.0, 1490637946.4999), ('0000000006', 1490637946.5, 1490637946.9999), ('0000000009', 1490637947.0, 1490637947.4999), ('0000000007', 1490637947.5, 1490637947.9999), ('0000000008', 1490637948.0, 1490637948.4999), ('0000000005', 1490637948.5, 1490637948.9999)]
2017-03-28 02:05:42.164468 - thread done - 
 - duration 0.164586782455 -
------ Broadcast VFS end ------
------ Listen VFS packets start ------
wrong pktno 65367. Drop pkt!
Invalid pkt_type 6. Drop pkt!
Invalid pkt_type 6. Drop pkt!
Invalid pkt_type 6. Drop pkt!
Invalid pkt_type 6. Drop pkt!
Invalid pkt_type 6. Drop pkt!
Invalid pkt_type 6. Drop pkt!
2017-03-28 02:05:45.011485 (1490637945.01) [Slot 2: Node 0000000010 Session] BS recv VFS_PKT 1, data: Hello, I am node 0003075786
2017-03-28 02:05:45.023122 (1490637945.02) [Slot 2: Node 0000000010 Session] BS recv VFS_PKT 2, data: Hello, I am node 0003075786
2017-03-28 02:05:45.035424 (1490637945.04) [Slot 2: Node 0000000010 Session] BS recv VFS_PKT 3, data: Hello, I am node 0003075786
2017-03-28 02:05:45.046382 (1490637945.05) [Slot 2: Node 0000000010 Session] BS recv VFS_PKT 4, data: Hello, I am node 0003075786
2017-03-28 02:05:45.059947 (1490637945.06) [Slot 2: Node 0000000010 Session] BS recv VFS_PKT 5, data: Hello, I am node 0003075786
2017-03-28 02:05:45.069178 (1490637945.07) [Slot 2: Node 0000000010 Session] BS recv VFS_PKT 6, data: Hello, I am node 0003075786
2017-03-28 02:05:45.080495 (1490637945.08) [Slot 2: Node 0000000010 Session] BS recv VFS_PKT 7, data: Hello, I am node 0003075786
2017-03-28 02:05:45.092411 (1490637945.09) [Slot 2: Node 0000000010 Session] BS recv VFS_PKT 8, data: Hello, I am node 0003075786
2017-03-28 02:05:45.104348 (1490637945.1) [Slot 2: Node 0000000010 Session] BS recv VFS_PKT 9, data: Hello, I am node 0003075786
2017-03-28 02:05:45.117777 (1490637945.12) [Slot 2: Node 0000000010 Session] BS recv VFS_PKT 10, data: Hello, I am node 0003075786
2017-03-28 02:05:45.127295 (1490637945.13) [Slot 2: Node 0000000010 Session] BS recv VFS_PKT 11, data: Hello, I am node 0003075786
2017-03-28 02:05:45.138619 (1490637945.14) [Slot 2: Node 0000000010 Session] BS recv VFS_PKT 12, data: Hello, I am node 0003075786
2017-03-28 02:05:45.151298 (1490637945.15) [Slot 2: Node 0000000010 Session] BS recv VFS_PKT 13, data: Hello, I am node 0003075786
2017-03-28 02:05:45.163111 (1490637945.16) [Slot 2: Node 0000000010 Session] BS recv VFS_PKT 14, data: Hello, I am node 0003075786
2017-03-28 02:05:45.173043 (1490637945.17) [Slot 2: Node 0000000010 Session] BS recv VFS_PKT 15, data: Hello, I am node 0003075786
2017-03-28 02:05:45.186223 (1490637945.19) [Slot 2: Node 0000000010 Session] BS recv VFS_PKT 16, data: Hello, I am node 0003075786
2017-03-28 02:05:45.196328 (1490637945.2) [Slot 2: Node 0000000010 Session] BS recv VFS_PKT 17, data: Hello, I am node 0003075786
2017-03-28 02:05:45.207695 (1490637945.21) [Slot 2: Node 0000000010 Session] BS recv VFS_PKT 18, data: Hello, I am node 0003075786
2017-03-28 02:05:45.221316 (1490637945.22) [Slot 2: Node 0000000010 Session] BS recv VFS_PKT 19, data: Hello, I am node 0003075786
2017-03-28 02:05:45.232536 (1490637945.23) [Slot 2: Node 0000000010 Session] BS recv VFS_PKT 20, data: Hello, I am node 0003075786
2017-03-28 02:05:45.242111 (1490637945.24) [Slot 2: Node 0000000010 Session] BS recv VFS_PKT 21, data: Hello, I am node 0003075786
2017-03-28 02:05:45.253767 (1490637945.25) [Slot 2: Node 0000000010 Session] BS recv VFS_PKT 22, data: Hello, I am node 0003075786
2017-03-28 02:05:45.268104 (1490637945.27) [Slot 2: Node 0000000010 Session] BS recv VFS_PKT 23, data: Hello, I am node 0003075786
2017-03-28 02:05:45.276604 (1490637945.28) [Slot 2: Node 0000000010 Session] BS recv VFS_PKT 24, data: Hello, I am node 0003075786
2017-03-28 02:05:45.288524 (1490637945.29) [Slot 2: Node 0000000010 Session] BS recv VFS_PKT 25, data: Hello, I am node 0003075786
2017-03-28 02:05:45.299892 (1490637945.3) [Slot 2: Node 0000000010 Session] BS recv VFS_PKT 26, data: Hello, I am node 0003075786
2017-03-28 02:05:45.311474 (1490637945.31) [Slot 2: Node 0000000010 Session] BS recv VFS_PKT 27, data: Hello, I am node 0003075786
2017-03-28 02:05:45.325994 (1490637945.33) [Slot 2: Node 0000000010 Session] BS recv VFS_PKT 28, data: Hello, I am node 0003075786
2017-03-28 02:05:45.334399 (1490637945.33) [Slot 2: Node 0000000010 Session] BS recv VFS_PKT 29, data: Hello, I am node 0003075786
2017-03-28 02:05:45.345876 (1490637945.35) [Slot 2: Node 0000000010 Session] BS recv VFS_PKT 30, data: Hello, I am node 0003075786
Timestamp §‹“–Ρ§–χ ο is not a float. Drop pkt!
2017-03-28 02:05:47.228726 (1490637947.23) [Slot 6: Node 0000000009 Session] BS recv VFS_PKT 9, data: Hello, I am node 00030757AF
2017-03-28 02:05:47.240342 (1490637947.24) [Slot 6: Node 0000000009 Session] BS recv VFS_PKT 10, data: Hello, I am node 00030757AF
2017-03-28 02:05:47.251935 (1490637947.25) [Slot 6: Node 0000000009 Session] BS recv VFS_PKT 11, data: Hello, I am node 00030757AF
2017-03-28 02:05:47.263823 (1490637947.26) [Slot 6: Node 0000000009 Session] BS recv VFS_PKT 12, data: Hello, I am node 00030757AF
2017-03-28 02:05:47.274802 (1490637947.27) [Slot 6: Node 0000000009 Session] BS recv VFS_PKT 13, data: Hello, I am node 00030757AF
2017-03-28 02:05:47.286409 (1490637947.29) [Slot 6: Node 0000000009 Session] BS recv VFS_PKT 14, data: Hello, I am node 00030757AF
2017-03-28 02:05:47.297912 (1490637947.3) [Slot 6: Node 0000000009 Session] BS recv VFS_PKT 15, data: Hello, I am node 00030757AF
2017-03-28 02:05:47.311819 (1490637947.31) [Slot 6: Node 0000000009 Session] BS recv VFS_PKT 16, data: Hello, I am node 00030757AF
2017-03-28 02:05:47.321800 (1490637947.32) [Slot 6: Node 0000000009 Session] BS recv VFS_PKT 17, data: Hello, I am node 00030757AF
2017-03-28 02:05:47.332624 (1490637947.33) [Slot 6: Node 0000000009 Session] BS recv VFS_PKT 18, data: Hello, I am node 00030757AF
2017-03-28 02:05:47.344503 (1490637947.34) [Slot 6: Node 0000000009 Session] BS recv VFS_PKT 19, data: Hello, I am node 00030757AF
2017-03-28 02:05:47.359479 (1490637947.36) [Slot 6: Node 0000000009 Session] BS recv VFS_PKT 20, data: Hello, I am node 00030757AF
2017-03-28 02:05:47.367957 (1490637947.37) [Slot 6: Node 0000000009 Session] BS recv VFS_PKT 21, data: Hello, I am node 00030757AF
2017-03-28 02:05:47.378775 (1490637947.38) [Slot 6: Node 0000000009 Session] BS recv VFS_PKT 22, data: Hello, I am node 00030757AF
2017-03-28 02:05:47.391981 (1490637947.39) [Slot 6: Node 0000000009 Session] BS recv VFS_PKT 23, data: Hello, I am node 00030757AF
2017-03-28 02:05:47.401870 (1490637947.4) [Slot 6: Node 0000000009 Session] BS recv VFS_PKT 24, data: Hello, I am node 00030757AF
2017-03-28 02:05:47.416398 (1490637947.42) [Slot 6: Node 0000000009 Session] BS recv VFS_PKT 25, data: Hello, I am node 00030757AF
2017-03-28 02:05:47.424717 (1490637947.42) [Slot 6: Node 0000000009 Session] BS recv VFS_PKT 26, data: Hello, I am node 00030757AF
2017-03-28 02:05:47.436172 (1490637947.44) [Slot 6: Node 0000000009 Session] BS recv VFS_PKT 27, data: Hello, I am node 00030757AF
2017-03-28 02:05:47.450116 (1490637947.45) [Slot 6: Node 0000000009 Session] BS recv VFS_PKT 28, data: Hello, I am node 00030757AF
2017-03-28 02:05:47.462818 (1490637947.46) [Slot 6: Node 0000000009 Session] BS recv VFS_PKT 29, data: Hello, I am node 000s0757AF
2017-03-28 02:05:47.471528 (1490637947.47) [Slot 6: Node 0000000009 Session] BS recv VFS_PKT 30, data: Hello, I am node 00030757AF
 - duration 7.41133999825 -
------ Listen VFS packets end ------

 - VFS duration 7.99427461624 -
------ VFS cycle ends at 2017-03-28 02:05:49.581591 ------



=============================================================================================
========================================= TEST END ==========================================
=============================================================================================


