----------------------------------------------------------
Input options: 
{'verbose': True, 'discontinuous': False, 'bandwidth': 1000000.0, 'megabytes': 1.0, 'size': 400, 'log': False, 'antenna': 'TX/RX', 'lo_offset': 0, 'scheme': 'VFS', 'spec': None, 'tx_gain': 20.0, 'tx_amplitude': 0.1, 'modulation': 'bpsk', 'args': 'serial=30757AF', 'snr': 30.0, 'occupied_tones': 200, 'freq': None, 'logfile': '30757AF_vfs.log', 'rx_freq': 2490000000.0, 'rx_gain': 30.0, 'from_file': None, 'to_file': None, 'tx_freq': 2490000000.0, 'clock_source': None, 'cp_length': 128, 'fft_length': 512}
----------------------------------------------------------


NODE ID: 00030757AF

Clock Rate: 100.0 MHz

####### Test Protocol: VFS #######

2017-03-28 02:05:14.510009 Adjust to PC time: 2017-03-28 02:05:14.509863



=============================================================================================
========================================== ROUND 1 ==========================================
=============================================================================================


------ Listening ------
Wrong pktno 65467. Drop pkt!
Adjust time... New time: 2017-03-28 02:05:22.021052
2017-03-28 02:05:22.021052 Node recv BEACON 10. BS time: 2017-03-28 02:05:22.021000, Avg delay: 0.662485122681
Adjust time... New time: 2017-03-28 02:05:22.026048
2017-03-28 02:05:22.026048 Node recv BEACON 11. BS time: 2017-03-28 02:05:22.026000, Avg delay: 0.329688429832
Adjust time... New time: 2017-03-28 02:05:22.033052
2017-03-28 02:05:22.033052 Node recv BEACON 12. BS time: 2017-03-28 02:05:22.033000, Avg delay: 0.217662811279
Adjust time... New time: 2017-03-28 02:05:22.038051
2017-03-28 02:05:22.038051 Node recv BEACON 13. BS time: 2017-03-28 02:05:22.038000, Avg delay: 0.16214132309
Adjust time... New time: 2017-03-28 02:05:22.044055
2017-03-28 02:05:22.044055 Node recv BEACON 14. BS time: 2017-03-28 02:05:22.044000, Avg delay: 0.128627920151
Adjust time... New time: 2017-03-28 02:05:22.050089
2017-03-28 02:05:22.050089 Node recv BEACON 15. BS time: 2017-03-28 02:05:22.050000, Avg delay: 0.106402953466
Adjust time... New time: 2017-03-28 02:05:22.056037
2017-03-28 02:05:22.056037 Node recv BEACON 16. BS time: 2017-03-28 02:05:22.056000, Avg delay: 0.0904650347573
Adjust time... New time: 2017-03-28 02:05:22.061042
2017-03-28 02:05:22.061042 Node recv BEACON 17. BS time: 2017-03-28 02:05:22.061000, Avg delay: 0.0785853564739
Adjust time... New time: 2017-03-28 02:05:22.067076
2017-03-28 02:05:22.067076 Node recv BEACON 18. BS time: 2017-03-28 02:05:22.067000, Avg delay: 0.0698325898912
Adjust time... New time: 2017-03-28 02:05:22.072113
2017-03-28 02:05:22.072113 Node recv BEACON 19. BS time: 2017-03-28 02:05:22.072000, Avg delay: 0.0625238180161
2017-03-28 02:05:22.076053 Node recv BEACON 20. BS time: 2017-03-28 02:05:22.077000, Avg delay: -0.00381937026978
2017-03-28 02:05:22.077169 Node recv BEACON 21. BS time: 2017-03-28 02:05:22.084000, Avg delay: -0.00419166088104
2017-03-28 02:05:22.078203 Node recv BEACON 22. BS time: 2017-03-28 02:05:22.089000, Avg delay: -0.00463254451752
2017-03-28 02:05:22.078775 Node recv BEACON 23. BS time: 2017-03-28 02:05:22.096000, Avg delay: -0.00591268539429
2017-03-28 02:05:22.079293 Node recv BEACON 24. BS time: 2017-03-28 02:05:22.101000, Avg delay: -0.0075407743454
2017-03-28 02:05:22.079762 Node recv BEACON 25. BS time: 2017-03-28 02:05:22.107000, Avg delay: -0.00979239940643
2017-03-28 02:05:22.080230 Node recv BEACON 26. BS time: 2017-03-28 02:05:22.113000, Avg delay: -0.012553191185
2017-03-28 02:05:22.080590 Node recv BEACON 27. BS time: 2017-03-28 02:05:22.118000, Avg delay: -0.015836930275
2017-03-28 02:05:22.080961 Node recv BEACON 28. BS time: 2017-03-28 02:05:22.123000, Avg delay: -0.0200218677521
2017-03-28 02:05:22.081411 Node recv BEACON 29. BS time: 2017-03-28 02:05:22.129000, Avg delay: -0.0244552373886
2017-03-28 02:05:22.081883 Node recv BEACON 30. BS time: 2017-03-28 02:05:22.134000, Avg delay: -0.0295722723007
Adjust time... New time: 2017-03-28 02:05:22.343049
2017-03-28 02:05:22.343049 Node recv BEACON 2. BS time: 2017-03-28 02:05:22.343000, Avg delay: -0.0549570560455
Adjust time... New time: 2017-03-28 02:05:22.349062
2017-03-28 02:05:22.349062 Node recv BEACON 3. BS time: 2017-03-28 02:05:22.349000, Avg delay: -0.054420042038
Adjust time... New time: 2017-03-28 02:05:22.355048
2017-03-28 02:05:22.355048 Node recv BEACON 4. BS time: 2017-03-28 02:05:22.355000, Avg delay: -0.053243470192
Adjust time... New time: 2017-03-28 02:05:22.361114
2017-03-28 02:05:22.361114 Node recv BEACON 5. BS time: 2017-03-28 02:05:22.361000, Avg delay: -0.0516160011292
2017-03-28 02:05:22.361634 Node recv BEACON 6. BS time: 2017-03-28 02:05:22.367000, Avg delay: -0.0494287729263
2017-03-28 02:05:22.362173 Node recv BEACON 7. BS time: 2017-03-28 02:05:22.372000, Avg delay: -0.0471343994141
2017-03-28 02:05:22.362654 Node recv BEACON 8. BS time: 2017-03-28 02:05:22.377000, Avg delay: -0.0448280572891
2017-03-28 02:05:22.363134 Node recv BEACON 9. BS time: 2017-03-28 02:05:22.383000, Avg delay: -0.0426107883453
2017-03-28 02:05:22.363580 Node recv BEACON 10. BS time: 2017-03-28 02:05:22.388000, Avg delay: -0.0402938604355
2017-03-28 02:05:22.364068 Node recv BEACON 11. BS time: 2017-03-28 02:05:22.393000, Avg delay: -0.0379753351212
2017-03-28 02:05:22.364673 Node recv BEACON 12. BS time: 2017-03-28 02:05:22.398000, Avg delay: -0.0152400970459
------ Stop listen at 2017-03-28 02:05:22.882878 ------
------ Listening VFS broadcast ------
2017-03-28 02:05:22.380366 Node recv BEACON 13. BS time: 2017-03-28 02:05:22.404000, Avg delay: -0.0170607805252
Interest only in pkt_type ['VFS_BROADCAST'], not BEACON. Drop pkt!
Interest only in pkt_type ['VFS_BROADCAST'], not BEACON. Drop pkt!
Interest only in pkt_type ['VFS_BROADCAST'], not BEACON. Drop pkt!
Interest only in pkt_type ['VFS_BROADCAST'], not BEACON. Drop pkt!
Interest only in pkt_type ['VFS_BROADCAST'], not BEACON. Drop pkt!
Interest only in pkt_type ['VFS_BROADCAST'], not BEACON. Drop pkt!
Interest only in pkt_type ['VFS_BROADCAST'], not BEACON. Drop pkt!
Interest only in pkt_type ['VFS_BROADCAST'], not BEACON. Drop pkt!
Interest only in pkt_type ['VFS_BROADCAST'], not BEACON. Drop pkt!
Interest only in pkt_type ['VFS_BROADCAST'], not BEACON. Drop pkt!
Interest only in pkt_type ['VFS_BROADCAST'], not BEACON. Drop pkt!
Interest only in pkt_type ['VFS_BROADCAST'], not BEACON. Drop pkt!
Interest only in pkt_type ['VFS_BROADCAST'], not BEACON. Drop pkt!
Interest only in pkt_type ['VFS_BROADCAST'], not BEACON. Drop pkt!
Interest only in pkt_type ['VFS_BROADCAST'], not BEACON. Drop pkt!
rand-index: 8
2017-03-28 02:05:24.010845 Node recv VFS_BROADCAST 3, BS time 2017-03-28 02:05:24.013000, Total 10, Seed 5c785d3ad1, Delay -0.00215482711792, 
v-frame index: 17, alloc-index: 8, fall to rand-frame: True,
v-frame: ['0', '0', '0', '0', '0', '0', '0', '0', '1', '1', '0', '1', '1', '1', '0', '0', '1', '0', '1', '0']
rand-index: 8
2017-03-28 02:05:24.328594 Node recv VFS_BROADCAST 4, BS time 2017-03-28 02:05:24.019000, Total 10, Seed 5c785d3ad1, Delay 0.309593677521, 
v-frame index: 17, alloc-index: 8, fall to rand-frame: True,
v-frame: ['0', '0', '0', '0', '0', '0', '0', '0', '1', '1', '0', '1', '1', '1', '0', '0', '1', '0', '1', '0']
rand-index: 7
2017-03-28 02:05:24.329391 Node recv VFS_BROADCAST 5, BS time 2017-03-28 02:05:24.024000, Total 10, Seed 5c785d3ad1, Delay 0.305391073227, 
v-frame index: 17, alloc-index: 7, fall to rand-frame: True,
v-frame: ['0', '0', '0', '0', '0', '0', '0', '0', '1', '1', '0', '1', '1', '1', '0', '0', '1', '0', '1', '0']
rand-index: 8
2017-03-28 02:05:24.330127 Node recv VFS_BROADCAST 6, BS time 2017-03-28 02:05:24.030000, Total 10, Seed 5c785d3ad1, Delay 0.300127267838, 
v-frame index: 17, alloc-index: 8, fall to rand-frame: True,
v-frame: ['0', '0', '0', '0', '0', '0', '0', '0', '1', '1', '0', '1', '1', '1', '0', '0', '1', '0', '1', '0']
rand-index: 7
2017-03-28 02:05:24.336006 Node recv VFS_BROADCAST 7, BS time 2017-03-28 02:05:24.036000, Total 10, Seed 5c785d3ad1, Delay 0.300006389618, 
v-frame index: 17, alloc-index: 7, fall to rand-frame: True,
v-frame: ['0', '0', '0', '0', '0', '0', '0', '0', '1', '1', '0', '1', '1', '1', '0', '0', '1', '0', '1', '0']
rand-index: 9
2017-03-28 02:05:24.336764 Node recv VFS_BROADCAST 8, BS time 2017-03-28 02:05:24.042000, Total 10, Seed 5c785d3ad1, Delay 0.294764041901, 
v-frame index: 17, alloc-index: 9, fall to rand-frame: True,
v-frame: ['0', '0', '0', '0', '0', '0', '0', '0', '1', '1', '0', '1', '1', '1', '0', '0', '1', '0', '1', '0']
rand-index: 8
2017-03-28 02:05:24.337696 Node recv VFS_BROADCAST 9, BS time 2017-03-28 02:05:24.047000, Total 10, Seed 5c785d3ad1, Delay 0.290696382523, 
v-frame index: 17, alloc-index: 8, fall to rand-frame: True,
v-frame: ['0', '0', '0', '0', '0', '0', '0', '0', '1', '1', '0', '1', '1', '1', '0', '0', '1', '0', '1', '0']
rand-index: 8
2017-03-28 02:05:24.338368 Node recv VFS_BROADCAST 10, BS time 2017-03-28 02:05:24.052000, Total 10, Seed 5c785d3ad1, Delay 0.286368131638, 
v-frame index: 17, alloc-index: 8, fall to rand-frame: True,
v-frame: ['0', '0', '0', '0', '0', '0', '0', '0', '1', '1', '0', '1', '1', '1', '0', '0', '1', '0', '1', '0']
rand-index: 9
2017-03-28 02:05:24.340008 Node recv VFS_BROADCAST 12, BS time 2017-03-28 02:05:24.064000, Total 10, Seed 5c785d3ad1, Delay 0.276008605957, 
v-frame index: 17, alloc-index: 9, fall to rand-frame: True,
v-frame: ['0', '0', '0', '0', '0', '0', '0', '0', '1', '1', '0', '1', '1', '1', '0', '0', '1', '0', '1', '0']
rand-index: 7
2017-03-28 02:05:24.340536 Node recv VFS_BROADCAST 13, BS time 2017-03-28 02:05:24.069000, Total 10, Seed 5c785d3ad1, Delay 0.271535873413, 
v-frame index: 17, alloc-index: 7, fall to rand-frame: True,
v-frame: ['0', '0', '0', '0', '0', '0', '0', '0', '1', '1', '0', '1', '1', '1', '0', '0', '1', '0', '1', '0']
rand-index: 9
2017-03-28 02:05:24.341120 Node recv VFS_BROADCAST 14, BS time 2017-03-28 02:05:24.075000, Total 10, Seed 5c785d3ad1, Delay 0.266119718552, 
v-frame index: 17, alloc-index: 9, fall to rand-frame: True,
v-frame: ['0', '0', '0', '0', '0', '0', '0', '0', '1', '1', '0', '1', '1', '1', '0', '0', '1', '0', '1', '0']
rand-index: 8
2017-03-28 02:05:24.341692 Node recv VFS_BROADCAST 15, BS time 2017-03-28 02:05:24.080000, Total 10, Seed 5c785d3ad1, Delay 0.261692523956, 
v-frame index: 17, alloc-index: 8, fall to rand-frame: True,
v-frame: ['0', '0', '0', '0', '0', '0', '0', '0', '1', '1', '0', '1', '1', '1', '0', '0', '1', '0', '1', '0']
rand-index: 7
2017-03-28 02:05:24.342279 Node recv VFS_BROADCAST 16, BS time 2017-03-28 02:05:24.087000, Total 10, Seed 5c785d3ad1, Delay 0.255279541016, 
v-frame index: 17, alloc-index: 7, fall to rand-frame: True,
v-frame: ['0', '0', '0', '0', '0', '0', '0', '0', '1', '1', '0', '1', '1', '1', '0', '0', '1', '0', '1', '0']
rand-index: 7
2017-03-28 02:05:24.342870 Node recv VFS_BROADCAST 17, BS time 2017-03-28 02:05:24.094000, Total 10, Seed 5c785d3ad1, Delay 0.248870372772, 
v-frame index: 17, alloc-index: 7, fall to rand-frame: True,
v-frame: ['0', '0', '0', '0', '0', '0', '0', '0', '1', '1', '0', '1', '1', '1', '0', '0', '1', '0', '1', '0']
rand-index: 8
2017-03-28 02:05:24.343423 Node recv VFS_BROADCAST 18, BS time 2017-03-28 02:05:24.099000, Total 10, Seed 5c785d3ad1, Delay 0.244423389435, 
v-frame index: 17, alloc-index: 8, fall to rand-frame: True,
v-frame: ['0', '0', '0', '0', '0', '0', '0', '0', '1', '1', '0', '1', '1', '1', '0', '0', '1', '0', '1', '0']
rand-index: 8
2017-03-28 02:05:24.343988 Node recv VFS_BROADCAST 19, BS time 2017-03-28 02:05:24.105000, Total 10, Seed 5c785d3ad1, Delay 0.23898768425, 
v-frame index: 17, alloc-index: 8, fall to rand-frame: True,
v-frame: ['0', '0', '0', '0', '0', '0', '0', '0', '1', '1', '0', '1', '1', '1', '0', '0', '1', '0', '1', '0']
rand-index: 7
2017-03-28 02:05:24.344543 Node recv VFS_BROADCAST 21, BS time 2017-03-28 02:05:24.117000, Total 10, Seed 5c785d3ad1, Delay 0.227543354034, 
v-frame index: 17, alloc-index: 7, fall to rand-frame: True,
v-frame: ['0', '0', '0', '0', '0', '0', '0', '0', '1', '1', '0', '1', '1', '1', '0', '0', '1', '0', '1', '0']
rand-index: 9
2017-03-28 02:05:24.345135 Node recv VFS_BROADCAST 22, BS time 2017-03-28 02:05:24.123000, Total 10, Seed 5c785d3ad1, Delay 0.222135066986, 
v-frame index: 17, alloc-index: 9, fall to rand-frame: True,
v-frame: ['0', '0', '0', '0', '0', '0', '0', '0', '1', '1', '0', '1', '1', '1', '0', '0', '1', '0', '1', '0']
rand-index: 9
2017-03-28 02:05:24.345716 Node recv VFS_BROADCAST 23, BS time 2017-03-28 02:05:24.128000, Total 10, Seed 5c785d3ad1, Delay 0.21771645546, 
v-frame index: 17, alloc-index: 9, fall to rand-frame: True,
v-frame: ['0', '0', '0', '0', '0', '0', '0', '0', '1', '1', '0', '1', '1', '1', '0', '0', '1', '0', '1', '0']
rand-index: 9
2017-03-28 02:05:24.346272 Node recv VFS_BROADCAST 24, BS time 2017-03-28 02:05:24.133000, Total 10, Seed 5c785d3ad1, Delay 0.213272333145, 
v-frame index: 17, alloc-index: 9, fall to rand-frame: True,
v-frame: ['0', '0', '0', '0', '0', '0', '0', '0', '1', '1', '0', '1', '1', '1', '0', '0', '1', '0', '1', '0']
rand-index: 9
2017-03-28 02:05:24.346854 Node recv VFS_BROADCAST 25, BS time 2017-03-28 02:05:24.139000, Total 10, Seed 5c785d3ad1, Delay 0.207854032516, 
v-frame index: 17, alloc-index: 9, fall to rand-frame: True,
v-frame: ['0', '0', '0', '0', '0', '0', '0', '0', '1', '1', '0', '1', '1', '1', '0', '0', '1', '0', '1', '0']
rand-index: 9
2017-03-28 02:05:24.347421 Node recv VFS_BROADCAST 26, BS time 2017-03-28 02:05:24.147000, Total 10, Seed 5c785d3ad1, Delay 0.200420856476, 
v-frame index: 17, alloc-index: 9, fall to rand-frame: True,
v-frame: ['0', '0', '0', '0', '0', '0', '0', '0', '1', '1', '0', '1', '1', '1', '0', '0', '1', '0', '1', '0']
rand-index: 8
2017-03-28 02:05:24.348003 Node recv VFS_BROADCAST 27, BS time 2017-03-28 02:05:24.152000, Total 10, Seed 5c785d3ad1, Delay 0.196003437042, 
v-frame index: 17, alloc-index: 8, fall to rand-frame: True,
v-frame: ['0', '0', '0', '0', '0', '0', '0', '0', '1', '1', '0', '1', '1', '1', '0', '0', '1', '0', '1', '0']
rand-index: 9
2017-03-28 02:05:24.348412 Node recv VFS_BROADCAST 28, BS time 2017-03-28 02:05:24.157000, Total 10, Seed 5c785d3ad1, Delay 0.191411495209, 
v-frame index: 17, alloc-index: 9, fall to rand-frame: True,
v-frame: ['0', '0', '0', '0', '0', '0', '0', '0', '1', '1', '0', '1', '1', '1', '0', '0', '1', '0', '1', '0']
rand-index: 7
2017-03-28 02:05:24.348766 Node recv VFS_BROADCAST 29, BS time 2017-03-28 02:05:24.163000, Total 10, Seed 5c785d3ad1, Delay 0.185766220093, 
v-frame index: 17, alloc-index: 7, fall to rand-frame: True,
v-frame: ['0', '0', '0', '0', '0', '0', '0', '0', '1', '1', '0', '1', '1', '1', '0', '0', '1', '0', '1', '0']
rand-index: 9
2017-03-28 02:05:24.349119 Node recv VFS_BROADCAST 30, BS time 2017-03-28 02:05:24.168000, Total 10, Seed 5c785d3ad1, Delay 0.181118965149, 
v-frame index: 17, alloc-index: 9, fall to rand-frame: True,
v-frame: ['0', '0', '0', '0', '0', '0', '0', '0', '1', '1', '0', '1', '1', '1', '0', '0', '1', '0', '1', '0']
------ Stop listen VFS broadcast at 2017-03-28 02:05:24.759238 ------
------ Ready to send VFS packets ------
Fire at 2017-03-28 02:05:30.408180
2017-03-28 02:05:30.409882 VFS: Node 00030757AF send data 1
2017-03-28 02:05:30.415416 VFS: Node 00030757AF send data 2
2017-03-28 02:05:30.421229 VFS: Node 00030757AF send data 3
2017-03-28 02:05:30.426436 VFS: Node 00030757AF send data 4
2017-03-28 02:05:30.431967 VFS: Node 00030757AF send data 5
2017-03-28 02:05:30.437158 VFS: Node 00030757AF send data 6
2017-03-28 02:05:30.442669 VFS: Node 00030757AF send data 7
2017-03-28 02:05:30.447900 VFS: Node 00030757AF send data 8
2017-03-28 02:05:30.453437 VFS: Node 00030757AF send data 9
2017-03-28 02:05:30.458633 VFS: Node 00030757AF send data 10
2017-03-28 02:05:30.464236 VFS: Node 00030757AF send data 11
2017-03-28 02:05:30.470083 VFS: Node 00030757AF send data 12
2017-03-28 02:05:30.475583 VFS: Node 00030757AF send data 13
2017-03-28 02:05:30.480795 VFS: Node 00030757AF send data 14
2017-03-28 02:05:30.486358 VFS: Node 00030757AF send data 15
2017-03-28 02:05:30.491561 VFS: Node 00030757AF send data 16
2017-03-28 02:05:30.497089 VFS: Node 00030757AF send data 17
2017-03-28 02:05:30.502574 VFS: Node 00030757AF send data 18
2017-03-28 02:05:30.507771 VFS: Node 00030757AF send data 19
2017-03-28 02:05:30.512976 VFS: Node 00030757AF send data 20
2017-03-28 02:05:30.518797 VFS: Node 00030757AF send data 21
2017-03-28 02:05:30.523985 VFS: Node 00030757AF send data 22
2017-03-28 02:05:30.529719 VFS: Node 00030757AF send data 23
2017-03-28 02:05:30.535218 VFS: Node 00030757AF send data 24
2017-03-28 02:05:30.540688 VFS: Node 00030757AF send data 25
2017-03-28 02:05:30.546435 VFS: Node 00030757AF send data 26
2017-03-28 02:05:30.551960 VFS: Node 00030757AF send data 27
2017-03-28 02:05:30.557192 VFS: Node 00030757AF send data 28
2017-03-28 02:05:30.562413 VFS: Node 00030757AF send data 29
2017-03-28 02:05:30.567421 VFS: Node 00030757AF send data 30
2017-03-28 02:05:30.568261 - thread done - 
 - duration 0.159345149994 -
------ Send VFS packets end ------

 - VFS duration 7.99889349937 -
------ VFS cycle ends at 2017-03-28 02:05:30.883325 ------



=============================================================================================
========================================== ROUND 2 ==========================================
=============================================================================================


------ Listening ------
------ Stop listen at 2017-03-28 02:05:32.043674 ------
2017-03-28 02:05:31.529146 Node recv BEACON 2. BS time: 2017-03-28 02:05:31.519000, Avg delay: -0.0155002832413
------ Listening VFS broadcast ------
Interest only in pkt_type ['VFS_BROADCAST'], not BEACON. Drop pkt!
Interest only in pkt_type ['VFS_BROADCAST'], not BEACON. Drop pkt!
Interest only in pkt_type ['VFS_BROADCAST'], not BEACON. Drop pkt!
Interest only in pkt_type ['VFS_BROADCAST'], not BEACON. Drop pkt!
Interest only in pkt_type ['VFS_BROADCAST'], not BEACON. Drop pkt!
Interest only in pkt_type ['VFS_BROADCAST'], not BEACON. Drop pkt!
Interest only in pkt_type ['VFS_BROADCAST'], not BEACON. Drop pkt!
Interest only in pkt_type ['VFS_BROADCAST'], not BEACON. Drop pkt!
Interest only in pkt_type ['VFS_BROADCAST'], not BEACON. Drop pkt!
Interest only in pkt_type ['VFS_BROADCAST'], not BEACON. Drop pkt!
Interest only in pkt_type ['VFS_BROADCAST'], not BEACON. Drop pkt!
Interest only in pkt_type ['VFS_BROADCAST'], not BEACON. Drop pkt!
Interest only in pkt_type ['VFS_BROADCAST'], not BEACON. Drop pkt!
Interest only in pkt_type ['VFS_BROADCAST'], not BEACON. Drop pkt!
Interest only in pkt_type ['VFS_BROADCAST'], not BEACON. Drop pkt!
Interest only in pkt_type ['VFS_BROADCAST'], not BEACON. Drop pkt!
Interest only in pkt_type ['VFS_BROADCAST'], not BEACON. Drop pkt!
Interest only in pkt_type ['VFS_BROADCAST'], not BEACON. Drop pkt!
Interest only in pkt_type ['VFS_BROADCAST'], not BEACON. Drop pkt!
Interest only in pkt_type ['VFS_BROADCAST'], not BEACON. Drop pkt!
Interest only in pkt_type ['VFS_BROADCAST'], not BEACON. Drop pkt!
Interest only in pkt_type ['VFS_BROADCAST'], not BEACON. Drop pkt!
Interest only in pkt_type ['VFS_BROADCAST'], not BEACON. Drop pkt!
Interest only in pkt_type ['VFS_BROADCAST'], not BEACON. Drop pkt!
Interest only in pkt_type ['VFS_BROADCAST'], not BEACON. Drop pkt!
Interest only in pkt_type ['VFS_BROADCAST'], not BEACON. Drop pkt!
Interest only in pkt_type ['VFS_BROADCAST'], not BEACON. Drop pkt!
Interest only in pkt_type ['VFS_BROADCAST'], not BEACON. Drop pkt!
Interest only in pkt_type ['VFS_BROADCAST'], not BEACON. Drop pkt!
Interest only in pkt_type ['VFS_BROADCAST'], not BEACON. Drop pkt!
Interest only in pkt_type ['VFS_BROADCAST'], not BEACON. Drop pkt!
Interest only in pkt_type ['VFS_BROADCAST'], not BEACON. Drop pkt!
Interest only in pkt_type ['VFS_BROADCAST'], not BEACON. Drop pkt!
Interest only in pkt_type ['VFS_BROADCAST'], not BEACON. Drop pkt!
Interest only in pkt_type ['VFS_BROADCAST'], not BEACON. Drop pkt!
Interest only in pkt_type ['VFS_BROADCAST'], not BEACON. Drop pkt!
Interest only in pkt_type ['VFS_BROADCAST'], not BEACON. Drop pkt!
Interest only in pkt_type ['VFS_BROADCAST'], not BEACON. Drop pkt!
Interest only in pkt_type ['VFS_BROADCAST'], not BEACON. Drop pkt!
Interest only in pkt_type ['VFS_BROADCAST'], not BEACON. Drop pkt!
Interest only in pkt_type ['VFS_BROADCAST'], not BEACON. Drop pkt!
Interest only in pkt_type ['VFS_BROADCAST'], not BEACON. Drop pkt!
Interest only in pkt_type ['VFS_BROADCAST'], not BEACON. Drop pkt!
Interest only in pkt_type ['VFS_BROADCAST'], not BEACON. Drop pkt!
Interest only in pkt_type ['VFS_BROADCAST'], not BEACON. Drop pkt!
Interest only in pkt_type ['VFS_BROADCAST'], not BEACON. Drop pkt!
Interest only in pkt_type ['VFS_BROADCAST'], not BEACON. Drop pkt!
Interest only in pkt_type ['VFS_BROADCAST'], not BEACON. Drop pkt!
Interest only in pkt_type ['VFS_BROADCAST'], not BEACON. Drop pkt!
Interest only in pkt_type ['VFS_BROADCAST'], not BEACON. Drop pkt!
Interest only in pkt_type ['VFS_BROADCAST'], not BEACON. Drop pkt!
Interest only in pkt_type ['VFS_BROADCAST'], not BEACON. Drop pkt!
Interest only in pkt_type ['VFS_BROADCAST'], not BEACON. Drop pkt!
Interest only in pkt_type ['VFS_BROADCAST'], not BEACON. Drop pkt!
alloc-index: 3
2017-03-28 02:05:32.984884 Node recv VFS_BROADCAST 2, BS time 2017-03-28 02:05:33.006000, Total 10, Seed f35de47625, Delay -0.0211162567139, 
v-frame index: 13, alloc-index: 3, fall to rand-frame: False,
v-frame: ['0', '0', '0', '0', '1', '0', '0', '1', '0', '1', '0', '0', '0', '00030757AF', '0', '1', '0', '1', '0', '1']
alloc-index: 3
2017-03-28 02:05:33.328896 Node recv VFS_BROADCAST 4, BS time 2017-03-28 02:05:33.018000, Total 10, Seed f35de47625, Delay 0.310896158218, 
v-frame index: 13, alloc-index: 3, fall to rand-frame: False,
v-frame: ['0', '0', '0', '0', '1', '0', '0', '1', '0', '1', '0', '0', '0', '00030757AF', '0', '1', '0', '1', '0', '1']
alloc-index: 3
2017-03-28 02:05:33.329696 Node recv VFS_BROADCAST 5, BS time 2017-03-28 02:05:33.023000, Total 10, Seed f35de47625, Delay 0.306696414948, 
v-frame index: 13, alloc-index: 3, fall to rand-frame: False,
v-frame: ['0', '0', '0', '0', '1', '0', '0', '1', '0', '1', '0', '0', '0', '00030757AF', '0', '1', '0', '1', '0', '1']
alloc-index: 3
2017-03-28 02:05:33.330292 Node recv VFS_BROADCAST 6, BS time 2017-03-28 02:05:33.028000, Total 10, Seed f35de47625, Delay 0.302292346954, 
v-frame index: 13, alloc-index: 3, fall to rand-frame: False,
v-frame: ['0', '0', '0', '0', '1', '0', '0', '1', '0', '1', '0', '0', '0', '00030757AF', '0', '1', '0', '1', '0', '1']
alloc-index: 3
2017-03-28 02:05:33.330902 Node recv VFS_BROADCAST 7, BS time 2017-03-28 02:05:33.034000, Total 10, Seed f35de47625, Delay 0.296901702881, 
v-frame index: 13, alloc-index: 3, fall to rand-frame: False,
v-frame: ['0', '0', '0', '0', '1', '0', '0', '1', '0', '1', '0', '0', '0', '00030757AF', '0', '1', '0', '1', '0', '1']
alloc-index: 3
2017-03-28 02:05:33.331490 Node recv VFS_BROADCAST 8, BS time 2017-03-28 02:05:33.041000, Total 10, Seed f35de47625, Delay 0.29049038887, 
v-frame index: 13, alloc-index: 3, fall to rand-frame: False,
v-frame: ['0', '0', '0', '0', '1', '0', '0', '1', '0', '1', '0', '0', '0', '00030757AF', '0', '1', '0', '1', '0', '1']
alloc-index: 3
2017-03-28 02:05:33.332030 Node recv VFS_BROADCAST 9, BS time 2017-03-28 02:05:33.046000, Total 10, Seed f35de47625, Delay 0.286029577255, 
v-frame index: 13, alloc-index: 3, fall to rand-frame: False,
v-frame: ['0', '0', '0', '0', '1', '0', '0', '1', '0', '1', '0', '0', '0', '00030757AF', '0', '1', '0', '1', '0', '1']
alloc-index: 3
2017-03-28 02:05:33.333319 Node recv VFS_BROADCAST 10, BS time 2017-03-28 02:05:33.052000, Total 10, Seed f35de47625, Delay 0.281319379807, 
v-frame index: 13, alloc-index: 3, fall to rand-frame: False,
v-frame: ['0', '0', '0', '0', '1', '0', '0', '1', '0', '1', '0', '0', '0', '00030757AF', '0', '1', '0', '1', '0', '1']
alloc-index: 3
2017-03-28 02:05:33.334144 Node recv VFS_BROADCAST 11, BS time 2017-03-28 02:05:33.057000, Total 10, Seed f35de47625, Delay 0.277144193649, 
v-frame index: 13, alloc-index: 3, fall to rand-frame: False,
v-frame: ['0', '0', '0', '0', '1', '0', '0', '1', '0', '1', '0', '0', '0', '00030757AF', '0', '1', '0', '1', '0', '1']
alloc-index: 3
2017-03-28 02:05:33.334778 Node recv VFS_BROADCAST 13, BS time 2017-03-28 02:05:33.069000, Total 10, Seed f35de47625, Delay 0.265778303146, 
v-frame index: 13, alloc-index: 3, fall to rand-frame: False,
v-frame: ['0', '0', '0', '0', '1', '0', '0', '1', '0', '1', '0', '0', '0', '00030757AF', '0', '1', '0', '1', '0', '1']
alloc-index: 3
2017-03-28 02:05:33.335865 Node recv VFS_BROADCAST 14, BS time 2017-03-28 02:05:33.075000, Total 10, Seed f35de47625, Delay 0.260865211487, 
v-frame index: 13, alloc-index: 3, fall to rand-frame: False,
v-frame: ['0', '0', '0', '0', '1', '0', '0', '1', '0', '1', '0', '0', '0', '00030757AF', '0', '1', '0', '1', '0', '1']
alloc-index: 3
2017-03-28 02:05:33.336499 Node recv VFS_BROADCAST 15, BS time 2017-03-28 02:05:33.081000, Total 10, Seed f35de47625, Delay 0.255499362946, 
v-frame index: 13, alloc-index: 3, fall to rand-frame: False,
v-frame: ['0', '0', '0', '0', '1', '0', '0', '1', '0', '1', '0', '0', '0', '00030757AF', '0', '1', '0', '1', '0', '1']
alloc-index: 3
2017-03-28 02:05:33.337243 Node recv VFS_BROADCAST 16, BS time 2017-03-28 02:05:33.088000, Total 10, Seed f35de47625, Delay 0.249242544174, 
v-frame index: 13, alloc-index: 3, fall to rand-frame: False,
v-frame: ['0', '0', '0', '0', '1', '0', '0', '1', '0', '1', '0', '0', '0', '00030757AF', '0', '1', '0', '1', '0', '1']
alloc-index: 3
2017-03-28 02:05:33.337838 Node recv VFS_BROADCAST 17, BS time 2017-03-28 02:05:33.094000, Total 10, Seed f35de47625, Delay 0.243838071823, 
v-frame index: 13, alloc-index: 3, fall to rand-frame: False,
v-frame: ['0', '0', '0', '0', '1', '0', '0', '1', '0', '1', '0', '0', '0', '00030757AF', '0', '1', '0', '1', '0', '1']
alloc-index: 3
2017-03-28 02:05:33.338411 Node recv VFS_BROADCAST 18, BS time 2017-03-28 02:05:33.099000, Total 10, Seed f35de47625, Delay 0.239410877228, 
v-frame index: 13, alloc-index: 3, fall to rand-frame: False,
v-frame: ['0', '0', '0', '0', '1', '0', '0', '1', '0', '1', '0', '0', '0', '00030757AF', '0', '1', '0', '1', '0', '1']
alloc-index: 3
2017-03-28 02:05:33.339002 Node recv VFS_BROADCAST 19, BS time 2017-03-28 02:05:33.105000, Total 10, Seed f35de47625, Delay 0.234001874924, 
v-frame index: 13, alloc-index: 3, fall to rand-frame: False,
v-frame: ['0', '0', '0', '0', '1', '0', '0', '1', '0', '1', '0', '0', '0', '00030757AF', '0', '1', '0', '1', '0', '1']
alloc-index: 3
2017-03-28 02:05:33.339552 Node recv VFS_BROADCAST 20, BS time 2017-03-28 02:05:33.110000, Total 10, Seed f35de47625, Delay 0.229552268982, 
v-frame index: 13, alloc-index: 3, fall to rand-frame: False,
v-frame: ['0', '0', '0', '0', '1', '0', '0', '1', '0', '1', '0', '0', '0', '00030757AF', '0', '1', '0', '1', '0', '1']
alloc-index: 3
2017-03-28 02:05:33.340110 Node recv VFS_BROADCAST 22, BS time 2017-03-28 02:05:33.122000, Total 10, Seed f35de47625, Delay 0.218110322952, 
v-frame index: 13, alloc-index: 3, fall to rand-frame: False,
v-frame: ['0', '0', '0', '0', '1', '0', '0', '1', '0', '1', '0', '0', '0', '00030757AF', '0', '1', '0', '1', '0', '1']
alloc-index: 3
2017-03-28 02:05:33.340662 Node recv VFS_BROADCAST 23, BS time 2017-03-28 02:05:33.127000, Total 10, Seed f35de47625, Delay 0.213662385941, 
v-frame index: 13, alloc-index: 3, fall to rand-frame: False,
v-frame: ['0', '0', '0', '0', '1', '0', '0', '1', '0', '1', '0', '0', '0', '00030757AF', '0', '1', '0', '1', '0', '1']
alloc-index: 3
2017-03-28 02:05:33.341235 Node recv VFS_BROADCAST 24, BS time 2017-03-28 02:05:33.133000, Total 10, Seed f35de47625, Delay 0.208235502243, 
v-frame index: 13, alloc-index: 3, fall to rand-frame: False,
v-frame: ['0', '0', '0', '0', '1', '0', '0', '1', '0', '1', '0', '0', '0', '00030757AF', '0', '1', '0', '1', '0', '1']
alloc-index: 3
2017-03-28 02:05:33.341787 Node recv VFS_BROADCAST 25, BS time 2017-03-28 02:05:33.139000, Total 10, Seed f35de47625, Delay 0.202787399292, 
v-frame index: 13, alloc-index: 3, fall to rand-frame: False,
v-frame: ['0', '0', '0', '0', '1', '0', '0', '1', '0', '1', '0', '0', '0', '00030757AF', '0', '1', '0', '1', '0', '1']
alloc-index: 3
2017-03-28 02:05:33.342327 Node recv VFS_BROADCAST 26, BS time 2017-03-28 02:05:33.145000, Total 10, Seed f35de47625, Delay 0.197326660156, 
v-frame index: 13, alloc-index: 3, fall to rand-frame: False,
v-frame: ['0', '0', '0', '0', '1', '0', '0', '1', '0', '1', '0', '0', '0', '00030757AF', '0', '1', '0', '1', '0', '1']
alloc-index: 3
2017-03-28 02:05:33.342966 Node recv VFS_BROADCAST 27, BS time 2017-03-28 02:05:33.150000, Total 10, Seed f35de47625, Delay 0.192965507507, 
v-frame index: 13, alloc-index: 3, fall to rand-frame: False,
v-frame: ['0', '0', '0', '0', '1', '0', '0', '1', '0', '1', '0', '0', '0', '00030757AF', '0', '1', '0', '1', '0', '1']
alloc-index: 3
2017-03-28 02:05:33.343535 Node recv VFS_BROADCAST 28, BS time 2017-03-28 02:05:33.156000, Total 10, Seed f35de47625, Delay 0.187534809113, 
v-frame index: 13, alloc-index: 3, fall to rand-frame: False,
v-frame: ['0', '0', '0', '0', '1', '0', '0', '1', '0', '1', '0', '0', '0', '00030757AF', '0', '1', '0', '1', '0', '1']
alloc-index: 3
2017-03-28 02:05:33.344088 Node recv VFS_BROADCAST 29, BS time 2017-03-28 02:05:33.161000, Total 10, Seed f35de47625, Delay 0.183087587357, 
v-frame index: 13, alloc-index: 3, fall to rand-frame: False,
v-frame: ['0', '0', '0', '0', '1', '0', '0', '1', '0', '1', '0', '0', '0', '00030757AF', '0', '1', '0', '1', '0', '1']
alloc-index: 3
2017-03-28 02:05:33.344627 Node recv VFS_BROADCAST 30, BS time 2017-03-28 02:05:33.167000, Total 10, Seed f35de47625, Delay 0.177626609802, 
v-frame index: 13, alloc-index: 3, fall to rand-frame: False,
v-frame: ['0', '0', '0', '0', '1', '0', '0', '1', '0', '1', '0', '0', '0', '00030757AF', '0', '1', '0', '1', '0', '1']
------ Stop listen VFS broadcast at 2017-03-28 02:05:33.748955 ------
------ Ready to send VFS packets ------
Fire at 2017-03-28 02:05:36.408121
2017-03-28 02:05:36.409531 VFS: Node 00030757AF send data 1
2017-03-28 02:05:36.415326 VFS: Node 00030757AF send data 2
2017-03-28 02:05:36.420510 VFS: Node 00030757AF send data 3
2017-03-28 02:05:36.426008 VFS: Node 00030757AF send data 4
2017-03-28 02:05:36.431254 VFS: Node 00030757AF send data 5
2017-03-28 02:05:36.436435 VFS: Node 00030757AF send data 6
2017-03-28 02:05:36.442231 VFS: Node 00030757AF send data 7
2017-03-28 02:05:36.447478 VFS: Node 00030757AF send data 8
2017-03-28 02:05:36.452982 VFS: Node 00030757AF send data 9
2017-03-28 02:05:36.458772 VFS: Node 00030757AF send data 10
2017-03-28 02:05:36.464269 VFS: Node 00030757AF send data 11
2017-03-28 02:05:36.469982 VFS: Node 00030757AF send data 12
2017-03-28 02:05:36.475496 VFS: Node 00030757AF send data 13
2017-03-28 02:05:36.481216 VFS: Node 00030757AF send data 14
2017-03-28 02:05:36.486384 VFS: Node 00030757AF send data 15
2017-03-28 02:05:36.492242 VFS: Node 00030757AF send data 16
2017-03-28 02:05:36.497440 VFS: Node 00030757AF send data 17
2017-03-28 02:05:36.502674 VFS: Node 00030757AF send data 18
2017-03-28 02:05:36.508382 VFS: Node 00030757AF send data 19
2017-03-28 02:05:36.514168 VFS: Node 00030757AF send data 20
2017-03-28 02:05:36.519357 VFS: Node 00030757AF send data 21
2017-03-28 02:05:36.524879 VFS: Node 00030757AF send data 22
2017-03-28 02:05:36.530739 VFS: Node 00030757AF send data 23
2017-03-28 02:05:36.536204 VFS: Node 00030757AF send data 24
2017-03-28 02:05:36.541911 VFS: Node 00030757AF send data 25
2017-03-28 02:05:36.547527 VFS: Node 00030757AF send data 26
2017-03-28 02:05:36.552770 VFS: Node 00030757AF send data 27
2017-03-28 02:05:36.558028 VFS: Node 00030757AF send data 28
2017-03-28 02:05:36.563271 VFS: Node 00030757AF send data 29
2017-03-28 02:05:36.568266 VFS: Node 00030757AF send data 30
2017-03-28 02:05:36.569130 - thread done - 
 - duration 0.160355091095 -
------ Send VFS packets end ------

 - VFS duration 7.99909639359 -
------ VFS cycle ends at 2017-03-28 02:05:40.043936 ------



=============================================================================================
========================================== ROUND 3 ==========================================
=============================================================================================


------ Listening ------
2017-03-28 02:05:40.358990 Node recv BEACON 2. BS time: 2017-03-28 02:05:40.553000, Avg delay: -0.0343580722809
Adjust time... New time: 2017-03-28 02:05:40.558357
2017-03-28 02:05:40.558357 Node recv BEACON 3. BS time: 2017-03-28 02:05:40.558000, Avg delay: -0.0526045084
Adjust time... New time: 2017-03-28 02:05:40.564045
2017-03-28 02:05:40.564045 Node recv BEACON 4. BS time: 2017-03-28 02:05:40.564000, Avg delay: -0.0511105775833
2017-03-28 02:05:40.585470 Node recv BEACON 6. BS time: 2017-03-28 02:05:40.574000, Avg delay: -0.0485289096832
2017-03-28 02:05:40.597562 Node recv BEACON 7. BS time: 2017-03-28 02:05:40.580000, Avg delay: -0.0447860717773
2017-03-28 02:05:40.608492 Node recv BEACON 8. BS time: 2017-03-28 02:05:40.588000, Avg delay: -0.0402949571609
2017-03-28 02:05:40.620631 Node recv BEACON 9. BS time: 2017-03-28 02:05:40.592000, Avg delay: -0.0345386743546
2017-03-28 02:05:40.632242 Node recv BEACON 10. BS time: 2017-03-28 02:05:40.598000, Avg delay: -0.0277817726135
2017-03-28 02:05:40.643640 Node recv BEACON 11. BS time: 2017-03-28 02:05:40.604000, Avg delay: -0.0214543819427
2017-03-28 02:05:40.655038 Node recv BEACON 12. BS time: 2017-03-28 02:05:40.609000, Avg delay: -0.0178651809692
2017-03-28 02:05:40.666394 Node recv BEACON 13. BS time: 2017-03-28 02:05:40.615000, Avg delay: 0.00667524337769
2017-03-28 02:05:40.678152 Node recv BEACON 14. BS time: 2017-03-28 02:05:40.621000, Avg delay: 0.0311734676361
2017-03-28 02:05:40.689400 Node recv BEACON 15. BS time: 2017-03-28 02:05:40.628000, Avg delay: 0.0368022203445
2017-03-28 02:05:40.700748 Node recv BEACON 16. BS time: 2017-03-28 02:05:40.633000, Avg delay: 0.0424300193787
2017-03-28 02:05:40.713157 Node recv BEACON 17. BS time: 2017-03-28 02:05:40.638000, Avg delay: 0.048189496994
Adjust time... New time: 2017-03-28 02:05:40.643616
2017-03-28 02:05:40.643616 Node recv BEACON 18. BS time: 2017-03-28 02:05:40.643000, Avg delay: 0.0542811393738
Adjust time... New time: 2017-03-28 02:05:40.650399
------ Stop listen at 2017-03-28 02:05:41.151370 ------
2017-03-28 02:05:40.650399 Node recv BEACON 19. BS time: 2017-03-28 02:05:40.650000, Avg delay: 0.0518176317215
------ Listening VFS broadcast ------
Adjust time... New time: 2017-03-28 02:05:40.732758
2017-03-28 02:05:40.732758 Node recv BEACON 20. BS time: 2017-03-28 02:05:40.655000, Avg delay: 0.119662642479
Interest only in pkt_type ['VFS_BROADCAST'], not BEACON. Drop pkt!
Interest only in pkt_type ['VFS_BROADCAST'], not BEACON. Drop pkt!
Interest only in pkt_type ['VFS_BROADCAST'], not BEACON. Drop pkt!
Interest only in pkt_type ['VFS_BROADCAST'], not BEACON. Drop pkt!
Interest only in pkt_type ['VFS_BROADCAST'], not BEACON. Drop pkt!
Interest only in pkt_type ['VFS_BROADCAST'], not BEACON. Drop pkt!
Interest only in pkt_type ['VFS_BROADCAST'], not BEACON. Drop pkt!
Interest only in pkt_type ['VFS_BROADCAST'], not BEACON. Drop pkt!
Interest only in pkt_type ['VFS_BROADCAST'], not BEACON. Drop pkt!
Interest only in pkt_type ['VFS_BROADCAST'], not BEACON. Drop pkt!
Interest only in pkt_type ['VFS_BROADCAST'], not BEACON. Drop pkt!
Interest only in pkt_type ['VFS_BROADCAST'], not BEACON. Drop pkt!
Interest only in pkt_type ['VFS_BROADCAST'], not BEACON. Drop pkt!
Interest only in pkt_type ['VFS_BROADCAST'], not BEACON. Drop pkt!
Interest only in pkt_type ['VFS_BROADCAST'], not BEACON. Drop pkt!
Interest only in pkt_type ['VFS_BROADCAST'], not BEACON. Drop pkt!
Interest only in pkt_type ['VFS_BROADCAST'], not BEACON. Drop pkt!
Interest only in pkt_type ['VFS_BROADCAST'], not BEACON. Drop pkt!
Interest only in pkt_type ['VFS_BROADCAST'], not BEACON. Drop pkt!
Interest only in pkt_type ['VFS_BROADCAST'], not BEACON. Drop pkt!
Interest only in pkt_type ['VFS_BROADCAST'], not BEACON. Drop pkt!
Interest only in pkt_type ['VFS_BROADCAST'], not BEACON. Drop pkt!
Interest only in pkt_type ['VFS_BROADCAST'], not BEACON. Drop pkt!
Interest only in pkt_type ['VFS_BROADCAST'], not BEACON. Drop pkt!
Interest only in pkt_type ['VFS_BROADCAST'], not BEACON. Drop pkt!
Interest only in pkt_type ['VFS_BROADCAST'], not BEACON. Drop pkt!
Interest only in pkt_type ['VFS_BROADCAST'], not BEACON. Drop pkt!
Interest only in pkt_type ['VFS_BROADCAST'], not BEACON. Drop pkt!
Interest only in pkt_type ['VFS_BROADCAST'], not BEACON. Drop pkt!
Interest only in pkt_type ['VFS_BROADCAST'], not BEACON. Drop pkt!
Interest only in pkt_type ['VFS_BROADCAST'], not BEACON. Drop pkt!
Interest only in pkt_type ['VFS_BROADCAST'], not BEACON. Drop pkt!
Interest only in pkt_type ['VFS_BROADCAST'], not BEACON. Drop pkt!
Interest only in pkt_type ['VFS_BROADCAST'], not BEACON. Drop pkt!
Interest only in pkt_type ['VFS_BROADCAST'], not BEACON. Drop pkt!
Interest only in pkt_type ['VFS_BROADCAST'], not BEACON. Drop pkt!
Interest only in pkt_type ['VFS_BROADCAST'], not BEACON. Drop pkt!
alloc-index: 4
2017-03-28 02:05:41.356386 Node recv VFS_BROADCAST 2, BS time 2017-03-28 02:05:42.007000, Total 10, Seed 555394feba, Delay -0.650614023209, 
v-frame index: 11, alloc-index: 4, fall to rand-frame: False,
v-frame: ['0', '0', '1', '1', '0', '0', '0', '1', '0', '0', '1', '00030757AF', '1', '0', '0', '1', '0', '1', '1', '1']
alloc-index: 4
2017-03-28 02:05:41.357074 Node recv VFS_BROADCAST 3, BS time 2017-03-28 02:05:42.012000, Total 10, Seed 555394feba, Delay -0.654925584793, 
v-frame index: 11, alloc-index: 4, fall to rand-frame: False,
v-frame: ['0', '0', '1', '1', '0', '0', '0', '1', '0', '0', '1', '00030757AF', '1', '0', '0', '1', '0', '1', '1', '1']
alloc-index: 4
2017-03-28 02:05:41.357729 Node recv VFS_BROADCAST 5, BS time 2017-03-28 02:05:42.024000, Total 10, Seed 555394feba, Delay -0.666270494461, 
v-frame index: 11, alloc-index: 4, fall to rand-frame: False,
v-frame: ['0', '0', '1', '1', '0', '0', '0', '1', '0', '0', '1', '00030757AF', '1', '0', '0', '1', '0', '1', '1', '1']
alloc-index: 4
2017-03-28 02:05:41.358415 Node recv VFS_BROADCAST 6, BS time 2017-03-28 02:05:42.029000, Total 10, Seed 555394feba, Delay -0.670584917068, 
v-frame index: 11, alloc-index: 4, fall to rand-frame: False,
v-frame: ['0', '0', '1', '1', '0', '0', '0', '1', '0', '0', '1', '00030757AF', '1', '0', '0', '1', '0', '1', '1', '1']
alloc-index: 4
2017-03-28 02:05:41.359104 Node recv VFS_BROADCAST 7, BS time 2017-03-28 02:05:42.035000, Total 10, Seed 555394feba, Delay -0.675895690918, 
v-frame index: 11, alloc-index: 4, fall to rand-frame: False,
v-frame: ['0', '0', '1', '1', '0', '0', '0', '1', '0', '0', '1', '00030757AF', '1', '0', '0', '1', '0', '1', '1', '1']
alloc-index: 4
2017-03-28 02:05:41.359779 Node recv VFS_BROADCAST 9, BS time 2017-03-28 02:05:42.046000, Total 10, Seed 555394feba, Delay -0.686221122742, 
v-frame index: 11, alloc-index: 4, fall to rand-frame: False,
v-frame: ['0', '0', '1', '1', '0', '0', '0', '1', '0', '0', '1', '00030757AF', '1', '0', '0', '1', '0', '1', '1', '1']
alloc-index: 4
2017-03-28 02:05:41.360462 Node recv VFS_BROADCAST 10, BS time 2017-03-28 02:05:42.052000, Total 10, Seed 555394feba, Delay -0.691538333893, 
v-frame index: 11, alloc-index: 4, fall to rand-frame: False,
v-frame: ['0', '0', '1', '1', '0', '0', '0', '1', '0', '0', '1', '00030757AF', '1', '0', '0', '1', '0', '1', '1', '1']
alloc-index: 4
2017-03-28 02:05:41.361059 Node recv VFS_BROADCAST 11, BS time 2017-03-28 02:05:42.058000, Total 10, Seed 555394feba, Delay -0.696940660477, 
v-frame index: 11, alloc-index: 4, fall to rand-frame: False,
v-frame: ['0', '0', '1', '1', '0', '0', '0', '1', '0', '0', '1', '00030757AF', '1', '0', '0', '1', '0', '1', '1', '1']
alloc-index: 4
2017-03-28 02:05:41.361684 Node recv VFS_BROADCAST 12, BS time 2017-03-28 02:05:42.063000, Total 10, Seed 555394feba, Delay -0.70131611824, 
v-frame index: 11, alloc-index: 4, fall to rand-frame: False,
v-frame: ['0', '0', '1', '1', '0', '0', '0', '1', '0', '0', '1', '00030757AF', '1', '0', '0', '1', '0', '1', '1', '1']
alloc-index: 4
2017-03-28 02:05:41.362250 Node recv VFS_BROADCAST 14, BS time 2017-03-28 02:05:42.075000, Total 10, Seed 555394feba, Delay -0.712750434875, 
v-frame index: 11, alloc-index: 4, fall to rand-frame: False,
v-frame: ['0', '0', '1', '1', '0', '0', '0', '1', '0', '0', '1', '00030757AF', '1', '0', '0', '1', '0', '1', '1', '1']
alloc-index: 4
2017-03-28 02:05:41.362812 Node recv VFS_BROADCAST 15, BS time 2017-03-28 02:05:42.080000, Total 10, Seed 555394feba, Delay -0.717188358307, 
v-frame index: 11, alloc-index: 4, fall to rand-frame: False,
v-frame: ['0', '0', '1', '1', '0', '0', '0', '1', '0', '0', '1', '00030757AF', '1', '0', '0', '1', '0', '1', '1', '1']
alloc-index: 4
2017-03-28 02:05:41.363412 Node recv VFS_BROADCAST 16, BS time 2017-03-28 02:05:42.086000, Total 10, Seed 555394feba, Delay -0.722587823868, 
v-frame index: 11, alloc-index: 4, fall to rand-frame: False,
v-frame: ['0', '0', '1', '1', '0', '0', '0', '1', '0', '0', '1', '00030757AF', '1', '0', '0', '1', '0', '1', '1', '1']
alloc-index: 4
2017-03-28 02:05:41.364010 Node recv VFS_BROADCAST 17, BS time 2017-03-28 02:05:42.091000, Total 10, Seed 555394feba, Delay -0.726989984512, 
v-frame index: 11, alloc-index: 4, fall to rand-frame: False,
v-frame: ['0', '0', '1', '1', '0', '0', '0', '1', '0', '0', '1', '00030757AF', '1', '0', '0', '1', '0', '1', '1', '1']
alloc-index: 4
2017-03-28 02:05:41.364538 Node recv VFS_BROADCAST 18, BS time 2017-03-28 02:05:42.096000, Total 10, Seed 555394feba, Delay -0.731462240219, 
v-frame index: 11, alloc-index: 4, fall to rand-frame: False,
v-frame: ['0', '0', '1', '1', '0', '0', '0', '1', '0', '0', '1', '00030757AF', '1', '0', '0', '1', '0', '1', '1', '1']
alloc-index: 4
2017-03-28 02:05:41.364944 Node recv VFS_BROADCAST 19, BS time 2017-03-28 02:05:42.102000, Total 10, Seed 555394feba, Delay -0.737056493759, 
v-frame index: 11, alloc-index: 4, fall to rand-frame: False,
v-frame: ['0', '0', '1', '1', '0', '0', '0', '1', '0', '0', '1', '00030757AF', '1', '0', '0', '1', '0', '1', '1', '1']
alloc-index: 4
2017-03-28 02:05:41.365316 Node recv VFS_BROADCAST 20, BS time 2017-03-28 02:05:42.107000, Total 10, Seed 555394feba, Delay -0.741683959961, 
v-frame index: 11, alloc-index: 4, fall to rand-frame: False,
v-frame: ['0', '0', '1', '1', '0', '0', '0', '1', '0', '0', '1', '00030757AF', '1', '0', '0', '1', '0', '1', '1', '1']
alloc-index: 4
2017-03-28 02:05:41.365694 Node recv VFS_BROADCAST 21, BS time 2017-03-28 02:05:42.114000, Total 10, Seed 555394feba, Delay -0.748305797577, 
v-frame index: 11, alloc-index: 4, fall to rand-frame: False,
v-frame: ['0', '0', '1', '1', '0', '0', '0', '1', '0', '0', '1', '00030757AF', '1', '0', '0', '1', '0', '1', '1', '1']
alloc-index: 4
2017-03-28 02:05:41.366058 Node recv VFS_BROADCAST 22, BS time 2017-03-28 02:05:42.120000, Total 10, Seed 555394feba, Delay -0.75394153595, 
v-frame index: 11, alloc-index: 4, fall to rand-frame: False,
v-frame: ['0', '0', '1', '1', '0', '0', '0', '1', '0', '0', '1', '00030757AF', '1', '0', '0', '1', '0', '1', '1', '1']
alloc-index: 4
2017-03-28 02:05:41.366411 Node recv VFS_BROADCAST 23, BS time 2017-03-28 02:05:42.125000, Total 10, Seed 555394feba, Delay -0.758588552475, 
v-frame index: 11, alloc-index: 4, fall to rand-frame: False,
v-frame: ['0', '0', '1', '1', '0', '0', '0', '1', '0', '0', '1', '00030757AF', '1', '0', '0', '1', '0', '1', '1', '1']
alloc-index: 4
2017-03-28 02:05:41.366763 Node recv VFS_BROADCAST 24, BS time 2017-03-28 02:05:42.130000, Total 10, Seed 555394feba, Delay -0.763236999512, 
v-frame index: 11, alloc-index: 4, fall to rand-frame: False,
v-frame: ['0', '0', '1', '1', '0', '0', '0', '1', '0', '0', '1', '00030757AF', '1', '0', '0', '1', '0', '1', '1', '1']
alloc-index: 4
2017-03-28 02:05:41.367124 Node recv VFS_BROADCAST 25, BS time 2017-03-28 02:05:42.136000, Total 10, Seed 555394feba, Delay -0.768875837326, 
v-frame index: 11, alloc-index: 4, fall to rand-frame: False,
v-frame: ['0', '0', '1', '1', '0', '0', '0', '1', '0', '0', '1', '00030757AF', '1', '0', '0', '1', '0', '1', '1', '1']
alloc-index: 4
2017-03-28 02:05:41.367480 Node recv VFS_BROADCAST 26, BS time 2017-03-28 02:05:42.142000, Total 10, Seed 555394feba, Delay -0.774520158768, 
v-frame index: 11, alloc-index: 4, fall to rand-frame: False,
v-frame: ['0', '0', '1', '1', '0', '0', '0', '1', '0', '0', '1', '00030757AF', '1', '0', '0', '1', '0', '1', '1', '1']
alloc-index: 4
2017-03-28 02:05:41.367844 Node recv VFS_BROADCAST 27, BS time 2017-03-28 02:05:42.148000, Total 10, Seed 555394feba, Delay -0.780156135559, 
v-frame index: 11, alloc-index: 4, fall to rand-frame: False,
v-frame: ['0', '0', '1', '1', '0', '0', '0', '1', '0', '0', '1', '00030757AF', '1', '0', '0', '1', '0', '1', '1', '1']
alloc-index: 4
2017-03-28 02:05:41.368206 Node recv VFS_BROADCAST 28, BS time 2017-03-28 02:05:42.153000, Total 10, Seed 555394feba, Delay -0.784794092178, 
v-frame index: 11, alloc-index: 4, fall to rand-frame: False,
v-frame: ['0', '0', '1', '1', '0', '0', '0', '1', '0', '0', '1', '00030757AF', '1', '0', '0', '1', '0', '1', '1', '1']
alloc-index: 4
2017-03-28 02:05:41.368605 Node recv VFS_BROADCAST 29, BS time 2017-03-28 02:05:42.158000, Total 10, Seed 555394feba, Delay -0.789394617081, 
v-frame index: 11, alloc-index: 4, fall to rand-frame: False,
v-frame: ['0', '0', '1', '1', '0', '0', '0', '1', '0', '0', '1', '00030757AF', '1', '0', '0', '1', '0', '1', '1', '1']
alloc-index: 4
2017-03-28 02:05:41.368968 Node recv VFS_BROADCAST 30, BS time 2017-03-28 02:05:42.164000, Total 10, Seed 555394feba, Delay -0.795031547546, 
v-frame index: 11, alloc-index: 4, fall to rand-frame: False,
v-frame: ['0', '0', '1', '1', '0', '0', '0', '1', '0', '0', '1', '00030757AF', '1', '0', '0', '1', '0', '1', '1', '1']
------ Stop listen VFS broadcast at 2017-03-28 02:05:41.769636 ------
------ Ready to send VFS packets ------
Fire at 2017-03-28 02:05:45.908144
2017-03-28 02:05:45.909333 VFS: Node 00030757AF send data 1
2017-03-28 02:05:45.915210 VFS: Node 00030757AF send data 2
2017-03-28 02:05:45.920452 VFS: Node 00030757AF send data 3
2017-03-28 02:05:45.925680 VFS: Node 00030757AF send data 4
2017-03-28 02:05:45.930886 VFS: Node 00030757AF send data 5
2017-03-28 02:05:45.936097 VFS: Node 00030757AF send data 6
2017-03-28 02:05:45.941301 VFS: Node 00030757AF send data 7
2017-03-28 02:05:45.946767 VFS: Node 00030757AF send data 8
2017-03-28 02:05:45.951988 VFS: Node 00030757AF send data 9
2017-03-28 02:05:45.957209 VFS: Node 00030757AF send data 10
2017-03-28 02:05:45.962751 VFS: Node 00030757AF send data 11
2017-03-28 02:05:45.967981 VFS: Node 00030757AF send data 12
2017-03-28 02:05:45.973234 VFS: Node 00030757AF send data 13
2017-03-28 02:05:45.978433 VFS: Node 00030757AF send data 14
2017-03-28 02:05:45.984271 VFS: Node 00030757AF send data 15
2017-03-28 02:05:45.989477 VFS: Node 00030757AF send data 16
2017-03-28 02:05:45.995036 VFS: Node 00030757AF send data 17
2017-03-28 02:05:46.000540 VFS: Node 00030757AF send data 18
2017-03-28 02:05:46.005743 VFS: Node 00030757AF send data 19
2017-03-28 02:05:46.011281 VFS: Node 00030757AF send data 20
2017-03-28 02:05:46.016583 VFS: Node 00030757AF send data 21
2017-03-28 02:05:46.021782 VFS: Node 00030757AF send data 22
2017-03-28 02:05:46.026991 VFS: Node 00030757AF send data 23
2017-03-28 02:05:46.032497 VFS: Node 00030757AF send data 24
2017-03-28 02:05:46.038026 VFS: Node 00030757AF send data 25
2017-03-28 02:05:46.043223 VFS: Node 00030757AF send data 26
2017-03-28 02:05:46.048455 VFS: Node 00030757AF send data 27
2017-03-28 02:05:46.053696 VFS: Node 00030757AF send data 28
2017-03-28 02:05:46.058896 VFS: Node 00030757AF send data 29
2017-03-28 02:05:46.064423 VFS: Node 00030757AF send data 30
2017-03-28 02:05:46.065316 - thread done - 
 - duration 0.156780481339 -
------ Send VFS packets end ------

 - VFS duration 7.9989323616 -
------ VFS cycle ends at 2017-03-28 02:05:49.151384 ------



=============================================================================================
========================================= TEST END ==========================================
=============================================================================================


