----------------------------------------------------------
Input options: 
{'verbose': True, 'discontinuous': False, 'bandwidth': 1000000.0, 'megabytes': 1.0, 'size': 400, 'log': False, 'antenna': 'TX/RX', 'lo_offset': 0, 'scheme': 'VFS', 'spec': None, 'tx_gain': 20.0, 'tx_amplitude': 0.1, 'modulation': 'bpsk', 'args': 'serial=3075786', 'snr': 30.0, 'occupied_tones': 200, 'freq': None, 'logfile': '3075786_vfs.log', 'rx_freq': 2490000000.0, 'rx_gain': 30.0, 'from_file': None, 'to_file': None, 'tx_freq': 2490000000.0, 'clock_source': None, 'cp_length': 128, 'fft_length': 512}
----------------------------------------------------------


NODE ID: 0003075786

Clock Rate: 100.0 MHz

####### Test Protocol: VFS #######

2017-03-28 02:05:18.590427 Adjust to PC time: 2017-03-28 02:05:18.587516



=============================================================================================
========================================== ROUND 1 ==========================================
=============================================================================================


------ Listening ------
Adjust time... New time: 2017-03-28 02:05:21.975055
2017-03-28 02:05:21.975055 Node recv BEACON 2. BS time: 2017-03-28 02:05:21.975000, Avg delay: 0.423425197601
Adjust time... New time: 2017-03-28 02:05:21.981055
2017-03-28 02:05:21.981055 Node recv BEACON 3. BS time: 2017-03-28 02:05:21.981000, Avg delay: 0.209090948105
Adjust time... New time: 2017-03-28 02:05:21.987083
2017-03-28 02:05:21.987083 Node recv BEACON 4. BS time: 2017-03-28 02:05:21.987000, Avg delay: 0.137596050898
Adjust time... New time: 2017-03-28 02:05:21.992053
2017-03-28 02:05:21.992053 Node recv BEACON 5. BS time: 2017-03-28 02:05:21.992000, Avg delay: 0.102090358734
Adjust time... New time: 2017-03-28 02:05:21.998053
2017-03-28 02:05:21.998053 Node recv BEACON 6. BS time: 2017-03-28 02:05:21.998000, Avg delay: 0.0805740356445
Adjust time... New time: 2017-03-28 02:05:22.003056
2017-03-28 02:05:22.003056 Node recv BEACON 7. BS time: 2017-03-28 02:05:22.003000, Avg delay: 0.0663963158925
Adjust time... New time: 2017-03-28 02:05:22.009064
2017-03-28 02:05:22.009064 Node recv BEACON 8. BS time: 2017-03-28 02:05:22.009000, Avg delay: 0.0561522415706
2017-03-28 02:05:22.009653 Node recv BEACON 9. BS time: 2017-03-28 02:05:22.015000, Avg delay: 0.0484648346901
2017-03-28 02:05:22.010053 Node recv BEACON 10. BS time: 2017-03-28 02:05:22.021000, Avg delay: 0.0418635474311
2017-03-28 02:05:22.010904 Node recv BEACON 11. BS time: 2017-03-28 02:05:22.026000, Avg delay: 0.0361675739288
2017-03-28 02:05:22.011611 Node recv BEACON 12. BS time: 2017-03-28 02:05:22.033000, Avg delay: -0.00831379890442
2017-03-28 02:05:22.017559 Node recv BEACON 13. BS time: 2017-03-28 02:05:22.038000, Avg delay: -0.0098335981369
2017-03-28 02:05:22.018948 Node recv BEACON 14. BS time: 2017-03-28 02:05:22.044000, Avg delay: -0.0117994070053
2017-03-28 02:05:22.023213 Node recv BEACON 15. BS time: 2017-03-28 02:05:22.050000, Avg delay: -0.0140353918076
2017-03-28 02:05:22.026059 Node recv BEACON 16. BS time: 2017-03-28 02:05:22.056000, Avg delay: -0.0164803743362
2017-03-28 02:05:22.027338 Node recv BEACON 17. BS time: 2017-03-28 02:05:22.061000, Avg delay: -0.0193973302841
2017-03-28 02:05:22.028413 Node recv BEACON 18. BS time: 2017-03-28 02:05:22.067000, Avg delay: -0.0227247714996
2017-03-28 02:05:22.029035 Node recv BEACON 19. BS time: 2017-03-28 02:05:22.072000, Avg delay: -0.0264865636826
2017-03-28 02:05:22.029663 Node recv BEACON 20. BS time: 2017-03-28 02:05:22.077000, Avg delay: -0.0301255941391
2017-03-28 02:05:22.030257 Node recv BEACON 21. BS time: 2017-03-28 02:05:22.084000, Avg delay: -0.0339902877808
2017-03-28 02:05:22.030806 Node recv BEACON 22. BS time: 2017-03-28 02:05:22.089000, Avg delay: -0.0376708745956
2017-03-28 02:05:22.031310 Node recv BEACON 23. BS time: 2017-03-28 02:05:22.096000, Avg delay: -0.0420957803726
2017-03-28 02:05:22.031728 Node recv BEACON 24. BS time: 2017-03-28 02:05:22.101000, Avg delay: -0.0465177774429
Adjust time... New time: 2017-03-28 02:05:22.107106
2017-03-28 02:05:22.107106 Node recv BEACON 25. BS time: 2017-03-28 02:05:22.107000, Avg delay: -0.0513082265854
2017-03-28 02:05:22.107695 Node recv BEACON 26. BS time: 2017-03-28 02:05:22.113000, Avg delay: -0.0488445997238
2017-03-28 02:05:22.108272 Node recv BEACON 27. BS time: 2017-03-28 02:05:22.118000, Avg delay: -0.0464512586594
2017-03-28 02:05:22.108812 Node recv BEACON 28. BS time: 2017-03-28 02:05:22.123000, Avg delay: -0.0440114021301
2017-03-28 02:05:22.109352 Node recv BEACON 29. BS time: 2017-03-28 02:05:22.129000, Avg delay: -0.0416797399521
2017-03-28 02:05:22.109828 Node recv BEACON 30. BS time: 2017-03-28 02:05:22.134000, Avg delay: -0.0393632888794
Adjust time... New time: 2017-03-28 02:05:22.338091
2017-03-28 02:05:22.338091 Node recv BEACON 1. BS time: 2017-03-28 02:05:22.338000, Avg delay: -0.0567509412766
Adjust time... New time: 2017-03-28 02:05:22.343067
2017-03-28 02:05:22.343067 Node recv BEACON 2. BS time: 2017-03-28 02:05:22.343000, Avg delay: -0.0513694524765
2017-03-28 02:05:22.343676 Node recv BEACON 3. BS time: 2017-03-28 02:05:22.349000, Avg delay: -0.0454328298569
2017-03-28 02:05:22.344155 Node recv BEACON 4. BS time: 2017-03-28 02:05:22.355000, Avg delay: -0.0395901203156
2017-03-28 02:05:22.344646 Node recv BEACON 5. BS time: 2017-03-28 02:05:22.361000, Avg delay: -0.0337563991547
2017-03-28 02:05:22.345248 Node recv BEACON 6. BS time: 2017-03-28 02:05:22.367000, Avg delay: -0.0354011774063
------ Stop listen at 2017-03-28 02:05:22.919844 ------
2017-03-28 02:05:22.403644 Node recv BEACON 7. BS time: 2017-03-28 02:05:22.372000, Avg delay: -0.031263923645
------ Listening VFS broadcast ------
Interest only in pkt_type ['VFS_BROADCAST'], not BEACON. Drop pkt!
Interest only in pkt_type ['VFS_BROADCAST'], not BEACON. Drop pkt!
Interest only in pkt_type ['VFS_BROADCAST'], not BEACON. Drop pkt!
Interest only in pkt_type ['VFS_BROADCAST'], not BEACON. Drop pkt!
Interest only in pkt_type ['VFS_BROADCAST'], not BEACON. Drop pkt!
Interest only in pkt_type ['VFS_BROADCAST'], not BEACON. Drop pkt!
Interest only in pkt_type ['VFS_BROADCAST'], not BEACON. Drop pkt!
Interest only in pkt_type ['VFS_BROADCAST'], not BEACON. Drop pkt!
Interest only in pkt_type ['VFS_BROADCAST'], not BEACON. Drop pkt!
Interest only in pkt_type ['VFS_BROADCAST'], not BEACON. Drop pkt!
Interest only in pkt_type ['VFS_BROADCAST'], not BEACON. Drop pkt!
Interest only in pkt_type ['VFS_BROADCAST'], not BEACON. Drop pkt!
Interest only in pkt_type ['VFS_BROADCAST'], not BEACON. Drop pkt!
Interest only in pkt_type ['VFS_BROADCAST'], not BEACON. Drop pkt!
Interest only in pkt_type ['VFS_BROADCAST'], not BEACON. Drop pkt!
Interest only in pkt_type ['VFS_BROADCAST'], not BEACON. Drop pkt!
Interest only in pkt_type ['VFS_BROADCAST'], not BEACON. Drop pkt!
Interest only in pkt_type ['VFS_BROADCAST'], not BEACON. Drop pkt!
Interest only in pkt_type ['VFS_BROADCAST'], not BEACON. Drop pkt!
Interest only in pkt_type ['VFS_BROADCAST'], not BEACON. Drop pkt!
Interest only in pkt_type ['VFS_BROADCAST'], not BEACON. Drop pkt!
alloc-index: 0
2017-03-28 02:05:24.234713 Node recv VFS_BROADCAST 3, BS time 2017-03-28 02:05:24.013000, Total 10, Seed 5c785d3ad1, Delay 0.221712827682, 
v-frame index: 8, alloc-index: 0, fall to rand-frame: False,
v-frame: ['0', '0', '0', '0', '0', '0', '0', '0', '0003075786', '1', '0', '1', '1', '1', '0', '0', '1', '0', '1', '0']
alloc-index: 0
2017-03-28 02:05:24.309300 Node recv VFS_BROADCAST 4, BS time 2017-03-28 02:05:24.019000, Total 10, Seed 5c785d3ad1, Delay 0.290299892426, 
v-frame index: 8, alloc-index: 0, fall to rand-frame: False,
v-frame: ['0', '0', '0', '0', '0', '0', '0', '0', '0003075786', '1', '0', '1', '1', '1', '0', '0', '1', '0', '1', '0']
alloc-index: 0
2017-03-28 02:05:24.310014 Node recv VFS_BROADCAST 5, BS time 2017-03-28 02:05:24.024000, Total 10, Seed 5c785d3ad1, Delay 0.286014556885, 
v-frame index: 8, alloc-index: 0, fall to rand-frame: False,
v-frame: ['0', '0', '0', '0', '0', '0', '0', '0', '0003075786', '1', '0', '1', '1', '1', '0', '0', '1', '0', '1', '0']
alloc-index: 0
2017-03-28 02:05:24.310709 Node recv VFS_BROADCAST 6, BS time 2017-03-28 02:05:24.030000, Total 10, Seed 5c785d3ad1, Delay 0.280709266663, 
v-frame index: 8, alloc-index: 0, fall to rand-frame: False,
v-frame: ['0', '0', '0', '0', '0', '0', '0', '0', '0003075786', '1', '0', '1', '1', '1', '0', '0', '1', '0', '1', '0']
alloc-index: 0
2017-03-28 02:05:24.311434 Node recv VFS_BROADCAST 7, BS time 2017-03-28 02:05:24.036000, Total 10, Seed 5c785d3ad1, Delay 0.275434017181, 
v-frame index: 8, alloc-index: 0, fall to rand-frame: False,
v-frame: ['0', '0', '0', '0', '0', '0', '0', '0', '0003075786', '1', '0', '1', '1', '1', '0', '0', '1', '0', '1', '0']
alloc-index: 0
2017-03-28 02:05:24.312141 Node recv VFS_BROADCAST 8, BS time 2017-03-28 02:05:24.042000, Total 10, Seed 5c785d3ad1, Delay 0.270141124725, 
v-frame index: 8, alloc-index: 0, fall to rand-frame: False,
v-frame: ['0', '0', '0', '0', '0', '0', '0', '0', '0003075786', '1', '0', '1', '1', '1', '0', '0', '1', '0', '1', '0']
alloc-index: 0
2017-03-28 02:05:24.317656 Node recv VFS_BROADCAST 9, BS time 2017-03-28 02:05:24.047000, Total 10, Seed 5c785d3ad1, Delay 0.270656108856, 
v-frame index: 8, alloc-index: 0, fall to rand-frame: False,
v-frame: ['0', '0', '0', '0', '0', '0', '0', '0', '0003075786', '1', '0', '1', '1', '1', '0', '0', '1', '0', '1', '0']
alloc-index: 0
2017-03-28 02:05:24.318283 Node recv VFS_BROADCAST 10, BS time 2017-03-28 02:05:24.052000, Total 10, Seed 5c785d3ad1, Delay 0.266283035278, 
v-frame index: 8, alloc-index: 0, fall to rand-frame: False,
v-frame: ['0', '0', '0', '0', '0', '0', '0', '0', '0003075786', '1', '0', '1', '1', '1', '0', '0', '1', '0', '1', '0']
alloc-index: 0
2017-03-28 02:05:24.318916 Node recv VFS_BROADCAST 12, BS time 2017-03-28 02:05:24.064000, Total 10, Seed 5c785d3ad1, Delay 0.254915714264, 
v-frame index: 8, alloc-index: 0, fall to rand-frame: False,
v-frame: ['0', '0', '0', '0', '0', '0', '0', '0', '0003075786', '1', '0', '1', '1', '1', '0', '0', '1', '0', '1', '0']
alloc-index: 0
2017-03-28 02:05:24.320569 Node recv VFS_BROADCAST 13, BS time 2017-03-28 02:05:24.069000, Total 10, Seed 5c785d3ad1, Delay 0.251569032669, 
v-frame index: 8, alloc-index: 0, fall to rand-frame: False,
v-frame: ['0', '0', '0', '0', '0', '0', '0', '0', '0003075786', '1', '0', '1', '1', '1', '0', '0', '1', '0', '1', '0']
alloc-index: 0
2017-03-28 02:05:24.321656 Node recv VFS_BROADCAST 14, BS time 2017-03-28 02:05:24.075000, Total 10, Seed 5c785d3ad1, Delay 0.246656417847, 
v-frame index: 8, alloc-index: 0, fall to rand-frame: False,
v-frame: ['0', '0', '0', '0', '0', '0', '0', '0', '0003075786', '1', '0', '1', '1', '1', '0', '0', '1', '0', '1', '0']
alloc-index: 0
2017-03-28 02:05:24.322290 Node recv VFS_BROADCAST 15, BS time 2017-03-28 02:05:24.080000, Total 10, Seed 5c785d3ad1, Delay 0.242290258408, 
v-frame index: 8, alloc-index: 0, fall to rand-frame: False,
v-frame: ['0', '0', '0', '0', '0', '0', '0', '0', '0003075786', '1', '0', '1', '1', '1', '0', '0', '1', '0', '1', '0']
alloc-index: 0
2017-03-28 02:05:24.322854 Node recv VFS_BROADCAST 16, BS time 2017-03-28 02:05:24.087000, Total 10, Seed 5c785d3ad1, Delay 0.235854387283, 
v-frame index: 8, alloc-index: 0, fall to rand-frame: False,
v-frame: ['0', '0', '0', '0', '0', '0', '0', '0', '0003075786', '1', '0', '1', '1', '1', '0', '0', '1', '0', '1', '0']
alloc-index: 0
2017-03-28 02:05:24.323446 Node recv VFS_BROADCAST 17, BS time 2017-03-28 02:05:24.094000, Total 10, Seed 5c785d3ad1, Delay 0.229445457458, 
v-frame index: 8, alloc-index: 0, fall to rand-frame: False,
v-frame: ['0', '0', '0', '0', '0', '0', '0', '0', '0003075786', '1', '0', '1', '1', '1', '0', '0', '1', '0', '1', '0']
alloc-index: 0
2017-03-28 02:05:24.323930 Node recv VFS_BROADCAST 18, BS time 2017-03-28 02:05:24.099000, Total 10, Seed 5c785d3ad1, Delay 0.224930047989, 
v-frame index: 8, alloc-index: 0, fall to rand-frame: False,
v-frame: ['0', '0', '0', '0', '0', '0', '0', '0', '0003075786', '1', '0', '1', '1', '1', '0', '0', '1', '0', '1', '0']
rand-index: 9
2017-03-28 02:05:24.324362 Node recv VFS_BROADCAST 19, BS time 2017-03-28 02:05:24.105000, Total 10, Seed 5c781d3ad1, Delay 0.219362258911, 
v-frame index: 14, alloc-index: 9, fall to rand-frame: True,
v-frame: ['0', '0', '0', '0', '0', '0', '0', '0', '1', '1', '0', '1', '1', '1', '0', '0', '1', '0', '1', '0']
alloc-index: 0
2017-03-28 02:05:24.324834 Node recv VFS_BROADCAST 21, BS time 2017-03-28 02:05:24.117000, Total 10, Seed 5c785d3ad1, Delay 0.207834005356, 
v-frame index: 8, alloc-index: 0, fall to rand-frame: False,
v-frame: ['0', '0', '0', '0', '0', '0', '0', '0', '0003075786', '1', '0', '1', '1', '1', '0', '0', '1', '0', '1', '0']
alloc-index: 0
2017-03-28 02:05:24.325220 Node recv VFS_BROADCAST 22, BS time 2017-03-28 02:05:24.123000, Total 10, Seed 5c785d3ad1, Delay 0.202220201492, 
v-frame index: 8, alloc-index: 0, fall to rand-frame: False,
v-frame: ['0', '0', '0', '0', '0', '0', '0', '0', '0003075786', '1', '0', '1', '1', '1', '0', '0', '1', '0', '1', '0']
alloc-index: 0
2017-03-28 02:05:24.325593 Node recv VFS_BROADCAST 23, BS time 2017-03-28 02:05:24.128000, Total 10, Seed 5c785d3ad1, Delay 0.197593212128, 
v-frame index: 8, alloc-index: 0, fall to rand-frame: False,
v-frame: ['0', '0', '0', '0', '0', '0', '0', '0', '0003075786', '1', '0', '1', '1', '1', '0', '0', '1', '0', '1', '0']
alloc-index: 0
2017-03-28 02:05:24.325974 Node recv VFS_BROADCAST 24, BS time 2017-03-28 02:05:24.133000, Total 10, Seed 5c785d3ad1, Delay 0.192974328995, 
v-frame index: 8, alloc-index: 0, fall to rand-frame: False,
v-frame: ['0', '0', '0', '0', '0', '0', '0', '0', '0003075786', '1', '0', '1', '1', '1', '0', '0', '1', '0', '1', '0']
alloc-index: 0
2017-03-28 02:05:24.326332 Node recv VFS_BROADCAST 25, BS time 2017-03-28 02:05:24.139000, Total 10, Seed 5c785d3ad1, Delay 0.187331676483, 
v-frame index: 8, alloc-index: 0, fall to rand-frame: False,
v-frame: ['0', '0', '0', '0', '0', '0', '0', '0', '0003075786', '1', '0', '1', '1', '1', '0', '0', '1', '0', '1', '0']
alloc-index: 0
2017-03-28 02:05:24.326689 Node recv VFS_BROADCAST 26, BS time 2017-03-28 02:05:24.147000, Total 10, Seed 5c785d3ad1, Delay 0.17968916893, 
v-frame index: 8, alloc-index: 0, fall to rand-frame: False,
v-frame: ['0', '0', '0', '0', '0', '0', '0', '0', '0003075786', '1', '0', '1', '1', '1', '0', '0', '1', '0', '1', '0']
alloc-index: 0
2017-03-28 02:05:24.327077 Node recv VFS_BROADCAST 27, BS time 2017-03-28 02:05:24.152000, Total 10, Seed 5c785d3ad1, Delay 0.175077199936, 
v-frame index: 8, alloc-index: 0, fall to rand-frame: False,
v-frame: ['0', '0', '0', '0', '0', '0', '0', '0', '0003075786', '1', '0', '1', '1', '1', '0', '0', '1', '0', '1', '0']
alloc-index: 0
2017-03-28 02:05:24.327480 Node recv VFS_BROADCAST 28, BS time 2017-03-28 02:05:24.157000, Total 10, Seed 5c785d3ad1, Delay 0.170479774475, 
v-frame index: 8, alloc-index: 0, fall to rand-frame: False,
v-frame: ['0', '0', '0', '0', '0', '0', '0', '0', '0003075786', '1', '0', '1', '1', '1', '0', '0', '1', '0', '1', '0']
alloc-index: 0
2017-03-28 02:05:24.327846 Node recv VFS_BROADCAST 29, BS time 2017-03-28 02:05:24.163000, Total 10, Seed 5c785d3ad1, Delay 0.164845943451, 
v-frame index: 8, alloc-index: 0, fall to rand-frame: False,
v-frame: ['0', '0', '0', '0', '0', '0', '0', '0', '0003075786', '1', '0', '1', '1', '1', '0', '0', '1', '0', '1', '0']
alloc-index: 0
2017-03-28 02:05:24.328232 Node recv VFS_BROADCAST 30, BS time 2017-03-28 02:05:24.168000, Total 10, Seed 5c785d3ad1, Delay 0.160232067108, 
v-frame index: 8, alloc-index: 0, fall to rand-frame: False,
v-frame: ['0', '0', '0', '0', '0', '0', '0', '0', '0003075786', '1', '0', '1', '1', '1', '0', '0', '1', '0', '1', '0']
------ Stop listen VFS broadcast at 2017-03-28 02:05:24.730741 ------
------ Ready to send VFS packets ------
Fire at 2017-03-28 02:05:25.908073
2017-03-28 02:05:25.909633 VFS: Node 0003075786 send data 1
2017-03-28 02:05:25.915300 VFS: Node 0003075786 send data 2
2017-03-28 02:05:25.921203 VFS: Node 0003075786 send data 3
2017-03-28 02:05:25.926321 VFS: Node 0003075786 send data 4
2017-03-28 02:05:25.931787 VFS: Node 0003075786 send data 5
2017-03-28 02:05:25.937342 VFS: Node 0003075786 send data 6
2017-03-28 02:05:25.942648 VFS: Node 0003075786 send data 7
2017-03-28 02:05:25.947886 VFS: Node 0003075786 send data 8
2017-03-28 02:05:25.953436 VFS: Node 0003075786 send data 9
2017-03-28 02:05:25.959234 VFS: Node 0003075786 send data 10
2017-03-28 02:05:25.964787 VFS: Node 0003075786 send data 11
2017-03-28 02:05:25.970005 VFS: Node 0003075786 send data 12
2017-03-28 02:05:25.975220 VFS: Node 0003075786 send data 13
2017-03-28 02:05:25.980431 VFS: Node 0003075786 send data 14
2017-03-28 02:05:25.985946 VFS: Node 0003075786 send data 15
2017-03-28 02:05:25.991742 VFS: Node 0003075786 send data 16
2017-03-28 02:05:25.996955 VFS: Node 0003075786 send data 17
2017-03-28 02:05:26.002772 VFS: Node 0003075786 send data 18
2017-03-28 02:05:26.008561 VFS: Node 0003075786 send data 19
2017-03-28 02:05:26.013747 VFS: Node 0003075786 send data 20
2017-03-28 02:05:26.019313 VFS: Node 0003075786 send data 21
2017-03-28 02:05:26.024512 VFS: Node 0003075786 send data 22
2017-03-28 02:05:26.029703 VFS: Node 0003075786 send data 23
2017-03-28 02:05:26.034945 VFS: Node 0003075786 send data 24
2017-03-28 02:05:26.040156 VFS: Node 0003075786 send data 25
2017-03-28 02:05:26.045922 VFS: Node 0003075786 send data 26
2017-03-28 02:05:26.051812 VFS: Node 0003075786 send data 27
2017-03-28 02:05:26.056995 VFS: Node 0003075786 send data 28
2017-03-28 02:05:26.062672 VFS: Node 0003075786 send data 29
2017-03-28 02:05:26.068166 VFS: Node 0003075786 send data 30
2017-03-28 02:05:26.068984 - thread done - 
 - duration 0.16018819809 -
------ Send VFS packets end ------

 - VFS duration 7.99900531769 -
------ VFS cycle ends at 2017-03-28 02:05:30.920212 ------



=============================================================================================
========================================== ROUND 2 ==========================================
=============================================================================================


------ Listening ------
Timestamp ù¶çãìñŸâ©û˜îb◊ is not a float. Drop pkt!
2017-03-28 02:05:32.026137 Node recv BEACON 9. BS time: 2017-03-28 02:05:31.557000, Avg delay: 0.0170686006546
Adjust time... New time: 2017-03-28 02:05:31.562080
2017-03-28 02:05:31.562080 Node recv BEACON 10. BS time: 2017-03-28 02:05:31.562000, Avg delay: 0.0937626600266
Adjust time... New time: 2017-03-28 02:05:31.568053
2017-03-28 02:05:31.568053 Node recv BEACON 11. BS time: 2017-03-28 02:05:31.568000, Avg delay: 0.0956423521042
Adjust time... New time: 2017-03-28 02:05:31.573049
2017-03-28 02:05:31.573049 Node recv BEACON 12. BS time: 2017-03-28 02:05:31.573000, Avg delay: 0.117953395844
Adjust time... New time: 2017-03-28 02:05:31.578089
2017-03-28 02:05:31.578089 Node recv BEACON 13. BS time: 2017-03-28 02:05:31.578000, Avg delay: 0.117941904068
Adjust time... New time: 2017-03-28 02:05:31.584126
2017-03-28 02:05:31.584126 Node recv BEACON 14. BS time: 2017-03-28 02:05:31.584000, Avg delay: 0.117937636375
Adjust time... New time: 2017-03-28 02:05:31.589089
2017-03-28 02:05:31.589089 Node recv BEACON 15. BS time: 2017-03-28 02:05:31.589000, Avg delay: 0.11866812706
Adjust time... New time: 2017-03-28 02:05:31.595056
2017-03-28 02:05:31.595056 Node recv BEACON 16. BS time: 2017-03-28 02:05:31.595000, Avg delay: 0.119799804687
Adjust time... New time: 2017-03-28 02:05:31.600058
2017-03-28 02:05:31.600058 Node recv BEACON 17. BS time: 2017-03-28 02:05:31.600000, Avg delay: 0.121538901329
Adjust time... New time: 2017-03-28 02:05:31.605057
2017-03-28 02:05:31.605057 Node recv BEACON 18. BS time: 2017-03-28 02:05:31.605000, Avg delay: 0.117986512184
Adjust time... New time: 2017-03-28 02:05:31.611076
2017-03-28 02:05:31.611076 Node recv BEACON 19. BS time: 2017-03-28 02:05:31.611000, Avg delay: 0.0706124782562
2017-03-28 02:05:31.611975 Node recv BEACON 20. BS time: 2017-03-28 02:05:31.617000, Avg delay: -0.00461921691895
2017-03-28 02:05:31.612957 Node recv BEACON 21. BS time: 2017-03-28 02:05:31.623000, Avg delay: -0.00508596897125
2017-03-28 02:05:31.614087 Node recv BEACON 24. BS time: 2017-03-28 02:05:31.640000, Avg delay: -0.00722637176514
2017-03-28 02:05:31.616959 Node recv BEACON 25. BS time: 2017-03-28 02:05:31.646000, Avg delay: -0.00968105792999
2017-03-28 02:05:31.617497 Node recv BEACON 26. BS time: 2017-03-28 02:05:31.652000, Avg delay: -0.0125946998596
2017-03-28 02:05:31.617996 Node recv BEACON 27. BS time: 2017-03-28 02:05:31.658000, Avg delay: -0.0162410736084
2017-03-28 02:05:31.618406 Node recv BEACON 28. BS time: 2017-03-28 02:05:31.664000, Avg delay: -0.0202968120575
2017-03-28 02:05:31.618808 Node recv BEACON 29. BS time: 2017-03-28 02:05:31.669000, Avg delay: -0.024879860878
2017-03-28 02:05:31.619321 Node recv BEACON 30. BS time: 2017-03-28 02:05:31.675000, Avg delay: -0.0300597429276
Adjust time... New time: 2017-03-28 02:05:31.887041
2017-03-28 02:05:31.887041 Node recv BEACON 2. BS time: 2017-03-28 02:05:31.887000, Avg delay: -0.0563303470612
Adjust time... New time: 2017-03-28 02:05:31.893042
2017-03-28 02:05:31.893042 Node recv BEACON 3. BS time: 2017-03-28 02:05:31.893000, Avg delay: -0.05638859272
Adjust time... New time: 2017-03-28 02:05:31.899044
2017-03-28 02:05:31.899044 Node recv BEACON 4. BS time: 2017-03-28 02:05:31.899000, Avg delay: -0.055944275856
Adjust time... New time: 2017-03-28 02:05:31.906046
2017-03-28 02:05:31.906046 Node recv BEACON 5. BS time: 2017-03-28 02:05:31.906000, Avg delay: -0.0540127754211
Adjust time... New time: 2017-03-28 02:05:31.911043
2017-03-28 02:05:31.911043 Node recv BEACON 6. BS time: 2017-03-28 02:05:31.911000, Avg delay: -0.0515675544739
2017-03-28 02:05:31.911427 Node recv BEACON 7. BS time: 2017-03-28 02:05:31.918000, Avg delay: -0.0487744808197
2017-03-28 02:05:31.911775 Node recv BEACON 8. BS time: 2017-03-28 02:05:31.925000, Avg delay: -0.0460966587067
2017-03-28 02:05:31.912129 Node recv BEACON 9. BS time: 2017-03-28 02:05:31.930000, Avg delay: -0.0433242797852
2017-03-28 02:05:31.912492 Node recv BEACON 10. BS time: 2017-03-28 02:05:31.935000, Avg delay: -0.0405559062958
2017-03-28 02:05:31.912855 Node recv BEACON 11. BS time: 2017-03-28 02:05:31.941000, Avg delay: -0.0378025770187
2017-03-28 02:05:31.913269 Node recv BEACON 12. BS time: 2017-03-28 02:05:31.946000, Avg delay: -0.0143447399139
2017-03-28 02:05:31.913707 Node recv BEACON 13. BS time: 2017-03-28 02:05:31.952000, Avg delay: -0.0176132917404
2017-03-28 02:05:31.914169 Node recv BEACON 14. BS time: 2017-03-28 02:05:31.957000, Avg delay: -0.0213364362717
2017-03-28 02:05:31.914740 Node recv BEACON 15. BS time: 2017-03-28 02:05:31.964000, Avg delay: -0.0256026029587
2017-03-28 02:05:31.917127 Node recv BEACON 16. BS time: 2017-03-28 02:05:31.969000, Avg delay: -0.0303310394287
2017-03-28 02:05:31.917798 Node recv BEACON 17. BS time: 2017-03-28 02:05:31.974000, Avg delay: -0.035294008255
2017-03-28 02:05:31.918193 Node recv BEACON 18. BS time: 2017-03-28 02:05:31.981000, Avg delay: -0.0402521848679
2017-03-28 02:05:31.918559 Node recv BEACON 19. BS time: 2017-03-28 02:05:31.987000, Avg delay: -0.0453091859818
Adjust time... New time: 2017-03-28 02:05:31.993044
2017-03-28 02:05:31.993044 Node recv BEACON 20. BS time: 2017-03-28 02:05:31.993000, Avg delay: -0.0504675626755
2017-03-28 02:05:31.993457 Node recv BEACON 21. BS time: 2017-03-28 02:05:31.999000, Avg delay: -0.0482073068619
2017-03-28 02:05:31.993800 Node recv BEACON 22. BS time: 2017-03-28 02:05:32.004000, Avg delay: -0.0459542512894
2017-03-28 02:05:31.994127 Node recv BEACON 23. BS time: 2017-03-28 02:05:32.010000, Avg delay: -0.0437123298645
2017-03-28 02:05:31.994448 Node recv BEACON 24. BS time: 2017-03-28 02:05:32.015000, Avg delay: -0.0414843797684
2017-03-28 02:05:31.994775 Node recv BEACON 25. BS time: 2017-03-28 02:05:32.021000, Avg delay: -0.0391808986664
2017-03-28 02:05:31.995105 Node recv BEACON 26. BS time: 2017-03-28 02:05:32.027000, Avg delay: -0.0371830463409
2017-03-28 02:05:31.995436 Node recv BEACON 27. BS time: 2017-03-28 02:05:32.032000, Avg delay: -0.0352192640305
2017-03-28 02:05:31.995764 Node recv BEACON 28. BS time: 2017-03-28 02:05:32.038000, Avg delay: -0.0331621170044
2017-03-28 02:05:31.996087 Node recv BEACON 29. BS time: 2017-03-28 02:05:32.044000, Avg delay: -0.0311093568802
2017-03-28 02:05:31.996449 Node recv BEACON 30. BS time: 2017-03-28 02:05:32.049000, Avg delay: -0.0289552688599
------ Stop listen at 2017-03-28 02:05:32.193403 ------
------ Listening VFS broadcast ------
alloc-index: 1
2017-03-28 02:05:32.699917 Node recv VFS_BROADCAST 2, BS time 2017-03-28 02:05:33.006000, Total 10, Seed f35de47625, Delay -0.306083440781, 
v-frame index: 7, alloc-index: 1, fall to rand-frame: False,
v-frame: ['0', '0', '0', '0', '1', '0', '0', '0003075786', '0', '1', '0', '0', '0', '1', '0', '1', '0', '1', '0', '1']
alloc-index: 1
2017-03-28 02:05:32.963710 Node recv VFS_BROADCAST 4, BS time 2017-03-28 02:05:33.018000, Total 10, Seed f35de47625, Delay -0.0542900562286, 
v-frame index: 7, alloc-index: 1, fall to rand-frame: False,
v-frame: ['0', '0', '0', '0', '1', '0', '0', '0003075786', '0', '1', '0', '0', '0', '1', '0', '1', '0', '1', '0', '1']
alloc-index: 1
2017-03-28 02:05:32.964329 Node recv VFS_BROADCAST 5, BS time 2017-03-28 02:05:33.023000, Total 10, Seed f35de47625, Delay -0.0586714744568, 
v-frame index: 7, alloc-index: 1, fall to rand-frame: False,
v-frame: ['0', '0', '0', '0', '1', '0', '0', '0003075786', '0', '1', '0', '0', '0', '1', '0', '1', '0', '1', '0', '1']
alloc-index: 1
2017-03-28 02:05:32.964815 Node recv VFS_BROADCAST 6, BS time 2017-03-28 02:05:33.028000, Total 10, Seed f35de47625, Delay -0.0631849765778, 
v-frame index: 7, alloc-index: 1, fall to rand-frame: False,
v-frame: ['0', '0', '0', '0', '1', '0', '0', '0003075786', '0', '1', '0', '0', '0', '1', '0', '1', '0', '1', '0', '1']
alloc-index: 1
2017-03-28 02:05:32.965459 Node recv VFS_BROADCAST 7, BS time 2017-03-28 02:05:33.034000, Total 10, Seed f35de47625, Delay -0.0685410499573, 
v-frame index: 7, alloc-index: 1, fall to rand-frame: False,
v-frame: ['0', '0', '0', '0', '1', '0', '0', '0003075786', '0', '1', '0', '0', '0', '1', '0', '1', '0', '1', '0', '1']
alloc-index: 1
2017-03-28 02:05:32.965923 Node recv VFS_BROADCAST 8, BS time 2017-03-28 02:05:33.041000, Total 10, Seed f35de47625, Delay -0.0750772953033, 
v-frame index: 7, alloc-index: 1, fall to rand-frame: False,
v-frame: ['0', '0', '0', '0', '1', '0', '0', '0003075786', '0', '1', '0', '0', '0', '1', '0', '1', '0', '1', '0', '1']
alloc-index: 1
2017-03-28 02:05:32.966355 Node recv VFS_BROADCAST 9, BS time 2017-03-28 02:05:33.046000, Total 10, Seed f35de47625, Delay -0.0796446800232, 
v-frame index: 7, alloc-index: 1, fall to rand-frame: False,
v-frame: ['0', '0', '0', '0', '1', '0', '0', '0003075786', '0', '1', '0', '0', '0', '1', '0', '1', '0', '1', '0', '1']
alloc-index: 1
2017-03-28 02:05:32.966780 Node recv VFS_BROADCAST 10, BS time 2017-03-28 02:05:33.052000, Total 10, Seed f35de47625, Delay -0.0852200984955, 
v-frame index: 7, alloc-index: 1, fall to rand-frame: False,
v-frame: ['0', '0', '0', '0', '1', '0', '0', '0003075786', '0', '1', '0', '0', '0', '1', '0', '1', '0', '1', '0', '1']
alloc-index: 1
2017-03-28 02:05:32.967245 Node recv VFS_BROADCAST 11, BS time 2017-03-28 02:05:33.057000, Total 10, Seed f35de47625, Delay -0.0897552967072, 
v-frame index: 7, alloc-index: 1, fall to rand-frame: False,
v-frame: ['0', '0', '0', '0', '1', '0', '0', '0003075786', '0', '1', '0', '0', '0', '1', '0', '1', '0', '1', '0', '1']
alloc-index: 1
2017-03-28 02:05:32.968087 Node recv VFS_BROADCAST 13, BS time 2017-03-28 02:05:33.069000, Total 10, Seed f35de47625, Delay -0.100912809372, 
v-frame index: 7, alloc-index: 1, fall to rand-frame: False,
v-frame: ['0', '0', '0', '0', '1', '0', '0', '0003075786', '0', '1', '0', '0', '0', '1', '0', '1', '0', '1', '0', '1']
alloc-index: 1
2017-03-28 02:05:32.968537 Node recv VFS_BROADCAST 14, BS time 2017-03-28 02:05:33.075000, Total 10, Seed f35de47625, Delay -0.106462955475, 
v-frame index: 7, alloc-index: 1, fall to rand-frame: False,
v-frame: ['0', '0', '0', '0', '1', '0', '0', '0003075786', '0', '1', '0', '0', '0', '1', '0', '1', '0', '1', '0', '1']
alloc-index: 1
2017-03-28 02:05:32.968954 Node recv VFS_BROADCAST 15, BS time 2017-03-28 02:05:33.081000, Total 10, Seed f35de47625, Delay -0.112045764923, 
v-frame index: 7, alloc-index: 1, fall to rand-frame: False,
v-frame: ['0', '0', '0', '0', '1', '0', '0', '0003075786', '0', '1', '0', '0', '0', '1', '0', '1', '0', '1', '0', '1']
alloc-index: 1
2017-03-28 02:05:32.969393 Node recv VFS_BROADCAST 16, BS time 2017-03-28 02:05:33.088000, Total 10, Seed f35de47625, Delay -0.118606567383, 
v-frame index: 7, alloc-index: 1, fall to rand-frame: False,
v-frame: ['0', '0', '0', '0', '1', '0', '0', '0003075786', '0', '1', '0', '0', '0', '1', '0', '1', '0', '1', '0', '1']
alloc-index: 1
2017-03-28 02:05:32.969901 Node recv VFS_BROADCAST 17, BS time 2017-03-28 02:05:33.094000, Total 10, Seed f35de47625, Delay -0.124099254608, 
v-frame index: 7, alloc-index: 1, fall to rand-frame: False,
v-frame: ['0', '0', '0', '0', '1', '0', '0', '0003075786', '0', '1', '0', '0', '0', '1', '0', '1', '0', '1', '0', '1']
alloc-index: 1
2017-03-28 02:05:32.970452 Node recv VFS_BROADCAST 18, BS time 2017-03-28 02:05:33.099000, Total 10, Seed f35de47625, Delay -0.128548145294, 
v-frame index: 7, alloc-index: 1, fall to rand-frame: False,
v-frame: ['0', '0', '0', '0', '1', '0', '0', '0003075786', '0', '1', '0', '0', '0', '1', '0', '1', '0', '1', '0', '1']
alloc-index: 1
2017-03-28 02:05:32.971081 Node recv VFS_BROADCAST 19, BS time 2017-03-28 02:05:33.105000, Total 10, Seed f35de47625, Delay -0.133919477463, 
v-frame index: 7, alloc-index: 1, fall to rand-frame: False,
v-frame: ['0', '0', '0', '0', '1', '0', '0', '0003075786', '0', '1', '0', '0', '0', '1', '0', '1', '0', '1', '0', '1']
alloc-index: 1
2017-03-28 02:05:32.971731 Node recv VFS_BROADCAST 20, BS time 2017-03-28 02:05:33.110000, Total 10, Seed f35de47625, Delay -0.138268470764, 
v-frame index: 7, alloc-index: 1, fall to rand-frame: False,
v-frame: ['0', '0', '0', '0', '1', '0', '0', '0003075786', '0', '1', '0', '0', '0', '1', '0', '1', '0', '1', '0', '1']
alloc-index: 1
2017-03-28 02:05:32.972169 Node recv VFS_BROADCAST 22, BS time 2017-03-28 02:05:33.122000, Total 10, Seed f35de47625, Delay -0.149830818176, 
v-frame index: 7, alloc-index: 1, fall to rand-frame: False,
v-frame: ['0', '0', '0', '0', '1', '0', '0', '0003075786', '0', '1', '0', '0', '0', '1', '0', '1', '0', '1', '0', '1']
alloc-index: 1
2017-03-28 02:05:32.972581 Node recv VFS_BROADCAST 23, BS time 2017-03-28 02:05:33.127000, Total 10, Seed f35de47625, Delay -0.154418706894, 
v-frame index: 7, alloc-index: 1, fall to rand-frame: False,
v-frame: ['0', '0', '0', '0', '1', '0', '0', '0003075786', '0', '1', '0', '0', '0', '1', '0', '1', '0', '1', '0', '1']
alloc-index: 1
2017-03-28 02:05:32.973005 Node recv VFS_BROADCAST 24, BS time 2017-03-28 02:05:33.133000, Total 10, Seed f35de47625, Delay -0.159995079041, 
v-frame index: 7, alloc-index: 1, fall to rand-frame: False,
v-frame: ['0', '0', '0', '0', '1', '0', '0', '0003075786', '0', '1', '0', '0', '0', '1', '0', '1', '0', '1', '0', '1']
alloc-index: 1
2017-03-28 02:05:32.973426 Node recv VFS_BROADCAST 25, BS time 2017-03-28 02:05:33.139000, Total 10, Seed f35de47625, Delay -0.16557431221, 
v-frame index: 7, alloc-index: 1, fall to rand-frame: False,
v-frame: ['0', '0', '0', '0', '1', '0', '0', '0003075786', '0', '1', '0', '0', '0', '1', '0', '1', '0', '1', '0', '1']
alloc-index: 1
2017-03-28 02:05:32.973840 Node recv VFS_BROADCAST 26, BS time 2017-03-28 02:05:33.145000, Total 10, Seed f35de47625, Delay -0.171159982681, 
v-frame index: 7, alloc-index: 1, fall to rand-frame: False,
v-frame: ['0', '0', '0', '0', '1', '0', '0', '0003075786', '0', '1', '0', '0', '0', '1', '0', '1', '0', '1', '0', '1']
alloc-index: 1
2017-03-28 02:05:32.974251 Node recv VFS_BROADCAST 27, BS time 2017-03-28 02:05:33.150000, Total 10, Seed f35de47625, Delay -0.175749063492, 
v-frame index: 7, alloc-index: 1, fall to rand-frame: False,
v-frame: ['0', '0', '0', '0', '1', '0', '0', '0003075786', '0', '1', '0', '0', '0', '1', '0', '1', '0', '1', '0', '1']
alloc-index: 1
2017-03-28 02:05:32.974667 Node recv VFS_BROADCAST 28, BS time 2017-03-28 02:05:33.156000, Total 10, Seed f35de47625, Delay -0.181333303452, 
v-frame index: 7, alloc-index: 1, fall to rand-frame: False,
v-frame: ['0', '0', '0', '0', '1', '0', '0', '0003075786', '0', '1', '0', '0', '0', '1', '0', '1', '0', '1', '0', '1']
alloc-index: 1
2017-03-28 02:05:32.975060 Node recv VFS_BROADCAST 29, BS time 2017-03-28 02:05:33.161000, Total 10, Seed f35de47625, Delay -0.1859395504, 
v-frame index: 7, alloc-index: 1, fall to rand-frame: False,
v-frame: ['0', '0', '0', '0', '1', '0', '0', '0003075786', '0', '1', '0', '0', '0', '1', '0', '1', '0', '1', '0', '1']
alloc-index: 1
2017-03-28 02:05:32.975455 Node recv VFS_BROADCAST 30, BS time 2017-03-28 02:05:33.167000, Total 10, Seed f35de47625, Delay -0.191544771194, 
v-frame index: 7, alloc-index: 1, fall to rand-frame: False,
v-frame: ['0', '0', '0', '0', '1', '0', '0', '0003075786', '0', '1', '0', '0', '0', '1', '0', '1', '0', '1', '0', '1']
------ Stop listen VFS broadcast at 2017-03-28 02:05:33.382791 ------
------ Ready to send VFS packets ------
Fire at 2017-03-28 02:05:35.408074
2017-03-28 02:05:35.409587 VFS: Node 0003075786 send data 1
2017-03-28 02:05:35.414834 VFS: Node 0003075786 send data 2
2017-03-28 02:05:35.420585 VFS: Node 0003075786 send data 3
2017-03-28 02:05:35.426157 VFS: Node 0003075786 send data 4
2017-03-28 02:05:35.431415 VFS: Node 0003075786 send data 5
2017-03-28 02:05:35.436634 VFS: Node 0003075786 send data 6
2017-03-28 02:05:35.441821 VFS: Node 0003075786 send data 7
2017-03-28 02:05:35.447314 VFS: Node 0003075786 send data 8
2017-03-28 02:05:35.452819 VFS: Node 0003075786 send data 9
2017-03-28 02:05:35.458520 VFS: Node 0003075786 send data 10
2017-03-28 02:05:35.464305 VFS: Node 0003075786 send data 11
2017-03-28 02:05:35.469569 VFS: Node 0003075786 send data 12
2017-03-28 02:05:35.474761 VFS: Node 0003075786 send data 13
2017-03-28 02:05:35.480498 VFS: Node 0003075786 send data 14
2017-03-28 02:05:35.486183 VFS: Node 0003075786 send data 15
2017-03-28 02:05:35.491413 VFS: Node 0003075786 send data 16
2017-03-28 02:05:35.496628 VFS: Node 0003075786 send data 17
2017-03-28 02:05:35.501851 VFS: Node 0003075786 send data 18
2017-03-28 02:05:35.507060 VFS: Node 0003075786 send data 19
2017-03-28 02:05:35.512286 VFS: Node 0003075786 send data 20
2017-03-28 02:05:35.517540 VFS: Node 0003075786 send data 21
2017-03-28 02:05:35.523371 VFS: Node 0003075786 send data 22
2017-03-28 02:05:35.528575 VFS: Node 0003075786 send data 23
2017-03-28 02:05:35.534327 VFS: Node 0003075786 send data 24
2017-03-28 02:05:35.540100 VFS: Node 0003075786 send data 25
2017-03-28 02:05:35.545603 VFS: Node 0003075786 send data 26
2017-03-28 02:05:35.550795 VFS: Node 0003075786 send data 27
2017-03-28 02:05:35.556323 VFS: Node 0003075786 send data 28
2017-03-28 02:05:35.561582 VFS: Node 0003075786 send data 29
2017-03-28 02:05:35.566590 VFS: Node 0003075786 send data 30
2017-03-28 02:05:35.567484 - thread done - 
 - duration 0.158712387085 -
------ Send VFS packets end ------

 - VFS duration 7.99924874306 -
------ VFS cycle ends at 2017-03-28 02:05:40.193820 ------



=============================================================================================
========================================== ROUND 3 ==========================================
=============================================================================================


------ Listening ------
------ Stop listen at 2017-03-28 02:05:40.937766 ------
2017-03-28 02:05:40.566305 Node recv BEACON 22. BS time: 2017-03-28 02:05:40.666000, Avg delay: -0.038370513916
------ Listening VFS broadcast ------
Interest only in pkt_type ['VFS_BROADCAST'], not BEACON. Drop pkt!
Interest only in pkt_type ['VFS_BROADCAST'], not BEACON. Drop pkt!
Interest only in pkt_type ['VFS_BROADCAST'], not BEACON. Drop pkt!
Interest only in pkt_type ['VFS_BROADCAST'], not BEACON. Drop pkt!
Interest only in pkt_type ['VFS_BROADCAST'], not BEACON. Drop pkt!
Interest only in pkt_type ['VFS_BROADCAST'], not BEACON. Drop pkt!
Interest only in pkt_type ['VFS_BROADCAST'], not BEACON. Drop pkt!
Interest only in pkt_type ['VFS_BROADCAST'], not BEACON. Drop pkt!
Interest only in pkt_type ['VFS_BROADCAST'], not BEACON. Drop pkt!
Interest only in pkt_type ['VFS_BROADCAST'], not BEACON. Drop pkt!
Interest only in pkt_type ['VFS_BROADCAST'], not BEACON. Drop pkt!
Interest only in pkt_type ['VFS_BROADCAST'], not BEACON. Drop pkt!
Interest only in pkt_type ['VFS_BROADCAST'], not BEACON. Drop pkt!
Interest only in pkt_type ['VFS_BROADCAST'], not BEACON. Drop pkt!
Interest only in pkt_type ['VFS_BROADCAST'], not BEACON. Drop pkt!
Interest only in pkt_type ['VFS_BROADCAST'], not BEACON. Drop pkt!
Interest only in pkt_type ['VFS_BROADCAST'], not BEACON. Drop pkt!
Interest only in pkt_type ['VFS_BROADCAST'], not BEACON. Drop pkt!
Interest only in pkt_type ['VFS_BROADCAST'], not BEACON. Drop pkt!
Interest only in pkt_type ['VFS_BROADCAST'], not BEACON. Drop pkt!
Interest only in pkt_type ['VFS_BROADCAST'], not BEACON. Drop pkt!
Interest only in pkt_type ['VFS_BROADCAST'], not BEACON. Drop pkt!
Interest only in pkt_type ['VFS_BROADCAST'], not BEACON. Drop pkt!
Interest only in pkt_type ['VFS_BROADCAST'], not BEACON. Drop pkt!
Interest only in pkt_type ['VFS_BROADCAST'], not BEACON. Drop pkt!
Interest only in pkt_type ['VFS_BROADCAST'], not BEACON. Drop pkt!
Interest only in pkt_type ['VFS_BROADCAST'], not BEACON. Drop pkt!
Interest only in pkt_type ['VFS_BROADCAST'], not BEACON. Drop pkt!
Interest only in pkt_type ['VFS_BROADCAST'], not BEACON. Drop pkt!
Interest only in pkt_type ['VFS_BROADCAST'], not BEACON. Drop pkt!
Interest only in pkt_type ['VFS_BROADCAST'], not BEACON. Drop pkt!
Interest only in pkt_type ['VFS_BROADCAST'], not BEACON. Drop pkt!
Interest only in pkt_type ['VFS_BROADCAST'], not BEACON. Drop pkt!
Interest only in pkt_type ['VFS_BROADCAST'], not BEACON. Drop pkt!
Interest only in pkt_type ['VFS_BROADCAST'], not BEACON. Drop pkt!
Interest only in pkt_type ['VFS_BROADCAST'], not BEACON. Drop pkt!
Wrong pktno 65469. Drop pkt!
alloc-index: 1
2017-03-28 02:05:41.977538 Node recv VFS_BROADCAST 9, BS time 2017-03-28 02:05:42.046000, Total 10, Seed 555394feba, Delay -0.0684621334076, 
v-frame index: 3, alloc-index: 1, fall to rand-frame: False,
v-frame: ['0', '0', '1', '0003075786', '0', '0', '0', '1', '0', '0', '1', '1', '1', '0', '0', '1', '0', '1', '1', '1']
alloc-index: 1
2017-03-28 02:05:41.977937 Node recv VFS_BROADCAST 10, BS time 2017-03-28 02:05:42.052000, Total 10, Seed 555394feba, Delay -0.0740628242493, 
v-frame index: 3, alloc-index: 1, fall to rand-frame: False,
v-frame: ['0', '0', '1', '0003075786', '0', '0', '0', '1', '0', '0', '1', '1', '1', '0', '0', '1', '0', '1', '1', '1']
alloc-index: 1
2017-03-28 02:05:41.978336 Node recv VFS_BROADCAST 11, BS time 2017-03-28 02:05:42.058000, Total 10, Seed 555394feba, Delay -0.0796642303467, 
v-frame index: 3, alloc-index: 1, fall to rand-frame: False,
v-frame: ['0', '0', '1', '0003075786', '0', '0', '0', '1', '0', '0', '1', '1', '1', '0', '0', '1', '0', '1', '1', '1']
alloc-index: 1
2017-03-28 02:05:41.978712 Node recv VFS_BROADCAST 12, BS time 2017-03-28 02:05:42.063000, Total 10, Seed 555394feba, Delay -0.0842881202698, 
v-frame index: 3, alloc-index: 1, fall to rand-frame: False,
v-frame: ['0', '0', '1', '0003075786', '0', '0', '0', '1', '0', '0', '1', '1', '1', '0', '0', '1', '0', '1', '1', '1']
alloc-index: 1
2017-03-28 02:05:41.979069 Node recv VFS_BROADCAST 14, BS time 2017-03-28 02:05:42.075000, Total 10, Seed 555394feba, Delay -0.0959312915802, 
v-frame index: 3, alloc-index: 1, fall to rand-frame: False,
v-frame: ['0', '0', '1', '0003075786', '0', '0', '0', '1', '0', '0', '1', '1', '1', '0', '0', '1', '0', '1', '1', '1']
alloc-index: 1
2017-03-28 02:05:41.979480 Node recv VFS_BROADCAST 15, BS time 2017-03-28 02:05:42.080000, Total 10, Seed 555394feba, Delay -0.100519895554, 
v-frame index: 3, alloc-index: 1, fall to rand-frame: False,
v-frame: ['0', '0', '1', '0003075786', '0', '0', '0', '1', '0', '0', '1', '1', '1', '0', '0', '1', '0', '1', '1', '1']
alloc-index: 1
2017-03-28 02:05:41.979842 Node recv VFS_BROADCAST 16, BS time 2017-03-28 02:05:42.086000, Total 10, Seed 555394feba, Delay -0.106158256531, 
v-frame index: 3, alloc-index: 1, fall to rand-frame: False,
v-frame: ['0', '0', '1', '0003075786', '0', '0', '0', '1', '0', '0', '1', '1', '1', '0', '0', '1', '0', '1', '1', '1']
alloc-index: 1
2017-03-28 02:05:41.980206 Node recv VFS_BROADCAST 17, BS time 2017-03-28 02:05:42.091000, Total 10, Seed 555394feba, Delay -0.110794067383, 
v-frame index: 3, alloc-index: 1, fall to rand-frame: False,
v-frame: ['0', '0', '1', '0003075786', '0', '0', '0', '1', '0', '0', '1', '1', '1', '0', '0', '1', '0', '1', '1', '1']
alloc-index: 1
2017-03-28 02:05:41.980567 Node recv VFS_BROADCAST 18, BS time 2017-03-28 02:05:42.096000, Total 10, Seed 555394feba, Delay -0.115432977676, 
v-frame index: 3, alloc-index: 1, fall to rand-frame: False,
v-frame: ['0', '0', '1', '0003075786', '0', '0', '0', '1', '0', '0', '1', '1', '1', '0', '0', '1', '0', '1', '1', '1']
alloc-index: 1
2017-03-28 02:05:41.980932 Node recv VFS_BROADCAST 19, BS time 2017-03-28 02:05:42.102000, Total 10, Seed 555394feba, Delay -0.121068000793, 
v-frame index: 3, alloc-index: 1, fall to rand-frame: False,
v-frame: ['0', '0', '1', '0003075786', '0', '0', '0', '1', '0', '0', '1', '1', '1', '0', '0', '1', '0', '1', '1', '1']
alloc-index: 1
2017-03-28 02:05:41.981328 Node recv VFS_BROADCAST 20, BS time 2017-03-28 02:05:42.107000, Total 10, Seed 555394feba, Delay -0.125671863556, 
v-frame index: 3, alloc-index: 1, fall to rand-frame: False,
v-frame: ['0', '0', '1', '0003075786', '0', '0', '0', '1', '0', '0', '1', '1', '1', '0', '0', '1', '0', '1', '1', '1']
alloc-index: 1
2017-03-28 02:05:41.981697 Node recv VFS_BROADCAST 21, BS time 2017-03-28 02:05:42.114000, Total 10, Seed 555394feba, Delay -0.132303237915, 
v-frame index: 3, alloc-index: 1, fall to rand-frame: False,
v-frame: ['0', '0', '1', '0003075786', '0', '0', '0', '1', '0', '0', '1', '1', '1', '0', '0', '1', '0', '1', '1', '1']
alloc-index: 1
2017-03-28 02:05:41.982048 Node recv VFS_BROADCAST 22, BS time 2017-03-28 02:05:42.120000, Total 10, Seed 555394feba, Delay -0.137951612473, 
v-frame index: 3, alloc-index: 1, fall to rand-frame: False,
v-frame: ['0', '0', '1', '0003075786', '0', '0', '0', '1', '0', '0', '1', '1', '1', '0', '0', '1', '0', '1', '1', '1']
alloc-index: 1
2017-03-28 02:05:41.982423 Node recv VFS_BROADCAST 23, BS time 2017-03-28 02:05:42.125000, Total 10, Seed 555394feba, Delay -0.142577171326, 
v-frame index: 3, alloc-index: 1, fall to rand-frame: False,
v-frame: ['0', '0', '1', '0003075786', '0', '0', '0', '1', '0', '0', '1', '1', '1', '0', '0', '1', '0', '1', '1', '1']
alloc-index: 1
2017-03-28 02:05:41.982777 Node recv VFS_BROADCAST 24, BS time 2017-03-28 02:05:42.130000, Total 10, Seed 555394feba, Delay -0.147223472595, 
v-frame index: 3, alloc-index: 1, fall to rand-frame: False,
v-frame: ['0', '0', '1', '0003075786', '0', '0', '0', '1', '0', '0', '1', '1', '1', '0', '0', '1', '0', '1', '1', '1']
alloc-index: 1
2017-03-28 02:05:41.983122 Node recv VFS_BROADCAST 25, BS time 2017-03-28 02:05:42.136000, Total 10, Seed 555394feba, Delay -0.152878284454, 
v-frame index: 3, alloc-index: 1, fall to rand-frame: False,
v-frame: ['0', '0', '1', '0003075786', '0', '0', '0', '1', '0', '0', '1', '1', '1', '0', '0', '1', '0', '1', '1', '1']
alloc-index: 1
2017-03-28 02:05:41.983473 Node recv VFS_BROADCAST 26, BS time 2017-03-28 02:05:42.142000, Total 10, Seed 555394feba, Delay -0.158527135849, 
v-frame index: 3, alloc-index: 1, fall to rand-frame: False,
v-frame: ['0', '0', '1', '0003075786', '0', '0', '0', '1', '0', '0', '1', '1', '1', '0', '0', '1', '0', '1', '1', '1']
alloc-index: 1
2017-03-28 02:05:41.983840 Node recv VFS_BROADCAST 27, BS time 2017-03-28 02:05:42.148000, Total 10, Seed 555394feba, Delay -0.16415977478, 
v-frame index: 3, alloc-index: 1, fall to rand-frame: False,
v-frame: ['0', '0', '1', '0003075786', '0', '0', '0', '1', '0', '0', '1', '1', '1', '0', '0', '1', '0', '1', '1', '1']
alloc-index: 1
2017-03-28 02:05:41.984197 Node recv VFS_BROADCAST 28, BS time 2017-03-28 02:05:42.153000, Total 10, Seed 555394feba, Delay -0.16880273819, 
v-frame index: 3, alloc-index: 1, fall to rand-frame: False,
v-frame: ['0', '0', '1', '0003075786', '0', '0', '0', '1', '0', '0', '1', '1', '1', '0', '0', '1', '0', '1', '1', '1']
alloc-index: 1
2017-03-28 02:05:41.984564 Node recv VFS_BROADCAST 29, BS time 2017-03-28 02:05:42.158000, Total 10, Seed 555394feba, Delay -0.173435926437, 
v-frame index: 3, alloc-index: 1, fall to rand-frame: False,
v-frame: ['0', '0', '1', '0003075786', '0', '0', '0', '1', '0', '0', '1', '1', '1', '0', '0', '1', '0', '1', '1', '1']
alloc-index: 1
2017-03-28 02:05:41.984925 Node recv VFS_BROADCAST 30, BS time 2017-03-28 02:05:42.164000, Total 10, Seed 555394feba, Delay -0.17907500267, 
v-frame index: 3, alloc-index: 1, fall to rand-frame: False,
v-frame: ['0', '0', '1', '0003075786', '0', '0', '0', '1', '0', '0', '1', '1', '1', '0', '0', '1', '0', '1', '1', '1']
------ Stop listen VFS broadcast at 2017-03-28 02:05:42.396065 ------
------ Ready to send VFS packets ------
Fire at 2017-03-28 02:05:44.408010
2017-03-28 02:05:44.409278 VFS: Node 0003075786 send data 1
2017-03-28 02:05:44.414607 VFS: Node 0003075786 send data 2
2017-03-28 02:05:44.419830 VFS: Node 0003075786 send data 3
2017-03-28 02:05:44.425635 VFS: Node 0003075786 send data 4
2017-03-28 02:05:44.430890 VFS: Node 0003075786 send data 5
2017-03-28 02:05:44.436677 VFS: Node 0003075786 send data 6
2017-03-28 02:05:44.441924 VFS: Node 0003075786 send data 7
2017-03-28 02:05:44.447702 VFS: Node 0003075786 send data 8
2017-03-28 02:05:44.452954 VFS: Node 0003075786 send data 9
2017-03-28 02:05:44.458190 VFS: Node 0003075786 send data 10
2017-03-28 02:05:44.463924 VFS: Node 0003075786 send data 11
2017-03-28 02:05:44.469721 VFS: Node 0003075786 send data 12
2017-03-28 02:05:44.474934 VFS: Node 0003075786 send data 13
2017-03-28 02:05:44.480493 VFS: Node 0003075786 send data 14
2017-03-28 02:05:44.485984 VFS: Node 0003075786 send data 15
2017-03-28 02:05:44.491164 VFS: Node 0003075786 send data 16
2017-03-28 02:05:44.496348 VFS: Node 0003075786 send data 17
2017-03-28 02:05:44.502103 VFS: Node 0003075786 send data 18
2017-03-28 02:05:44.507599 VFS: Node 0003075786 send data 19
2017-03-28 02:05:44.513077 VFS: Node 0003075786 send data 20
2017-03-28 02:05:44.518878 VFS: Node 0003075786 send data 21
2017-03-28 02:05:44.524430 VFS: Node 0003075786 send data 22
2017-03-28 02:05:44.529660 VFS: Node 0003075786 send data 23
2017-03-28 02:05:44.535151 VFS: Node 0003075786 send data 24
2017-03-28 02:05:44.540371 VFS: Node 0003075786 send data 25
2017-03-28 02:05:44.545900 VFS: Node 0003075786 send data 26
2017-03-28 02:05:44.551659 VFS: Node 0003075786 send data 27
2017-03-28 02:05:44.556902 VFS: Node 0003075786 send data 28
2017-03-28 02:05:44.562109 VFS: Node 0003075786 send data 29
2017-03-28 02:05:44.567415 VFS: Node 0003075786 send data 30
2017-03-28 02:05:44.568223 - thread done - 
 - duration 0.15972661972 -
------ Send VFS packets end ------

 - VFS duration 7.99877548218 -
------ VFS cycle ends at 2017-03-28 02:05:48.937831 ------



=============================================================================================
========================================= TEST END ==========================================
=============================================================================================


