----------------------------------------------------------
Input options: 
{'verbose': True, 'discontinuous': False, 'bandwidth': 1000000.0, 'megabytes': 1.0, 'size': 400, 'log': False, 'antenna': 'TX/RX', 'lo_offset': 0, 'scheme': 'PS', 'spec': None, 'tx_gain': 20.0, 'tx_amplitude': 0.1, 'modulation': 'bpsk', 'args': '', 'snr': 30.0, 'occupied_tones': 200, 'freq': None, 'logfile': 'bs_ps.log', 'rx_freq': 2490000000.0, 'rx_gain': 20.0, 'from_file': None, 'to_file': None, 'tx_freq': 2490000000.0, 'clock_source': None, 'cp_length': 128, 'fft_length': 512}
----------------------------------------------------------


Clock Rate: 100.0 MHz

####### Test Protocol: PS #######

Presume known nodes: ['00030757AF', '0003075786', '0003094D5C', '0000000004', '0000000005', '0000000006', '0000000007', '0000000008', '0000000009', '0000000010']

2017-03-28 02:23:36.072744 Adjust to PC time: 2017-03-28 02:23:36.072171



=============================================================================================
========================================== ROUND 1 ==========================================
=============================================================================================


------ Broadcast Beacon ------
2017-03-28 02:23:36.085583 broadcast BEACON - 1
2017-03-28 02:23:36.094159 broadcast BEACON - 2
2017-03-28 02:23:36.100019 broadcast BEACON - 3
2017-03-28 02:23:36.105977 broadcast BEACON - 4
2017-03-28 02:23:36.111167 broadcast BEACON - 5
2017-03-28 02:23:36.116855 broadcast BEACON - 6
2017-03-28 02:23:36.122412 broadcast BEACON - 7
2017-03-28 02:23:36.128078 broadcast BEACON - 8
2017-03-28 02:23:36.133713 broadcast BEACON - 9
2017-03-28 02:23:36.139932 broadcast BEACON - 10
2017-03-28 02:23:36.145074 broadcast BEACON - 11
2017-03-28 02:23:36.150815 broadcast BEACON - 12
2017-03-28 02:23:36.155981 broadcast BEACON - 13
2017-03-28 02:23:36.162378 broadcast BEACON - 14
2017-03-28 02:23:36.167809 broadcast BEACON - 15
2017-03-28 02:23:36.173426 broadcast BEACON - 16
2017-03-28 02:23:36.179304 broadcast BEACON - 17
2017-03-28 02:23:36.185089 broadcast BEACON - 18
2017-03-28 02:23:36.190697 broadcast BEACON - 19
2017-03-28 02:23:36.196500 broadcast BEACON - 20
2017-03-28 02:23:36.202235 broadcast BEACON - 21
2017-03-28 02:23:36.207244 broadcast BEACON - 22
2017-03-28 02:23:36.212745 broadcast BEACON - 23
2017-03-28 02:23:36.217955 broadcast BEACON - 24
2017-03-28 02:23:36.223981 broadcast BEACON - 25
2017-03-28 02:23:36.230160 broadcast BEACON - 26
2017-03-28 02:23:36.235821 broadcast BEACON - 27
2017-03-28 02:23:36.240813 broadcast BEACON - 28
2017-03-28 02:23:36.246295 broadcast BEACON - 29
2017-03-28 02:23:36.251864 broadcast BEACON - 30
2017-03-28 02:23:36.252758 - thread done - 
 - duration 0.168239831924 -
------ Broadcast Beacon end --------
Sleep for 0.2 second

------ Broadcast Beacon ------
2017-03-28 02:23:36.456244 broadcast BEACON - 1
2017-03-28 02:23:36.461556 broadcast BEACON - 2
2017-03-28 02:23:36.467370 broadcast BEACON - 3
2017-03-28 02:23:36.473453 broadcast BEACON - 4
2017-03-28 02:23:36.478496 broadcast BEACON - 5
2017-03-28 02:23:36.483694 broadcast BEACON - 6
2017-03-28 02:23:36.489775 broadcast BEACON - 7
2017-03-28 02:23:36.495924 broadcast BEACON - 8
2017-03-28 02:23:36.500922 broadcast BEACON - 9
2017-03-28 02:23:36.506491 broadcast BEACON - 10
2017-03-28 02:23:36.511675 broadcast BEACON - 11
2017-03-28 02:23:36.517980 broadcast BEACON - 12
2017-03-28 02:23:36.524986 broadcast BEACON - 13
2017-03-28 02:23:36.530542 broadcast BEACON - 14
2017-03-28 02:23:36.536916 broadcast BEACON - 15
2017-03-28 02:23:36.542144 broadcast BEACON - 16
2017-03-28 02:23:36.547343 broadcast BEACON - 17
2017-03-28 02:23:36.553574 broadcast BEACON - 18
2017-03-28 02:23:36.560672 broadcast BEACON - 19
2017-03-28 02:23:36.568112 broadcast BEACON - 20
2017-03-28 02:23:36.574054 broadcast BEACON - 21
2017-03-28 02:23:36.579837 broadcast BEACON - 22
2017-03-28 02:23:36.585056 broadcast BEACON - 23
2017-03-28 02:23:36.591014 broadcast BEACON - 24
2017-03-28 02:23:36.597970 broadcast BEACON - 25
2017-03-28 02:23:36.602990 broadcast BEACON - 26
2017-03-28 02:23:36.608699 broadcast BEACON - 27
2017-03-28 02:23:36.614586 broadcast BEACON - 28
2017-03-28 02:23:36.620408 broadcast BEACON - 29
2017-03-28 02:23:36.625753 broadcast BEACON - 30
2017-03-28 02:23:36.627568 - thread done - 
 - duration 0.172646045685 -
------ Broadcast Beacon end --------
Sleep for 0.5 second

 - Sync duration 1.04653429985 -

Calculated perfect seed: 001baf7f7e, calculation count: 3876, 
Alloc Frame: ['0003075786', '0000000009', '00030757AF', '0000000006', '0000000008', '0000000007', '0000000005', '0000000004', '0003094D5C', '0000000010']
 - duration 0.174295425415 -
------ Broadcast PS packets ------
Fire at absolute 2017-03-28 02:23:37.999808
2017-03-28 02:23:38.001167 send PS_BROADCAST 1, Total nodes: 10, Seed: 001baf7f7e, Node begin: 2017-03-28 02:23:40, 
Session: [('0003075786', 1490639020.0, 1490639020.4999), ('0000000009', 1490639020.5, 1490639020.9999), ('00030757AF', 1490639021.0, 1490639021.4999), ('0000000006', 1490639021.5, 1490639021.9999), ('0000000008', 1490639022.0, 1490639022.4999), ('0000000007', 1490639022.5, 1490639022.9999), ('0000000005', 1490639023.0, 1490639023.4999), ('0000000004', 1490639023.5, 1490639023.9999), ('0003094D5C', 1490639024.0, 1490639024.4999), ('0000000010', 1490639024.5, 1490639024.9999)]
2017-03-28 02:23:38.006616 send PS_BROADCAST 2, Total nodes: 10, Seed: 001baf7f7e, Node begin: 2017-03-28 02:23:40, 
Session: [('0003075786', 1490639020.0, 1490639020.4999), ('0000000009', 1490639020.5, 1490639020.9999), ('00030757AF', 1490639021.0, 1490639021.4999), ('0000000006', 1490639021.5, 1490639021.9999), ('0000000008', 1490639022.0, 1490639022.4999), ('0000000007', 1490639022.5, 1490639022.9999), ('0000000005', 1490639023.0, 1490639023.4999), ('0000000004', 1490639023.5, 1490639023.9999), ('0003094D5C', 1490639024.0, 1490639024.4999), ('0000000010', 1490639024.5, 1490639024.9999)]
2017-03-28 02:23:38.013319 send PS_BROADCAST 3, Total nodes: 10, Seed: 001baf7f7e, Node begin: 2017-03-28 02:23:40, 
Session: [('0003075786', 1490639020.0, 1490639020.4999), ('0000000009', 1490639020.5, 1490639020.9999), ('00030757AF', 1490639021.0, 1490639021.4999), ('0000000006', 1490639021.5, 1490639021.9999), ('0000000008', 1490639022.0, 1490639022.4999), ('0000000007', 1490639022.5, 1490639022.9999), ('0000000005', 1490639023.0, 1490639023.4999), ('0000000004', 1490639023.5, 1490639023.9999), ('0003094D5C', 1490639024.0, 1490639024.4999), ('0000000010', 1490639024.5, 1490639024.9999)]
2017-03-28 02:23:38.018980 send PS_BROADCAST 4, Total nodes: 10, Seed: 001baf7f7e, Node begin: 2017-03-28 02:23:40, 
Session: [('0003075786', 1490639020.0, 1490639020.4999), ('0000000009', 1490639020.5, 1490639020.9999), ('00030757AF', 1490639021.0, 1490639021.4999), ('0000000006', 1490639021.5, 1490639021.9999), ('0000000008', 1490639022.0, 1490639022.4999), ('0000000007', 1490639022.5, 1490639022.9999), ('0000000005', 1490639023.0, 1490639023.4999), ('0000000004', 1490639023.5, 1490639023.9999), ('0003094D5C', 1490639024.0, 1490639024.4999), ('0000000010', 1490639024.5, 1490639024.9999)]
2017-03-28 02:23:38.024913 send PS_BROADCAST 5, Total nodes: 10, Seed: 001baf7f7e, Node begin: 2017-03-28 02:23:40, 
Session: [('0003075786', 1490639020.0, 1490639020.4999), ('0000000009', 1490639020.5, 1490639020.9999), ('00030757AF', 1490639021.0, 1490639021.4999), ('0000000006', 1490639021.5, 1490639021.9999), ('0000000008', 1490639022.0, 1490639022.4999), ('0000000007', 1490639022.5, 1490639022.9999), ('0000000005', 1490639023.0, 1490639023.4999), ('0000000004', 1490639023.5, 1490639023.9999), ('0003094D5C', 1490639024.0, 1490639024.4999), ('0000000010', 1490639024.5, 1490639024.9999)]
2017-03-28 02:23:38.030178 send PS_BROADCAST 6, Total nodes: 10, Seed: 001baf7f7e, Node begin: 2017-03-28 02:23:40, 
Session: [('0003075786', 1490639020.0, 1490639020.4999), ('0000000009', 1490639020.5, 1490639020.9999), ('00030757AF', 1490639021.0, 1490639021.4999), ('0000000006', 1490639021.5, 1490639021.9999), ('0000000008', 1490639022.0, 1490639022.4999), ('0000000007', 1490639022.5, 1490639022.9999), ('0000000005', 1490639023.0, 1490639023.4999), ('0000000004', 1490639023.5, 1490639023.9999), ('0003094D5C', 1490639024.0, 1490639024.4999), ('0000000010', 1490639024.5, 1490639024.9999)]
2017-03-28 02:23:38.036432 send PS_BROADCAST 7, Total nodes: 10, Seed: 001baf7f7e, Node begin: 2017-03-28 02:23:40, 
Session: [('0003075786', 1490639020.0, 1490639020.4999), ('0000000009', 1490639020.5, 1490639020.9999), ('00030757AF', 1490639021.0, 1490639021.4999), ('0000000006', 1490639021.5, 1490639021.9999), ('0000000008', 1490639022.0, 1490639022.4999), ('0000000007', 1490639022.5, 1490639022.9999), ('0000000005', 1490639023.0, 1490639023.4999), ('0000000004', 1490639023.5, 1490639023.9999), ('0003094D5C', 1490639024.0, 1490639024.4999), ('0000000010', 1490639024.5, 1490639024.9999)]
2017-03-28 02:23:38.042067 send PS_BROADCAST 8, Total nodes: 10, Seed: 001baf7f7e, Node begin: 2017-03-28 02:23:40, 
Session: [('0003075786', 1490639020.0, 1490639020.4999), ('0000000009', 1490639020.5, 1490639020.9999), ('00030757AF', 1490639021.0, 1490639021.4999), ('0000000006', 1490639021.5, 1490639021.9999), ('0000000008', 1490639022.0, 1490639022.4999), ('0000000007', 1490639022.5, 1490639022.9999), ('0000000005', 1490639023.0, 1490639023.4999), ('0000000004', 1490639023.5, 1490639023.9999), ('0003094D5C', 1490639024.0, 1490639024.4999), ('0000000010', 1490639024.5, 1490639024.9999)]
2017-03-28 02:23:38.047957 send PS_BROADCAST 9, Total nodes: 10, Seed: 001baf7f7e, Node begin: 2017-03-28 02:23:40, 
Session: [('0003075786', 1490639020.0, 1490639020.4999), ('0000000009', 1490639020.5, 1490639020.9999), ('00030757AF', 1490639021.0, 1490639021.4999), ('0000000006', 1490639021.5, 1490639021.9999), ('0000000008', 1490639022.0, 1490639022.4999), ('0000000007', 1490639022.5, 1490639022.9999), ('0000000005', 1490639023.0, 1490639023.4999), ('0000000004', 1490639023.5, 1490639023.9999), ('0003094D5C', 1490639024.0, 1490639024.4999), ('0000000010', 1490639024.5, 1490639024.9999)]
2017-03-28 02:23:38.052850 send PS_BROADCAST 10, Total nodes: 10, Seed: 001baf7f7e, Node begin: 2017-03-28 02:23:40, 
Session: [('0003075786', 1490639020.0, 1490639020.4999), ('0000000009', 1490639020.5, 1490639020.9999), ('00030757AF', 1490639021.0, 1490639021.4999), ('0000000006', 1490639021.5, 1490639021.9999), ('0000000008', 1490639022.0, 1490639022.4999), ('0000000007', 1490639022.5, 1490639022.9999), ('0000000005', 1490639023.0, 1490639023.4999), ('0000000004', 1490639023.5, 1490639023.9999), ('0003094D5C', 1490639024.0, 1490639024.4999), ('0000000010', 1490639024.5, 1490639024.9999)]
2017-03-28 02:23:38.058331 send PS_BROADCAST 11, Total nodes: 10, Seed: 001baf7f7e, Node begin: 2017-03-28 02:23:40, 
Session: [('0003075786', 1490639020.0, 1490639020.4999), ('0000000009', 1490639020.5, 1490639020.9999), ('00030757AF', 1490639021.0, 1490639021.4999), ('0000000006', 1490639021.5, 1490639021.9999), ('0000000008', 1490639022.0, 1490639022.4999), ('0000000007', 1490639022.5, 1490639022.9999), ('0000000005', 1490639023.0, 1490639023.4999), ('0000000004', 1490639023.5, 1490639023.9999), ('0003094D5C', 1490639024.0, 1490639024.4999), ('0000000010', 1490639024.5, 1490639024.9999)]
2017-03-28 02:23:38.063823 send PS_BROADCAST 12, Total nodes: 10, Seed: 001baf7f7e, Node begin: 2017-03-28 02:23:40, 
Session: [('0003075786', 1490639020.0, 1490639020.4999), ('0000000009', 1490639020.5, 1490639020.9999), ('00030757AF', 1490639021.0, 1490639021.4999), ('0000000006', 1490639021.5, 1490639021.9999), ('0000000008', 1490639022.0, 1490639022.4999), ('0000000007', 1490639022.5, 1490639022.9999), ('0000000005', 1490639023.0, 1490639023.4999), ('0000000004', 1490639023.5, 1490639023.9999), ('0003094D5C', 1490639024.0, 1490639024.4999), ('0000000010', 1490639024.5, 1490639024.9999)]
2017-03-28 02:23:38.069028 send PS_BROADCAST 13, Total nodes: 10, Seed: 001baf7f7e, Node begin: 2017-03-28 02:23:40, 
Session: [('0003075786', 1490639020.0, 1490639020.4999), ('0000000009', 1490639020.5, 1490639020.9999), ('00030757AF', 1490639021.0, 1490639021.4999), ('0000000006', 1490639021.5, 1490639021.9999), ('0000000008', 1490639022.0, 1490639022.4999), ('0000000007', 1490639022.5, 1490639022.9999), ('0000000005', 1490639023.0, 1490639023.4999), ('0000000004', 1490639023.5, 1490639023.9999), ('0003094D5C', 1490639024.0, 1490639024.4999), ('0000000010', 1490639024.5, 1490639024.9999)]
2017-03-28 02:23:38.074276 send PS_BROADCAST 14, Total nodes: 10, Seed: 001baf7f7e, Node begin: 2017-03-28 02:23:40, 
Session: [('0003075786', 1490639020.0, 1490639020.4999), ('0000000009', 1490639020.5, 1490639020.9999), ('00030757AF', 1490639021.0, 1490639021.4999), ('0000000006', 1490639021.5, 1490639021.9999), ('0000000008', 1490639022.0, 1490639022.4999), ('0000000007', 1490639022.5, 1490639022.9999), ('0000000005', 1490639023.0, 1490639023.4999), ('0000000004', 1490639023.5, 1490639023.9999), ('0003094D5C', 1490639024.0, 1490639024.4999), ('0000000010', 1490639024.5, 1490639024.9999)]
2017-03-28 02:23:38.079535 send PS_BROADCAST 15, Total nodes: 10, Seed: 001baf7f7e, Node begin: 2017-03-28 02:23:40, 
Session: [('0003075786', 1490639020.0, 1490639020.4999), ('0000000009', 1490639020.5, 1490639020.9999), ('00030757AF', 1490639021.0, 1490639021.4999), ('0000000006', 1490639021.5, 1490639021.9999), ('0000000008', 1490639022.0, 1490639022.4999), ('0000000007', 1490639022.5, 1490639022.9999), ('0000000005', 1490639023.0, 1490639023.4999), ('0000000004', 1490639023.5, 1490639023.9999), ('0003094D5C', 1490639024.0, 1490639024.4999), ('0000000010', 1490639024.5, 1490639024.9999)]
2017-03-28 02:23:38.084862 send PS_BROADCAST 16, Total nodes: 10, Seed: 001baf7f7e, Node begin: 2017-03-28 02:23:40, 
Session: [('0003075786', 1490639020.0, 1490639020.4999), ('0000000009', 1490639020.5, 1490639020.9999), ('00030757AF', 1490639021.0, 1490639021.4999), ('0000000006', 1490639021.5, 1490639021.9999), ('0000000008', 1490639022.0, 1490639022.4999), ('0000000007', 1490639022.5, 1490639022.9999), ('0000000005', 1490639023.0, 1490639023.4999), ('0000000004', 1490639023.5, 1490639023.9999), ('0003094D5C', 1490639024.0, 1490639024.4999), ('0000000010', 1490639024.5, 1490639024.9999)]
2017-03-28 02:23:38.091270 send PS_BROADCAST 17, Total nodes: 10, Seed: 001baf7f7e, Node begin: 2017-03-28 02:23:40, 
Session: [('0003075786', 1490639020.0, 1490639020.4999), ('0000000009', 1490639020.5, 1490639020.9999), ('00030757AF', 1490639021.0, 1490639021.4999), ('0000000006', 1490639021.5, 1490639021.9999), ('0000000008', 1490639022.0, 1490639022.4999), ('0000000007', 1490639022.5, 1490639022.9999), ('0000000005', 1490639023.0, 1490639023.4999), ('0000000004', 1490639023.5, 1490639023.9999), ('0003094D5C', 1490639024.0, 1490639024.4999), ('0000000010', 1490639024.5, 1490639024.9999)]
2017-03-28 02:23:38.097845 send PS_BROADCAST 18, Total nodes: 10, Seed: 001baf7f7e, Node begin: 2017-03-28 02:23:40, 
Session: [('0003075786', 1490639020.0, 1490639020.4999), ('0000000009', 1490639020.5, 1490639020.9999), ('00030757AF', 1490639021.0, 1490639021.4999), ('0000000006', 1490639021.5, 1490639021.9999), ('0000000008', 1490639022.0, 1490639022.4999), ('0000000007', 1490639022.5, 1490639022.9999), ('0000000005', 1490639023.0, 1490639023.4999), ('0000000004', 1490639023.5, 1490639023.9999), ('0003094D5C', 1490639024.0, 1490639024.4999), ('0000000010', 1490639024.5, 1490639024.9999)]
2017-03-28 02:23:38.103153 send PS_BROADCAST 19, Total nodes: 10, Seed: 001baf7f7e, Node begin: 2017-03-28 02:23:40, 
Session: [('0003075786', 1490639020.0, 1490639020.4999), ('0000000009', 1490639020.5, 1490639020.9999), ('00030757AF', 1490639021.0, 1490639021.4999), ('0000000006', 1490639021.5, 1490639021.9999), ('0000000008', 1490639022.0, 1490639022.4999), ('0000000007', 1490639022.5, 1490639022.9999), ('0000000005', 1490639023.0, 1490639023.4999), ('0000000004', 1490639023.5, 1490639023.9999), ('0003094D5C', 1490639024.0, 1490639024.4999), ('0000000010', 1490639024.5, 1490639024.9999)]
2017-03-28 02:23:38.109674 send PS_BROADCAST 20, Total nodes: 10, Seed: 001baf7f7e, Node begin: 2017-03-28 02:23:40, 
Session: [('0003075786', 1490639020.0, 1490639020.4999), ('0000000009', 1490639020.5, 1490639020.9999), ('00030757AF', 1490639021.0, 1490639021.4999), ('0000000006', 1490639021.5, 1490639021.9999), ('0000000008', 1490639022.0, 1490639022.4999), ('0000000007', 1490639022.5, 1490639022.9999), ('0000000005', 1490639023.0, 1490639023.4999), ('0000000004', 1490639023.5, 1490639023.9999), ('0003094D5C', 1490639024.0, 1490639024.4999), ('0000000010', 1490639024.5, 1490639024.9999)]
2017-03-28 02:23:38.115233 send PS_BROADCAST 21, Total nodes: 10, Seed: 001baf7f7e, Node begin: 2017-03-28 02:23:40, 
Session: [('0003075786', 1490639020.0, 1490639020.4999), ('0000000009', 1490639020.5, 1490639020.9999), ('00030757AF', 1490639021.0, 1490639021.4999), ('0000000006', 1490639021.5, 1490639021.9999), ('0000000008', 1490639022.0, 1490639022.4999), ('0000000007', 1490639022.5, 1490639022.9999), ('0000000005', 1490639023.0, 1490639023.4999), ('0000000004', 1490639023.5, 1490639023.9999), ('0003094D5C', 1490639024.0, 1490639024.4999), ('0000000010', 1490639024.5, 1490639024.9999)]
2017-03-28 02:23:38.120853 send PS_BROADCAST 22, Total nodes: 10, Seed: 001baf7f7e, Node begin: 2017-03-28 02:23:40, 
Session: [('0003075786', 1490639020.0, 1490639020.4999), ('0000000009', 1490639020.5, 1490639020.9999), ('00030757AF', 1490639021.0, 1490639021.4999), ('0000000006', 1490639021.5, 1490639021.9999), ('0000000008', 1490639022.0, 1490639022.4999), ('0000000007', 1490639022.5, 1490639022.9999), ('0000000005', 1490639023.0, 1490639023.4999), ('0000000004', 1490639023.5, 1490639023.9999), ('0003094D5C', 1490639024.0, 1490639024.4999), ('0000000010', 1490639024.5, 1490639024.9999)]
2017-03-28 02:23:38.125992 send PS_BROADCAST 23, Total nodes: 10, Seed: 001baf7f7e, Node begin: 2017-03-28 02:23:40, 
Session: [('0003075786', 1490639020.0, 1490639020.4999), ('0000000009', 1490639020.5, 1490639020.9999), ('00030757AF', 1490639021.0, 1490639021.4999), ('0000000006', 1490639021.5, 1490639021.9999), ('0000000008', 1490639022.0, 1490639022.4999), ('0000000007', 1490639022.5, 1490639022.9999), ('0000000005', 1490639023.0, 1490639023.4999), ('0000000004', 1490639023.5, 1490639023.9999), ('0003094D5C', 1490639024.0, 1490639024.4999), ('0000000010', 1490639024.5, 1490639024.9999)]
2017-03-28 02:23:38.131530 send PS_BROADCAST 24, Total nodes: 10, Seed: 001baf7f7e, Node begin: 2017-03-28 02:23:40, 
Session: [('0003075786', 1490639020.0, 1490639020.4999), ('0000000009', 1490639020.5, 1490639020.9999), ('00030757AF', 1490639021.0, 1490639021.4999), ('0000000006', 1490639021.5, 1490639021.9999), ('0000000008', 1490639022.0, 1490639022.4999), ('0000000007', 1490639022.5, 1490639022.9999), ('0000000005', 1490639023.0, 1490639023.4999), ('0000000004', 1490639023.5, 1490639023.9999), ('0003094D5C', 1490639024.0, 1490639024.4999), ('0000000010', 1490639024.5, 1490639024.9999)]
2017-03-28 02:23:38.138449 send PS_BROADCAST 25, Total nodes: 10, Seed: 001baf7f7e, Node begin: 2017-03-28 02:23:40, 
Session: [('0003075786', 1490639020.0, 1490639020.4999), ('0000000009', 1490639020.5, 1490639020.9999), ('00030757AF', 1490639021.0, 1490639021.4999), ('0000000006', 1490639021.5, 1490639021.9999), ('0000000008', 1490639022.0, 1490639022.4999), ('0000000007', 1490639022.5, 1490639022.9999), ('0000000005', 1490639023.0, 1490639023.4999), ('0000000004', 1490639023.5, 1490639023.9999), ('0003094D5C', 1490639024.0, 1490639024.4999), ('0000000010', 1490639024.5, 1490639024.9999)]
2017-03-28 02:23:38.145243 send PS_BROADCAST 26, Total nodes: 10, Seed: 001baf7f7e, Node begin: 2017-03-28 02:23:40, 
Session: [('0003075786', 1490639020.0, 1490639020.4999), ('0000000009', 1490639020.5, 1490639020.9999), ('00030757AF', 1490639021.0, 1490639021.4999), ('0000000006', 1490639021.5, 1490639021.9999), ('0000000008', 1490639022.0, 1490639022.4999), ('0000000007', 1490639022.5, 1490639022.9999), ('0000000005', 1490639023.0, 1490639023.4999), ('0000000004', 1490639023.5, 1490639023.9999), ('0003094D5C', 1490639024.0, 1490639024.4999), ('0000000010', 1490639024.5, 1490639024.9999)]
2017-03-28 02:23:38.151307 send PS_BROADCAST 27, Total nodes: 10, Seed: 001baf7f7e, Node begin: 2017-03-28 02:23:40, 
Session: [('0003075786', 1490639020.0, 1490639020.4999), ('0000000009', 1490639020.5, 1490639020.9999), ('00030757AF', 1490639021.0, 1490639021.4999), ('0000000006', 1490639021.5, 1490639021.9999), ('0000000008', 1490639022.0, 1490639022.4999), ('0000000007', 1490639022.5, 1490639022.9999), ('0000000005', 1490639023.0, 1490639023.4999), ('0000000004', 1490639023.5, 1490639023.9999), ('0003094D5C', 1490639024.0, 1490639024.4999), ('0000000010', 1490639024.5, 1490639024.9999)]
2017-03-28 02:23:38.156838 send PS_BROADCAST 28, Total nodes: 10, Seed: 001baf7f7e, Node begin: 2017-03-28 02:23:40, 
Session: [('0003075786', 1490639020.0, 1490639020.4999), ('0000000009', 1490639020.5, 1490639020.9999), ('00030757AF', 1490639021.0, 1490639021.4999), ('0000000006', 1490639021.5, 1490639021.9999), ('0000000008', 1490639022.0, 1490639022.4999), ('0000000007', 1490639022.5, 1490639022.9999), ('0000000005', 1490639023.0, 1490639023.4999), ('0000000004', 1490639023.5, 1490639023.9999), ('0003094D5C', 1490639024.0, 1490639024.4999), ('0000000010', 1490639024.5, 1490639024.9999)]
2017-03-28 02:23:38.162408 send PS_BROADCAST 29, Total nodes: 10, Seed: 001baf7f7e, Node begin: 2017-03-28 02:23:40, 
Session: [('0003075786', 1490639020.0, 1490639020.4999), ('0000000009', 1490639020.5, 1490639020.9999), ('00030757AF', 1490639021.0, 1490639021.4999), ('0000000006', 1490639021.5, 1490639021.9999), ('0000000008', 1490639022.0, 1490639022.4999), ('0000000007', 1490639022.5, 1490639022.9999), ('0000000005', 1490639023.0, 1490639023.4999), ('0000000004', 1490639023.5, 1490639023.9999), ('0003094D5C', 1490639024.0, 1490639024.4999), ('0000000010', 1490639024.5, 1490639024.9999)]
2017-03-28 02:23:38.168474 send PS_BROADCAST 30, Total nodes: 10, Seed: 001baf7f7e, Node begin: 2017-03-28 02:23:40, 
Session: [('0003075786', 1490639020.0, 1490639020.4999), ('0000000009', 1490639020.5, 1490639020.9999), ('00030757AF', 1490639021.0, 1490639021.4999), ('0000000006', 1490639021.5, 1490639021.9999), ('0000000008', 1490639022.0, 1490639022.4999), ('0000000007', 1490639022.5, 1490639022.9999), ('0000000005', 1490639023.0, 1490639023.4999), ('0000000004', 1490639023.5, 1490639023.9999), ('0003094D5C', 1490639024.0, 1490639024.4999), ('0000000010', 1490639024.5, 1490639024.9999)]
2017-03-28 02:23:38.171217 - thread done - 
 - duration 0.171216964722 -
------ Broadcast PS end ------
------ Listen PS packets start ------
Invalid pkt_type 4. Drop pkt!
Invalid pkt_type 4. Drop pkt!
Invalid pkt_type 4. Drop pkt!
Invalid pkt_type 4. Drop pkt!
Invalid pkt_type 4. Drop pkt!
Invalid pkt_type 4. Drop pkt!
Invalid pkt_type 4. Drop pkt!
Invalid pkt_type 4. Drop pkt!
Invalid pkt_type 4. Drop pkt!
Invalid pkt_type 4. Drop pkt!
Invalid pkt_type 4. Drop pkt!
Invalid pkt_type 4. Drop pkt!
Invalid pkt_type 4. Drop pkt!
Invalid pkt_type 4. Drop pkt!
2017-03-28 02:23:40.040277 (1490639020.04) [Slot 0: Node 0003075786 Session] BS recv PS_PKT 1, data: Hello, I am node 0003075786
2017-03-28 02:23:40.052338 (1490639020.05) [Slot 0: Node 0003075786 Session] BS recv PS_PKT 2, data: Hello, I am node 0003075786
2017-03-28 02:23:40.063259 (1490639020.06) [Slot 0: Node 0003075786 Session] BS recv PS_PKT 3, data: Hello, I am node 0003075786
2017-03-28 02:23:40.076156 (1490639020.08) [Slot 0: Node 0003075786 Session] BS recv PS_PKT 4, data: Hello, I am node 0003075786
2017-03-28 02:23:40.087912 (1490639020.09) [Slot 0: Node 0003075786 Session] BS recv PS_PKT 5, data: Hello, I am node 000Ã075786
2017-03-28 02:23:40.102394 (1490639020.1) [Slot 0: Node 0003075786 Session] BS recv PS_PKT 6, data: Hello, I am node 0003075786
2017-03-28 02:23:40.109827 (1490639020.11) [Slot 0: Node 0003075786 Session] BS recv PS_PKT 7, data: Hello, I am node 0003075786
2017-03-28 02:23:40.120909 (1490639020.12) [Slot 0: Node 0003075786 Session] BS recv PS_PKT 8, data: Hello, I am node 0003075786
2017-03-28 02:23:40.133243 (1490639020.13) [Slot 0: Node 0003075786 Session] BS recv PS_PKT 9, data: Hello, I am node 0003075786
2017-03-28 02:23:40.144873 (1490639020.14) [Slot 0: Node 0003075786 Session] BS recv PS_PKT 10, data: Hello, I am node 0003075786
2017-03-28 02:23:40.157542 (1490639020.16) [Slot 0: Node 0003075786 Session] BS recv PS_PKT 11, data: Hello, I am node 0003075786
2017-03-28 02:23:40.167714 (1490639020.17) [Slot 0: Node 0003075786 Session] BS recv PS_PKT 12, data: Hello, I am node 0003075786
2017-03-28 02:23:40.180774 (1490639020.18) [Slot 0: Node 0003075786 Session] BS recv PS_PKT 13, data: Hello, I am node 0003075786
2017-03-28 02:23:40.190400 (1490639020.19) [Slot 0: Node 0003075786 Session] BS recv PS_PKT 14, data: Hello, I am node 0003075786
2017-03-28 02:23:40.202065 (1490639020.2) [Slot 0: Node 0003075786 Session] BS recv PS_PKT 15, data: Hello, I am node 0003075786
2017-03-28 02:23:40.214879 (1490639020.21) [Slot 0: Node 0003075786 Session] BS recv PS_PKT 16, data: Hello, I am node 0003075786
2017-03-28 02:23:40.225022 (1490639020.23) [Slot 0: Node 0003075786 Session] BS recv PS_PKT 17, data: Hello, I am node 0003075786
2017-03-28 02:23:40.237102 (1490639020.24) [Slot 0: Node 0003075786 Session] BS recv PS_PKT 18, data: Hello, I am node 0003075786
2017-03-28 02:23:40.250384 (1490639020.25) [Slot 0: Node 0003075786 Session] BS recv PS_PKT 19, data: Hello, I am node 0003075786
2017-03-28 02:23:40.260000 (1490639020.26) [Slot 0: Node 0003075786 Session] BS recv PS_PKT 20, data: Hello, I am node 0003075786
2017-03-28 02:23:40.271545 (1490639020.27) [Slot 0: Node 0003075786 Session] BS recv PS_PKT 21, data: Hello, I am node 0003075786
2017-03-28 02:23:40.282747 (1490639020.28) [Slot 0: Node 0003075786 Session] BS recv PS_PKT 22, data: Hello, I am node 0003075786
2017-03-28 02:23:40.294331 (1490639020.29) [Slot 0: Node 0003075786 Session] BS recv PS_PKT 23, data: Hello, I am node 0003075786
2017-03-28 02:23:40.307633 (1490639020.31) [Slot 0: Node 0003075786 Session] BS recv PS_PKT 24, data: Hello, I am node 0003075786
2017-03-28 02:23:40.316914 (1490639020.32) [Slot 0: Node 0003075786 Session] BS recv PS_PKT 25, data: Hello, I am node 0003075786
2017-03-28 02:23:40.329267 (1490639020.33) [Slot 0: Node 0003075786 Session] BS recv PS_PKT 26, data: Hello, I am node 0003075786
2017-03-28 02:23:40.342952 (1490639020.34) [Slot 0: Node 0003075786 Session] BS recv PS_PKT 27, data: Hello, I am node 0003075786
2017-03-28 02:23:40.351625 (1490639020.35) [Slot 0: Node 0003075786 Session] BS recv PS_PKT 28, data: Hello, I am node 0003075786
2017-03-28 02:23:40.363484 (1490639020.36) [Slot 0: Node 0003075786 Session] BS recv PS_PKT 29, data: Hello, I am node 0003075786
2017-03-28 02:23:40.376083 (1490639020.38) [Slot 0: Node 0003075786 Session] BS recv PS_PKT 30, data: Hello, I am node 0003075786
2017-03-28 02:23:41.019457 (1490639021.02) [Slot 2: Node 00030757AF Session] BS recv PS_PKT 1, data: Hello, I am node 00030757AF
2017-03-28 02:23:41.029294 (1490639021.03) [Slot 2: Node 00030757AF Session] BS recv PS_PKT 2, data: Hello, I am node 00030757AF
2017-03-28 02:23:41.041815 (1490639021.04) [Slot 2: Node 00030757AF Session] BS recv PS_PKT 3, data: Hello, I am node 00030757AF
2017-03-28 02:23:41.053375 (1490639021.05) [Slot 2: Node 00030757AF Session] BS recv PS_PKT 4, data: Hello, I am node 00030757AF
2017-03-28 02:23:41.063718 (1490639021.06) [Slot 2: Node 00030757AF Session] BS recv PS_PKT 5, data: Hello, I am node 00030757AF
2017-03-28 02:23:41.075538 (1490639021.08) [Slot 2: Node 00030757AF Session] BS recv PS_PKT 6, data: Hello, I am node 00030757AF
2017-03-28 02:23:41.087056 (1490639021.09) [Slot 2: Node 00030757AF Session] BS recv PS_PKT 7, data: Hello, I am node 00030757AF
2017-03-28 02:23:41.098623 (1490639021.1) [Slot 2: Node 00030757AF Session] BS recv PS_PKT 8, data: Hello, I am node 00030757AF
2017-03-28 02:23:41.109680 (1490639021.11) [Slot 2: Node 00030757AF Session] BS recv PS_PKT 9, data: Hello, I am node 00030757AF
2017-03-28 02:23:41.123569 (1490639021.12) [Slot 2: Node 00030757AF Session] BS recv PS_PKT 10, data: Hello, I am node 00030757AF
2017-03-28 02:23:41.136304 (1490639021.14) [Slot 2: Node 00030757AF Session] BS recv PS_PKT 11, data: Hello, I am node 00030757AF
2017-03-28 02:23:41.145505 (1490639021.15) [Slot 2: Node 00030757AF Session] BS recv PS_PKT 12, data: Hello, I am node 00030757AF
2017-03-28 02:23:41.156422 (1490639021.16) [Slot 2: Node 00030757AF Session] BS recv PS_PKT 13, data: Hello, I am node 00030757AF
2017-03-28 02:23:41.171405 (1490639021.17) [Slot 2: Node 00030757AF Session] BS recv PS_PKT 14, data: Hello, I am node 00030757AF
2017-03-28 02:23:41.178887 (1490639021.18) [Slot 2: Node 00030757AF Session] BS recv PS_PKT 15, data: Hello, I am node 00030757AF
2017-03-28 02:23:41.190973 (1490639021.19) [Slot 2: Node 00030757AF Session] BS recv PS_PKT 16, data: Hello, I am node 00030757AF
2017-03-28 02:23:41.206438 (1490639021.21) [Slot 2: Node 00030757AF Session] BS recv PS_PKT 17, data: Hello, I am node 00030757AF
2017-03-28 02:23:41.213863 (1490639021.21) [Slot 2: Node 00030757AF Session] BS recv PS_PKT 18, data: Hello, I am node 00030757AF
2017-03-28 02:23:41.227155 (1490639021.23) [Slot 2: Node 00030757AF Session] BS recv PS_PKT 19, data: Hello, I am node 00030757AF
2017-03-28 02:23:41.236495 (1490639021.24) [Slot 2: Node 00030757AF Session] BS recv PS_PKT 20, data: Hello, I am node 00030757AF
2017-03-28 02:23:41.250334 (1490639021.25) [Slot 2: Node 00030757AF Session] BS recv PS_PKT 21, data: Hello, I am node 00030757AF
2017-03-28 02:23:41.259530 (1490639021.26) [Slot 2: Node 00030757AF Session] BS recv PS_PKT 22, data: Hello, I am node 00030757AF
2017-03-28 02:23:41.271646 (1490639021.27) [Slot 2: Node 00030757AF Session] BS recv PS_PKT 23, data: Hello, I am node 00030757AF
2017-03-28 02:23:41.284285 (1490639021.28) [Slot 2: Node 00030757AF Session] BS recv PS_PKT 24, data: Hello, I am node 00030757AF
2017-03-28 02:23:41.300292 (1490639021.3) [Slot 2: Node 00030757AF Session] BS recv PS_PKT 25, data: Hello, I am node 00030757AF
2017-03-28 02:23:41.310856 (1490639021.31) [Slot 2: Node 00030757AF Session] BS recv PS_PKT 26, data: Hello, I am node 00030757AF
2017-03-28 02:23:41.317091 (1490639021.32) [Slot 2: Node 00030757AF Session] BS recv PS_PKT 27, data: Hello, I am node 00030757AF
2017-03-28 02:23:41.331750 (1490639021.33) [Slot 2: Node 00030757AF Session] BS recv PS_PKT 28, data: Hello, I am node 00030757AF
2017-03-28 02:23:41.340787 (1490639021.34) [Slot 2: Node 00030757AF Session] BS recv PS_PKT 29, data: Hello, I am node 00030757AF
2017-03-28 02:23:41.354026 (1490639021.35) [Slot 2: Node 00030757AF Session] BS recv PS_PKT 30, data: Hello, I am node 00030757AF
 - duration 7.32820343971 -
------ Listen PS packets end ------

 - PS duration 8.37570691109 -
------ PS cycle ends at 2017-03-28 02:23:45.506361 ------



=============================================================================================
========================================= TEST END ==========================================
=============================================================================================


