----------------------------------------------------------
Input options: 
{'verbose': True, 'discontinuous': False, 'bandwidth': 1000000.0, 'megabytes': 1.0, 'size': 400, 'log': False, 'antenna': 'TX/RX', 'lo_offset': 0, 'scheme': 'PS', 'spec': None, 'tx_gain': 20.0, 'tx_amplitude': 0.1, 'modulation': 'bpsk', 'args': 'serial=3075786', 'snr': 30.0, 'occupied_tones': 200, 'freq': None, 'logfile': '3075786_ps.log', 'rx_freq': 2490000000.0, 'rx_gain': 30.0, 'from_file': None, 'to_file': None, 'tx_freq': 2490000000.0, 'clock_source': None, 'cp_length': 128, 'fft_length': 512}
----------------------------------------------------------


NODE ID: 0003075786

Clock Rate: 100.0 MHz

####### Test Protocol: PS #######

2017-03-28 02:23:32.594202 Adjust to PC time: 2017-03-28 02:23:32.593611



=============================================================================================
========================================== ROUND 1 ==========================================
=============================================================================================


------ Listening ------
Adjust time... New time: 2017-03-28 02:23:36.100085
2017-03-28 02:23:36.100085 Node recv BEACON 3. BS time: 2017-03-28 02:23:36.100000, Avg delay: 0.358844995499
Adjust time... New time: 2017-03-28 02:23:36.106069
2017-03-28 02:23:36.106069 Node recv BEACON 4. BS time: 2017-03-28 02:23:36.106000, Avg delay: 0.176847338676
Adjust time... New time: 2017-03-28 02:23:36.111063
2017-03-28 02:23:36.111063 Node recv BEACON 5. BS time: 2017-03-28 02:23:36.111000, Avg delay: 0.116515636444
Adjust time... New time: 2017-03-28 02:23:36.117058
2017-03-28 02:23:36.117058 Node recv BEACON 6. BS time: 2017-03-28 02:23:36.117000, Avg delay: 0.0860592126846
Adjust time... New time: 2017-03-28 02:23:36.122059
2017-03-28 02:23:36.122059 Node recv BEACON 7. BS time: 2017-03-28 02:23:36.122000, Avg delay: 0.067969751358
Adjust time... New time: 2017-03-28 02:23:36.128054
2017-03-28 02:23:36.128054 Node recv BEACON 8. BS time: 2017-03-28 02:23:36.128000, Avg delay: 0.055740515391
2017-03-28 02:23:36.128572 Node recv BEACON 9. BS time: 2017-03-28 02:23:36.134000, Avg delay: 0.0470021792821
2017-03-28 02:23:36.129073 Node recv BEACON 10. BS time: 2017-03-28 02:23:36.140000, Avg delay: 0.0397610068321
2017-03-28 02:23:36.129849 Node recv BEACON 11. BS time: 2017-03-28 02:23:36.145000, Avg delay: 0.0336596435971
2017-03-28 02:23:36.130376 Node recv BEACON 12. BS time: 2017-03-28 02:23:36.151000, Avg delay: 0.0282312393188
2017-03-28 02:23:36.140805 Node recv BEACON 14. BS time: 2017-03-28 02:23:36.162000, Avg delay: -0.00977272987366
2017-03-28 02:23:36.141598 Node recv BEACON 15. BS time: 2017-03-28 02:23:36.168000, Avg delay: -0.0118978738785
2017-03-28 02:23:36.142147 Node recv BEACON 16. BS time: 2017-03-28 02:23:36.173000, Avg delay: -0.0145684480667
2017-03-28 02:23:36.142890 Node recv BEACON 17. BS time: 2017-03-28 02:23:36.179000, Avg delay: -0.0176483869553
2017-03-28 02:23:36.143468 Node recv BEACON 18. BS time: 2017-03-28 02:23:36.185000, Avg delay: -0.0213627815247
2017-03-28 02:23:36.148088 Node recv BEACON 19. BS time: 2017-03-28 02:23:36.191000, Avg delay: -0.0251134395599
2017-03-28 02:23:36.148638 Node recv BEACON 20. BS time: 2017-03-28 02:23:36.197000, Avg delay: -0.0294068098068
2017-03-28 02:23:36.149117 Node recv BEACON 21. BS time: 2017-03-28 02:23:36.202000, Avg delay: -0.0336024284363
2017-03-28 02:23:36.149641 Node recv BEACON 23. BS time: 2017-03-28 02:23:36.213000, Avg delay: -0.0384232521057
2017-03-28 02:23:36.150047 Node recv BEACON 24. BS time: 2017-03-28 02:23:36.218000, Avg delay: -0.0431560993195
2017-03-28 02:23:36.150584 Node recv BEACON 25. BS time: 2017-03-28 02:23:36.224000, Avg delay: -0.0483782529831
Adjust time... New time: 2017-03-28 02:23:36.230055
2017-03-28 02:23:36.230055 Node recv BEACON 26. BS time: 2017-03-28 02:23:36.230000, Avg delay: -0.0534795999527
Adjust time... New time: 2017-03-28 02:23:36.236038
2017-03-28 02:23:36.236038 Node recv BEACON 27. BS time: 2017-03-28 02:23:36.236000, Avg delay: -0.050937795639
2017-03-28 02:23:36.236392 Node recv BEACON 28. BS time: 2017-03-28 02:23:36.241000, Avg delay: -0.0477876901627
2017-03-28 02:23:36.236753 Node recv BEACON 29. BS time: 2017-03-28 02:23:36.246000, Avg delay: -0.0445591688156
2017-03-28 02:23:36.237123 Node recv BEACON 30. BS time: 2017-03-28 02:23:36.252000, Avg delay: -0.0417556524277
Adjust time... New time: 2017-03-28 02:23:36.462036
2017-03-28 02:23:36.462036 Node recv BEACON 2. BS time: 2017-03-28 02:23:36.462000, Avg delay: -0.0593728542328
Adjust time... New time: 2017-03-28 02:23:36.467039
2017-03-28 02:23:36.467039 Node recv BEACON 3. BS time: 2017-03-28 02:23:36.467000, Avg delay: -0.0545491218567
2017-03-28 02:23:36.467345 Node recv BEACON 4. BS time: 2017-03-28 02:23:36.473000, Avg delay: -0.0487786769867
2017-03-28 02:23:36.467644 Node recv BEACON 5. BS time: 2017-03-28 02:23:36.478000, Avg delay: -0.0430190086365
2017-03-28 02:23:36.467946 Node recv BEACON 6. BS time: 2017-03-28 02:23:36.484000, Avg delay: -0.0372828245163
------ Stop listen at 2017-03-28 02:23:37.003418 ------
------ Listening PS broadcast ------
2017-03-28 02:23:36.742406 Node recv BEACON 7. BS time: 2017-03-28 02:23:36.490000, Avg delay: -0.00430066585541
Interest only in pkt_type ['PS_BROADCAST'], not BEACON. Drop pkt!
Interest only in pkt_type ['PS_BROADCAST'], not BEACON. Drop pkt!
Interest only in pkt_type ['PS_BROADCAST'], not BEACON. Drop pkt!
Interest only in pkt_type ['PS_BROADCAST'], not BEACON. Drop pkt!
Interest only in pkt_type ['PS_BROADCAST'], not BEACON. Drop pkt!
Interest only in pkt_type ['PS_BROADCAST'], not BEACON. Drop pkt!
Interest only in pkt_type ['PS_BROADCAST'], not BEACON. Drop pkt!
Interest only in pkt_type ['PS_BROADCAST'], not BEACON. Drop pkt!
Interest only in pkt_type ['PS_BROADCAST'], not BEACON. Drop pkt!
Interest only in pkt_type ['PS_BROADCAST'], not BEACON. Drop pkt!
Interest only in pkt_type ['PS_BROADCAST'], not BEACON. Drop pkt!
Interest only in pkt_type ['PS_BROADCAST'], not BEACON. Drop pkt!
Interest only in pkt_type ['PS_BROADCAST'], not BEACON. Drop pkt!
Interest only in pkt_type ['PS_BROADCAST'], not BEACON. Drop pkt!
Interest only in pkt_type ['PS_BROADCAST'], not BEACON. Drop pkt!
Interest only in pkt_type ['PS_BROADCAST'], not BEACON. Drop pkt!
Interest only in pkt_type ['PS_BROADCAST'], not BEACON. Drop pkt!
Interest only in pkt_type ['PS_BROADCAST'], not BEACON. Drop pkt!
Interest only in pkt_type ['PS_BROADCAST'], not BEACON. Drop pkt!
Interest only in pkt_type ['PS_BROADCAST'], not BEACON. Drop pkt!
Interest only in pkt_type ['PS_BROADCAST'], not BEACON. Drop pkt!
Interest only in pkt_type ['PS_BROADCAST'], not BEACON. Drop pkt!
Interest only in pkt_type ['PS_BROADCAST'], not BEACON. Drop pkt!
2017-03-28 02:23:38.175155 Node recv PS_BROADCAST 2, BS time 2017-03-28 02:23:38.007000, Total 10, Seed 001baf7f7e, Index 0, Delay 0.168155193329
2017-03-28 02:23:38.433648 Node recv PS_BROADCAST 3, BS time 2017-03-28 02:23:38.013000, Total 10, Seed 001baf7f7e, Index 0, Delay 0.420647859573
2017-03-28 02:23:38.434673 Node recv PS_BROADCAST 4, BS time 2017-03-28 02:23:38.019000, Total 10, Seed 001baf7f7e, Index 0, Delay 0.415672540665
2017-03-28 02:23:38.435197 Node recv PS_BROADCAST 5, BS time 2017-03-28 02:23:38.025000, Total 10, Seed 001baf7f7e, Index 0, Delay 0.41019654274
2017-03-28 02:23:38.435685 Node recv PS_BROADCAST 6, BS time 2017-03-28 02:23:38.030000, Total 10, Seed 001baf7f7e, Index 0, Delay 0.405685424805
2017-03-28 02:23:38.436078 Node recv PS_BROADCAST 7, BS time 2017-03-28 02:23:38.036000, Total 10, Seed 001baf7f7e, Index 0, Delay 0.400077581406
2017-03-28 02:23:38.436517 Node recv PS_BROADCAST 8, BS time 2017-03-28 02:23:38.042000, Total 10, Seed 001baf7f7e, Index 0, Delay 0.394516468048
2017-03-28 02:23:38.437403 Node recv PS_BROADCAST 9, BS time 2017-03-28 02:23:38.048000, Total 10, Seed 001baf7f7e, Index 0, Delay 0.389403104782
2017-03-28 02:23:38.438504 Node recv PS_BROADCAST 10, BS time 2017-03-28 02:23:38.053000, Total 10, Seed 001baf7f7e, Index 0, Delay 0.385504245758
2017-03-28 02:23:38.440327 Node recv PS_BROADCAST 11, BS time 2017-03-28 02:23:38.058000, Total 10, Seed 001baf7f7e, Index 0, Delay 0.382326602936
2017-03-28 02:23:38.441124 Node recv PS_BROADCAST 12, BS time 2017-03-28 02:23:38.064000, Total 10, Seed 001baf7f7e, Index 0, Delay 0.37712430954
2017-03-28 02:23:38.441548 Node recv PS_BROADCAST 13, BS time 2017-03-28 02:23:38.069000, Total 10, Seed 001baf7f7e, Index 0, Delay 0.372548341751
2017-03-28 02:23:38.441950 Node recv PS_BROADCAST 14, BS time 2017-03-28 02:23:38.074000, Total 10, Seed 001baf7f7e, Index 0, Delay 0.367949724197
2017-03-28 02:23:38.442348 Node recv PS_BROADCAST 15, BS time 2017-03-28 02:23:38.080000, Total 10, Seed 001baf7f7e, Index 0, Delay 0.362347602844
2017-03-28 02:23:38.442775 Node recv PS_BROADCAST 16, BS time 2017-03-28 02:23:38.085000, Total 10, Seed 001baf7f7e, Index 0, Delay 0.357775449753
2017-03-28 02:23:38.443197 Node recv PS_BROADCAST 17, BS time 2017-03-28 02:23:38.091000, Total 10, Seed 001baf7f7e, Index 0, Delay 0.352196931839
2017-03-28 02:23:38.443614 Node recv PS_BROADCAST 18, BS time 2017-03-28 02:23:38.098000, Total 10, Seed 001baf7f7e, Index 0, Delay 0.345613718033
2017-03-28 02:23:38.444034 Node recv PS_BROADCAST 19, BS time 2017-03-28 02:23:38.103000, Total 10, Seed 001baf7f7e, Index 0, Delay 0.341033935547
2017-03-28 02:23:38.444469 Node recv PS_BROADCAST 20, BS time 2017-03-28 02:23:38.110000, Total 10, Seed 001baf7f7e, Index 0, Delay 0.33446931839
2017-03-28 02:23:38.444874 Node recv PS_BROADCAST 21, BS time 2017-03-28 02:23:38.115000, Total 10, Seed 001baf7f7e, Index 0, Delay 0.329874277115
2017-03-28 02:23:38.445199 Node recv PS_BROADCAST 22, BS time 2017-03-28 02:23:38.121000, Total 10, Seed 001baf7f7e, Index 0, Delay 0.324198722839
2017-03-28 02:23:38.445501 Node recv PS_BROADCAST 23, BS time 2017-03-28 02:23:38.126000, Total 10, Seed 001baf7f7e, Index 0, Delay 0.319500684738
2017-03-28 02:23:38.445784 Node recv PS_BROADCAST 24, BS time 2017-03-28 02:23:38.132000, Total 10, Seed 001baf7f7e, Index 0, Delay 0.313784122467
2017-03-28 02:23:38.446084 Node recv PS_BROADCAST 25, BS time 2017-03-28 02:23:38.138000, Total 10, Seed 001baf7f7e, Index 0, Delay 0.308084487915
2017-03-28 02:23:38.446370 Node recv PS_BROADCAST 26, BS time 2017-03-28 02:23:38.145000, Total 10, Seed 001baf7f7e, Index 0, Delay 0.301369905472
2017-03-28 02:23:38.446634 Node recv PS_BROADCAST 27, BS time 2017-03-28 02:23:38.151000, Total 10, Seed 001baf7f7e, Index 0, Delay 0.295634031296
2017-03-28 02:23:38.446925 Node recv PS_BROADCAST 28, BS time 2017-03-28 02:23:38.157000, Total 10, Seed 001baf7f7e, Index 0, Delay 0.289925098419
2017-03-28 02:23:38.447204 Node recv PS_BROADCAST 29, BS time 2017-03-28 02:23:38.162000, Total 10, Seed 001baf7f7e, Index 0, Delay 0.285203933716
2017-03-28 02:23:38.447500 Node recv PS_BROADCAST 30, BS time 2017-03-28 02:23:38.168000, Total 10, Seed 001baf7f7e, Index 0, Delay 0.279499530792
------ Stop listen PS broadcast at 2017-03-28 02:23:38.856602 ------
------ Ready to send PS packets ------
Fire at 2017-03-28 02:23:39.908056
2017-03-28 02:23:39.911869 PS: Node 0003075786 send data 1
2017-03-28 02:23:39.917148 PS: Node 0003075786 send data 2
2017-03-28 02:23:39.922658 PS: Node 0003075786 send data 3
2017-03-28 02:23:39.927841 PS: Node 0003075786 send data 4
2017-03-28 02:23:39.933351 PS: Node 0003075786 send data 5
2017-03-28 02:23:39.938642 PS: Node 0003075786 send data 6
2017-03-28 02:23:39.944530 PS: Node 0003075786 send data 7
2017-03-28 02:23:39.949769 PS: Node 0003075786 send data 8
2017-03-28 02:23:39.955281 PS: Node 0003075786 send data 9
2017-03-28 02:23:39.960776 PS: Node 0003075786 send data 10
2017-03-28 02:23:39.966561 PS: Node 0003075786 send data 11
2017-03-28 02:23:39.972413 PS: Node 0003075786 send data 12
2017-03-28 02:23:39.978266 PS: Node 0003075786 send data 13
2017-03-28 02:23:39.983802 PS: Node 0003075786 send data 14
2017-03-28 02:23:39.989600 PS: Node 0003075786 send data 15
2017-03-28 02:23:39.995104 PS: Node 0003075786 send data 16
2017-03-28 02:23:40.000797 PS: Node 0003075786 send data 17
2017-03-28 02:23:40.006671 PS: Node 0003075786 send data 18
2017-03-28 02:23:40.012517 PS: Node 0003075786 send data 19
2017-03-28 02:23:40.017775 PS: Node 0003075786 send data 20
2017-03-28 02:23:40.023713 PS: Node 0003075786 send data 21
2017-03-28 02:23:40.028945 PS: Node 0003075786 send data 22
2017-03-28 02:23:40.034284 PS: Node 0003075786 send data 23
2017-03-28 02:23:40.039502 PS: Node 0003075786 send data 24
2017-03-28 02:23:40.045258 PS: Node 0003075786 send data 25
2017-03-28 02:23:40.051113 PS: Node 0003075786 send data 26
2017-03-28 02:23:40.056597 PS: Node 0003075786 send data 27
2017-03-28 02:23:40.062212 PS: Node 0003075786 send data 28
2017-03-28 02:23:40.068063 PS: Node 0003075786 send data 29
2017-03-28 02:23:40.073075 PS: Node 0003075786 send data 30
2017-03-28 02:23:40.073938 - thread done - 
 - duration 0.16521692276 -
------ Send PS packets end ------

------ PS cycle ends at 2017-03-28 02:23:45.008940 ------



=============================================================================================
========================================= TEST END ==========================================
=============================================================================================


